Log file open, 05/25/19 20:42:43
LogWindows: Failed to load 'aqProf.dll' (GetLastError=126)
LogWindows: File 'aqProf.dll' does not exist
LogWindows: Failed to load 'VtuneApi.dll' (GetLastError=126)
LogWindows: File 'VtuneApi.dll' does not exist
LogWindows: Failed to load 'VtuneApi32e.dll' (GetLastError=126)
LogWindows: File 'VtuneApi32e.dll' does not exist
LogConsoleResponse: Display: Failed to find resolution value strings in scalability ini. Falling back to default.
LogInit: Display: Running engine for game: CRPG3D
LogPakFile: Registered encryption key '00000000000000000000000000000000': 0 pak files mounted, 0 remain pending
LogPlatformFile: Not using cached read wrapper
LogTaskGraph: Started task graph with 5 named threads and 11 total threads with 3 sets of task threads.
LogStats: Stats thread started at 0.179528
LogD3D11RHI: Loaded GFSDK_Aftermath_Lib.x64.dll
LogWindows: Failed to load '../../../Engine/Binaries/ThirdParty/libsndfile/Win64/libsndfile-1.dll' (GetLastError=126)
LogWindows: File '../../../Engine/Binaries/ThirdParty/libsndfile/Win64/libsndfile-1.dll' does not exist
LogAudioMixer: Display: Failed to load Sound File dll
LogAudioEditor: Display: LibSoundFile failed to load. Importing audio will not work correctly.
LogICUInternationalization: ICU TimeZone Detection - Raw Offset: +1:00, Platform Override: ''
LogPluginManager: Mounting plugin Paper2D
LogPluginManager: Mounting plugin AISupport
LogPluginManager: Mounting plugin LightPropagationVolume
LogPluginManager: Mounting plugin ActorLayerUtilities
LogPluginManager: Mounting plugin AnimationSharing
LogPluginManager: Mounting plugin CLionSourceCodeAccess
LogPluginManager: Mounting plugin CodeLiteSourceCodeAccess
LogPluginManager: Mounting plugin GitSourceControl
LogPluginManager: Mounting plugin KDevelopSourceCodeAccess
LogPluginManager: Mounting plugin NullSourceCodeAccess
LogPluginManager: Mounting plugin PerforceSourceControl
LogPluginManager: Mounting plugin SubversionSourceControl
LogPluginManager: Mounting plugin UObjectPlugin
LogPluginManager: Mounting plugin VisualStudioCodeSourceCodeAccess
LogPluginManager: Mounting plugin VisualStudioSourceCodeAccess
LogPluginManager: Mounting plugin XCodeSourceCodeAccess
LogPluginManager: Mounting plugin AssetManagerEditor
LogPluginManager: Mounting plugin CryptoKeys
LogPluginManager: Mounting plugin DataValidation
LogPluginManager: Mounting plugin FacialAnimation
LogPluginManager: Mounting plugin GameplayTagsEditor
LogPluginManager: Mounting plugin MacGraphicsSwitching
LogPluginManager: Mounting plugin MaterialAnalyzer
LogPluginManager: Mounting plugin MobileLauncherProfileWizard
LogPluginManager: Mounting plugin PluginBrowser
LogPluginManager: Mounting plugin SpeedTreeImporter
LogPluginManager: Mounting plugin DatasmithContent
LogPluginManager: Mounting plugin VariantManagerContent
LogPluginManager: Mounting plugin AlembicImporter
LogPluginManager: Mounting plugin AppleImageUtils
LogPluginManager: Mounting plugin AppleVision
LogPluginManager: Mounting plugin BackChannel
LogPluginManager: Mounting plugin CharacterAI
LogPluginManager: Mounting plugin GeometryCache
LogPluginManager: Mounting plugin HTML5Networking
LogPluginManager: Mounting plugin ProxyLODPlugin
LogPluginManager: Mounting plugin SkeletalReduction
LogPluginManager: Mounting plugin MagicLeap
LogPluginManager: Mounting plugin MagicLeapMedia
LogPluginManager: Mounting plugin AndroidMedia
LogPluginManager: Mounting plugin AvfMedia
LogPluginManager: Mounting plugin ImgMedia
LogPluginManager: Mounting plugin LinearTimecode
LogPluginManager: Mounting plugin MediaCompositing
LogPluginManager: Mounting plugin MediaPlayerEditor
LogPluginManager: Mounting plugin WebMMedia
LogPluginManager: Mounting plugin WmfMedia
LogPluginManager: Mounting plugin TcpMessaging
LogPluginManager: Mounting plugin UdpMessaging
LogPluginManager: Mounting plugin ActorSequence
LogPluginManager: Mounting plugin LevelSequenceEditor
LogPluginManager: Mounting plugin MatineeToLevelSequence
LogPluginManager: Mounting plugin NetcodeUnitTest
LogPluginManager: Mounting plugin NUTUnrealEngine4
LogPluginManager: Mounting plugin OnlineSubsystemGooglePlay
LogPluginManager: Mounting plugin OnlineSubsystemIOS
LogPluginManager: Mounting plugin OnlineSubsystem
LogPluginManager: Mounting plugin OnlineSubsystemNull
LogPluginManager: Mounting plugin OnlineSubsystemUtils
LogPluginManager: Mounting plugin LauncherChunkInstaller
LogPluginManager: Mounting plugin AndroidDeviceProfileSelector
LogPluginManager: Mounting plugin AndroidMoviePlayer
LogPluginManager: Mounting plugin AndroidPermission
LogPluginManager: Mounting plugin AppleMoviePlayer
LogPluginManager: Mounting plugin ArchVisCharacter
LogPluginManager: Mounting plugin AudioCapture
LogPluginManager: Mounting plugin CableComponent
LogPluginManager: Mounting plugin CustomMeshComponent
LogPluginManager: Mounting plugin EditableMesh
LogPluginManager: Mounting plugin ExampleDeviceProfileSelector
LogPluginManager: Mounting plugin Firebase
LogPluginManager: Mounting plugin GoogleCloudMessaging
LogPluginManager: Mounting plugin IOSDeviceProfileSelector
LogPluginManager: Mounting plugin LinuxDeviceProfileSelector
LogPluginManager: Mounting plugin LocationServicesBPLibrary
LogPluginManager: Mounting plugin MobilePatchingUtils
LogPluginManager: Mounting plugin OculusVR
LogPluginManager: Mounting plugin PhysXVehicles
LogPluginManager: Mounting plugin ProceduralMeshComponent
LogPluginManager: Mounting plugin RuntimePhysXCooking
LogPluginManager: Mounting plugin SignificanceManager
LogPluginManager: Mounting plugin SteamVR
LogPluginManager: Mounting plugin WebMMoviePlayer
LogPluginManager: Mounting plugin WindowsMoviePlayer
LogInit: Using libcurl 7.55.1-DEV
LogInit:  - built for x86_64-pc-win32
LogInit:  - supports SSL with OpenSSL/1.1.1
LogInit:  - supports HTTP deflate (compression) using libz 1.2.8
LogInit:  - other features:
LogInit:      CURL_VERSION_SSL
LogInit:      CURL_VERSION_LIBZ
LogInit:      CURL_VERSION_IPV6
LogInit:      CURL_VERSION_ASYNCHDNS
LogInit:      CURL_VERSION_LARGEFILE
LogInit:      CURL_VERSION_IDN
LogInit:  CurlRequestOptions (configurable via config and command line):
LogInit:  - bVerifyPeer = true  - Libcurl will verify peer certificate
LogInit:  - bUseHttpProxy = false  - Libcurl will NOT use HTTP proxy
LogInit:  - bDontReuseConnections = false  - Libcurl will reuse connections
LogInit:  - MaxHostConnections = 16  - Libcurl will limit the number of connections to a host
LogInit:  - LocalHostAddr = Default
LogInit:  - BufferSize = 65536
LogInit: WinSock: version 1.1 (2.2), MaxSocks=32767, MaxUdp=65467
LogInit: Build: ++UE4+Release-4.22-CL-5660361
LogInit: Engine Version: 4.22.0-5660361+++UE4+Release-4.22
LogInit: Compatible Engine Version: 4.22.0-5660361+++UE4+Release-4.22
LogInit: Net CL: 5660361
LogInit: OS: Windows 10 (Release 1803) (), CPU: Intel(R) Core(TM) i3-6100 CPU @ 3.70GHz, GPU: NVIDIA GeForce GTX 1050 Ti
LogInit: Compiled (64-bit): Mar 31 2019 02:05:09
LogInit: Compiled with Visual C++: 19.16.27025.01
LogInit: Build Configuration: Development
LogInit: Branch Name: ++UE4+Release-4.22
LogInit: Command Line: 
LogInit: Base Directory: C:/Program Files/Epic Games/UE_4.22/Engine/Binaries/Win64/
LogInit: Installed Engine Build: 1
LogDevObjectVersion: Number of dev versions registered: 23
LogDevObjectVersion:   Dev-Blueprints (B0D832E4-1F89-4F0D-ACCF-7EB736FD4AA2): 10
LogDevObjectVersion:   Dev-Build (E1C64328-A22C-4D53-A36C-8E866417BD8C): 0
LogDevObjectVersion:   Dev-Core (375EC13C-06E4-48FB-B500-84F0262A717E): 3
LogDevObjectVersion:   Dev-Editor (E4B068ED-F494-42E9-A231-DA0B2E46BB41): 30
LogDevObjectVersion:   Dev-Framework (CFFC743F-43B0-4480-9391-14DF171D2073): 35
LogDevObjectVersion:   Dev-Mobile (B02B49B5-BB20-44E9-A304-32B752E40360): 2
LogDevObjectVersion:   Dev-Networking (A4E4105C-59A1-49B5-A7C5-40C4547EDFEE): 0
LogDevObjectVersion:   Dev-Online (39C831C9-5AE6-47DC-9A44-9C173E1C8E7C): 0
LogDevObjectVersion:   Dev-Physics (78F01B33-EBEA-4F98-B9B4-84EACCB95AA2): 0
LogDevObjectVersion:   Dev-Platform (6631380F-2D4D-43E0-8009-CF276956A95A): 0
LogDevObjectVersion:   Dev-Rendering (12F88B9F-8875-4AFC-A67C-D90C383ABD29): 28
LogDevObjectVersion:   Dev-Sequencer (7B5AE74C-D270-4C10-A958-57980B212A5A): 11
LogDevObjectVersion:   Dev-VR (D7296918-1DD6-4BDD-9DE2-64A83CC13884): 2
LogDevObjectVersion:   Dev-LoadTimes (C2A15278-BFE7-4AFE-6C17-90FF531DF755): 1
LogDevObjectVersion:   Private-Geometry (6EACA3D4-40EC-4CC1-B786-8BED09428FC5): 3
LogDevObjectVersion:   Dev-AnimPhys (29E575DD-E0A3-4627-9D10-D276232CDCEA): 17
LogDevObjectVersion:   Dev-Anim (AF43A65D-7FD3-4947-9873-3E8ED9C1BB05): 2
LogDevObjectVersion:   Dev-ReflectionCapture (6B266CEC-1EC7-4B8F-A30B-E4D90942FC07): 1
LogDevObjectVersion:   Dev-Automation (0DF73D61-A23F-47EA-B727-89E90C41499A): 1
LogDevObjectVersion:   FortniteMain (601D1886-AC64-4F84-AA16-D3DE0DEAC7D6): 25
LogDevObjectVersion:   Dev-Enterprise (9DFFBCD6-494F-0158-E221-12823C92A888): 6
LogDevObjectVersion:   Dev-Niagara (F2AED0AC-9AFE-416F-8664-AA7FFA26D6FC): 1
LogDevObjectVersion:   Dev-Destruction (174F1F0B-B4C6-45A5-B13F-2EE8D0FB917D): 2
LogInit: Presizing for max 16777216 objects, including 0 objects not considered by GC, pre-allocating 0 bytes for permanent pool.
LogInit: Object subsystem initialized
LogConfig: Setting CVar [[con.DebugEarlyDefault:1]]
LogConfig: Setting CVar [[r.setres:1280x720]]
[2019.05.25-18.42.44:243][  0]LogConfig: Setting CVar [[r.VSync:0]]
[2019.05.25-18.42.44:243][  0]LogConfig: Setting CVar [[r.RHICmdBypass:0]]
[2019.05.25-18.42.44:243][  0]LogConfig: Applying CVar settings from Section [/Script/Engine.RendererSettings] File [C:/Users/Carlos/Documents/GitHub/Hakunamatata/Hakunamatata 4.22/Saved/Config/Windows/Engine.ini]
[2019.05.25-18.42.44:243][  0]LogConfig: Setting CVar [[r.GPUCrashDebugging:0]]
[2019.05.25-18.42.44:243][  0]LogConfig: Setting CVar [[r.DefaultFeature.MotionBlur:0]]
[2019.05.25-18.42.44:243][  0]LogConfig: Applying CVar settings from Section [/Script/Engine.RendererOverrideSettings] File [C:/Users/Carlos/Documents/GitHub/Hakunamatata/Hakunamatata 4.22/Saved/Config/Windows/Engine.ini]
[2019.05.25-18.42.44:243][  0]LogConfig: Applying CVar settings from Section [/Script/Engine.StreamingSettings] File [C:/Users/Carlos/Documents/GitHub/Hakunamatata/Hakunamatata 4.22/Saved/Config/Windows/Engine.ini]
[2019.05.25-18.42.44:243][  0]LogConfig: Setting CVar [[s.MinBulkDataSizeForAsyncLoading:131072]]
[2019.05.25-18.42.44:243][  0]LogConfig: Setting CVar [[s.AsyncLoadingThreadEnabled:0]]
[2019.05.25-18.42.44:243][  0]LogConfig: Setting CVar [[s.EventDrivenLoaderEnabled:1]]
[2019.05.25-18.42.44:243][  0]LogConfig: Setting CVar [[s.WarnIfTimeLimitExceeded:0]]
[2019.05.25-18.42.44:243][  0]LogConfig: Setting CVar [[s.TimeLimitExceededMultiplier:1.5]]
[2019.05.25-18.42.44:243][  0]LogConfig: Setting CVar [[s.TimeLimitExceededMinTime:0.005]]
[2019.05.25-18.42.44:243][  0]LogConfig: Setting CVar [[s.UseBackgroundLevelStreaming:1]]
[2019.05.25-18.42.44:243][  0]LogConfig: Setting CVar [[s.PriorityAsyncLoadingExtraTime:15.0]]
[2019.05.25-18.42.44:243][  0]LogConfig: Setting CVar [[s.LevelStreamingActorsUpdateTimeLimit:5.0]]
[2019.05.25-18.42.44:243][  0]LogConfig: Setting CVar [[s.PriorityLevelStreamingActorsUpdateExtraTime:5.0]]
[2019.05.25-18.42.44:243][  0]LogConfig: Setting CVar [[s.LevelStreamingComponentsRegistrationGranularity:10]]
[2019.05.25-18.42.44:243][  0]LogConfig: Setting CVar [[s.UnregisterComponentsTimeLimit:1.0]]
[2019.05.25-18.42.44:243][  0]LogConfig: Setting CVar [[s.LevelStreamingComponentsUnregistrationGranularity:5]]
[2019.05.25-18.42.44:243][  0]LogConfig: Applying CVar settings from Section [/Script/Engine.GarbageCollectionSettings] File [C:/Users/Carlos/Documents/GitHub/Hakunamatata/Hakunamatata 4.22/Saved/Config/Windows/Engine.ini]
[2019.05.25-18.42.44:243][  0]LogConfig: Setting CVar [[gc.MaxObjectsNotConsideredByGC:1]]
[2019.05.25-18.42.44:243][  0]LogConfig: Setting CVar [[gc.SizeOfPermanentObjectPool:0]]
[2019.05.25-18.42.44:243][  0]LogConfig: Setting CVar [[gc.FlushStreamingOnGC:0]]
[2019.05.25-18.42.44:243][  0]LogConfig: Setting CVar [[gc.NumRetriesBeforeForcingGC:10]]
[2019.05.25-18.42.44:243][  0]LogConfig: Setting CVar [[gc.AllowParallelGC:1]]
[2019.05.25-18.42.44:243][  0]LogConfig: Setting CVar [[gc.TimeBetweenPurgingPendingKillObjects:61.1]]
[2019.05.25-18.42.44:243][  0]LogConfig: Setting CVar [[gc.MaxObjectsInEditor:16777216]]
[2019.05.25-18.42.44:243][  0]LogConfig: Setting CVar [[gc.IncrementalBeginDestroyEnabled:1]]
[2019.05.25-18.42.44:243][  0]LogConfig: Setting CVar [[gc.CreateGCClusters:1]]
[2019.05.25-18.42.44:243][  0]LogConfig: Setting CVar [[gc.MinGCClusterSize:5]]
[2019.05.25-18.42.44:243][  0]LogConfig: Setting CVar [[gc.ActorClusteringEnabled:0]]
[2019.05.25-18.42.44:243][  0]LogConfig: Setting CVar [[gc.BlueprintClusteringEnabled:0]]
[2019.05.25-18.42.44:243][  0]LogConfig: Setting CVar [[gc.UseDisregardForGCOnDedicatedServers:0]]
[2019.05.25-18.42.44:243][  0]LogConfig: Applying CVar settings from Section [/Script/Engine.NetworkSettings] File [C:/Users/Carlos/Documents/GitHub/Hakunamatata/Hakunamatata 4.22/Saved/Config/Windows/Engine.ini]
[2019.05.25-18.42.44:243][  0]LogConfig: Applying CVar settings from Section [/Script/UnrealEd.CookerSettings] File [C:/Users/Carlos/Documents/GitHub/Hakunamatata/Hakunamatata 4.22/Saved/Config/Windows/Engine.ini]
[2019.05.25-18.42.44:245][  0]LogConfig: Applying CVar settings from Section [ViewDistanceQuality@3] File [C:/Users/Carlos/Documents/GitHub/Hakunamatata/Hakunamatata 4.22/Saved/Config/Windows/Scalability.ini]
[2019.05.25-18.42.44:245][  0]LogConfig: Setting CVar [[r.SkeletalMeshLODBias:0]]
[2019.05.25-18.42.44:245][  0]LogConfig: Setting CVar [[r.ViewDistanceScale:1.0]]
[2019.05.25-18.42.44:245][  0]LogConfig: Applying CVar settings from Section [AntiAliasingQuality@3] File [C:/Users/Carlos/Documents/GitHub/Hakunamatata/Hakunamatata 4.22/Saved/Config/Windows/Scalability.ini]
[2019.05.25-18.42.44:245][  0]LogConfig: Setting CVar [[r.PostProcessAAQuality:4]]
[2019.05.25-18.42.44:246][  0]LogConfig: Applying CVar settings from Section [ShadowQuality@3] File [C:/Users/Carlos/Documents/GitHub/Hakunamatata/Hakunamatata 4.22/Saved/Config/Windows/Scalability.ini]
[2019.05.25-18.42.44:246][  0]LogConfig: Setting CVar [[r.LightFunctionQuality:1]]
[2019.05.25-18.42.44:246][  0]LogConfig: Setting CVar [[r.ShadowQuality:5]]
[2019.05.25-18.42.44:246][  0]LogConfig: Setting CVar [[r.Shadow.CSM.MaxCascades:10]]
[2019.05.25-18.42.44:246][  0]LogConfig: Setting CVar [[r.Shadow.MaxResolution:2048]]
[2019.05.25-18.42.44:246][  0]LogConfig: Setting CVar [[r.Shadow.MaxCSMResolution:2048]]
[2019.05.25-18.42.44:246][  0]LogConfig: Setting CVar [[r.Shadow.RadiusThreshold:0.01]]
[2019.05.25-18.42.44:246][  0]LogConfig: Setting CVar [[r.Shadow.DistanceScale:1.0]]
[2019.05.25-18.42.44:246][  0]LogConfig: Setting CVar [[r.Shadow.CSM.TransitionScale:1.0]]
[2019.05.25-18.42.44:246][  0]LogConfig: Setting CVar [[r.Shadow.PreShadowResolutionFactor:1.0]]
[2019.05.25-18.42.44:246][  0]LogConfig: Setting CVar [[r.DistanceFieldShadowing:1]]
[2019.05.25-18.42.44:246][  0]LogConfig: Setting CVar [[r.DistanceFieldAO:1]]
[2019.05.25-18.42.44:246][  0]LogConfig: Setting CVar [[r.AOQuality:2]]
[2019.05.25-18.42.44:246][  0]LogConfig: Setting CVar [[r.VolumetricFog:1]]
[2019.05.25-18.42.44:246][  0]LogConfig: Setting CVar [[r.VolumetricFog.GridPixelSize:8]]
[2019.05.25-18.42.44:246][  0]LogConfig: Setting CVar [[r.VolumetricFog.GridSizeZ:128]]
[2019.05.25-18.42.44:246][  0]LogConfig: Setting CVar [[r.VolumetricFog.HistoryMissSupersampleCount:4]]
[2019.05.25-18.42.44:246][  0]LogConfig: Setting CVar [[r.LightMaxDrawDistanceScale:1]]
[2019.05.25-18.42.44:246][  0]LogConfig: Setting CVar [[r.CapsuleShadows:1]]
[2019.05.25-18.42.44:246][  0]LogConfig: Applying CVar settings from Section [PostProcessQuality@3] File [C:/Users/Carlos/Documents/GitHub/Hakunamatata/Hakunamatata 4.22/Saved/Config/Windows/Scalability.ini]
[2019.05.25-18.42.44:246][  0]LogConfig: Setting CVar [[r.MotionBlurQuality:4]]
[2019.05.25-18.42.44:246][  0]LogConfig: Setting CVar [[r.AmbientOcclusionMipLevelFactor:0.4]]
[2019.05.25-18.42.44:246][  0]LogConfig: Setting CVar [[r.AmbientOcclusionMaxQuality:100]]
[2019.05.25-18.42.44:246][  0]LogConfig: Setting CVar [[r.AmbientOcclusionLevels:-1]]
[2019.05.25-18.42.44:246][  0]LogConfig: Setting CVar [[r.AmbientOcclusionRadiusScale:1.0]]
[2019.05.25-18.42.44:246][  0]LogConfig: Setting CVar [[r.DepthOfFieldQuality:2]]
[2019.05.25-18.42.44:246][  0]LogConfig: Setting CVar [[r.RenderTargetPoolMin:400]]
[2019.05.25-18.42.44:246][  0]LogConfig: Setting CVar [[r.LensFlareQuality:2]]
[2019.05.25-18.42.44:246][  0]LogConfig: Setting CVar [[r.SceneColorFringeQuality:1]]
[2019.05.25-18.42.44:246][  0]LogConfig: Setting CVar [[r.EyeAdaptationQuality:2]]
[2019.05.25-18.42.44:246][  0]LogConfig: Setting CVar [[r.BloomQuality:5]]
[2019.05.25-18.42.44:246][  0]LogConfig: Setting CVar [[r.FastBlurThreshold:100]]
[2019.05.25-18.42.44:246][  0]LogConfig: Setting CVar [[r.Upscale.Quality:3]]
[2019.05.25-18.42.44:246][  0]LogConfig: Setting CVar [[r.Tonemapper.GrainQuantization:1]]
[2019.05.25-18.42.44:246][  0]LogConfig: Setting CVar [[r.LightShaftQuality:1]]
[2019.05.25-18.42.44:246][  0]LogConfig: Setting CVar [[r.Filter.SizeScale:1]]
[2019.05.25-18.42.44:246][  0]LogConfig: Setting CVar [[r.Tonemapper.Quality:5]]
[2019.05.25-18.42.44:246][  0]LogConfig: Setting CVar [[r.DOF.Gather.AccumulatorQuality:1        ; higher gathering accumulator quality]]
[2019.05.25-18.42.44:246][  0]LogConfig: Setting CVar [[r.DOF.Gather.PostfilterMethod:1          ; Median3x3 postfilering method]]
[2019.05.25-18.42.44:246][  0]LogConfig: Setting CVar [[r.DOF.Gather.EnableBokehSettings:0       ; no bokeh simulation when gathering]]
[2019.05.25-18.42.44:246][  0]LogConfig: Setting CVar [[r.DOF.Gather.RingCount:4                 ; medium number of samples when gathering]]
[2019.05.25-18.42.44:246][  0]LogConfig: Setting CVar [[r.DOF.Scatter.ForegroundCompositing:1    ; additive foreground scattering]]
[2019.05.25-18.42.44:246][  0]LogConfig: Setting CVar [[r.DOF.Scatter.BackgroundCompositing:2    ; additive background scattering]]
[2019.05.25-18.42.44:246][  0]LogConfig: Setting CVar [[r.DOF.Scatter.EnableBokehSettings:1      ; bokeh simulation when scattering]]
[2019.05.25-18.42.44:246][  0]LogConfig: Setting CVar [[r.DOF.Scatter.MaxSpriteRatio:0.1         ; only a maximum of 10% of scattered bokeh]]
[2019.05.25-18.42.44:246][  0]LogConfig: Setting CVar [[r.DOF.Recombine.Quality:1                ; cheap slight out of focus]]
[2019.05.25-18.42.44:246][  0]LogConfig: Setting CVar [[r.DOF.Recombine.EnableBokehSettings:0    ; no bokeh simulation on slight out of focus]]
[2019.05.25-18.42.44:246][  0]LogConfig: Setting CVar [[r.DOF.TemporalAAQuality:1                ; more stable temporal accumulation]]
[2019.05.25-18.42.44:246][  0]LogConfig: Setting CVar [[r.DOF.Kernel.MaxForegroundRadius:0.025]]
[2019.05.25-18.42.44:246][  0]LogConfig: Setting CVar [[r.DOF.Kernel.MaxBackgroundRadius:0.025]]
[2019.05.25-18.42.44:246][  0]LogConfig: Applying CVar settings from Section [TextureQuality@3] File [C:/Users/Carlos/Documents/GitHub/Hakunamatata/Hakunamatata 4.22/Saved/Config/Windows/Scalability.ini]
[2019.05.25-18.42.44:246][  0]LogConfig: Setting CVar [[r.Streaming.MipBias:0]]
[2019.05.25-18.42.44:246][  0]LogConfig: Setting CVar [[r.Streaming.AmortizeCPUToGPUCopy:0]]
[2019.05.25-18.42.44:246][  0]LogConfig: Setting CVar [[r.Streaming.MaxNumTexturesToStreamPerFrame:0]]
[2019.05.25-18.42.44:246][  0]LogConfig: Setting CVar [[r.Streaming.Boost:1]]
[2019.05.25-18.42.44:246][  0]LogConfig: Setting CVar [[r.MaxAnisotropy:8]]
[2019.05.25-18.42.44:246][  0]LogConfig: Setting CVar [[r.Streaming.LimitPoolSizeToVRAM:0]]
[2019.05.25-18.42.44:246][  0]LogConfig: Setting CVar [[r.Streaming.PoolSize:1000]]
[2019.05.25-18.42.44:246][  0]LogConfig: Setting CVar [[r.Streaming.MaxEffectiveScreenSize:0]]
[2019.05.25-18.42.44:246][  0]LogConfig: Applying CVar settings from Section [EffectsQuality@3] File [C:/Users/Carlos/Documents/GitHub/Hakunamatata/Hakunamatata 4.22/Saved/Config/Windows/Scalability.ini]
[2019.05.25-18.42.44:246][  0]LogConfig: Setting CVar [[r.TranslucencyLightingVolumeDim:64]]
[2019.05.25-18.42.44:246][  0]LogConfig: Setting CVar [[r.RefractionQuality:2]]
[2019.05.25-18.42.44:246][  0]LogConfig: Setting CVar [[r.SSR.Quality:3]]
[2019.05.25-18.42.44:246][  0]LogConfig: Setting CVar [[r.SceneColorFormat:4]]
[2019.05.25-18.42.44:246][  0]LogConfig: Setting CVar [[r.DetailMode:2]]
[2019.05.25-18.42.44:246][  0]LogConfig: Setting CVar [[r.TranslucencyVolumeBlur:1]]
[2019.05.25-18.42.44:246][  0]LogConfig: Setting CVar [[r.MaterialQualityLevel:1 ; High quality]]
[2019.05.25-18.42.44:246][  0]LogConfig: Setting CVar [[r.SSS.Scale:1]]
[2019.05.25-18.42.44:246][  0]LogConfig: Setting CVar [[r.SSS.SampleSet:2]]
[2019.05.25-18.42.44:246][  0]LogConfig: Setting CVar [[r.SSS.Quality:1]]
[2019.05.25-18.42.44:246][  0]LogConfig: Setting CVar [[r.SSS.HalfRes:1]]
[2019.05.25-18.42.44:246][  0]LogConfig: Setting CVar [[r.EmitterSpawnRateScale:1.0]]
[2019.05.25-18.42.44:246][  0]LogConfig: Setting CVar [[r.ParticleLightQuality:2]]
[2019.05.25-18.42.44:246][  0]LogConfig: Applying CVar settings from Section [FoliageQuality@3] File [C:/Users/Carlos/Documents/GitHub/Hakunamatata/Hakunamatata 4.22/Saved/Config/Windows/Scalability.ini]
[2019.05.25-18.42.44:247][  0]LogConfig: Setting CVar [[foliage.DensityScale:1.0]]
[2019.05.25-18.42.44:247][  0]LogConfig: Setting CVar [[grass.DensityScale:1.0]]
[2019.05.25-18.42.44:247][  0]LogInit: Selected Device Profile: [Windows]
[2019.05.25-18.42.44:247][  0]LogInit: Applying CVar settings loaded from the selected device profile: [Windows]
[2019.05.25-18.42.44:254][  0]LogHAL: Display: Platform has ~ 8 GB [8546533376 / 8589934592 / 8], which maps to Default [LargestMinGB=32, LargerMinGB=12, DefaultMinGB=8, SmallerMinGB=6, SmallestMinGB=0)
[2019.05.25-18.42.44:254][  0]LogConfig: Setting CVar [[r.Vulkan.UseRealUBs:0		; Required until we fix HLR fall-out]]
[2019.05.25-18.42.44:254][  0]LogInit: Going up to parent DeviceProfile []
[2019.05.25-18.42.44:254][  0]LogConfig: Applying CVar settings from Section [ViewDistanceQuality@3] File [C:/Users/Carlos/Documents/GitHub/Hakunamatata/Hakunamatata 4.22/Saved/Config/Windows/Scalability.ini]
[2019.05.25-18.42.44:254][  0]LogConfig: Setting CVar [[r.SkeletalMeshLODBias:0]]
[2019.05.25-18.42.44:254][  0]LogConfig: Setting CVar [[r.ViewDistanceScale:1.0]]
[2019.05.25-18.42.44:254][  0]LogConfig: Applying CVar settings from Section [AntiAliasingQuality@3] File [C:/Users/Carlos/Documents/GitHub/Hakunamatata/Hakunamatata 4.22/Saved/Config/Windows/Scalability.ini]
[2019.05.25-18.42.44:254][  0]LogConfig: Setting CVar [[r.PostProcessAAQuality:4]]
[2019.05.25-18.42.44:254][  0]LogConfig: Applying CVar settings from Section [ShadowQuality@3] File [C:/Users/Carlos/Documents/GitHub/Hakunamatata/Hakunamatata 4.22/Saved/Config/Windows/Scalability.ini]
[2019.05.25-18.42.44:254][  0]LogConfig: Setting CVar [[r.LightFunctionQuality:1]]
[2019.05.25-18.42.44:254][  0]LogConfig: Setting CVar [[r.ShadowQuality:5]]
[2019.05.25-18.42.44:254][  0]LogConfig: Setting CVar [[r.Shadow.CSM.MaxCascades:10]]
[2019.05.25-18.42.44:254][  0]LogConfig: Setting CVar [[r.Shadow.MaxResolution:2048]]
[2019.05.25-18.42.44:254][  0]LogConfig: Setting CVar [[r.Shadow.MaxCSMResolution:2048]]
[2019.05.25-18.42.44:254][  0]LogConfig: Setting CVar [[r.Shadow.RadiusThreshold:0.01]]
[2019.05.25-18.42.44:254][  0]LogConfig: Setting CVar [[r.Shadow.DistanceScale:1.0]]
[2019.05.25-18.42.44:254][  0]LogConfig: Setting CVar [[r.Shadow.CSM.TransitionScale:1.0]]
[2019.05.25-18.42.44:254][  0]LogConfig: Setting CVar [[r.Shadow.PreShadowResolutionFactor:1.0]]
[2019.05.25-18.42.44:254][  0]LogConfig: Setting CVar [[r.DistanceFieldShadowing:1]]
[2019.05.25-18.42.44:254][  0]LogConfig: Setting CVar [[r.DistanceFieldAO:1]]
[2019.05.25-18.42.44:254][  0]LogConfig: Setting CVar [[r.AOQuality:2]]
[2019.05.25-18.42.44:254][  0]LogConfig: Setting CVar [[r.VolumetricFog:1]]
[2019.05.25-18.42.44:254][  0]LogConfig: Setting CVar [[r.VolumetricFog.GridPixelSize:8]]
[2019.05.25-18.42.44:254][  0]LogConfig: Setting CVar [[r.VolumetricFog.GridSizeZ:128]]
[2019.05.25-18.42.44:254][  0]LogConfig: Setting CVar [[r.VolumetricFog.HistoryMissSupersampleCount:4]]
[2019.05.25-18.42.44:254][  0]LogConfig: Setting CVar [[r.LightMaxDrawDistanceScale:1]]
[2019.05.25-18.42.44:254][  0]LogConfig: Setting CVar [[r.CapsuleShadows:1]]
[2019.05.25-18.42.44:254][  0]LogConfig: Applying CVar settings from Section [PostProcessQuality@3] File [C:/Users/Carlos/Documents/GitHub/Hakunamatata/Hakunamatata 4.22/Saved/Config/Windows/Scalability.ini]
[2019.05.25-18.42.44:254][  0]LogConfig: Setting CVar [[r.MotionBlurQuality:4]]
[2019.05.25-18.42.44:254][  0]LogConfig: Setting CVar [[r.AmbientOcclusionMipLevelFactor:0.4]]
[2019.05.25-18.42.44:254][  0]LogConfig: Setting CVar [[r.AmbientOcclusionMaxQuality:100]]
[2019.05.25-18.42.44:254][  0]LogConfig: Setting CVar [[r.AmbientOcclusionLevels:-1]]
[2019.05.25-18.42.44:255][  0]LogConfig: Setting CVar [[r.AmbientOcclusionRadiusScale:1.0]]
[2019.05.25-18.42.44:255][  0]LogConfig: Setting CVar [[r.DepthOfFieldQuality:2]]
[2019.05.25-18.42.44:255][  0]LogConfig: Setting CVar [[r.RenderTargetPoolMin:400]]
[2019.05.25-18.42.44:255][  0]LogConfig: Setting CVar [[r.LensFlareQuality:2]]
[2019.05.25-18.42.44:255][  0]LogConfig: Setting CVar [[r.SceneColorFringeQuality:1]]
[2019.05.25-18.42.44:255][  0]LogConfig: Setting CVar [[r.EyeAdaptationQuality:2]]
[2019.05.25-18.42.44:255][  0]LogConfig: Setting CVar [[r.BloomQuality:5]]
[2019.05.25-18.42.44:255][  0]LogConfig: Setting CVar [[r.FastBlurThreshold:100]]
[2019.05.25-18.42.44:255][  0]LogConfig: Setting CVar [[r.Upscale.Quality:3]]
[2019.05.25-18.42.44:255][  0]LogConfig: Setting CVar [[r.Tonemapper.GrainQuantization:1]]
[2019.05.25-18.42.44:255][  0]LogConfig: Setting CVar [[r.LightShaftQuality:1]]
[2019.05.25-18.42.44:255][  0]LogConfig: Setting CVar [[r.Filter.SizeScale:1]]
[2019.05.25-18.42.44:255][  0]LogConfig: Setting CVar [[r.Tonemapper.Quality:5]]
[2019.05.25-18.42.44:255][  0]LogConfig: Setting CVar [[r.DOF.Gather.AccumulatorQuality:1        ; higher gathering accumulator quality]]
[2019.05.25-18.42.44:255][  0]LogConfig: Setting CVar [[r.DOF.Gather.PostfilterMethod:1          ; Median3x3 postfilering method]]
[2019.05.25-18.42.44:255][  0]LogConfig: Setting CVar [[r.DOF.Gather.EnableBokehSettings:0       ; no bokeh simulation when gathering]]
[2019.05.25-18.42.44:255][  0]LogConfig: Setting CVar [[r.DOF.Gather.RingCount:4                 ; medium number of samples when gathering]]
[2019.05.25-18.42.44:255][  0]LogConfig: Setting CVar [[r.DOF.Scatter.ForegroundCompositing:1    ; additive foreground scattering]]
[2019.05.25-18.42.44:255][  0]LogConfig: Setting CVar [[r.DOF.Scatter.BackgroundCompositing:2    ; additive background scattering]]
[2019.05.25-18.42.44:255][  0]LogConfig: Setting CVar [[r.DOF.Scatter.EnableBokehSettings:1      ; bokeh simulation when scattering]]
[2019.05.25-18.42.44:255][  0]LogConfig: Setting CVar [[r.DOF.Scatter.MaxSpriteRatio:0.1         ; only a maximum of 10% of scattered bokeh]]
[2019.05.25-18.42.44:255][  0]LogConfig: Setting CVar [[r.DOF.Recombine.Quality:1                ; cheap slight out of focus]]
[2019.05.25-18.42.44:255][  0]LogConfig: Setting CVar [[r.DOF.Recombine.EnableBokehSettings:0    ; no bokeh simulation on slight out of focus]]
[2019.05.25-18.42.44:255][  0]LogConfig: Setting CVar [[r.DOF.TemporalAAQuality:1                ; more stable temporal accumulation]]
[2019.05.25-18.42.44:255][  0]LogConfig: Setting CVar [[r.DOF.Kernel.MaxForegroundRadius:0.025]]
[2019.05.25-18.42.44:255][  0]LogConfig: Setting CVar [[r.DOF.Kernel.MaxBackgroundRadius:0.025]]
[2019.05.25-18.42.44:255][  0]LogConfig: Applying CVar settings from Section [TextureQuality@3] File [C:/Users/Carlos/Documents/GitHub/Hakunamatata/Hakunamatata 4.22/Saved/Config/Windows/Scalability.ini]
[2019.05.25-18.42.44:255][  0]LogConfig: Setting CVar [[r.Streaming.MipBias:0]]
[2019.05.25-18.42.44:255][  0]LogConfig: Setting CVar [[r.Streaming.AmortizeCPUToGPUCopy:0]]
[2019.05.25-18.42.44:255][  0]LogConfig: Setting CVar [[r.Streaming.MaxNumTexturesToStreamPerFrame:0]]
[2019.05.25-18.42.44:255][  0]LogConfig: Setting CVar [[r.Streaming.Boost:1]]
[2019.05.25-18.42.44:255][  0]LogConfig: Setting CVar [[r.MaxAnisotropy:8]]
[2019.05.25-18.42.44:255][  0]LogConfig: Setting CVar [[r.Streaming.LimitPoolSizeToVRAM:0]]
[2019.05.25-18.42.44:255][  0]LogConfig: Setting CVar [[r.Streaming.PoolSize:1000]]
[2019.05.25-18.42.44:255][  0]LogConfig: Setting CVar [[r.Streaming.MaxEffectiveScreenSize:0]]
[2019.05.25-18.42.44:255][  0]LogConfig: Applying CVar settings from Section [EffectsQuality@3] File [C:/Users/Carlos/Documents/GitHub/Hakunamatata/Hakunamatata 4.22/Saved/Config/Windows/Scalability.ini]
[2019.05.25-18.42.44:255][  0]LogConfig: Setting CVar [[r.TranslucencyLightingVolumeDim:64]]
[2019.05.25-18.42.44:255][  0]LogConfig: Setting CVar [[r.RefractionQuality:2]]
[2019.05.25-18.42.44:255][  0]LogConfig: Setting CVar [[r.SSR.Quality:3]]
[2019.05.25-18.42.44:255][  0]LogConfig: Setting CVar [[r.SceneColorFormat:4]]
[2019.05.25-18.42.44:255][  0]LogConfig: Setting CVar [[r.DetailMode:2]]
[2019.05.25-18.42.44:255][  0]LogConfig: Setting CVar [[r.TranslucencyVolumeBlur:1]]
[2019.05.25-18.42.44:255][  0]LogConfig: Setting CVar [[r.MaterialQualityLevel:1 ; High quality]]
[2019.05.25-18.42.44:255][  0]LogConfig: Setting CVar [[r.SSS.Scale:1]]
[2019.05.25-18.42.44:255][  0]LogConfig: Setting CVar [[r.SSS.SampleSet:2]]
[2019.05.25-18.42.44:255][  0]LogConfig: Setting CVar [[r.SSS.Quality:1]]
[2019.05.25-18.42.44:255][  0]LogConfig: Setting CVar [[r.SSS.HalfRes:1]]
[2019.05.25-18.42.44:255][  0]LogConfig: Setting CVar [[r.EmitterSpawnRateScale:1.0]]
[2019.05.25-18.42.44:255][  0]LogConfig: Setting CVar [[r.ParticleLightQuality:2]]
[2019.05.25-18.42.44:255][  0]LogConfig: Applying CVar settings from Section [FoliageQuality@3] File [C:/Users/Carlos/Documents/GitHub/Hakunamatata/Hakunamatata 4.22/Saved/Config/Windows/Scalability.ini]
[2019.05.25-18.42.44:255][  0]LogConfig: Setting CVar [[foliage.DensityScale:1.0]]
[2019.05.25-18.42.44:255][  0]LogConfig: Setting CVar [[grass.DensityScale:1.0]]
[2019.05.25-18.42.44:255][  0]LogConfig: Applying CVar settings from Section [Startup] File [../../../Engine/Config/ConsoleVariables.ini]
[2019.05.25-18.42.44:255][  0]LogConfig: Setting CVar [[net.UseAdaptiveNetUpdateFrequency:0]]
[2019.05.25-18.42.44:255][  0]LogConfig: Setting CVar [[p.chaos.AllowCreatePhysxBodies:1]]
[2019.05.25-18.42.44:255][  0]LogConfig: Applying CVar settings from Section [ConsoleVariables] File [C:/Users/Carlos/Documents/GitHub/Hakunamatata/Hakunamatata 4.22/Saved/Config/Windows/Engine.ini]
[2019.05.25-18.42.44:256][  0]LogInit: Computer: DESKTOP-M87T7OS
[2019.05.25-18.42.44:256][  0]LogInit: User: Carlos
[2019.05.25-18.42.44:256][  0]LogInit: CPU Page size=4096, Cores=2
[2019.05.25-18.42.44:256][  0]LogInit: High frequency timer resolution =3.609380 MHz
[2019.05.25-18.42.44:256][  0]LogMemory: Memory total: Physical=8.0GB (8GB approx)
[2019.05.25-18.42.44:256][  0]LogMemory: Platform Memory Stats for Windows
[2019.05.25-18.42.44:256][  0]LogMemory: Process Physical Memory: 97.11 MB used, 97.11 MB peak
[2019.05.25-18.42.44:256][  0]LogMemory: Process Virtual Memory: 91.63 MB used, 91.63 MB peak
[2019.05.25-18.42.44:256][  0]LogMemory: Physical Memory: 4591.25 MB used,  3559.36 MB free, 8150.61 MB total
[2019.05.25-18.42.44:256][  0]LogMemory: Virtual Memory: 4624.94 MB used,  134213104.00 MB free, 134217728.00 MB total
[2019.05.25-18.42.44:281][  0]LogInit: Using OS detected language (pt-PT).
[2019.05.25-18.42.44:281][  0]LogInit: Using OS detected locale (pt-PT).
[2019.05.25-18.42.44:282][  0]LogTextLocalizationManager: No localization for 'pt-PT' exists, so 'en' will be used for the language.
[2019.05.25-18.42.44:442][  0]LogInit: Setting process to per monitor DPI aware
[2019.05.25-18.42.44:467][  0]LogSlate: New Slate User Created.  User Index 0, Is Virtual User: 0
[2019.05.25-18.42.44:467][  0]LogSlate: Slate User Registered.  User Index 0, Is Virtual User: 0
[2019.05.25-18.42.44:696][  0]LogHMD: Failed to initialize OpenVR with code 110
[2019.05.25-18.42.44:696][  0]LogD3D11RHI: D3D11 adapters:
[2019.05.25-18.42.44:762][  0]LogD3D11RHI:    0. 'NVIDIA GeForce GTX 1050 Ti' (Feature Level 11_0)
[2019.05.25-18.42.44:762][  0]LogD3D11RHI:       4018/0/4075 MB DedicatedVideo/DedicatedSystem/SharedSystem, Outputs:1, VendorId:0x10de
[2019.05.25-18.42.44:764][  0]LogD3D11RHI:    1. 'Microsoft Basic Render Driver' (Feature Level 11_0)
[2019.05.25-18.42.44:764][  0]LogD3D11RHI:       0/0/4075 MB DedicatedVideo/DedicatedSystem/SharedSystem, Outputs:0, VendorId:0x1414
[2019.05.25-18.42.44:764][  0]LogD3D11RHI: Chosen D3D11 Adapter: 0
[2019.05.25-18.42.44:770][  0]LogD3D11RHI: Creating new Direct3DDevice
[2019.05.25-18.42.44:770][  0]LogD3D11RHI:     GPU DeviceId: 0x1c82 (for the marketing name, search the web for "GPU Device Id")
[2019.05.25-18.42.44:770][  0]LogWindows: EnumDisplayDevices:
[2019.05.25-18.42.44:770][  0]LogWindows:    0. 'NVIDIA GeForce GTX 1050 Ti' (P:1 D:1)
[2019.05.25-18.42.44:771][  0]LogWindows:    1. 'NVIDIA GeForce GTX 1050 Ti' (P:0 D:0)
[2019.05.25-18.42.44:771][  0]LogWindows:    2. 'NVIDIA GeForce GTX 1050 Ti' (P:0 D:0)
[2019.05.25-18.42.44:771][  0]LogWindows:    3. 'NVIDIA GeForce GTX 1050 Ti' (P:0 D:0)
[2019.05.25-18.42.44:771][  0]LogWindows: DebugString: FoundDriverCount:4 
[2019.05.25-18.42.44:771][  0]LogD3D11RHI:     Adapter Name: NVIDIA GeForce GTX 1050 Ti
[2019.05.25-18.42.44:771][  0]LogD3D11RHI:   Driver Version: 425.31 (internal:25.21.14.2531, unified:425.31)
[2019.05.25-18.42.44:771][  0]LogD3D11RHI:      Driver Date: 4-9-2019
[2019.05.25-18.42.44:771][  0]LogRHI: Texture pool is 2812 MB (70% of 4018 MB)
[2019.05.25-18.42.44:812][  0]LogD3D11RHI: Async texture creation enabled
[2019.05.25-18.42.44:823][  0]LogRendererCore: FGlobalReadBuffer::InitRHI
[2019.05.25-18.42.44:824][  0]LogRendererCore: FGlobalReadBuffer::InitRHI
[2019.05.25-18.42.44:824][  0]LogRendererCore: FGlobalReadBuffer::InitRHI
[2019.05.25-18.42.44:833][  0]LogD3D11RHI: GPU Timing Frequency: 1000.000000 (Debug: 2 1)
[2019.05.25-18.42.45:405][  0]LogTemp: Display: Module 'AllDesktopTargetPlatform' loaded TargetPlatform 'AllDesktop'
[2019.05.25-18.42.45:419][  0]LogTemp: Display: Module 'MacClientTargetPlatform' loaded TargetPlatform 'MacClient'
[2019.05.25-18.42.45:434][  0]LogTemp: Display: Module 'MacNoEditorTargetPlatform' loaded TargetPlatform 'MacNoEditor'
[2019.05.25-18.42.45:449][  0]LogTemp: Display: Module 'MacServerTargetPlatform' loaded TargetPlatform 'MacServer'
[2019.05.25-18.42.45:464][  0]LogTemp: Display: Module 'MacTargetPlatform' loaded TargetPlatform 'Mac'
[2019.05.25-18.42.45:478][  0]LogTemp: Display: Module 'WindowsClientTargetPlatform' loaded TargetPlatform 'WindowsClient'
[2019.05.25-18.42.45:492][  0]LogTemp: Display: Module 'WindowsNoEditorTargetPlatform' loaded TargetPlatform 'WindowsNoEditor'
[2019.05.25-18.42.45:506][  0]LogTemp: Display: Module 'WindowsServerTargetPlatform' loaded TargetPlatform 'WindowsServer'
[2019.05.25-18.42.45:514][  0]LogTemp: Display: Module 'WindowsTargetPlatform' loaded TargetPlatform 'Windows'
[2019.05.25-18.42.45:594][  0]LogTemp: Display: Module 'AndroidTargetPlatform' loaded TargetPlatform 'Android'
[2019.05.25-18.42.45:594][  0]LogTemp: Display: Module 'AndroidTargetPlatform' loaded TargetPlatform 'Android_ASTC'
[2019.05.25-18.42.45:594][  0]LogTemp: Display: Module 'AndroidTargetPlatform' loaded TargetPlatform 'Android_ATC'
[2019.05.25-18.42.45:594][  0]LogTemp: Display: Module 'AndroidTargetPlatform' loaded TargetPlatform 'Android_DXT'
[2019.05.25-18.42.45:594][  0]LogTemp: Display: Module 'AndroidTargetPlatform' loaded TargetPlatform 'Android_ETC1'
[2019.05.25-18.42.45:594][  0]LogTemp: Display: Module 'AndroidTargetPlatform' loaded TargetPlatform 'Android_ETC1a'
[2019.05.25-18.42.45:594][  0]LogTemp: Display: Module 'AndroidTargetPlatform' loaded TargetPlatform 'Android_ETC2'
[2019.05.25-18.42.45:594][  0]LogTemp: Display: Module 'AndroidTargetPlatform' loaded TargetPlatform 'Android_PVRTC'
[2019.05.25-18.42.45:594][  0]LogTemp: Display: Module 'AndroidTargetPlatform' loaded TargetPlatform 'AndroidClient'
[2019.05.25-18.42.45:594][  0]LogTemp: Display: Module 'AndroidTargetPlatform' loaded TargetPlatform 'Android_ASTCClient'
[2019.05.25-18.42.45:594][  0]LogTemp: Display: Module 'AndroidTargetPlatform' loaded TargetPlatform 'Android_ATCClient'
[2019.05.25-18.42.45:594][  0]LogTemp: Display: Module 'AndroidTargetPlatform' loaded TargetPlatform 'Android_DXTClient'
[2019.05.25-18.42.45:594][  0]LogTemp: Display: Module 'AndroidTargetPlatform' loaded TargetPlatform 'Android_ETC1Client'
[2019.05.25-18.42.45:594][  0]LogTemp: Display: Module 'AndroidTargetPlatform' loaded TargetPlatform 'Android_ETC1aClient'
[2019.05.25-18.42.45:594][  0]LogTemp: Display: Module 'AndroidTargetPlatform' loaded TargetPlatform 'Android_ETC2Client'
[2019.05.25-18.42.45:594][  0]LogTemp: Display: Module 'AndroidTargetPlatform' loaded TargetPlatform 'Android_PVRTCClient'
[2019.05.25-18.42.45:594][  0]LogTemp: Display: Module 'AndroidTargetPlatform' loaded TargetPlatform 'Android_Multi'
[2019.05.25-18.42.45:594][  0]LogTemp: Display: Module 'AndroidTargetPlatform' loaded TargetPlatform 'Android_MultiClient'
[2019.05.25-18.42.45:596][  0]LogTemp: Display: Module 'HTML5TargetPlatform' loaded TargetPlatform 'HTML5'
[2019.05.25-18.42.45:646][  0]LogTemp: Display: Module 'IOSTargetPlatform' loaded TargetPlatform 'IOSClient'
[2019.05.25-18.42.45:646][  0]LogTemp: Display: Module 'IOSTargetPlatform' loaded TargetPlatform 'IOS'
[2019.05.25-18.42.45:670][  0]LogTemp: Display: Module 'TVOSTargetPlatform' loaded TargetPlatform 'TVOSClient'
[2019.05.25-18.42.45:670][  0]LogTemp: Display: Module 'TVOSTargetPlatform' loaded TargetPlatform 'TVOS'
[2019.05.25-18.42.45:682][  0]LogTemp: Display: Module 'LinuxClientTargetPlatform' loaded TargetPlatform 'LinuxClient'
[2019.05.25-18.42.45:695][  0]LogTemp: Display: Module 'LinuxNoEditorTargetPlatform' loaded TargetPlatform 'LinuxNoEditor'
[2019.05.25-18.42.45:707][  0]LogTemp: Display: Module 'LinuxServerTargetPlatform' loaded TargetPlatform 'LinuxServer'
[2019.05.25-18.42.45:720][  0]LogTemp: Display: Module 'LinuxTargetPlatform' loaded TargetPlatform 'Linux'
[2019.05.25-18.42.45:764][  0]LogTemp: Display: Module 'LuminTargetPlatform' loaded TargetPlatform 'Lumin'
[2019.05.25-18.42.45:764][  0]LogTemp: Display: Module 'LuminTargetPlatform' loaded TargetPlatform 'LuminClient'
[2019.05.25-18.42.45:764][  0]LogTargetPlatformManager: Display: Building Assets For Windows
[2019.05.25-18.42.45:776][  0]LogAudioDebug: Display: Lib vorbis DLL was dynamically loaded.
[2019.05.25-18.42.45:839][  0]LogShaderCompilers: Guid format shader working directory is -31 characters bigger than the processId version (../../../../../../Users/Carlos/Documents/GitHub/Hakunamatata/Hakunamatata 4.22/Intermediate/Shaders/WorkingDirectory/4600/).
[2019.05.25-18.42.45:839][  0]LogShaderCompilers: Cleaned the shader compiler working directory 'C:/Users/Carlos/AppData/Local/Temp/UnrealShaderWorkingDir/7FD629B6431C97303542B4947F09A535/'.
[2019.05.25-18.42.45:844][  0]LogXGEController: Cannot use XGE Controller as Incredibuild is not installed on this machine.
[2019.05.25-18.42.45:844][  0]LogShaderCompilers: Cannot use XGE Shader Compiler as Incredibuild is not installed on this machine.
[2019.05.25-18.42.45:844][  0]LogShaderCompilers: Display: Using Local Shader Compiler.
[2019.05.25-18.42.46:461][  0]LogDerivedDataCache: Display: Max Cache Size: 512 MB
[2019.05.25-18.42.46:516][  0]LogDerivedDataCache: Loaded boot cache 0.05s 71MB C:/Users/Carlos/AppData/Local/UnrealEngine/4.22/DerivedDataCache/Boot.ddc.
[2019.05.25-18.42.46:516][  0]LogDerivedDataCache: Display: Loaded Boot cache: C:/Users/Carlos/AppData/Local/UnrealEngine/4.22/DerivedDataCache/Boot.ddc
[2019.05.25-18.42.46:516][  0]LogDerivedDataCache: FDerivedDataBackendGraph:  Pak pak cache file ../../../../../../Users/Carlos/Documents/GitHub/Hakunamatata/Hakunamatata 4.22/DerivedDataCache/DDC.ddp not found, will not use a pak cache.
[2019.05.25-18.42.46:516][  0]LogDerivedDataCache: Unable to find inner node Pak for hierarchical cache Hierarchy.
[2019.05.25-18.42.46:516][  0]LogDerivedDataCache: FDerivedDataBackendGraph:  CompressedPak pak cache file ../../../../../../Users/Carlos/Documents/GitHub/Hakunamatata/Hakunamatata 4.22/DerivedDataCache/Compressed.ddp not found, will not use a pak cache.
[2019.05.25-18.42.46:516][  0]LogDerivedDataCache: Unable to find inner node CompressedPak for hierarchical cache Hierarchy.
[2019.05.25-18.42.46:528][  0]LogDerivedDataCache: Display: Pak cache opened for reading ../../../Engine/DerivedDataCache/Compressed.ddp.
[2019.05.25-18.42.46:531][  0]LogDerivedDataCache: Display: Pak cache opened for reading ../../../Enterprise/DerivedDataCache/Compressed.ddp.
[2019.05.25-18.42.46:543][  0]LogDerivedDataCache: Using Local data cache path C:/Users/Carlos/AppData/Local/UnrealEngine/Common/DerivedDataCache: Writable
[2019.05.25-18.42.46:543][  0]LogDerivedDataCache: Shared data cache path not found in *engine.ini, will not use an Shared cache.
[2019.05.25-18.42.46:543][  0]LogDerivedDataCache: Unable to find inner node Shared for hierarchical cache Hierarchy.
[2019.05.25-18.42.46:563][  0]LogMaterial: Verifying Global Shaders for PCD3D_SM5
[2019.05.25-18.42.46:564][  0]LogSlate: Using FreeType 2.6.0
[2019.05.25-18.42.46:565][  0]LogSlate: SlateFontServices - WITH_FREETYPE: 1, WITH_HARFBUZZ: 1
[2019.05.25-18.42.46:660][  0]LogAssetRegistry: FAssetRegistry took 0.0330 seconds to start up
[2019.05.25-18.42.47:015][  0]LogInit: Selected Device Profile: [Windows]
[2019.05.25-18.42.47:167][  0]LogMeshReduction: Using QuadricMeshReduction for automatic static mesh reduction
[2019.05.25-18.42.47:167][  0]LogMeshReduction: Using SimplygonMeshReduction for automatic skeletal mesh reduction
[2019.05.25-18.42.47:167][  0]LogMeshReduction: Using ProxyLODMeshReduction for automatic mesh merging
[2019.05.25-18.42.47:167][  0]LogMeshReduction: No distributed automatic mesh merging module available
[2019.05.25-18.42.47:167][  0]LogMeshMerging: No distributed automatic mesh merging module available
[2019.05.25-18.42.47:187][  0]LogNetVersion: CRPG3D 1.0.0, NetCL: 5660361, EngineNetVer: 10, GameNetVer: 0 (Checksum: 2860058356)
[2019.05.25-18.42.47:685][  0]LogPackageLocalizationCache: Processed 10 localized package path(s) for 1 prioritized culture(s) in 0.035248 seconds
[2019.05.25-18.42.47:692][  0]LogUObjectArray: 42205 objects as part of root set at end of initial load.
[2019.05.25-18.42.47:692][  0]LogUObjectAllocator: 7325032 out of 0 bytes used by permanent object pool.
[2019.05.25-18.42.47:692][  0]LogUObjectArray: CloseDisregardForGC: 0/0 objects in disregard for GC pool
[2019.05.25-18.42.48:688][  0]LogTcpMessaging: Initializing TcpMessaging bridge
[2019.05.25-18.42.48:702][  0]LogUdpMessaging: Initializing bridge on interface 0.0.0.0:0 to multicast group 230.0.0.1:6666.
[2019.05.25-18.42.48:808][  0]SourceControl: Source control is disabled
[2019.05.25-18.42.48:808][  0]SourceControl: Source control is disabled
[2019.05.25-18.42.48:810][  0]SourceControl: Source control is disabled
[2019.05.25-18.42.48:811][  0]SourceControl: Source control is disabled
[2019.05.25-18.42.48:821][  0]LogVSAccessor: Display: Unable to create Visual Studio setup instance: 80040154
[2019.05.25-18.42.48:821][  0]LogVSAccessor: Display: Unable to create Visual Studio setup instance: 80040154
[2019.05.25-18.42.48:903][  0]LogAndroidPermission: UAndroidPermissionCallbackProxy::GetInstance
[2019.05.25-18.42.48:980][  0]LogOcInput: OculusInput pre-init called
[2019.05.25-18.42.49:761][  0]LogEngine: Initializing Engine...
[2019.05.25-18.42.49:762][  0]LogHMD: Failed to initialize OpenVR with code 110
[2019.05.25-18.42.49:763][  0]LogStats: UGameplayTagsManager::InitializeManager -  0.000 s
[2019.05.25-18.42.49:975][  0]LogLinker: Warning: Can't find file '/Script/StoryGraphPluginRuntime'
[2019.05.25-18.42.49:975][  0]LogLinker: Warning: Can't find file '/Script/StoryGraphPluginRuntime'
[2019.05.25-18.42.49:975][  0]LogUObjectGlobals: Warning: Failed to find object 'Class /Script/StoryGraphPluginRuntime.LevelScriptActor_StoryGraph'
[2019.05.25-18.42.49:975][  0]LogEngine: Error: Failed to load '/Script/StoryGraphPluginRuntime.LevelScriptActor_StoryGraph', falling back to 'LevelScriptActor'
[2019.05.25-18.42.49:980][  0]LogInit: Initializing FReadOnlyCVARCache
[2019.05.25-18.42.49:997][  0]LogAIModule: Creating AISystem for world Untitled
[2019.05.25-18.42.50:036][  0]LogInit: XAudio2 using 'Realtek HD Audio 2nd output (Realtek High Definition Audio)' : 2 channels at 48 kHz using 32 bits per sample (channel mask 0x3)
[2019.05.25-18.42.50:063][  0]LogInit: FAudioDevice initialized.
[2019.05.25-18.42.50:064][  0]LogNetVersion: Set ProjectVersion to 1.0.0.0. Version Checksum will be recalculated on next use.
[2019.05.25-18.42.50:683][  0]LogDerivedDataCache: Saved boot cache 0.62s 71MB C:/Users/Carlos/AppData/Local/UnrealEngine/4.22/DerivedDataCache/Boot.ddc.
[2019.05.25-18.42.50:688][  0]LogInit: Texture streaming: Enabled
[2019.05.25-18.42.50:713][  0]LogEngineSessionManager: EngineSessionManager initialized
[2019.05.25-18.42.51:226][  0]LogInit: Transaction tracking system initialized
[2019.05.25-18.42.51:259][  0]BlueprintLog: New page: Editor Load
[2019.05.25-18.42.51:369][  0]LocalizationService: Localization service is disabled
[2019.05.25-18.42.51:504][  0]LogVSAccessor: Display: Unable to create Visual Studio setup instance: 80040154
[2019.05.25-18.42.51:504][  0]LogVSAccessor: Display: Unable to create Visual Studio setup instance: 80040154
[2019.05.25-18.42.52:034][  0]LogCook: Display: Max memory allowance for cook 16384mb min free memory 0mb
[2019.05.25-18.42.52:034][  0]LogCook: Display: Mobile HDR setting 1
[2019.05.25-18.42.52:285][  0]LogFileCache: Scanning file cache for directory 'C:/Users/Carlos/Documents/GitHub/Hakunamatata/Hakunamatata 4.22/Content/' took 0.06s
[2019.05.25-18.42.52:285][  0]SourceControl: Source control is disabled
[2019.05.25-18.42.52:286][  0]Cmd: MAP LOAD FILE="../../../../../../Users/Carlos/Documents/GitHub/Hakunamatata/Hakunamatata 4.22/Content/CRPG_3_0/maps/Desert_5_0.umap" TEMPLATE=0 SHOWPROGRESS=1 FEATURELEVEL=3
[2019.05.25-18.42.52:512][  0]LightingResults: New page: Lighting Build
[2019.05.25-18.42.52:515][  0]MapCheck: New page: Map Check
[2019.05.25-18.42.52:515][  0]LightingResults: New page: Lighting Build
[2019.05.25-18.42.52:538][  0]LogUObjectHash: Compacting FUObjectHashTables data took   1.74ms
[2019.05.25-18.43.06:863][  0]LogTexture: Display: Building textures: HQ_Lightmap0_1 (AutoDXT, 256X256)
[2019.05.25-18.43.06:863][  0]LogTexture: Display: Building textures: HQ_Lightmap0_2 (AutoDXT, 128X128)
[2019.05.25-18.43.06:863][  0]LogTexture: Display: Building textures: LQ_Lightmap_0_1 (DXT1, 256X256)
[2019.05.25-18.43.06:863][  0]LogTexture: Display: Building textures: LQ_Lightmap_0_2 (DXT1, 128X128)
[2019.05.25-18.43.06:863][  0]LogTexture: Display: Building textures: HQ_Lightmap0_3 (AutoDXT, 64X64)
[2019.05.25-18.43.06:863][  0]LogTexture: Display: Building textures: LQ_Lightmap_0_3 (DXT1, 64X64)
[2019.05.25-18.43.06:863][  0]LogTexture: Display: Building textures: ShadowMapTexture2D_10 (G8, 32X32)
[2019.05.25-18.43.06:863][  0]LogTexture: Display: Building textures: ShadowMapTexture2D_8 (G8, 128X128)
[2019.05.25-18.43.06:863][  0]LogTexture: Display: Building textures: ShadowMapTexture2D_9 (G8, 64X64)
[2019.05.25-18.43.07:436][  0]LogMaterial: Display: Missing cached shader map for material desert_dungeon_red1, compiling. 
[2019.05.25-18.43.08:703][  0]LogShaderCompilers: Display: Shaders left to compile 36
[2019.05.25-18.43.08:703][  0]LogShaderCompilers: Display: Shaders left to compile 26
[2019.05.25-18.43.08:703][  0]LogShaderCompilers: Display: Shaders left to compile 16
[2019.05.25-18.43.08:703][  0]LogAIModule: Creating AISystem for world Desert_5_0
[2019.05.25-18.43.09:216][  0]LogEditorServer: Finished looking for orphan Actors (0.000 secs)
[2019.05.25-18.43.09:392][  0]LogUObjectHash: Compacting FUObjectHashTables data took   3.65ms
[2019.05.25-18.43.09:392][  0]Cmd: MAP CHECKDEP NOCLEARLOG
[2019.05.25-18.43.09:392][  0]MapCheck: Map check complete: 0 Error(s), 0 Warning(s), took 0,177ms to complete.
[2019.05.25-18.43.09:392][  0]LogFileHelpers: Loading map 'Desert_5_0' took 17.107
[2019.05.25-18.43.11:650][  0]LogSlate: Updating window title bar state: overlay mode, drag disabled, window buttons hidden, title bar hidden
[2019.05.25-18.43.11:797][  0]LogSlate: Updating window title bar state: overlay mode, drag disabled, window buttons hidden, title bar hidden
[2019.05.25-18.43.11:804][  0]LogSlate: Updating window title bar state: overlay mode, drag disabled, window buttons hidden, title bar hidden
[2019.05.25-18.43.11:814][  0]LogSlate: Updating window title bar state: overlay mode, drag disabled, window buttons hidden, title bar hidden
[2019.05.25-18.43.11:918][  0]LogCollectionManager: Loaded 0 collections in 0.003003 seconds
[2019.05.25-18.43.12:307][  0]LogFileCache: Scanning file cache for directory 'C:/Users/Carlos/Documents/GitHub/Hakunamatata/Hakunamatata 4.22/Saved/Collections/' took 0.01s
[2019.05.25-18.43.12:307][  0]LogFileCache: Scanning file cache for directory 'C:/Users/Carlos/Documents/GitHub/Hakunamatata/Hakunamatata 4.22/Content/Developers/Carlos/Collections/' took 0.00s
[2019.05.25-18.43.12:307][  0]LogFileCache: Scanning file cache for directory 'C:/Users/Carlos/Documents/GitHub/Hakunamatata/Hakunamatata 4.22/Content/Collections/' took 0.00s
[2019.05.25-18.43.12:307][  0]LogCollectionManager: Rebuilt the GUID cache for 0 collections in 0.000000 seconds
[2019.05.25-18.43.12:330][  0]LogContentBrowser: Native class hierarchy populated in 0.0099 seconds. Added 2732 classes and 659 folders.
[2019.05.25-18.43.12:589][  0]LogContentBrowser: Native class hierarchy updated for 'WidgetCarousel' in 0.0003 seconds. Added 0 classes and 0 folders.
[2019.05.25-18.43.12:740][  0]LogPakFile: Registered encryption key '00000000000000000000000000000000': 0 pak files mounted, 0 remain pending
[2019.05.25-18.43.12:889][  0]LogPakFile: Registered encryption key '00000000000000000000000000000000': 0 pak files mounted, 0 remain pending
[2019.05.25-18.43.12:924][  0]LogPakFile: Registered encryption key '00000000000000000000000000000000': 0 pak files mounted, 0 remain pending
[2019.05.25-18.43.12:950][  0]LogPakFile: Registered encryption key '00000000000000000000000000000000': 0 pak files mounted, 0 remain pending
[2019.05.25-18.43.12:954][  0]LogPakFile: Registered encryption key '00000000000000000000000000000000': 0 pak files mounted, 0 remain pending
[2019.05.25-18.43.13:027][  0]LogPakFile: Registered encryption key '00000000000000000000000000000000': 0 pak files mounted, 0 remain pending
[2019.05.25-18.43.13:130][  0]LogPakFile: Registered encryption key '00000000000000000000000000000000': 0 pak files mounted, 0 remain pending
[2019.05.25-18.43.13:174][  0]LogPakFile: Registered encryption key '00000000000000000000000000000000': 0 pak files mounted, 0 remain pending
[2019.05.25-18.43.13:222][  0]LogPakFile: Registered encryption key '00000000000000000000000000000000': 0 pak files mounted, 0 remain pending
[2019.05.25-18.43.13:326][  0]LogPakFile: Registered encryption key '00000000000000000000000000000000': 0 pak files mounted, 0 remain pending
[2019.05.25-18.43.13:336][  0]LogPakFile: Registered encryption key '00000000000000000000000000000000': 0 pak files mounted, 0 remain pending
[2019.05.25-18.43.13:397][  0]LogPakFile: Registered encryption key '00000000000000000000000000000000': 0 pak files mounted, 0 remain pending
[2019.05.25-18.43.13:499][  0]LogPakFile: Registered encryption key '00000000000000000000000000000000': 0 pak files mounted, 0 remain pending
[2019.05.25-18.43.13:529][  0]LogPakFile: Registered encryption key '00000000000000000000000000000000': 0 pak files mounted, 0 remain pending
[2019.05.25-18.43.13:647][  0]LogPakFile: Registered encryption key '00000000000000000000000000000000': 0 pak files mounted, 0 remain pending
[2019.05.25-18.43.13:696][  0]LogPakFile: Registered encryption key '00000000000000000000000000000000': 0 pak files mounted, 0 remain pending
[2019.05.25-18.43.13:701][  0]LogPakFile: Registered encryption key '00000000000000000000000000000000': 0 pak files mounted, 0 remain pending
[2019.05.25-18.43.13:773][  0]LogPakFile: Registered encryption key '00000000000000000000000000000000': 0 pak files mounted, 0 remain pending
[2019.05.25-18.43.13:807][  0]LogPakFile: Registered encryption key '00000000000000000000000000000000': 0 pak files mounted, 0 remain pending
[2019.05.25-18.43.13:864][  0]LogPakFile: Registered encryption key '00000000000000000000000000000000': 0 pak files mounted, 0 remain pending
[2019.05.25-18.43.13:874][  0]LogPakFile: Registered encryption key '00000000000000000000000000000000': 0 pak files mounted, 0 remain pending
[2019.05.25-18.43.13:876][  0]LogPakFile: Registered encryption key '00000000000000000000000000000000': 0 pak files mounted, 0 remain pending
[2019.05.25-18.43.13:888][  0]LogPakFile: Registered encryption key '00000000000000000000000000000000': 0 pak files mounted, 0 remain pending
[2019.05.25-18.43.13:982][  0]LogPakFile: Registered encryption key '00000000000000000000000000000000': 0 pak files mounted, 0 remain pending
[2019.05.25-18.43.14:039][  0]LogPakFile: Registered encryption key '00000000000000000000000000000000': 0 pak files mounted, 0 remain pending
[2019.05.25-18.43.14:052][  0]LogPakFile: Registered encryption key '00000000000000000000000000000000': 0 pak files mounted, 0 remain pending
[2019.05.25-18.43.14:119][  0]LogPakFile: Registered encryption key '00000000000000000000000000000000': 0 pak files mounted, 0 remain pending
[2019.05.25-18.43.14:201][  0]LogPakFile: Registered encryption key '00000000000000000000000000000000': 0 pak files mounted, 0 remain pending
[2019.05.25-18.43.16:732][  0]LogShaderCompilers: Display: Shaders left to compile 6
[2019.05.25-18.43.16:732][  0]LogContentBrowser: Native class hierarchy updated for 'AddContentDialog' in 0.0003 seconds. Added 0 classes and 0 folders.
[2019.05.25-18.43.16:920][  0]LogContentBrowser: Native class hierarchy updated for 'SceneOutliner' in 0.0003 seconds. Added 1 classes and 2 folders.
[2019.05.25-18.43.19:380][  0]LogSlate: Took 0.000266 seconds to synchronously load lazily loaded font '../../../Engine/Content/Slate/Fonts/Roboto-Regular.ttf' (155K)
[2019.05.25-18.43.19:383][  0]LogSlate: Took 0.000277 seconds to synchronously load lazily loaded font '../../../Engine/Content/Slate/Fonts/Roboto-Bold.ttf' (160K)
[2019.05.25-18.43.19:410][  0]LogSlate: Took 0.012522 seconds to synchronously load lazily loaded font '../../../Engine/Content/Editor/Slate/Fonts/FontAwesome.ttf' (139K)
[2019.05.25-18.43.20:041][  0]LogRenderer: Reallocating scene render targets to support 740x364 Format 10 NumSamples 1 (Frame:1).
[2019.05.25-18.43.22:003][  0]LogContentBrowser: Native class hierarchy updated for 'HierarchicalLODOutliner' in 0.0002 seconds. Added 0 classes and 0 folders.
[2019.05.25-18.43.22:004][  0]LogLoad: (Engine Initialization) Total time: 40.67 seconds
[2019.05.25-18.43.22:004][  0]LogLoad: (Engine Initialization) Total Blueprint compile time: 0.00 seconds
[2019.05.25-18.43.22:251][  0]LogContentStreaming: Texture pool size now 1000 MB
[2019.05.25-18.43.22:521][  0]LogSlate: Took 0.025958 seconds to synchronously load lazily loaded font '../../../Engine/Content/Slate/Fonts/Roboto-Light.ttf' (167K)
[2019.05.25-18.43.31:937][649]LogAssetRegistry: Asset discovery search completed in 45.2994 seconds
[2019.05.25-18.43.31:940][649]LogCollectionManager: Rebuilt the object cache for 0 collections in 0.000000 seconds (found 0 objects)
[2019.05.25-18.43.31:940][649]LogCollectionManager: Fixed up redirectors for 0 collections in 0.000071 seconds (updated 0 objects)
[2019.05.25-18.45.09:718][ 56]LogSlate: FSceneViewport::OnFocusLost() reason 0
[2019.05.25-18.45.11:946][308]LogSlate: FSceneViewport::OnFocusLost() reason 0
[2019.05.25-18.45.12:021][317]LogTemp: Repeating last play command: Selected Viewport
[2019.05.25-18.45.12:067][317]LogBlueprintUserMessages: Early PlayInEditor Detection: Level '/Game/CRPG_3_0/maps/Desert_5_0.Desert_5_0:PersistentLevel' has LevelScriptBlueprint '/Game/CRPG_3_0/maps/Desert_5_0.Desert_5_0:PersistentLevel.Desert_5_0' with GeneratedClass '/Game/CRPG_3_0/maps/Desert_5_0.Desert_5_0_C' with ClassGeneratedBy '/Game/CRPG_3_0/maps/Desert_5_0.Desert_5_0:PersistentLevel.Desert_5_0'
[2019.05.25-18.45.12:076][317]LogPlayLevel: PlayLevel: No blueprints needed recompiling
[2019.05.25-18.45.12:170][317]PIE: New page: PIE session: Desert_5_0 (25/05/2019, 22:45:12)
[2019.05.25-18.45.12:229][317]LogPlayLevel: Creating play world package: /Game/CRPG_3_0/maps/UEDPIE_0_Desert_5_0
[2019.05.25-18.45.12:281][317]LogPlayLevel: PIE: StaticDuplicateObject took: (0.051592s)
[2019.05.25-18.45.12:281][317]LogAIModule: Creating AISystem for world Desert_5_0
[2019.05.25-18.45.12:282][317]LogPlayLevel: PIE: World Init took: (0.000776s)
[2019.05.25-18.45.12:282][317]LogPlayLevel: PIE: Created PIE world by copying editor world from /Game/CRPG_3_0/maps/Desert_5_0.Desert_5_0 to /Game/CRPG_3_0/maps/UEDPIE_0_Desert_5_0.Desert_5_0 (0.052772s)
[2019.05.25-18.45.12:304][317]LogUObjectHash: Compacting FUObjectHashTables data took   1.94ms
[2019.05.25-18.45.12:329][317]LogInit: XAudio2 using 'Realtek HD Audio 2nd output (Realtek High Definition Audio)' : 2 channels at 48 kHz using 32 bits per sample (channel mask 0x3)
[2019.05.25-18.45.12:347][317]LogInit: FAudioDevice initialized.
[2019.05.25-18.45.13:110][317]LogLoad: Game class is 'ThirdPersonGameMode_C'
[2019.05.25-18.45.13:222][317]LogWorld: Bringing World /Game/CRPG_3_0/maps/UEDPIE_0_Desert_5_0.Desert_5_0 up for play (max tick rate 0) at 2019.05.25-20.45.13
[2019.05.25-18.45.13:329][317]LogWorld: Bringing up level for play took: 0.119700
[2019.05.25-18.45.13:438][317]LogSpawn: Warning: SpawnActor failed because no class was specified
[2019.05.25-18.45.13:467][317]LogContentBrowser: Native class hierarchy updated for 'MovieSceneCapture' in 0.0004 seconds. Added 20 classes and 0 folders.
[2019.05.25-18.45.13:469][317]LogGameMode: Display: Match State Changed from EnteringMap to WaitingToStart
[2019.05.25-18.45.13:469][317]LogGameState: Match State Changed from EnteringMap to WaitingToStart
[2019.05.25-18.45.13:469][317]LogGameMode: Display: Match State Changed from WaitingToStart to InProgress
[2019.05.25-18.45.13:635][317]LogGameState: Match State Changed from WaitingToStart to InProgress
[2019.05.25-18.45.13:650][317]PIE: Play in editor start time for /Game/CRPG_3_0/maps/UEDPIE_0_Desert_5_0 0,921
[2019.05.25-18.45.13:650][317]LogBlueprintUserMessages: Late PlayInEditor Detection: Level '/Game/CRPG_3_0/maps/Desert_5_0.Desert_5_0:PersistentLevel' has LevelScriptBlueprint '/Game/CRPG_3_0/maps/Desert_5_0.Desert_5_0:PersistentLevel.Desert_5_0' with GeneratedClass '/Game/CRPG_3_0/maps/Desert_5_0.Desert_5_0_C' with ClassGeneratedBy '/Game/CRPG_3_0/maps/Desert_5_0.Desert_5_0:PersistentLevel.Desert_5_0'
[2019.05.25-18.45.13:821][317]LogScript: Warning: Script Msg: Attempted to access index -1 from array 'HotbarSlots' of length 8 in '/Game/InventorySystem/UMG/WBP_HotbarWidget.WBP_HotbarWidget_C'!
[2019.05.25-18.45.21:531][203]LogBlueprintUserMessages: Early EndPlayMap Detection: Level '/Game/CRPG_3_0/maps/Desert_5_0.Desert_5_0:PersistentLevel' has LevelScriptBlueprint '/Game/CRPG_3_0/maps/Desert_5_0.Desert_5_0:PersistentLevel.Desert_5_0' with GeneratedClass '/Game/CRPG_3_0/maps/Desert_5_0.Desert_5_0_C' with ClassGeneratedBy '/Game/CRPG_3_0/maps/Desert_5_0.Desert_5_0:PersistentLevel.Desert_5_0'
[2019.05.25-18.45.21:557][203]LogBlueprintUserMessages: [InventoryManagerComponent] Saved inventory to file!
[2019.05.25-18.45.21:558][203]LogSlate: Updating window title bar state: overlay mode, drag disabled, window buttons hidden, title bar hidden
[2019.05.25-18.45.21:623][203]LogPlayLevel: Display: Shutting down PIE online subsystems
[2019.05.25-18.45.21:623][203]LogBlueprintUserMessages: Late EndPlayMap Detection: Level '/Game/CRPG_3_0/maps/Desert_5_0.Desert_5_0:PersistentLevel' has LevelScriptBlueprint '/Game/CRPG_3_0/maps/Desert_5_0.Desert_5_0:PersistentLevel.Desert_5_0' with GeneratedClass '/Game/CRPG_3_0/maps/Desert_5_0.Desert_5_0_C' with ClassGeneratedBy '/Game/CRPG_3_0/maps/Desert_5_0.Desert_5_0:PersistentLevel.Desert_5_0'
[2019.05.25-18.45.21:652][203]LogSlate: Updating window title bar state: overlay mode, drag disabled, window buttons hidden, title bar hidden
[2019.05.25-18.45.21:674][203]LogUObjectHash: Compacting FUObjectHashTables data took   1.58ms
[2019.05.25-18.45.21:718][204]LogPlayLevel: Display: Destroying online subsystem :Context_2
[2019.05.25-18.45.24:532][525]LogSlate: FSceneViewport::OnFocusLost() reason 0
[2019.05.25-18.45.24:640][533]LogSlate: Took 0.000217 seconds to synchronously load lazily loaded font '../../../Engine/Content/Slate/Fonts/Roboto-Light.ttf' (167K)
[2019.05.25-18.45.24:647][533]LogAssetEditorManager: Opening Asset editor for Blueprint /Game/ThirdPersonBP/Joe.Joe
[2019.05.25-18.45.25:134][533]LogContentBrowser: Native class hierarchy updated for 'BlueprintGraph' in 0.0006 seconds. Added 121 classes and 0 folders.
[2019.05.25-18.45.26:581][533]LogSlate: Took 0.004568 seconds to synchronously load lazily loaded font '../../../Engine/Content/Slate/Fonts/Roboto-BoldCondensed.ttf' (158K)
[2019.05.25-18.45.27:810][534]LogSlate: Took 0.006220 seconds to synchronously load lazily loaded font '../../../Engine/Content/Slate/Fonts/Roboto-Italic.ttf' (157K)
[2019.05.25-18.46.37:500][124]LogAssetEditorManager: Opening Asset editor for Blueprint /Game/LitoNPCS/NPC/SandMoles/SandMole.SandMole
[2019.05.25-18.46.40:231][402]LogRenderer: Reallocating scene render targets to support 740x460 Format 10 NumSamples 1 (Frame:1).
[2019.05.25-18.46.54:933][930]BlueprintLog: New page: Compile Joe
[2019.05.25-18.46.55:589][930]LogUObjectHash: Compacting FUObjectHashTables data took   3.63ms
[2019.05.25-18.46.57:022][974]Cmd: OBJ SAVEPACKAGE PACKAGE="/Game/ThirdPersonBP/Joe" FILE="../../../../../../Users/Carlos/Documents/GitHub/Hakunamatata/Hakunamatata 4.22/Content/ThirdPersonBP/Joe.uasset" SILENT=true
[2019.05.25-18.46.57:700][974]LogSavePackage: Moving '../../../../../../Users/Carlos/Documents/GitHub/Hakunamatata/Hakunamatata 4.22/Saved/Joe79AB3ED143A2AB4FAE26B8923D7FADBF.tmp' to '../../../../../../Users/Carlos/Documents/GitHub/Hakunamatata/Hakunamatata 4.22/Content/ThirdPersonBP/Joe.uasset'
[2019.05.25-18.47.01:746][443]LogSlate: FSceneViewport::OnFocusLost() reason 0
[2019.05.25-18.47.16:792][201]LogSlate: FSceneViewport::OnFocusLost() reason 2
[2019.05.25-18.47.18:835][443]LogSlate: FSceneViewport::OnFocusLost() reason 0
[2019.05.25-18.47.33:403][178]LogSlate: FSceneViewport::OnFocusLost() reason 0
[2019.05.25-18.47.42:942][316]LogEditorTransaction: Undo Modify Component(s)
[2019.05.25-18.47.43:401][362]LogEditorTransaction: Undo Modify Component(s)
[2019.05.25-18.47.43:871][415]LogEditorTransaction: Undo Modify Component(s)
[2019.05.25-18.47.44:262][459]LogEditorTransaction: Undo Modify Component(s)
[2019.05.25-18.47.46:293][700]LogSlate: FSceneViewport::OnFocusLost() reason 0
[2019.05.25-18.48.16:667][100]LogSlate: FSceneViewport::OnFocusLost() reason 2
[2019.05.25-18.48.22:437][765]LogSlate: FSceneViewport::OnFocusLost() reason 0
[2019.05.25-18.48.36:016][381]BlueprintLog: New page: Compile SandMole
[2019.05.25-18.48.36:357][381]LogUObjectHash: Compacting FUObjectHashTables data took   3.68ms
[2019.05.25-18.48.37:226][465]LogSavePackage: Moving '../../../../../../Users/Carlos/Documents/GitHub/Hakunamatata/Hakunamatata 4.22/Saved/SandMoleEE0EB89249A71C72030247A1BBCB8F25.tmp' to '../../../../../../Users/Carlos/Documents/GitHub/Hakunamatata/Hakunamatata 4.22/Content/LitoNPCS/NPC/SandMoles/SandMole.uasset'
[2019.05.25-18.49.13:005][884]BlueprintLog: New page: Compile Joe
[2019.05.25-18.49.13:748][884]LogUObjectHash: Compacting FUObjectHashTables data took   4.49ms
[2019.05.25-18.49.15:310][941]Cmd: OBJ SAVEPACKAGE PACKAGE="/Game/ThirdPersonBP/Joe" FILE="../../../../../../Users/Carlos/Documents/GitHub/Hakunamatata/Hakunamatata 4.22/Content/ThirdPersonBP/Joe.uasset" SILENT=true
[2019.05.25-18.49.16:044][941]LogSavePackage: Moving '../../../../../../Users/Carlos/Documents/GitHub/Hakunamatata/Hakunamatata 4.22/Saved/Joe66D7A62D43BA4717428BF68C9A59175B.tmp' to '../../../../../../Users/Carlos/Documents/GitHub/Hakunamatata/Hakunamatata 4.22/Content/ThirdPersonBP/Joe.uasset'
[2019.05.25-18.49.17:322][ 52]LogTemp: Repeating last play command: Selected Viewport
[2019.05.25-18.49.17:347][ 52]LogBlueprintUserMessages: Early PlayInEditor Detection: Level '/Game/CRPG_3_0/maps/Desert_5_0.Desert_5_0:PersistentLevel' has LevelScriptBlueprint '/Game/CRPG_3_0/maps/Desert_5_0.Desert_5_0:PersistentLevel.Desert_5_0' with GeneratedClass '/Game/CRPG_3_0/maps/Desert_5_0.Desert_5_0_C' with ClassGeneratedBy '/Game/CRPG_3_0/maps/Desert_5_0.Desert_5_0:PersistentLevel.Desert_5_0'
[2019.05.25-18.49.17:347][ 52]LogPlayLevel: PlayLevel: No blueprints needed recompiling
[2019.05.25-18.49.17:347][ 52]PIE: New page: PIE session: Desert_5_0 (25/05/2019, 22:49:17)
[2019.05.25-18.49.17:347][ 52]LogPlayLevel: Creating play world package: /Game/CRPG_3_0/maps/UEDPIE_0_Desert_5_0
[2019.05.25-18.49.17:354][ 52]LogPlayLevel: PIE: StaticDuplicateObject took: (0.006837s)
[2019.05.25-18.49.17:355][ 52]LogAIModule: Creating AISystem for world Desert_5_0
[2019.05.25-18.49.17:355][ 52]LogPlayLevel: PIE: World Init took: (0.001168s)
[2019.05.25-18.49.17:355][ 52]LogPlayLevel: PIE: Created PIE world by copying editor world from /Game/CRPG_3_0/maps/Desert_5_0.Desert_5_0 to /Game/CRPG_3_0/maps/UEDPIE_0_Desert_5_0.Desert_5_0 (0.008222s)
[2019.05.25-18.49.17:422][ 52]LogUObjectHash: Compacting FUObjectHashTables data took   3.69ms
[2019.05.25-18.49.17:432][ 52]LogInit: XAudio2 using 'Realtek HD Audio 2nd output (Realtek High Definition Audio)' : 2 channels at 48 kHz using 32 bits per sample (channel mask 0x3)
[2019.05.25-18.49.17:455][ 52]LogInit: FAudioDevice initialized.
[2019.05.25-18.49.17:517][ 52]LogLoad: Game class is 'ThirdPersonGameMode_C'
[2019.05.25-18.49.17:519][ 52]LogWorld: Bringing World /Game/CRPG_3_0/maps/UEDPIE_0_Desert_5_0.Desert_5_0 up for play (max tick rate 0) at 2019.05.25-20.49.17
[2019.05.25-18.49.17:520][ 52]LogWorld: Bringing up level for play took: 0.002808
[2019.05.25-18.49.17:532][ 52]LogSpawn: Warning: SpawnActor failed because no class was specified
[2019.05.25-18.49.17:532][ 52]LogGameMode: Display: Match State Changed from EnteringMap to WaitingToStart
[2019.05.25-18.49.17:532][ 52]LogGameState: Match State Changed from EnteringMap to WaitingToStart
[2019.05.25-18.49.17:533][ 52]LogGameMode: Display: Match State Changed from WaitingToStart to InProgress
[2019.05.25-18.49.17:547][ 52]LogGameState: Match State Changed from WaitingToStart to InProgress
[2019.05.25-18.49.17:547][ 52]PIE: Play in editor start time for /Game/CRPG_3_0/maps/UEDPIE_0_Desert_5_0 0,818
[2019.05.25-18.49.17:547][ 52]LogBlueprintUserMessages: Late PlayInEditor Detection: Level '/Game/CRPG_3_0/maps/Desert_5_0.Desert_5_0:PersistentLevel' has LevelScriptBlueprint '/Game/CRPG_3_0/maps/Desert_5_0.Desert_5_0:PersistentLevel.Desert_5_0' with GeneratedClass '/Game/CRPG_3_0/maps/Desert_5_0.Desert_5_0_C' with ClassGeneratedBy '/Game/CRPG_3_0/maps/Desert_5_0.Desert_5_0:PersistentLevel.Desert_5_0'
[2019.05.25-18.49.17:591][ 52]LogScript: Warning: Script Msg: Attempted to access index -1 from array 'HotbarSlots' of length 8 in '/Game/InventorySystem/UMG/WBP_HotbarWidget.WBP_HotbarWidget_C'!
[2019.05.25-18.49.22:389][564]LogBlueprintUserMessages: [SandMole_2] Faleceu
[2019.05.25-18.49.22:390][564]LogBlueprintUserMessages: [Rock_C_3] DAMAGE APPLIED
[2019.05.25-18.49.22:390][564]LogScript: Warning: Attempted to access CollisionCylinder via property K2Node_Event_OtherComp, but CollisionCylinder is pending kill
	Rock_C /Game/CRPG_3_0/maps/UEDPIE_0_Desert_5_0.Desert_5_0:PersistentLevel.Rock_C_3
	Function /Game/blueprints_prototyping/Projectiles_Weapons/Rock.Rock_C:ExecuteUbergraph_Rock:007A
[2019.05.25-18.49.22:404][564]PIE: Error: Blueprint Runtime Error: "Attempted to access CollisionCylinder via property K2Node_Event_OtherComp, but CollisionCylinder is pending kill". Blueprint:  Rock Function:  Execute Ubergraph Rock Graph:  EventGraph Node:  Branch
[2019.05.25-18.49.23:588][694]LogBlueprintUserMessages: Early EndPlayMap Detection: Level '/Game/CRPG_3_0/maps/Desert_5_0.Desert_5_0:PersistentLevel' has LevelScriptBlueprint '/Game/CRPG_3_0/maps/Desert_5_0.Desert_5_0:PersistentLevel.Desert_5_0' with GeneratedClass '/Game/CRPG_3_0/maps/Desert_5_0.Desert_5_0_C' with ClassGeneratedBy '/Game/CRPG_3_0/maps/Desert_5_0.Desert_5_0:PersistentLevel.Desert_5_0'
[2019.05.25-18.49.23:602][694]LogBlueprintUserMessages: [InventoryManagerComponent] Saved inventory to file!
[2019.05.25-18.49.23:602][694]LogSlate: Updating window title bar state: overlay mode, drag disabled, window buttons hidden, title bar hidden
[2019.05.25-18.49.23:633][694]LogPlayLevel: Display: Shutting down PIE online subsystems
[2019.05.25-18.49.23:633][694]LogBlueprintUserMessages: Late EndPlayMap Detection: Level '/Game/CRPG_3_0/maps/Desert_5_0.Desert_5_0:PersistentLevel' has LevelScriptBlueprint '/Game/CRPG_3_0/maps/Desert_5_0.Desert_5_0:PersistentLevel.Desert_5_0' with GeneratedClass '/Game/CRPG_3_0/maps/Desert_5_0.Desert_5_0_C' with ClassGeneratedBy '/Game/CRPG_3_0/maps/Desert_5_0.Desert_5_0:PersistentLevel.Desert_5_0'
[2019.05.25-18.49.23:670][694]LogSlate: Updating window title bar state: overlay mode, drag disabled, window buttons hidden, title bar hidden
[2019.05.25-18.49.23:675][694]LogUObjectHash: Compacting FUObjectHashTables data took   2.13ms
[2019.05.25-18.49.23:682][694]LogSlate: FSceneViewport::OnFocusLost() reason 2
[2019.05.25-18.49.23:727][695]LogPlayLevel: Display: Destroying online subsystem :Context_6
[2019.05.25-18.49.24:953][814]LogSlate: Window 'Message Log' being destroyed
[2019.05.25-18.49.24:957][814]LogSlate: Window 'Message Log' being destroyed
[2019.05.25-18.49.26:941][ 18]LogUObjectHash: Compacting FUObjectHashTables data took   0.71ms
[2019.05.25-18.49.27:139][ 18]LogSavePackage: Moving '../../../../../../Users/Carlos/Documents/GitHub/Hakunamatata/Hakunamatata 4.22/Saved/Desert_5_08BCB2EFA4495AB3254411F89C241C873.tmp' to '../../../../../../Users/Carlos/Documents/GitHub/Hakunamatata/Hakunamatata 4.22/Content/CRPG_3_0/maps/Desert_5_0.umap'
[2019.05.25-18.49.27:223][ 18]LogSavePackage: Moving '../../../../../../Users/Carlos/Documents/GitHub/Hakunamatata/Hakunamatata 4.22/Saved/Desert_5_0_BuiltDataE61A851C4ACB610415784181140B860C.tmp' to '../../../../../../Users/Carlos/Documents/GitHub/Hakunamatata/Hakunamatata 4.22/Content/CRPG_3_0/maps/Desert_5_0_BuiltData.uasset'
[2019.05.25-18.50.00:344][435]LogTemp: Repeating last play command: Selected Viewport
[2019.05.25-18.50.00:362][435]LogBlueprintUserMessages: Early PlayInEditor Detection: Level '/Game/CRPG_3_0/maps/Desert_5_0.Desert_5_0:PersistentLevel' has LevelScriptBlueprint '/Game/CRPG_3_0/maps/Desert_5_0.Desert_5_0:PersistentLevel.Desert_5_0' with GeneratedClass '/Game/CRPG_3_0/maps/Desert_5_0.Desert_5_0_C' with ClassGeneratedBy '/Game/CRPG_3_0/maps/Desert_5_0.Desert_5_0:PersistentLevel.Desert_5_0'
[2019.05.25-18.50.00:362][435]LogPlayLevel: PlayLevel: No blueprints needed recompiling
[2019.05.25-18.50.00:362][435]PIE: New page: PIE session: Desert_5_0 (25/05/2019, 22:50:00)
[2019.05.25-18.50.00:362][435]LogPlayLevel: Creating play world package: /Game/CRPG_3_0/maps/UEDPIE_0_Desert_5_0
[2019.05.25-18.50.00:368][435]LogPlayLevel: PIE: StaticDuplicateObject took: (0.005754s)
[2019.05.25-18.50.00:369][435]LogAIModule: Creating AISystem for world Desert_5_0
[2019.05.25-18.50.00:369][435]LogPlayLevel: PIE: World Init took: (0.000722s)
[2019.05.25-18.50.00:369][435]LogPlayLevel: PIE: Created PIE world by copying editor world from /Game/CRPG_3_0/maps/Desert_5_0.Desert_5_0 to /Game/CRPG_3_0/maps/UEDPIE_0_Desert_5_0.Desert_5_0 (0.006635s)
[2019.05.25-18.50.00:405][435]LogUObjectHash: Compacting FUObjectHashTables data took   3.28ms
[2019.05.25-18.50.00:413][435]LogInit: XAudio2 using 'Realtek HD Audio 2nd output (Realtek High Definition Audio)' : 2 channels at 48 kHz using 32 bits per sample (channel mask 0x3)
[2019.05.25-18.50.00:430][435]LogInit: FAudioDevice initialized.
[2019.05.25-18.50.00:461][435]LogLoad: Game class is 'ThirdPersonGameMode_C'
[2019.05.25-18.50.00:463][435]LogWorld: Bringing World /Game/CRPG_3_0/maps/UEDPIE_0_Desert_5_0.Desert_5_0 up for play (max tick rate 0) at 2019.05.25-20.50.00
[2019.05.25-18.50.00:464][435]LogWorld: Bringing up level for play took: 0.002731
[2019.05.25-18.50.00:476][435]LogSpawn: Warning: SpawnActor failed because no class was specified
[2019.05.25-18.50.00:476][435]LogGameMode: Display: Match State Changed from EnteringMap to WaitingToStart
[2019.05.25-18.50.00:476][435]LogGameState: Match State Changed from EnteringMap to WaitingToStart
[2019.05.25-18.50.00:476][435]LogGameMode: Display: Match State Changed from WaitingToStart to InProgress
[2019.05.25-18.50.00:491][435]LogGameState: Match State Changed from WaitingToStart to InProgress
[2019.05.25-18.50.00:491][435]PIE: Play in editor start time for /Game/CRPG_3_0/maps/UEDPIE_0_Desert_5_0 -0,238
[2019.05.25-18.50.00:491][435]LogBlueprintUserMessages: Late PlayInEditor Detection: Level '/Game/CRPG_3_0/maps/Desert_5_0.Desert_5_0:PersistentLevel' has LevelScriptBlueprint '/Game/CRPG_3_0/maps/Desert_5_0.Desert_5_0:PersistentLevel.Desert_5_0' with GeneratedClass '/Game/CRPG_3_0/maps/Desert_5_0.Desert_5_0_C' with ClassGeneratedBy '/Game/CRPG_3_0/maps/Desert_5_0.Desert_5_0:PersistentLevel.Desert_5_0'
[2019.05.25-18.50.00:524][435]LogScript: Warning: Script Msg: Attempted to access index -1 from array 'HotbarSlots' of length 8 in '/Game/InventorySystem/UMG/WBP_HotbarWidget.WBP_HotbarWidget_C'!
[2019.05.25-18.50.02:653][656]LogBlueprintUserMessages: [Joe_C_0] Enemy hit
[2019.05.25-18.50.03:023][691]LogBlueprintUserMessages: [Joe_C_0] Enemy hit
[2019.05.25-18.50.03:053][694]LogBlueprintUserMessages: [SandMole_2] Faleceu
[2019.05.25-18.50.03:054][694]LogBlueprintUserMessages: [Joe_C_0] Enemy hit
[2019.05.25-18.50.09:019][322]LogBlueprintUserMessages: [Joe_C_0] Enemy hit
[2019.05.25-18.50.09:216][343]LogBlueprintUserMessages: [Joe_C_0] Enemy hit
[2019.05.25-18.50.14:539][903]LogBlueprintUserMessages: [Joe_C_0] Enemy hit
[2019.05.25-18.50.16:059][ 55]LogBlueprintUserMessages: [Joe_C_0] Enemy hit
[2019.05.25-18.50.17:284][183]LogBlueprintUserMessages: [SandMole3] Faleceu
[2019.05.25-18.50.17:284][183]LogBlueprintUserMessages: [Joe_C_0] Enemy hit
[2019.05.25-18.50.20:134][479]LogBlueprintUserMessages: [Joe_C_0] Enemy hit
[2019.05.25-18.50.20:707][542]LogBlueprintUserMessages: [Joe_C_0] Enemy hit
[2019.05.25-18.50.22:296][715]LogBlueprintUserMessages: [Joe_C_0] Enemy hit
[2019.05.25-18.50.27:209][245]LogBlueprintUserMessages: [SandMole2] Faleceu
[2019.05.25-18.50.27:209][245]LogBlueprintUserMessages: [Joe_C_0] Enemy hit
[2019.05.25-18.50.47:802][439]LogBlueprintUserMessages: Early EndPlayMap Detection: Level '/Game/CRPG_3_0/maps/Desert_5_0.Desert_5_0:PersistentLevel' has LevelScriptBlueprint '/Game/CRPG_3_0/maps/Desert_5_0.Desert_5_0:PersistentLevel.Desert_5_0' with GeneratedClass '/Game/CRPG_3_0/maps/Desert_5_0.Desert_5_0_C' with ClassGeneratedBy '/Game/CRPG_3_0/maps/Desert_5_0.Desert_5_0:PersistentLevel.Desert_5_0'
[2019.05.25-18.50.47:820][439]LogBlueprintUserMessages: [InventoryManagerComponent] Saved inventory to file!
[2019.05.25-18.50.47:820][439]LogSlate: Updating window title bar state: overlay mode, drag disabled, window buttons hidden, title bar hidden
[2019.05.25-18.50.47:853][439]LogPlayLevel: Display: Shutting down PIE online subsystems
[2019.05.25-18.50.47:854][439]LogBlueprintUserMessages: Late EndPlayMap Detection: Level '/Game/CRPG_3_0/maps/Desert_5_0.Desert_5_0:PersistentLevel' has LevelScriptBlueprint '/Game/CRPG_3_0/maps/Desert_5_0.Desert_5_0:PersistentLevel.Desert_5_0' with GeneratedClass '/Game/CRPG_3_0/maps/Desert_5_0.Desert_5_0_C' with ClassGeneratedBy '/Game/CRPG_3_0/maps/Desert_5_0.Desert_5_0:PersistentLevel.Desert_5_0'
[2019.05.25-18.50.47:893][439]LogSlate: Updating window title bar state: overlay mode, drag disabled, window buttons hidden, title bar hidden
[2019.05.25-18.50.47:900][439]LogUObjectHash: Compacting FUObjectHashTables data took   3.15ms
[2019.05.25-18.50.47:919][440]LogPlayLevel: Display: Destroying online subsystem :Context_7
[2019.05.25-18.51.20:948][422]LogSlate: FSceneViewport::OnFocusLost() reason 0
[2019.05.25-18.51.21:072][431]LogUObjectHash: Compacting FUObjectHashTables data took   0.82ms
[2019.05.25-18.51.21:267][431]LogSavePackage: Moving '../../../../../../Users/Carlos/Documents/GitHub/Hakunamatata/Hakunamatata 4.22/Saved/Desert_5_082D6DCBF467317905C6E8C92BB9FBB30.tmp' to '../../../../../../Users/Carlos/Documents/GitHub/Hakunamatata/Hakunamatata 4.22/Content/CRPG_3_0/maps/Desert_5_0.umap'
[2019.05.25-18.51.21:319][431]LogSavePackage: Moving '../../../../../../Users/Carlos/Documents/GitHub/Hakunamatata/Hakunamatata 4.22/Saved/Desert_5_0_BuiltData4C9A76B346969AA9074957BF038D9C67.tmp' to '../../../../../../Users/Carlos/Documents/GitHub/Hakunamatata/Hakunamatata 4.22/Content/CRPG_3_0/maps/Desert_5_0_BuiltData.uasset'
