Log file open, 05/24/19 17:28:12
LogWindows: Failed to load 'aqProf.dll' (GetLastError=126)
LogWindows: File 'aqProf.dll' does not exist
LogWindows: Failed to load 'VtuneApi.dll' (GetLastError=126)
LogWindows: File 'VtuneApi.dll' does not exist
LogWindows: Failed to load 'VtuneApi32e.dll' (GetLastError=126)
LogWindows: File 'VtuneApi32e.dll' does not exist
LogConsoleResponse: Display: Failed to find resolution value strings in scalability ini. Falling back to default.
LogInit: Display: Running engine for game: CRPG3D
LogPakFile: Registered encryption key '00000000000000000000000000000000': 0 pak files mounted, 0 remain pending
LogPlatformFile: Not using cached read wrapper
LogTaskGraph: Started task graph with 5 named threads and 11 total threads with 3 sets of task threads.
LogStats: Stats thread started at 0.159207
LogD3D11RHI: Loaded GFSDK_Aftermath_Lib.x64.dll
LogWindows: Failed to load '../../../Engine/Binaries/ThirdParty/libsndfile/Win64/libsndfile-1.dll' (GetLastError=126)
LogWindows: File '../../../Engine/Binaries/ThirdParty/libsndfile/Win64/libsndfile-1.dll' does not exist
LogAudioMixer: Display: Failed to load Sound File dll
LogAudioEditor: Display: LibSoundFile failed to load. Importing audio will not work correctly.
LogICUInternationalization: ICU TimeZone Detection - Raw Offset: +1:00, Platform Override: ''
LogPluginManager: Mounting plugin Paper2D
LogPluginManager: Mounting plugin AISupport
LogPluginManager: Mounting plugin LightPropagationVolume
LogPluginManager: Mounting plugin ActorLayerUtilities
LogPluginManager: Mounting plugin AnimationSharing
LogPluginManager: Mounting plugin CLionSourceCodeAccess
LogPluginManager: Mounting plugin CodeLiteSourceCodeAccess
LogPluginManager: Mounting plugin GitSourceControl
LogPluginManager: Mounting plugin KDevelopSourceCodeAccess
LogPluginManager: Mounting plugin NullSourceCodeAccess
LogPluginManager: Mounting plugin PerforceSourceControl
LogPluginManager: Mounting plugin SubversionSourceControl
LogPluginManager: Mounting plugin UObjectPlugin
LogPluginManager: Mounting plugin VisualStudioCodeSourceCodeAccess
LogPluginManager: Mounting plugin VisualStudioSourceCodeAccess
LogPluginManager: Mounting plugin XCodeSourceCodeAccess
LogPluginManager: Mounting plugin AssetManagerEditor
LogPluginManager: Mounting plugin CryptoKeys
LogPluginManager: Mounting plugin DataValidation
LogPluginManager: Mounting plugin FacialAnimation
LogPluginManager: Mounting plugin GameplayTagsEditor
LogPluginManager: Mounting plugin MacGraphicsSwitching
LogPluginManager: Mounting plugin MaterialAnalyzer
LogPluginManager: Mounting plugin MobileLauncherProfileWizard
LogPluginManager: Mounting plugin PluginBrowser
LogPluginManager: Mounting plugin SpeedTreeImporter
LogPluginManager: Mounting plugin DatasmithContent
LogPluginManager: Mounting plugin VariantManagerContent
LogPluginManager: Mounting plugin AlembicImporter
LogPluginManager: Mounting plugin AppleImageUtils
LogPluginManager: Mounting plugin AppleVision
LogPluginManager: Mounting plugin BackChannel
LogPluginManager: Mounting plugin CharacterAI
LogPluginManager: Mounting plugin GeometryCache
LogPluginManager: Mounting plugin HTML5Networking
LogPluginManager: Mounting plugin ProxyLODPlugin
LogPluginManager: Mounting plugin SkeletalReduction
LogPluginManager: Mounting plugin MagicLeap
LogPluginManager: Mounting plugin MagicLeapMedia
LogPluginManager: Mounting plugin AndroidMedia
LogPluginManager: Mounting plugin AvfMedia
LogPluginManager: Mounting plugin ImgMedia
LogPluginManager: Mounting plugin LinearTimecode
LogPluginManager: Mounting plugin MediaCompositing
LogPluginManager: Mounting plugin MediaPlayerEditor
LogPluginManager: Mounting plugin WebMMedia
LogPluginManager: Mounting plugin WmfMedia
LogPluginManager: Mounting plugin TcpMessaging
LogPluginManager: Mounting plugin UdpMessaging
LogPluginManager: Mounting plugin ActorSequence
LogPluginManager: Mounting plugin LevelSequenceEditor
LogPluginManager: Mounting plugin MatineeToLevelSequence
LogPluginManager: Mounting plugin NetcodeUnitTest
LogPluginManager: Mounting plugin NUTUnrealEngine4
LogPluginManager: Mounting plugin OnlineSubsystemGooglePlay
LogPluginManager: Mounting plugin OnlineSubsystemIOS
LogPluginManager: Mounting plugin OnlineSubsystem
LogPluginManager: Mounting plugin OnlineSubsystemNull
LogPluginManager: Mounting plugin OnlineSubsystemUtils
LogPluginManager: Mounting plugin LauncherChunkInstaller
LogPluginManager: Mounting plugin AndroidDeviceProfileSelector
LogPluginManager: Mounting plugin AndroidMoviePlayer
LogPluginManager: Mounting plugin AndroidPermission
LogPluginManager: Mounting plugin AppleMoviePlayer
LogPluginManager: Mounting plugin ArchVisCharacter
LogPluginManager: Mounting plugin AudioCapture
LogPluginManager: Mounting plugin CableComponent
LogPluginManager: Mounting plugin CustomMeshComponent
LogPluginManager: Mounting plugin EditableMesh
LogPluginManager: Mounting plugin ExampleDeviceProfileSelector
LogPluginManager: Mounting plugin Firebase
LogPluginManager: Mounting plugin GoogleCloudMessaging
LogPluginManager: Mounting plugin IOSDeviceProfileSelector
LogPluginManager: Mounting plugin LinuxDeviceProfileSelector
LogPluginManager: Mounting plugin LocationServicesBPLibrary
LogPluginManager: Mounting plugin MobilePatchingUtils
LogPluginManager: Mounting plugin OculusVR
LogPluginManager: Mounting plugin PhysXVehicles
LogPluginManager: Mounting plugin ProceduralMeshComponent
LogPluginManager: Mounting plugin RuntimePhysXCooking
LogPluginManager: Mounting plugin SignificanceManager
LogPluginManager: Mounting plugin SteamVR
LogPluginManager: Mounting plugin WebMMoviePlayer
LogPluginManager: Mounting plugin WindowsMoviePlayer
LogInit: Using libcurl 7.55.1-DEV
LogInit:  - built for x86_64-pc-win32
LogInit:  - supports SSL with OpenSSL/1.1.1
LogInit:  - supports HTTP deflate (compression) using libz 1.2.8
LogInit:  - other features:
LogInit:      CURL_VERSION_SSL
LogInit:      CURL_VERSION_LIBZ
LogInit:      CURL_VERSION_IPV6
LogInit:      CURL_VERSION_ASYNCHDNS
LogInit:      CURL_VERSION_LARGEFILE
LogInit:      CURL_VERSION_IDN
LogInit:  CurlRequestOptions (configurable via config and command line):
LogInit:  - bVerifyPeer = true  - Libcurl will verify peer certificate
LogInit:  - bUseHttpProxy = false  - Libcurl will NOT use HTTP proxy
LogInit:  - bDontReuseConnections = false  - Libcurl will reuse connections
LogInit:  - MaxHostConnections = 16  - Libcurl will limit the number of connections to a host
LogInit:  - LocalHostAddr = Default
LogInit:  - BufferSize = 65536
LogInit: WinSock: version 1.1 (2.2), MaxSocks=32767, MaxUdp=65467
LogInit: Build: ++UE4+Release-4.22-CL-5660361
LogInit: Engine Version: 4.22.0-5660361+++UE4+Release-4.22
LogInit: Compatible Engine Version: 4.22.0-5660361+++UE4+Release-4.22
LogInit: Net CL: 5660361
LogInit: OS: Windows 10 (Release 1803) (), CPU: Intel(R) Core(TM) i3-6100 CPU @ 3.70GHz, GPU: NVIDIA GeForce GTX 1050 Ti
LogInit: Compiled (64-bit): Mar 31 2019 02:05:09
LogInit: Compiled with Visual C++: 19.16.27025.01
LogInit: Build Configuration: Development
LogInit: Branch Name: ++UE4+Release-4.22
LogInit: Command Line: 
LogInit: Base Directory: C:/Program Files/Epic Games/UE_4.22/Engine/Binaries/Win64/
LogInit: Installed Engine Build: 1
LogDevObjectVersion: Number of dev versions registered: 23
LogDevObjectVersion:   Dev-Blueprints (B0D832E4-1F89-4F0D-ACCF-7EB736FD4AA2): 10
LogDevObjectVersion:   Dev-Build (E1C64328-A22C-4D53-A36C-8E866417BD8C): 0
LogDevObjectVersion:   Dev-Core (375EC13C-06E4-48FB-B500-84F0262A717E): 3
LogDevObjectVersion:   Dev-Editor (E4B068ED-F494-42E9-A231-DA0B2E46BB41): 30
LogDevObjectVersion:   Dev-Framework (CFFC743F-43B0-4480-9391-14DF171D2073): 35
LogDevObjectVersion:   Dev-Mobile (B02B49B5-BB20-44E9-A304-32B752E40360): 2
LogDevObjectVersion:   Dev-Networking (A4E4105C-59A1-49B5-A7C5-40C4547EDFEE): 0
LogDevObjectVersion:   Dev-Online (39C831C9-5AE6-47DC-9A44-9C173E1C8E7C): 0
LogDevObjectVersion:   Dev-Physics (78F01B33-EBEA-4F98-B9B4-84EACCB95AA2): 0
LogDevObjectVersion:   Dev-Platform (6631380F-2D4D-43E0-8009-CF276956A95A): 0
LogDevObjectVersion:   Dev-Rendering (12F88B9F-8875-4AFC-A67C-D90C383ABD29): 28
LogDevObjectVersion:   Dev-Sequencer (7B5AE74C-D270-4C10-A958-57980B212A5A): 11
LogDevObjectVersion:   Dev-VR (D7296918-1DD6-4BDD-9DE2-64A83CC13884): 2
LogDevObjectVersion:   Dev-LoadTimes (C2A15278-BFE7-4AFE-6C17-90FF531DF755): 1
LogDevObjectVersion:   Private-Geometry (6EACA3D4-40EC-4CC1-B786-8BED09428FC5): 3
LogDevObjectVersion:   Dev-AnimPhys (29E575DD-E0A3-4627-9D10-D276232CDCEA): 17
LogDevObjectVersion:   Dev-Anim (AF43A65D-7FD3-4947-9873-3E8ED9C1BB05): 2
LogDevObjectVersion:   Dev-ReflectionCapture (6B266CEC-1EC7-4B8F-A30B-E4D90942FC07): 1
LogDevObjectVersion:   Dev-Automation (0DF73D61-A23F-47EA-B727-89E90C41499A): 1
LogDevObjectVersion:   FortniteMain (601D1886-AC64-4F84-AA16-D3DE0DEAC7D6): 25
LogDevObjectVersion:   Dev-Enterprise (9DFFBCD6-494F-0158-E221-12823C92A888): 6
LogDevObjectVersion:   Dev-Niagara (F2AED0AC-9AFE-416F-8664-AA7FFA26D6FC): 1
LogDevObjectVersion:   Dev-Destruction (174F1F0B-B4C6-45A5-B13F-2EE8D0FB917D): 2
LogInit: Presizing for max 16777216 objects, including 0 objects not considered by GC, pre-allocating 0 bytes for permanent pool.
LogInit: Object subsystem initialized
LogConfig: Setting CVar [[con.DebugEarlyDefault:1]]
LogConfig: Setting CVar [[r.setres:1280x720]]
[2019.05.24-15.28.12:749][  0]LogConfig: Setting CVar [[r.VSync:0]]
[2019.05.24-15.28.12:749][  0]LogConfig: Setting CVar [[r.RHICmdBypass:0]]
[2019.05.24-15.28.12:749][  0]LogConfig: Applying CVar settings from Section [/Script/Engine.RendererSettings] File [C:/Users/Carlos/Documents/GitHub/Hakunamatata/Hakunamatata 4.22/Saved/Config/Windows/Engine.ini]
[2019.05.24-15.28.12:749][  0]LogConfig: Setting CVar [[r.GPUCrashDebugging:0]]
[2019.05.24-15.28.12:749][  0]LogConfig: Setting CVar [[r.DefaultFeature.MotionBlur:0]]
[2019.05.24-15.28.12:749][  0]LogConfig: Applying CVar settings from Section [/Script/Engine.RendererOverrideSettings] File [C:/Users/Carlos/Documents/GitHub/Hakunamatata/Hakunamatata 4.22/Saved/Config/Windows/Engine.ini]
[2019.05.24-15.28.12:749][  0]LogConfig: Applying CVar settings from Section [/Script/Engine.StreamingSettings] File [C:/Users/Carlos/Documents/GitHub/Hakunamatata/Hakunamatata 4.22/Saved/Config/Windows/Engine.ini]
[2019.05.24-15.28.12:749][  0]LogConfig: Setting CVar [[s.MinBulkDataSizeForAsyncLoading:131072]]
[2019.05.24-15.28.12:749][  0]LogConfig: Setting CVar [[s.AsyncLoadingThreadEnabled:0]]
[2019.05.24-15.28.12:749][  0]LogConfig: Setting CVar [[s.EventDrivenLoaderEnabled:1]]
[2019.05.24-15.28.12:749][  0]LogConfig: Setting CVar [[s.WarnIfTimeLimitExceeded:0]]
[2019.05.24-15.28.12:749][  0]LogConfig: Setting CVar [[s.TimeLimitExceededMultiplier:1.5]]
[2019.05.24-15.28.12:749][  0]LogConfig: Setting CVar [[s.TimeLimitExceededMinTime:0.005]]
[2019.05.24-15.28.12:749][  0]LogConfig: Setting CVar [[s.UseBackgroundLevelStreaming:1]]
[2019.05.24-15.28.12:749][  0]LogConfig: Setting CVar [[s.PriorityAsyncLoadingExtraTime:15.0]]
[2019.05.24-15.28.12:749][  0]LogConfig: Setting CVar [[s.LevelStreamingActorsUpdateTimeLimit:5.0]]
[2019.05.24-15.28.12:749][  0]LogConfig: Setting CVar [[s.PriorityLevelStreamingActorsUpdateExtraTime:5.0]]
[2019.05.24-15.28.12:749][  0]LogConfig: Setting CVar [[s.LevelStreamingComponentsRegistrationGranularity:10]]
[2019.05.24-15.28.12:749][  0]LogConfig: Setting CVar [[s.UnregisterComponentsTimeLimit:1.0]]
[2019.05.24-15.28.12:749][  0]LogConfig: Setting CVar [[s.LevelStreamingComponentsUnregistrationGranularity:5]]
[2019.05.24-15.28.12:749][  0]LogConfig: Applying CVar settings from Section [/Script/Engine.GarbageCollectionSettings] File [C:/Users/Carlos/Documents/GitHub/Hakunamatata/Hakunamatata 4.22/Saved/Config/Windows/Engine.ini]
[2019.05.24-15.28.12:749][  0]LogConfig: Setting CVar [[gc.MaxObjectsNotConsideredByGC:1]]
[2019.05.24-15.28.12:749][  0]LogConfig: Setting CVar [[gc.SizeOfPermanentObjectPool:0]]
[2019.05.24-15.28.12:749][  0]LogConfig: Setting CVar [[gc.FlushStreamingOnGC:0]]
[2019.05.24-15.28.12:750][  0]LogConfig: Setting CVar [[gc.NumRetriesBeforeForcingGC:10]]
[2019.05.24-15.28.12:750][  0]LogConfig: Setting CVar [[gc.AllowParallelGC:1]]
[2019.05.24-15.28.12:750][  0]LogConfig: Setting CVar [[gc.TimeBetweenPurgingPendingKillObjects:61.1]]
[2019.05.24-15.28.12:750][  0]LogConfig: Setting CVar [[gc.MaxObjectsInEditor:16777216]]
[2019.05.24-15.28.12:750][  0]LogConfig: Setting CVar [[gc.IncrementalBeginDestroyEnabled:1]]
[2019.05.24-15.28.12:750][  0]LogConfig: Setting CVar [[gc.CreateGCClusters:1]]
[2019.05.24-15.28.12:750][  0]LogConfig: Setting CVar [[gc.MinGCClusterSize:5]]
[2019.05.24-15.28.12:750][  0]LogConfig: Setting CVar [[gc.ActorClusteringEnabled:0]]
[2019.05.24-15.28.12:750][  0]LogConfig: Setting CVar [[gc.BlueprintClusteringEnabled:0]]
[2019.05.24-15.28.12:750][  0]LogConfig: Setting CVar [[gc.UseDisregardForGCOnDedicatedServers:0]]
[2019.05.24-15.28.12:750][  0]LogConfig: Applying CVar settings from Section [/Script/Engine.NetworkSettings] File [C:/Users/Carlos/Documents/GitHub/Hakunamatata/Hakunamatata 4.22/Saved/Config/Windows/Engine.ini]
[2019.05.24-15.28.12:750][  0]LogConfig: Applying CVar settings from Section [/Script/UnrealEd.CookerSettings] File [C:/Users/Carlos/Documents/GitHub/Hakunamatata/Hakunamatata 4.22/Saved/Config/Windows/Engine.ini]
[2019.05.24-15.28.12:753][  0]LogConfig: Applying CVar settings from Section [ViewDistanceQuality@3] File [C:/Users/Carlos/Documents/GitHub/Hakunamatata/Hakunamatata 4.22/Saved/Config/Windows/Scalability.ini]
[2019.05.24-15.28.12:753][  0]LogConfig: Setting CVar [[r.SkeletalMeshLODBias:0]]
[2019.05.24-15.28.12:753][  0]LogConfig: Setting CVar [[r.ViewDistanceScale:1.0]]
[2019.05.24-15.28.12:753][  0]LogConfig: Applying CVar settings from Section [AntiAliasingQuality@3] File [C:/Users/Carlos/Documents/GitHub/Hakunamatata/Hakunamatata 4.22/Saved/Config/Windows/Scalability.ini]
[2019.05.24-15.28.12:753][  0]LogConfig: Setting CVar [[r.PostProcessAAQuality:4]]
[2019.05.24-15.28.12:753][  0]LogConfig: Applying CVar settings from Section [ShadowQuality@3] File [C:/Users/Carlos/Documents/GitHub/Hakunamatata/Hakunamatata 4.22/Saved/Config/Windows/Scalability.ini]
[2019.05.24-15.28.12:753][  0]LogConfig: Setting CVar [[r.LightFunctionQuality:1]]
[2019.05.24-15.28.12:753][  0]LogConfig: Setting CVar [[r.ShadowQuality:5]]
[2019.05.24-15.28.12:753][  0]LogConfig: Setting CVar [[r.Shadow.CSM.MaxCascades:10]]
[2019.05.24-15.28.12:753][  0]LogConfig: Setting CVar [[r.Shadow.MaxResolution:2048]]
[2019.05.24-15.28.12:753][  0]LogConfig: Setting CVar [[r.Shadow.MaxCSMResolution:2048]]
[2019.05.24-15.28.12:753][  0]LogConfig: Setting CVar [[r.Shadow.RadiusThreshold:0.01]]
[2019.05.24-15.28.12:753][  0]LogConfig: Setting CVar [[r.Shadow.DistanceScale:1.0]]
[2019.05.24-15.28.12:753][  0]LogConfig: Setting CVar [[r.Shadow.CSM.TransitionScale:1.0]]
[2019.05.24-15.28.12:753][  0]LogConfig: Setting CVar [[r.Shadow.PreShadowResolutionFactor:1.0]]
[2019.05.24-15.28.12:753][  0]LogConfig: Setting CVar [[r.DistanceFieldShadowing:1]]
[2019.05.24-15.28.12:753][  0]LogConfig: Setting CVar [[r.DistanceFieldAO:1]]
[2019.05.24-15.28.12:753][  0]LogConfig: Setting CVar [[r.AOQuality:2]]
[2019.05.24-15.28.12:753][  0]LogConfig: Setting CVar [[r.VolumetricFog:1]]
[2019.05.24-15.28.12:753][  0]LogConfig: Setting CVar [[r.VolumetricFog.GridPixelSize:8]]
[2019.05.24-15.28.12:753][  0]LogConfig: Setting CVar [[r.VolumetricFog.GridSizeZ:128]]
[2019.05.24-15.28.12:753][  0]LogConfig: Setting CVar [[r.VolumetricFog.HistoryMissSupersampleCount:4]]
[2019.05.24-15.28.12:753][  0]LogConfig: Setting CVar [[r.LightMaxDrawDistanceScale:1]]
[2019.05.24-15.28.12:753][  0]LogConfig: Setting CVar [[r.CapsuleShadows:1]]
[2019.05.24-15.28.12:753][  0]LogConfig: Applying CVar settings from Section [PostProcessQuality@3] File [C:/Users/Carlos/Documents/GitHub/Hakunamatata/Hakunamatata 4.22/Saved/Config/Windows/Scalability.ini]
[2019.05.24-15.28.12:754][  0]LogConfig: Setting CVar [[r.MotionBlurQuality:4]]
[2019.05.24-15.28.12:754][  0]LogConfig: Setting CVar [[r.AmbientOcclusionMipLevelFactor:0.4]]
[2019.05.24-15.28.12:754][  0]LogConfig: Setting CVar [[r.AmbientOcclusionMaxQuality:100]]
[2019.05.24-15.28.12:754][  0]LogConfig: Setting CVar [[r.AmbientOcclusionLevels:-1]]
[2019.05.24-15.28.12:754][  0]LogConfig: Setting CVar [[r.AmbientOcclusionRadiusScale:1.0]]
[2019.05.24-15.28.12:754][  0]LogConfig: Setting CVar [[r.DepthOfFieldQuality:2]]
[2019.05.24-15.28.12:754][  0]LogConfig: Setting CVar [[r.RenderTargetPoolMin:400]]
[2019.05.24-15.28.12:754][  0]LogConfig: Setting CVar [[r.LensFlareQuality:2]]
[2019.05.24-15.28.12:754][  0]LogConfig: Setting CVar [[r.SceneColorFringeQuality:1]]
[2019.05.24-15.28.12:754][  0]LogConfig: Setting CVar [[r.EyeAdaptationQuality:2]]
[2019.05.24-15.28.12:754][  0]LogConfig: Setting CVar [[r.BloomQuality:5]]
[2019.05.24-15.28.12:754][  0]LogConfig: Setting CVar [[r.FastBlurThreshold:100]]
[2019.05.24-15.28.12:754][  0]LogConfig: Setting CVar [[r.Upscale.Quality:3]]
[2019.05.24-15.28.12:754][  0]LogConfig: Setting CVar [[r.Tonemapper.GrainQuantization:1]]
[2019.05.24-15.28.12:754][  0]LogConfig: Setting CVar [[r.LightShaftQuality:1]]
[2019.05.24-15.28.12:754][  0]LogConfig: Setting CVar [[r.Filter.SizeScale:1]]
[2019.05.24-15.28.12:754][  0]LogConfig: Setting CVar [[r.Tonemapper.Quality:5]]
[2019.05.24-15.28.12:754][  0]LogConfig: Setting CVar [[r.DOF.Gather.AccumulatorQuality:1        ; higher gathering accumulator quality]]
[2019.05.24-15.28.12:754][  0]LogConfig: Setting CVar [[r.DOF.Gather.PostfilterMethod:1          ; Median3x3 postfilering method]]
[2019.05.24-15.28.12:754][  0]LogConfig: Setting CVar [[r.DOF.Gather.EnableBokehSettings:0       ; no bokeh simulation when gathering]]
[2019.05.24-15.28.12:754][  0]LogConfig: Setting CVar [[r.DOF.Gather.RingCount:4                 ; medium number of samples when gathering]]
[2019.05.24-15.28.12:754][  0]LogConfig: Setting CVar [[r.DOF.Scatter.ForegroundCompositing:1    ; additive foreground scattering]]
[2019.05.24-15.28.12:754][  0]LogConfig: Setting CVar [[r.DOF.Scatter.BackgroundCompositing:2    ; additive background scattering]]
[2019.05.24-15.28.12:754][  0]LogConfig: Setting CVar [[r.DOF.Scatter.EnableBokehSettings:1      ; bokeh simulation when scattering]]
[2019.05.24-15.28.12:754][  0]LogConfig: Setting CVar [[r.DOF.Scatter.MaxSpriteRatio:0.1         ; only a maximum of 10% of scattered bokeh]]
[2019.05.24-15.28.12:754][  0]LogConfig: Setting CVar [[r.DOF.Recombine.Quality:1                ; cheap slight out of focus]]
[2019.05.24-15.28.12:754][  0]LogConfig: Setting CVar [[r.DOF.Recombine.EnableBokehSettings:0    ; no bokeh simulation on slight out of focus]]
[2019.05.24-15.28.12:754][  0]LogConfig: Setting CVar [[r.DOF.TemporalAAQuality:1                ; more stable temporal accumulation]]
[2019.05.24-15.28.12:754][  0]LogConfig: Setting CVar [[r.DOF.Kernel.MaxForegroundRadius:0.025]]
[2019.05.24-15.28.12:754][  0]LogConfig: Setting CVar [[r.DOF.Kernel.MaxBackgroundRadius:0.025]]
[2019.05.24-15.28.12:754][  0]LogConfig: Applying CVar settings from Section [TextureQuality@3] File [C:/Users/Carlos/Documents/GitHub/Hakunamatata/Hakunamatata 4.22/Saved/Config/Windows/Scalability.ini]
[2019.05.24-15.28.12:754][  0]LogConfig: Setting CVar [[r.Streaming.MipBias:0]]
[2019.05.24-15.28.12:754][  0]LogConfig: Setting CVar [[r.Streaming.AmortizeCPUToGPUCopy:0]]
[2019.05.24-15.28.12:754][  0]LogConfig: Setting CVar [[r.Streaming.MaxNumTexturesToStreamPerFrame:0]]
[2019.05.24-15.28.12:754][  0]LogConfig: Setting CVar [[r.Streaming.Boost:1]]
[2019.05.24-15.28.12:754][  0]LogConfig: Setting CVar [[r.MaxAnisotropy:8]]
[2019.05.24-15.28.12:754][  0]LogConfig: Setting CVar [[r.Streaming.LimitPoolSizeToVRAM:0]]
[2019.05.24-15.28.12:754][  0]LogConfig: Setting CVar [[r.Streaming.PoolSize:1000]]
[2019.05.24-15.28.12:754][  0]LogConfig: Setting CVar [[r.Streaming.MaxEffectiveScreenSize:0]]
[2019.05.24-15.28.12:755][  0]LogConfig: Applying CVar settings from Section [EffectsQuality@3] File [C:/Users/Carlos/Documents/GitHub/Hakunamatata/Hakunamatata 4.22/Saved/Config/Windows/Scalability.ini]
[2019.05.24-15.28.12:755][  0]LogConfig: Setting CVar [[r.TranslucencyLightingVolumeDim:64]]
[2019.05.24-15.28.12:755][  0]LogConfig: Setting CVar [[r.RefractionQuality:2]]
[2019.05.24-15.28.12:755][  0]LogConfig: Setting CVar [[r.SSR.Quality:3]]
[2019.05.24-15.28.12:755][  0]LogConfig: Setting CVar [[r.SceneColorFormat:4]]
[2019.05.24-15.28.12:755][  0]LogConfig: Setting CVar [[r.DetailMode:2]]
[2019.05.24-15.28.12:755][  0]LogConfig: Setting CVar [[r.TranslucencyVolumeBlur:1]]
[2019.05.24-15.28.12:755][  0]LogConfig: Setting CVar [[r.MaterialQualityLevel:1 ; High quality]]
[2019.05.24-15.28.12:755][  0]LogConfig: Setting CVar [[r.SSS.Scale:1]]
[2019.05.24-15.28.12:755][  0]LogConfig: Setting CVar [[r.SSS.SampleSet:2]]
[2019.05.24-15.28.12:755][  0]LogConfig: Setting CVar [[r.SSS.Quality:1]]
[2019.05.24-15.28.12:755][  0]LogConfig: Setting CVar [[r.SSS.HalfRes:1]]
[2019.05.24-15.28.12:755][  0]LogConfig: Setting CVar [[r.EmitterSpawnRateScale:1.0]]
[2019.05.24-15.28.12:755][  0]LogConfig: Setting CVar [[r.ParticleLightQuality:2]]
[2019.05.24-15.28.12:755][  0]LogConfig: Applying CVar settings from Section [FoliageQuality@3] File [C:/Users/Carlos/Documents/GitHub/Hakunamatata/Hakunamatata 4.22/Saved/Config/Windows/Scalability.ini]
[2019.05.24-15.28.12:755][  0]LogConfig: Setting CVar [[foliage.DensityScale:1.0]]
[2019.05.24-15.28.12:755][  0]LogConfig: Setting CVar [[grass.DensityScale:1.0]]
[2019.05.24-15.28.12:755][  0]LogInit: Selected Device Profile: [Windows]
[2019.05.24-15.28.12:755][  0]LogInit: Applying CVar settings loaded from the selected device profile: [Windows]
[2019.05.24-15.28.12:763][  0]LogHAL: Display: Platform has ~ 8 GB [8546533376 / 8589934592 / 8], which maps to Default [LargestMinGB=32, LargerMinGB=12, DefaultMinGB=8, SmallerMinGB=6, SmallestMinGB=0)
[2019.05.24-15.28.12:763][  0]LogConfig: Setting CVar [[r.Vulkan.UseRealUBs:0		; Required until we fix HLR fall-out]]
[2019.05.24-15.28.12:763][  0]LogInit: Going up to parent DeviceProfile []
[2019.05.24-15.28.12:763][  0]LogConfig: Applying CVar settings from Section [ViewDistanceQuality@3] File [C:/Users/Carlos/Documents/GitHub/Hakunamatata/Hakunamatata 4.22/Saved/Config/Windows/Scalability.ini]
[2019.05.24-15.28.12:763][  0]LogConfig: Setting CVar [[r.SkeletalMeshLODBias:0]]
[2019.05.24-15.28.12:764][  0]LogConfig: Setting CVar [[r.ViewDistanceScale:1.0]]
[2019.05.24-15.28.12:764][  0]LogConfig: Applying CVar settings from Section [AntiAliasingQuality@3] File [C:/Users/Carlos/Documents/GitHub/Hakunamatata/Hakunamatata 4.22/Saved/Config/Windows/Scalability.ini]
[2019.05.24-15.28.12:764][  0]LogConfig: Setting CVar [[r.PostProcessAAQuality:4]]
[2019.05.24-15.28.12:764][  0]LogConfig: Applying CVar settings from Section [ShadowQuality@3] File [C:/Users/Carlos/Documents/GitHub/Hakunamatata/Hakunamatata 4.22/Saved/Config/Windows/Scalability.ini]
[2019.05.24-15.28.12:764][  0]LogConfig: Setting CVar [[r.LightFunctionQuality:1]]
[2019.05.24-15.28.12:764][  0]LogConfig: Setting CVar [[r.ShadowQuality:5]]
[2019.05.24-15.28.12:764][  0]LogConfig: Setting CVar [[r.Shadow.CSM.MaxCascades:10]]
[2019.05.24-15.28.12:764][  0]LogConfig: Setting CVar [[r.Shadow.MaxResolution:2048]]
[2019.05.24-15.28.12:764][  0]LogConfig: Setting CVar [[r.Shadow.MaxCSMResolution:2048]]
[2019.05.24-15.28.12:764][  0]LogConfig: Setting CVar [[r.Shadow.RadiusThreshold:0.01]]
[2019.05.24-15.28.12:764][  0]LogConfig: Setting CVar [[r.Shadow.DistanceScale:1.0]]
[2019.05.24-15.28.12:764][  0]LogConfig: Setting CVar [[r.Shadow.CSM.TransitionScale:1.0]]
[2019.05.24-15.28.12:764][  0]LogConfig: Setting CVar [[r.Shadow.PreShadowResolutionFactor:1.0]]
[2019.05.24-15.28.12:764][  0]LogConfig: Setting CVar [[r.DistanceFieldShadowing:1]]
[2019.05.24-15.28.12:764][  0]LogConfig: Setting CVar [[r.DistanceFieldAO:1]]
[2019.05.24-15.28.12:764][  0]LogConfig: Setting CVar [[r.AOQuality:2]]
[2019.05.24-15.28.12:764][  0]LogConfig: Setting CVar [[r.VolumetricFog:1]]
[2019.05.24-15.28.12:764][  0]LogConfig: Setting CVar [[r.VolumetricFog.GridPixelSize:8]]
[2019.05.24-15.28.12:764][  0]LogConfig: Setting CVar [[r.VolumetricFog.GridSizeZ:128]]
[2019.05.24-15.28.12:764][  0]LogConfig: Setting CVar [[r.VolumetricFog.HistoryMissSupersampleCount:4]]
[2019.05.24-15.28.12:764][  0]LogConfig: Setting CVar [[r.LightMaxDrawDistanceScale:1]]
[2019.05.24-15.28.12:764][  0]LogConfig: Setting CVar [[r.CapsuleShadows:1]]
[2019.05.24-15.28.12:764][  0]LogConfig: Applying CVar settings from Section [PostProcessQuality@3] File [C:/Users/Carlos/Documents/GitHub/Hakunamatata/Hakunamatata 4.22/Saved/Config/Windows/Scalability.ini]
[2019.05.24-15.28.12:764][  0]LogConfig: Setting CVar [[r.MotionBlurQuality:4]]
[2019.05.24-15.28.12:764][  0]LogConfig: Setting CVar [[r.AmbientOcclusionMipLevelFactor:0.4]]
[2019.05.24-15.28.12:764][  0]LogConfig: Setting CVar [[r.AmbientOcclusionMaxQuality:100]]
[2019.05.24-15.28.12:764][  0]LogConfig: Setting CVar [[r.AmbientOcclusionLevels:-1]]
[2019.05.24-15.28.12:764][  0]LogConfig: Setting CVar [[r.AmbientOcclusionRadiusScale:1.0]]
[2019.05.24-15.28.12:764][  0]LogConfig: Setting CVar [[r.DepthOfFieldQuality:2]]
[2019.05.24-15.28.12:764][  0]LogConfig: Setting CVar [[r.RenderTargetPoolMin:400]]
[2019.05.24-15.28.12:764][  0]LogConfig: Setting CVar [[r.LensFlareQuality:2]]
[2019.05.24-15.28.12:764][  0]LogConfig: Setting CVar [[r.SceneColorFringeQuality:1]]
[2019.05.24-15.28.12:764][  0]LogConfig: Setting CVar [[r.EyeAdaptationQuality:2]]
[2019.05.24-15.28.12:764][  0]LogConfig: Setting CVar [[r.BloomQuality:5]]
[2019.05.24-15.28.12:764][  0]LogConfig: Setting CVar [[r.FastBlurThreshold:100]]
[2019.05.24-15.28.12:764][  0]LogConfig: Setting CVar [[r.Upscale.Quality:3]]
[2019.05.24-15.28.12:764][  0]LogConfig: Setting CVar [[r.Tonemapper.GrainQuantization:1]]
[2019.05.24-15.28.12:764][  0]LogConfig: Setting CVar [[r.LightShaftQuality:1]]
[2019.05.24-15.28.12:764][  0]LogConfig: Setting CVar [[r.Filter.SizeScale:1]]
[2019.05.24-15.28.12:764][  0]LogConfig: Setting CVar [[r.Tonemapper.Quality:5]]
[2019.05.24-15.28.12:764][  0]LogConfig: Setting CVar [[r.DOF.Gather.AccumulatorQuality:1        ; higher gathering accumulator quality]]
[2019.05.24-15.28.12:764][  0]LogConfig: Setting CVar [[r.DOF.Gather.PostfilterMethod:1          ; Median3x3 postfilering method]]
[2019.05.24-15.28.12:764][  0]LogConfig: Setting CVar [[r.DOF.Gather.EnableBokehSettings:0       ; no bokeh simulation when gathering]]
[2019.05.24-15.28.12:764][  0]LogConfig: Setting CVar [[r.DOF.Gather.RingCount:4                 ; medium number of samples when gathering]]
[2019.05.24-15.28.12:764][  0]LogConfig: Setting CVar [[r.DOF.Scatter.ForegroundCompositing:1    ; additive foreground scattering]]
[2019.05.24-15.28.12:764][  0]LogConfig: Setting CVar [[r.DOF.Scatter.BackgroundCompositing:2    ; additive background scattering]]
[2019.05.24-15.28.12:765][  0]LogConfig: Setting CVar [[r.DOF.Scatter.EnableBokehSettings:1      ; bokeh simulation when scattering]]
[2019.05.24-15.28.12:765][  0]LogConfig: Setting CVar [[r.DOF.Scatter.MaxSpriteRatio:0.1         ; only a maximum of 10% of scattered bokeh]]
[2019.05.24-15.28.12:765][  0]LogConfig: Setting CVar [[r.DOF.Recombine.Quality:1                ; cheap slight out of focus]]
[2019.05.24-15.28.12:765][  0]LogConfig: Setting CVar [[r.DOF.Recombine.EnableBokehSettings:0    ; no bokeh simulation on slight out of focus]]
[2019.05.24-15.28.12:765][  0]LogConfig: Setting CVar [[r.DOF.TemporalAAQuality:1                ; more stable temporal accumulation]]
[2019.05.24-15.28.12:765][  0]LogConfig: Setting CVar [[r.DOF.Kernel.MaxForegroundRadius:0.025]]
[2019.05.24-15.28.12:765][  0]LogConfig: Setting CVar [[r.DOF.Kernel.MaxBackgroundRadius:0.025]]
[2019.05.24-15.28.12:765][  0]LogConfig: Applying CVar settings from Section [TextureQuality@3] File [C:/Users/Carlos/Documents/GitHub/Hakunamatata/Hakunamatata 4.22/Saved/Config/Windows/Scalability.ini]
[2019.05.24-15.28.12:765][  0]LogConfig: Setting CVar [[r.Streaming.MipBias:0]]
[2019.05.24-15.28.12:765][  0]LogConfig: Setting CVar [[r.Streaming.AmortizeCPUToGPUCopy:0]]
[2019.05.24-15.28.12:765][  0]LogConfig: Setting CVar [[r.Streaming.MaxNumTexturesToStreamPerFrame:0]]
[2019.05.24-15.28.12:765][  0]LogConfig: Setting CVar [[r.Streaming.Boost:1]]
[2019.05.24-15.28.12:765][  0]LogConfig: Setting CVar [[r.MaxAnisotropy:8]]
[2019.05.24-15.28.12:765][  0]LogConfig: Setting CVar [[r.Streaming.LimitPoolSizeToVRAM:0]]
[2019.05.24-15.28.12:765][  0]LogConfig: Setting CVar [[r.Streaming.PoolSize:1000]]
[2019.05.24-15.28.12:765][  0]LogConfig: Setting CVar [[r.Streaming.MaxEffectiveScreenSize:0]]
[2019.05.24-15.28.12:765][  0]LogConfig: Applying CVar settings from Section [EffectsQuality@3] File [C:/Users/Carlos/Documents/GitHub/Hakunamatata/Hakunamatata 4.22/Saved/Config/Windows/Scalability.ini]
[2019.05.24-15.28.12:765][  0]LogConfig: Setting CVar [[r.TranslucencyLightingVolumeDim:64]]
[2019.05.24-15.28.12:765][  0]LogConfig: Setting CVar [[r.RefractionQuality:2]]
[2019.05.24-15.28.12:765][  0]LogConfig: Setting CVar [[r.SSR.Quality:3]]
[2019.05.24-15.28.12:765][  0]LogConfig: Setting CVar [[r.SceneColorFormat:4]]
[2019.05.24-15.28.12:765][  0]LogConfig: Setting CVar [[r.DetailMode:2]]
[2019.05.24-15.28.12:765][  0]LogConfig: Setting CVar [[r.TranslucencyVolumeBlur:1]]
[2019.05.24-15.28.12:765][  0]LogConfig: Setting CVar [[r.MaterialQualityLevel:1 ; High quality]]
[2019.05.24-15.28.12:765][  0]LogConfig: Setting CVar [[r.SSS.Scale:1]]
[2019.05.24-15.28.12:765][  0]LogConfig: Setting CVar [[r.SSS.SampleSet:2]]
[2019.05.24-15.28.12:765][  0]LogConfig: Setting CVar [[r.SSS.Quality:1]]
[2019.05.24-15.28.12:765][  0]LogConfig: Setting CVar [[r.SSS.HalfRes:1]]
[2019.05.24-15.28.12:765][  0]LogConfig: Setting CVar [[r.EmitterSpawnRateScale:1.0]]
[2019.05.24-15.28.12:765][  0]LogConfig: Setting CVar [[r.ParticleLightQuality:2]]
[2019.05.24-15.28.12:765][  0]LogConfig: Applying CVar settings from Section [FoliageQuality@3] File [C:/Users/Carlos/Documents/GitHub/Hakunamatata/Hakunamatata 4.22/Saved/Config/Windows/Scalability.ini]
[2019.05.24-15.28.12:765][  0]LogConfig: Setting CVar [[foliage.DensityScale:1.0]]
[2019.05.24-15.28.12:765][  0]LogConfig: Setting CVar [[grass.DensityScale:1.0]]
[2019.05.24-15.28.12:765][  0]LogConfig: Applying CVar settings from Section [Startup] File [../../../Engine/Config/ConsoleVariables.ini]
[2019.05.24-15.28.12:766][  0]LogConfig: Setting CVar [[net.UseAdaptiveNetUpdateFrequency:0]]
[2019.05.24-15.28.12:766][  0]LogConfig: Setting CVar [[p.chaos.AllowCreatePhysxBodies:1]]
[2019.05.24-15.28.12:766][  0]LogConfig: Applying CVar settings from Section [ConsoleVariables] File [C:/Users/Carlos/Documents/GitHub/Hakunamatata/Hakunamatata 4.22/Saved/Config/Windows/Engine.ini]
[2019.05.24-15.28.12:766][  0]LogInit: Computer: DESKTOP-M87T7OS
[2019.05.24-15.28.12:766][  0]LogInit: User: Carlos
[2019.05.24-15.28.12:766][  0]LogInit: CPU Page size=4096, Cores=2
[2019.05.24-15.28.12:766][  0]LogInit: High frequency timer resolution =3.609380 MHz
[2019.05.24-15.28.12:766][  0]LogMemory: Memory total: Physical=8.0GB (8GB approx)
[2019.05.24-15.28.12:766][  0]LogMemory: Platform Memory Stats for Windows
[2019.05.24-15.28.12:766][  0]LogMemory: Process Physical Memory: 95.84 MB used, 95.84 MB peak
[2019.05.24-15.28.12:766][  0]LogMemory: Process Virtual Memory: 83.64 MB used, 83.64 MB peak
[2019.05.24-15.28.12:766][  0]LogMemory: Physical Memory: 4088.87 MB used,  4061.74 MB free, 8150.61 MB total
[2019.05.24-15.28.12:766][  0]LogMemory: Virtual Memory: 4616.94 MB used,  134213112.00 MB free, 134217728.00 MB total
[2019.05.24-15.28.12:794][  0]LogInit: Using OS detected language (pt-PT).
[2019.05.24-15.28.12:794][  0]LogInit: Using OS detected locale (pt-PT).
[2019.05.24-15.28.12:796][  0]LogTextLocalizationManager: No localization for 'pt-PT' exists, so 'en' will be used for the language.
[2019.05.24-15.28.12:980][  0]LogInit: Setting process to per monitor DPI aware
[2019.05.24-15.28.13:020][  0]LogSlate: New Slate User Created.  User Index 0, Is Virtual User: 0
[2019.05.24-15.28.13:020][  0]LogSlate: Slate User Registered.  User Index 0, Is Virtual User: 0
[2019.05.24-15.28.13:248][  0]LogHMD: Failed to initialize OpenVR with code 110
[2019.05.24-15.28.13:248][  0]LogD3D11RHI: D3D11 adapters:
[2019.05.24-15.28.13:308][  0]LogD3D11RHI:    0. 'NVIDIA GeForce GTX 1050 Ti' (Feature Level 11_0)
[2019.05.24-15.28.13:308][  0]LogD3D11RHI:       4018/0/4075 MB DedicatedVideo/DedicatedSystem/SharedSystem, Outputs:1, VendorId:0x10de
[2019.05.24-15.28.13:311][  0]LogD3D11RHI:    1. 'Microsoft Basic Render Driver' (Feature Level 11_0)
[2019.05.24-15.28.13:311][  0]LogD3D11RHI:       0/0/4075 MB DedicatedVideo/DedicatedSystem/SharedSystem, Outputs:0, VendorId:0x1414
[2019.05.24-15.28.13:311][  0]LogD3D11RHI: Chosen D3D11 Adapter: 0
[2019.05.24-15.28.13:317][  0]LogD3D11RHI: Creating new Direct3DDevice
[2019.05.24-15.28.13:317][  0]LogD3D11RHI:     GPU DeviceId: 0x1c82 (for the marketing name, search the web for "GPU Device Id")
[2019.05.24-15.28.13:317][  0]LogWindows: EnumDisplayDevices:
[2019.05.24-15.28.13:317][  0]LogWindows:    0. 'NVIDIA GeForce GTX 1050 Ti' (P:1 D:1)
[2019.05.24-15.28.13:317][  0]LogWindows:    1. 'NVIDIA GeForce GTX 1050 Ti' (P:0 D:0)
[2019.05.24-15.28.13:318][  0]LogWindows:    2. 'NVIDIA GeForce GTX 1050 Ti' (P:0 D:0)
[2019.05.24-15.28.13:318][  0]LogWindows:    3. 'NVIDIA GeForce GTX 1050 Ti' (P:0 D:0)
[2019.05.24-15.28.13:318][  0]LogWindows: DebugString: FoundDriverCount:4 
[2019.05.24-15.28.13:318][  0]LogD3D11RHI:     Adapter Name: NVIDIA GeForce GTX 1050 Ti
[2019.05.24-15.28.13:318][  0]LogD3D11RHI:   Driver Version: 425.31 (internal:25.21.14.2531, unified:425.31)
[2019.05.24-15.28.13:318][  0]LogD3D11RHI:      Driver Date: 4-9-2019
[2019.05.24-15.28.13:318][  0]LogRHI: Texture pool is 2812 MB (70% of 4018 MB)
[2019.05.24-15.28.13:358][  0]LogD3D11RHI: Async texture creation enabled
[2019.05.24-15.28.13:372][  0]LogRendererCore: FGlobalReadBuffer::InitRHI
[2019.05.24-15.28.13:372][  0]LogRendererCore: FGlobalReadBuffer::InitRHI
[2019.05.24-15.28.13:372][  0]LogRendererCore: FGlobalReadBuffer::InitRHI
[2019.05.24-15.28.13:381][  0]LogD3D11RHI: GPU Timing Frequency: 1000.000000 (Debug: 2 1)
[2019.05.24-15.28.13:786][  0]LogTemp: Display: Module 'AllDesktopTargetPlatform' loaded TargetPlatform 'AllDesktop'
[2019.05.24-15.28.13:801][  0]LogTemp: Display: Module 'MacClientTargetPlatform' loaded TargetPlatform 'MacClient'
[2019.05.24-15.28.13:814][  0]LogTemp: Display: Module 'MacNoEditorTargetPlatform' loaded TargetPlatform 'MacNoEditor'
[2019.05.24-15.28.13:829][  0]LogTemp: Display: Module 'MacServerTargetPlatform' loaded TargetPlatform 'MacServer'
[2019.05.24-15.28.13:843][  0]LogTemp: Display: Module 'MacTargetPlatform' loaded TargetPlatform 'Mac'
[2019.05.24-15.28.13:859][  0]LogTemp: Display: Module 'WindowsClientTargetPlatform' loaded TargetPlatform 'WindowsClient'
[2019.05.24-15.28.13:874][  0]LogTemp: Display: Module 'WindowsNoEditorTargetPlatform' loaded TargetPlatform 'WindowsNoEditor'
[2019.05.24-15.28.13:888][  0]LogTemp: Display: Module 'WindowsServerTargetPlatform' loaded TargetPlatform 'WindowsServer'
[2019.05.24-15.28.13:895][  0]LogTemp: Display: Module 'WindowsTargetPlatform' loaded TargetPlatform 'Windows'
[2019.05.24-15.28.13:973][  0]LogTemp: Display: Module 'AndroidTargetPlatform' loaded TargetPlatform 'Android'
[2019.05.24-15.28.13:973][  0]LogTemp: Display: Module 'AndroidTargetPlatform' loaded TargetPlatform 'Android_ASTC'
[2019.05.24-15.28.13:973][  0]LogTemp: Display: Module 'AndroidTargetPlatform' loaded TargetPlatform 'Android_ATC'
[2019.05.24-15.28.13:973][  0]LogTemp: Display: Module 'AndroidTargetPlatform' loaded TargetPlatform 'Android_DXT'
[2019.05.24-15.28.13:973][  0]LogTemp: Display: Module 'AndroidTargetPlatform' loaded TargetPlatform 'Android_ETC1'
[2019.05.24-15.28.13:973][  0]LogTemp: Display: Module 'AndroidTargetPlatform' loaded TargetPlatform 'Android_ETC1a'
[2019.05.24-15.28.13:973][  0]LogTemp: Display: Module 'AndroidTargetPlatform' loaded TargetPlatform 'Android_ETC2'
[2019.05.24-15.28.13:973][  0]LogTemp: Display: Module 'AndroidTargetPlatform' loaded TargetPlatform 'Android_PVRTC'
[2019.05.24-15.28.13:973][  0]LogTemp: Display: Module 'AndroidTargetPlatform' loaded TargetPlatform 'AndroidClient'
[2019.05.24-15.28.13:973][  0]LogTemp: Display: Module 'AndroidTargetPlatform' loaded TargetPlatform 'Android_ASTCClient'
[2019.05.24-15.28.13:973][  0]LogTemp: Display: Module 'AndroidTargetPlatform' loaded TargetPlatform 'Android_ATCClient'
[2019.05.24-15.28.13:973][  0]LogTemp: Display: Module 'AndroidTargetPlatform' loaded TargetPlatform 'Android_DXTClient'
[2019.05.24-15.28.13:973][  0]LogTemp: Display: Module 'AndroidTargetPlatform' loaded TargetPlatform 'Android_ETC1Client'
[2019.05.24-15.28.13:973][  0]LogTemp: Display: Module 'AndroidTargetPlatform' loaded TargetPlatform 'Android_ETC1aClient'
[2019.05.24-15.28.13:973][  0]LogTemp: Display: Module 'AndroidTargetPlatform' loaded TargetPlatform 'Android_ETC2Client'
[2019.05.24-15.28.13:973][  0]LogTemp: Display: Module 'AndroidTargetPlatform' loaded TargetPlatform 'Android_PVRTCClient'
[2019.05.24-15.28.13:973][  0]LogTemp: Display: Module 'AndroidTargetPlatform' loaded TargetPlatform 'Android_Multi'
[2019.05.24-15.28.13:973][  0]LogTemp: Display: Module 'AndroidTargetPlatform' loaded TargetPlatform 'Android_MultiClient'
[2019.05.24-15.28.13:974][  0]LogTemp: Display: Module 'HTML5TargetPlatform' loaded TargetPlatform 'HTML5'
[2019.05.24-15.28.14:025][  0]LogTemp: Display: Module 'IOSTargetPlatform' loaded TargetPlatform 'IOSClient'
[2019.05.24-15.28.14:025][  0]LogTemp: Display: Module 'IOSTargetPlatform' loaded TargetPlatform 'IOS'
[2019.05.24-15.28.14:048][  0]LogTemp: Display: Module 'TVOSTargetPlatform' loaded TargetPlatform 'TVOSClient'
[2019.05.24-15.28.14:048][  0]LogTemp: Display: Module 'TVOSTargetPlatform' loaded TargetPlatform 'TVOS'
[2019.05.24-15.28.14:060][  0]LogTemp: Display: Module 'LinuxClientTargetPlatform' loaded TargetPlatform 'LinuxClient'
[2019.05.24-15.28.14:072][  0]LogTemp: Display: Module 'LinuxNoEditorTargetPlatform' loaded TargetPlatform 'LinuxNoEditor'
[2019.05.24-15.28.14:084][  0]LogTemp: Display: Module 'LinuxServerTargetPlatform' loaded TargetPlatform 'LinuxServer'
[2019.05.24-15.28.14:097][  0]LogTemp: Display: Module 'LinuxTargetPlatform' loaded TargetPlatform 'Linux'
[2019.05.24-15.28.14:140][  0]LogTemp: Display: Module 'LuminTargetPlatform' loaded TargetPlatform 'Lumin'
[2019.05.24-15.28.14:140][  0]LogTemp: Display: Module 'LuminTargetPlatform' loaded TargetPlatform 'LuminClient'
[2019.05.24-15.28.14:140][  0]LogTargetPlatformManager: Display: Building Assets For Windows
[2019.05.24-15.28.14:151][  0]LogAudioDebug: Display: Lib vorbis DLL was dynamically loaded.
[2019.05.24-15.28.14:215][  0]LogShaderCompilers: Guid format shader working directory is -32 characters bigger than the processId version (../../../../../../Users/Carlos/Documents/GitHub/Hakunamatata/Hakunamatata 4.22/Intermediate/Shaders/WorkingDirectory/11656/).
[2019.05.24-15.28.14:215][  0]LogShaderCompilers: Cleaned the shader compiler working directory 'C:/Users/Carlos/AppData/Local/Temp/UnrealShaderWorkingDir/E74ED80640B04C75B16393BEF4DEAB05/'.
[2019.05.24-15.28.14:219][  0]LogXGEController: Cannot use XGE Controller as Incredibuild is not installed on this machine.
[2019.05.24-15.28.14:219][  0]LogShaderCompilers: Cannot use XGE Shader Compiler as Incredibuild is not installed on this machine.
[2019.05.24-15.28.14:219][  0]LogShaderCompilers: Display: Using Local Shader Compiler.
[2019.05.24-15.28.14:815][  0]LogDerivedDataCache: Display: Max Cache Size: 512 MB
[2019.05.24-15.28.14:865][  0]LogDerivedDataCache: Loaded boot cache 0.05s 71MB C:/Users/Carlos/AppData/Local/UnrealEngine/4.22/DerivedDataCache/Boot.ddc.
[2019.05.24-15.28.14:865][  0]LogDerivedDataCache: Display: Loaded Boot cache: C:/Users/Carlos/AppData/Local/UnrealEngine/4.22/DerivedDataCache/Boot.ddc
[2019.05.24-15.28.14:865][  0]LogDerivedDataCache: FDerivedDataBackendGraph:  Pak pak cache file ../../../../../../Users/Carlos/Documents/GitHub/Hakunamatata/Hakunamatata 4.22/DerivedDataCache/DDC.ddp not found, will not use a pak cache.
[2019.05.24-15.28.14:865][  0]LogDerivedDataCache: Unable to find inner node Pak for hierarchical cache Hierarchy.
[2019.05.24-15.28.14:865][  0]LogDerivedDataCache: FDerivedDataBackendGraph:  CompressedPak pak cache file ../../../../../../Users/Carlos/Documents/GitHub/Hakunamatata/Hakunamatata 4.22/DerivedDataCache/Compressed.ddp not found, will not use a pak cache.
[2019.05.24-15.28.14:865][  0]LogDerivedDataCache: Unable to find inner node CompressedPak for hierarchical cache Hierarchy.
[2019.05.24-15.28.14:877][  0]LogDerivedDataCache: Display: Pak cache opened for reading ../../../Engine/DerivedDataCache/Compressed.ddp.
[2019.05.24-15.28.14:880][  0]LogDerivedDataCache: Display: Pak cache opened for reading ../../../Enterprise/DerivedDataCache/Compressed.ddp.
[2019.05.24-15.28.14:892][  0]LogDerivedDataCache: Using Local data cache path C:/Users/Carlos/AppData/Local/UnrealEngine/Common/DerivedDataCache: Writable
[2019.05.24-15.28.14:892][  0]LogDerivedDataCache: Shared data cache path not found in *engine.ini, will not use an Shared cache.
[2019.05.24-15.28.14:892][  0]LogDerivedDataCache: Unable to find inner node Shared for hierarchical cache Hierarchy.
[2019.05.24-15.28.14:913][  0]LogMaterial: Verifying Global Shaders for PCD3D_SM5
[2019.05.24-15.28.14:914][  0]LogSlate: Using FreeType 2.6.0
[2019.05.24-15.28.14:915][  0]LogSlate: SlateFontServices - WITH_FREETYPE: 1, WITH_HARFBUZZ: 1
[2019.05.24-15.28.15:009][  0]LogAssetRegistry: FAssetRegistry took 0.0336 seconds to start up
[2019.05.24-15.28.15:374][  0]LogInit: Selected Device Profile: [Windows]
[2019.05.24-15.28.15:532][  0]LogMeshReduction: Using QuadricMeshReduction for automatic static mesh reduction
[2019.05.24-15.28.15:533][  0]LogMeshReduction: Using SimplygonMeshReduction for automatic skeletal mesh reduction
[2019.05.24-15.28.15:533][  0]LogMeshReduction: Using ProxyLODMeshReduction for automatic mesh merging
[2019.05.24-15.28.15:533][  0]LogMeshReduction: No distributed automatic mesh merging module available
[2019.05.24-15.28.15:533][  0]LogMeshMerging: No distributed automatic mesh merging module available
[2019.05.24-15.28.15:543][  0]LogNetVersion: CRPG3D 1.0.0, NetCL: 5660361, EngineNetVer: 10, GameNetVer: 0 (Checksum: 2860058356)
[2019.05.24-15.28.15:935][  0]LogPackageLocalizationCache: Processed 10 localized package path(s) for 1 prioritized culture(s) in 0.034480 seconds
[2019.05.24-15.28.15:941][  0]LogUObjectArray: 42205 objects as part of root set at end of initial load.
[2019.05.24-15.28.15:941][  0]LogUObjectAllocator: 7325032 out of 0 bytes used by permanent object pool.
[2019.05.24-15.28.15:941][  0]LogUObjectArray: CloseDisregardForGC: 0/0 objects in disregard for GC pool
[2019.05.24-15.28.16:905][  0]LogTcpMessaging: Initializing TcpMessaging bridge
[2019.05.24-15.28.16:924][  0]LogUdpMessaging: Initializing bridge on interface 0.0.0.0:0 to multicast group 230.0.0.1:6666.
[2019.05.24-15.28.17:028][  0]SourceControl: Source control is disabled
[2019.05.24-15.28.17:028][  0]SourceControl: Source control is disabled
[2019.05.24-15.28.17:030][  0]SourceControl: Source control is disabled
[2019.05.24-15.28.17:031][  0]SourceControl: Source control is disabled
[2019.05.24-15.28.17:039][  0]LogVSAccessor: Display: Unable to create Visual Studio setup instance: 80040154
[2019.05.24-15.28.17:039][  0]LogVSAccessor: Display: Unable to create Visual Studio setup instance: 80040154
[2019.05.24-15.28.17:109][  0]LogAndroidPermission: UAndroidPermissionCallbackProxy::GetInstance
[2019.05.24-15.28.17:185][  0]LogOcInput: OculusInput pre-init called
[2019.05.24-15.28.17:983][  0]LogEngine: Initializing Engine...
[2019.05.24-15.28.17:984][  0]LogHMD: Failed to initialize OpenVR with code 110
[2019.05.24-15.28.17:985][  0]LogStats: UGameplayTagsManager::InitializeManager -  0.000 s
[2019.05.24-15.28.18:191][  0]LogLinker: Warning: Can't find file '/Script/StoryGraphPluginRuntime'
[2019.05.24-15.28.18:191][  0]LogLinker: Warning: Can't find file '/Script/StoryGraphPluginRuntime'
[2019.05.24-15.28.18:191][  0]LogUObjectGlobals: Warning: Failed to find object 'Class /Script/StoryGraphPluginRuntime.LevelScriptActor_StoryGraph'
[2019.05.24-15.28.18:191][  0]LogEngine: Error: Failed to load '/Script/StoryGraphPluginRuntime.LevelScriptActor_StoryGraph', falling back to 'LevelScriptActor'
[2019.05.24-15.28.18:198][  0]LogInit: Initializing FReadOnlyCVARCache
[2019.05.24-15.28.18:217][  0]LogAIModule: Creating AISystem for world Untitled
[2019.05.24-15.28.18:229][  0]LogInit: XAudio2 using 'Realtek HD Audio 2nd output (Realtek High Definition Audio)' : 2 channels at 48 kHz using 32 bits per sample (channel mask 0x3)
[2019.05.24-15.28.18:254][  0]LogInit: FAudioDevice initialized.
[2019.05.24-15.28.18:254][  0]LogNetVersion: Set ProjectVersion to 1.0.0.0. Version Checksum will be recalculated on next use.
[2019.05.24-15.28.18:420][  0]LogDerivedDataCache: Saved boot cache 0.17s 71MB C:/Users/Carlos/AppData/Local/UnrealEngine/4.22/DerivedDataCache/Boot.ddc.
[2019.05.24-15.28.18:428][  0]LogInit: Texture streaming: Enabled
[2019.05.24-15.28.18:453][  0]LogEngineSessionManager: EngineSessionManager initialized
[2019.05.24-15.28.18:476][  0]LogInit: Transaction tracking system initialized
[2019.05.24-15.28.18:510][  0]BlueprintLog: New page: Editor Load
[2019.05.24-15.28.18:618][  0]LocalizationService: Localization service is disabled
[2019.05.24-15.28.18:762][  0]LogVSAccessor: Display: Unable to create Visual Studio setup instance: 80040154
[2019.05.24-15.28.18:762][  0]LogVSAccessor: Display: Unable to create Visual Studio setup instance: 80040154
[2019.05.24-15.28.18:976][  0]LogCook: Display: Max memory allowance for cook 16384mb min free memory 0mb
[2019.05.24-15.28.18:976][  0]LogCook: Display: Mobile HDR setting 1
[2019.05.24-15.28.19:230][  0]LogFileCache: Scanning file cache for directory 'C:/Users/Carlos/Documents/GitHub/Hakunamatata/Hakunamatata 4.22/Content/' took 0.07s
[2019.05.24-15.28.19:230][  0]SourceControl: Source control is disabled
[2019.05.24-15.28.19:230][  0]Cmd: MAP LOAD FILE="../../../../../../Users/Carlos/Documents/GitHub/Hakunamatata/Hakunamatata 4.22/Content/CRPG_3_0/maps/desert_4_0.umap" TEMPLATE=0 SHOWPROGRESS=1 FEATURELEVEL=3
[2019.05.24-15.28.19:230][  0]LightingResults: New page: Lighting Build
[2019.05.24-15.28.19:234][  0]MapCheck: New page: Map Check
[2019.05.24-15.28.19:234][  0]LightingResults: New page: Lighting Build
[2019.05.24-15.28.19:255][  0]LogUObjectHash: Compacting FUObjectHashTables data took   1.46ms
[2019.05.24-15.28.19:840][  0]LogLinker: Warning: Can't find file '/Game/StarterContent/Particles/Materials/M_smoke_subUV'
[2019.05.24-15.28.19:840][  0]LogLinker: Warning: Can't find file for asset '/Game/StarterContent/Particles/Materials/M_smoke_subUV' while loading NULL.
[2019.05.24-15.28.19:840][  0]LogLinker: Warning: Can't find file '/Game/StarterContent/Particles/Materials/M_smoke_subUV'
[2019.05.24-15.28.19:840][  0]LogLinker: Warning: Can't find file for asset '/Game/StarterContent/Particles/Materials/M_smoke_subUV' while loading NULL.
[2019.05.24-15.28.19:841][  0]LogLinker: Warning: Can't find file '/Game/StarterContent/Audio/Explosion01'
[2019.05.24-15.28.19:841][  0]LogLinker: Warning: Can't find file for asset '/Game/StarterContent/Audio/Explosion01' while loading NULL.
[2019.05.24-15.28.19:841][  0]LogLinker: Warning: Can't find file '/Game/StarterContent/Particles/P_Explosion'
[2019.05.24-15.28.19:842][  0]LogLinker: Warning: Can't find file for asset '/Game/StarterContent/Particles/P_Explosion' while loading NULL.
[2019.05.24-15.28.19:842][  0]LogLinker: Warning: Can't find file '/Game/StarterContent/Particles/P_Explosion'
[2019.05.24-15.28.19:842][  0]LogLinker: Warning: Can't find file for asset '/Game/StarterContent/Particles/P_Explosion' while loading NULL.
[2019.05.24-15.28.19:842][  0]LogLinker: Warning: Can't find file '/Game/StarterContent/Audio/Explosion01'
[2019.05.24-15.28.19:842][  0]LogLinker: Warning: Can't find file for asset '/Game/StarterContent/Audio/Explosion01' while loading NULL.
[2019.05.24-15.28.19:843][  0]LogLinker: Warning: Can't find file '/Game/StarterContent/Audio/Explosion01'
[2019.05.24-15.28.19:843][  0]LogLinker: Warning: Can't find file for asset '/Game/StarterContent/Audio/Explosion01' while loading NULL.
[2019.05.24-15.28.19:843][  0]LogLinker: Warning: Can't find file '/Game/StarterContent/Particles/P_Explosion'
[2019.05.24-15.28.19:843][  0]LogLinker: Warning: Can't find file for asset '/Game/StarterContent/Particles/P_Explosion' while loading NULL.
[2019.05.24-15.28.19:843][  0]LogLinker: Warning: Can't find file '/Game/StarterContent/Particles/P_Explosion'
[2019.05.24-15.28.19:844][  0]LogLinker: Warning: Can't find file for asset '/Game/StarterContent/Particles/P_Explosion' while loading NULL.
[2019.05.24-15.28.19:844][  0]LogLinker: Warning: Can't find file '/Game/StarterContent/Audio/Explosion01'
[2019.05.24-15.28.19:844][  0]LogLinker: Warning: Can't find file for asset '/Game/StarterContent/Audio/Explosion01' while loading NULL.
[2019.05.24-15.28.19:847][  0]LogLinker: Warning: Can't find file '/Game/StarterContent/Particles/P_Explosion'
[2019.05.24-15.28.19:847][  0]LoadErrors: Failed to load /Game/StarterContent/Particles/P_Explosion.P_Explosion Referenced by EdGraphPin_5521
[2019.05.24-15.28.19:847][  0]LogLinker: Warning: Can't find file for asset '/Game/StarterContent/Particles/P_Explosion' while loading NULL.
[2019.05.24-15.28.19:847][  0]LogLinker: Warning: Can't find file '/Game/StarterContent/Audio/Explosion01'
[2019.05.24-15.28.19:847][  0]LoadErrors: Failed to load /Game/StarterContent/Audio/Explosion01.Explosion01 Referenced by EdGraphPin_5553
[2019.05.24-15.28.19:848][  0]LogLinker: Warning: Can't find file for asset '/Game/StarterContent/Audio/Explosion01' while loading NULL.
[2019.05.24-15.28.20:100][  0]LogBlueprint: Warning: [Compiler fpsMovementProjectile] Function ' Ignore Actor when Moving ' is unsafe to call in a construction script.
[2019.05.24-15.28.20:659][  0]LogBlueprint: Warning: [Compiler fpsMovementProjectile] [0010,56] Compile of fpsMovementProjectile successful, but with 1 Warning(s) [in 721 ms] (/Game/SP_fpsMovementPack/Blueprints/fpsMovementProjectile.fpsMovementProjectile)
[2019.05.24-15.28.21:079][  0]LogLinker: Warning: Can't find file '/Game/StarterContent/Particles/Materials/M_smoke_subUV'
[2019.05.24-15.28.21:079][  0]LoadErrors: Failed to load /Game/StarterContent/Particles/Materials/M_smoke_subUV.M_smoke_subUV Referenced by ParticleModuleRequired_1
[2019.05.24-15.28.21:079][  0]LogLinker: Warning: Can't find file for asset '/Game/StarterContent/Particles/Materials/M_smoke_subUV' while loading NULL.
[2019.05.24-15.28.21:898][  0]LogAIModule: Creating AISystem for world desert_4_0
[2019.05.24-15.28.22:004][  0]LogEditorServer: Finished looking for orphan Actors (0.000 secs)
[2019.05.24-15.28.22:067][  0]LogUObjectHash: Compacting FUObjectHashTables data took   3.14ms
[2019.05.24-15.28.22:067][  0]Cmd: MAP CHECKDEP NOCLEARLOG
[2019.05.24-15.28.22:067][  0]MapCheck: Map check complete: 0 Error(s), 0 Warning(s), took 0,192ms to complete.
[2019.05.24-15.28.22:067][  0]LogFileHelpers: Loading map 'desert_4_0' took 2.837
[2019.05.24-15.28.22:154][  0]LogSlate: Updating window title bar state: overlay mode, drag disabled, window buttons hidden, title bar hidden
[2019.05.24-15.28.22:164][  0]LogSlate: Updating window title bar state: overlay mode, drag disabled, window buttons hidden, title bar hidden
[2019.05.24-15.28.22:173][  0]LogSlate: Updating window title bar state: overlay mode, drag disabled, window buttons hidden, title bar hidden
[2019.05.24-15.28.22:181][  0]LogSlate: Updating window title bar state: overlay mode, drag disabled, window buttons hidden, title bar hidden
[2019.05.24-15.28.22:190][  0]LogCollectionManager: Loaded 0 collections in 0.002727 seconds
[2019.05.24-15.28.22:211][  0]LogFileCache: Scanning file cache for directory 'C:/Users/Carlos/Documents/GitHub/Hakunamatata/Hakunamatata 4.22/Saved/Collections/' took 0.01s
[2019.05.24-15.28.22:211][  0]LogFileCache: Scanning file cache for directory 'C:/Users/Carlos/Documents/GitHub/Hakunamatata/Hakunamatata 4.22/Content/Developers/Carlos/Collections/' took 0.00s
[2019.05.24-15.28.22:211][  0]LogFileCache: Scanning file cache for directory 'C:/Users/Carlos/Documents/GitHub/Hakunamatata/Hakunamatata 4.22/Content/Collections/' took 0.00s
[2019.05.24-15.28.22:211][  0]LogCollectionManager: Rebuilt the GUID cache for 0 collections in 0.000001 seconds
[2019.05.24-15.28.22:220][  0]LogContentBrowser: Native class hierarchy populated in 0.0087 seconds. Added 2732 classes and 659 folders.
[2019.05.24-15.28.22:231][  0]LogContentBrowser: Native class hierarchy updated for 'WidgetCarousel' in 0.0002 seconds. Added 0 classes and 0 folders.
[2019.05.24-15.28.22:234][  0]LogPakFile: Registered encryption key '00000000000000000000000000000000': 0 pak files mounted, 0 remain pending
[2019.05.24-15.28.22:235][  0]LogPakFile: Registered encryption key '00000000000000000000000000000000': 0 pak files mounted, 0 remain pending
[2019.05.24-15.28.22:235][  0]LogPakFile: Registered encryption key '00000000000000000000000000000000': 0 pak files mounted, 0 remain pending
[2019.05.24-15.28.22:236][  0]LogPakFile: Registered encryption key '00000000000000000000000000000000': 0 pak files mounted, 0 remain pending
[2019.05.24-15.28.22:236][  0]LogPakFile: Registered encryption key '00000000000000000000000000000000': 0 pak files mounted, 0 remain pending
[2019.05.24-15.28.22:237][  0]LogPakFile: Registered encryption key '00000000000000000000000000000000': 0 pak files mounted, 0 remain pending
[2019.05.24-15.28.22:237][  0]LogPakFile: Registered encryption key '00000000000000000000000000000000': 0 pak files mounted, 0 remain pending
[2019.05.24-15.28.22:238][  0]LogPakFile: Registered encryption key '00000000000000000000000000000000': 0 pak files mounted, 0 remain pending
[2019.05.24-15.28.22:238][  0]LogPakFile: Registered encryption key '00000000000000000000000000000000': 0 pak files mounted, 0 remain pending
[2019.05.24-15.28.22:239][  0]LogPakFile: Registered encryption key '00000000000000000000000000000000': 0 pak files mounted, 0 remain pending
[2019.05.24-15.28.22:239][  0]LogPakFile: Registered encryption key '00000000000000000000000000000000': 0 pak files mounted, 0 remain pending
[2019.05.24-15.28.22:240][  0]LogPakFile: Registered encryption key '00000000000000000000000000000000': 0 pak files mounted, 0 remain pending
[2019.05.24-15.28.22:240][  0]LogPakFile: Registered encryption key '00000000000000000000000000000000': 0 pak files mounted, 0 remain pending
[2019.05.24-15.28.22:241][  0]LogPakFile: Registered encryption key '00000000000000000000000000000000': 0 pak files mounted, 0 remain pending
[2019.05.24-15.28.22:241][  0]LogPakFile: Registered encryption key '00000000000000000000000000000000': 0 pak files mounted, 0 remain pending
[2019.05.24-15.28.22:242][  0]LogPakFile: Registered encryption key '00000000000000000000000000000000': 0 pak files mounted, 0 remain pending
[2019.05.24-15.28.22:242][  0]LogPakFile: Registered encryption key '00000000000000000000000000000000': 0 pak files mounted, 0 remain pending
[2019.05.24-15.28.22:243][  0]LogPakFile: Registered encryption key '00000000000000000000000000000000': 0 pak files mounted, 0 remain pending
[2019.05.24-15.28.22:244][  0]LogPakFile: Registered encryption key '00000000000000000000000000000000': 0 pak files mounted, 0 remain pending
[2019.05.24-15.28.22:245][  0]LogPakFile: Registered encryption key '00000000000000000000000000000000': 0 pak files mounted, 0 remain pending
[2019.05.24-15.28.22:245][  0]LogPakFile: Registered encryption key '00000000000000000000000000000000': 0 pak files mounted, 0 remain pending
[2019.05.24-15.28.22:246][  0]LogPakFile: Registered encryption key '00000000000000000000000000000000': 0 pak files mounted, 0 remain pending
[2019.05.24-15.28.22:247][  0]LogPakFile: Registered encryption key '00000000000000000000000000000000': 0 pak files mounted, 0 remain pending
[2019.05.24-15.28.22:247][  0]LogPakFile: Registered encryption key '00000000000000000000000000000000': 0 pak files mounted, 0 remain pending
[2019.05.24-15.28.22:248][  0]LogPakFile: Registered encryption key '00000000000000000000000000000000': 0 pak files mounted, 0 remain pending
[2019.05.24-15.28.22:249][  0]LogPakFile: Registered encryption key '00000000000000000000000000000000': 0 pak files mounted, 0 remain pending
[2019.05.24-15.28.22:250][  0]LogPakFile: Registered encryption key '00000000000000000000000000000000': 0 pak files mounted, 0 remain pending
[2019.05.24-15.28.22:251][  0]LogPakFile: Registered encryption key '00000000000000000000000000000000': 0 pak files mounted, 0 remain pending
[2019.05.24-15.28.22:337][  0]LogContentBrowser: Native class hierarchy updated for 'AddContentDialog' in 0.0003 seconds. Added 0 classes and 0 folders.
[2019.05.24-15.28.22:347][  0]LogContentBrowser: Native class hierarchy updated for 'SceneOutliner' in 0.0003 seconds. Added 1 classes and 2 folders.
[2019.05.24-15.28.22:362][  0]LogSlate: Took 0.000295 seconds to synchronously load lazily loaded font '../../../Engine/Content/Slate/Fonts/Roboto-Regular.ttf' (155K)
[2019.05.24-15.28.22:366][  0]LogSlate: Took 0.000308 seconds to synchronously load lazily loaded font '../../../Engine/Content/Slate/Fonts/Roboto-Bold.ttf' (160K)
[2019.05.24-15.28.22:371][  0]LogSlate: Took 0.000380 seconds to synchronously load lazily loaded font '../../../Engine/Content/Editor/Slate/Fonts/FontAwesome.ttf' (139K)
[2019.05.24-15.28.22:446][  0]LogRenderer: Reallocating scene render targets to support 740x364 Format 10 NumSamples 1 (Frame:1).
[2019.05.24-15.28.22:524][  0]LogSlate: Took 0.000209 seconds to synchronously load lazily loaded font '../../../Engine/Content/Slate/Fonts/Roboto-Light.ttf' (167K)
[2019.05.24-15.28.22:590][  0]LogContentBrowser: Native class hierarchy updated for 'HierarchicalLODOutliner' in 0.0002 seconds. Added 0 classes and 0 folders.
[2019.05.24-15.28.22:591][  0]LogLoad: (Engine Initialization) Total time: 12.49 seconds
[2019.05.24-15.28.22:591][  0]LogLoad: (Engine Initialization) Total Blueprint compile time: 0.00 seconds
[2019.05.24-15.28.22:601][  0]LogWindowsTextInputMethodSystem: Display: IME system now deactivated.
[2019.05.24-15.28.22:648][  0]LogAssetRegistry: Asset discovery search completed in 7.6614 seconds
[2019.05.24-15.28.22:650][  0]LogCollectionManager: Rebuilt the object cache for 0 collections in 0.000000 seconds (found 0 objects)
[2019.05.24-15.28.22:650][  0]LogCollectionManager: Fixed up redirectors for 0 collections in 0.000061 seconds (updated 0 objects)
[2019.05.24-15.28.22:651][  0]LogContentStreaming: Texture pool size now 1000 MB
[2019.05.24-15.28.22:662][  0]LogSlate: FSceneViewport::OnFocusLost() reason 2
[2019.05.24-15.28.24:062][133]LogSlate: Window 'Message Log' being destroyed
[2019.05.24-15.28.24:066][133]LogSlate: Window 'Message Log' being destroyed
[2019.05.24-15.28.27:402][506]LogSlate: FSceneViewport::OnFocusLost() reason 0
[2019.05.24-15.28.28:146][595]LogTemp: Repeating last play command: Selected Viewport
[2019.05.24-15.28.28:149][595]LogBlueprintUserMessages: Early PlayInEditor Detection: Level '/Game/CRPG_3_0/maps/desert_4_0.desert_4_0:PersistentLevel' has LevelScriptBlueprint '/Game/CRPG_3_0/maps/desert_4_0.desert_4_0:PersistentLevel.desert_4_0' with GeneratedClass '/Game/CRPG_3_0/maps/desert_4_0.desert_4_0_C' with ClassGeneratedBy '/Game/CRPG_3_0/maps/desert_4_0.desert_4_0:PersistentLevel.desert_4_0'
[2019.05.24-15.28.28:149][595]LogPlayLevel: PlayLevel: No blueprints needed recompiling
[2019.05.24-15.28.28:150][595]PIE: New page: PIE session: desert_4_0 (24/05/2019, 19:28:28)
[2019.05.24-15.28.28:162][595]LogPlayLevel: Creating play world package: /Game/CRPG_3_0/maps/UEDPIE_0_desert_4_0
[2019.05.24-15.28.28:277][595]LogPlayLevel: PIE: StaticDuplicateObject took: (0.114568s)
[2019.05.24-15.28.28:277][595]LogAIModule: Creating AISystem for world desert_4_0
[2019.05.24-15.28.28:277][595]LogPlayLevel: PIE: World Init took: (0.000527s)
[2019.05.24-15.28.28:278][595]LogPlayLevel: PIE: Created PIE world by copying editor world from /Game/CRPG_3_0/maps/desert_4_0.desert_4_0 to /Game/CRPG_3_0/maps/UEDPIE_0_desert_4_0.desert_4_0 (0.115485s)
[2019.05.24-15.28.28:302][595]LogUObjectHash: Compacting FUObjectHashTables data took   1.47ms
[2019.05.24-15.28.28:313][595]LogInit: XAudio2 using 'Realtek HD Audio 2nd output (Realtek High Definition Audio)' : 2 channels at 48 kHz using 32 bits per sample (channel mask 0x3)
[2019.05.24-15.28.28:334][595]LogInit: FAudioDevice initialized.
[2019.05.24-15.28.28:373][595]LogLoad: Game class is 'ThirdPersonGameMode_C'
[2019.05.24-15.28.28:391][595]LogWorld: Bringing World /Game/CRPG_3_0/maps/UEDPIE_0_desert_4_0.desert_4_0 up for play (max tick rate 0) at 2019.05.24-17.28.28
[2019.05.24-15.28.28:396][595]LogWorld: Bringing up level for play took: 0.022267
[2019.05.24-15.28.28:408][595]LogSpawn: Warning: SpawnActor failed because no class was specified
[2019.05.24-15.28.28:420][595]LogContentBrowser: Native class hierarchy updated for 'MovieSceneCapture' in 0.0004 seconds. Added 20 classes and 0 folders.
[2019.05.24-15.28.28:422][595]LogGameMode: Display: Match State Changed from EnteringMap to WaitingToStart
[2019.05.24-15.28.28:422][595]LogGameState: Match State Changed from EnteringMap to WaitingToStart
[2019.05.24-15.28.28:422][595]LogGameMode: Display: Match State Changed from WaitingToStart to InProgress
[2019.05.24-15.28.28:525][595]LogGameState: Match State Changed from WaitingToStart to InProgress
[2019.05.24-15.28.28:525][595]PIE: Play in editor start time for /Game/CRPG_3_0/maps/UEDPIE_0_desert_4_0 0,692
[2019.05.24-15.28.28:525][595]LogBlueprintUserMessages: Late PlayInEditor Detection: Level '/Game/CRPG_3_0/maps/desert_4_0.desert_4_0:PersistentLevel' has LevelScriptBlueprint '/Game/CRPG_3_0/maps/desert_4_0.desert_4_0:PersistentLevel.desert_4_0' with GeneratedClass '/Game/CRPG_3_0/maps/desert_4_0.desert_4_0_C' with ClassGeneratedBy '/Game/CRPG_3_0/maps/desert_4_0.desert_4_0:PersistentLevel.desert_4_0'
[2019.05.24-15.28.28:539][595]LogScript: Warning: Script Msg: Attempted to access index -1 from array 'HotbarSlots' of length 8 in '/Game/InventorySystem/UMG/WBP_HotbarWidget.WBP_HotbarWidget_C'!
[2019.05.24-15.28.30:489][782]LogBlueprintUserMessages: Early EndPlayMap Detection: Level '/Game/CRPG_3_0/maps/desert_4_0.desert_4_0:PersistentLevel' has LevelScriptBlueprint '/Game/CRPG_3_0/maps/desert_4_0.desert_4_0:PersistentLevel.desert_4_0' with GeneratedClass '/Game/CRPG_3_0/maps/desert_4_0.desert_4_0_C' with ClassGeneratedBy '/Game/CRPG_3_0/maps/desert_4_0.desert_4_0:PersistentLevel.desert_4_0'
[2019.05.24-15.28.30:502][782]LogBlueprintUserMessages: [InventoryManagerComponent] Saved inventory to file!
[2019.05.24-15.28.30:503][782]LogSlate: Updating window title bar state: overlay mode, drag disabled, window buttons hidden, title bar hidden
[2019.05.24-15.28.30:540][782]LogPlayLevel: Display: Shutting down PIE online subsystems
[2019.05.24-15.28.30:541][782]LogBlueprintUserMessages: Late EndPlayMap Detection: Level '/Game/CRPG_3_0/maps/desert_4_0.desert_4_0:PersistentLevel' has LevelScriptBlueprint '/Game/CRPG_3_0/maps/desert_4_0.desert_4_0:PersistentLevel.desert_4_0' with GeneratedClass '/Game/CRPG_3_0/maps/desert_4_0.desert_4_0_C' with ClassGeneratedBy '/Game/CRPG_3_0/maps/desert_4_0.desert_4_0:PersistentLevel.desert_4_0'
[2019.05.24-15.28.30:569][782]LogSlate: Updating window title bar state: overlay mode, drag disabled, window buttons hidden, title bar hidden
[2019.05.24-15.28.30:576][782]LogUObjectHash: Compacting FUObjectHashTables data took   2.01ms
[2019.05.24-15.28.30:603][783]LogPlayLevel: Display: Destroying online subsystem :Context_2
[2019.05.24-15.28.42:420][147]LogSlate: FSceneViewport::OnFocusLost() reason 0
[2019.05.24-15.28.55:156][634]LogSlate: FSceneViewport::OnFocusLost() reason 0
[2019.05.24-15.28.58:946][ 78]LogEditorViewport: Clicking on Actor (LMB): StaticMeshActor (desert_geometry_base01)
[2019.05.24-15.28.59:532][119]LogSlate: FSceneViewport::OnFocusLost() reason 0
[2019.05.24-15.28.59:644][132]LogTemp: Repeating last play command: Selected Viewport
[2019.05.24-15.28.59:647][132]LogBlueprintUserMessages: Early PlayInEditor Detection: Level '/Game/CRPG_3_0/maps/desert_4_0.desert_4_0:PersistentLevel' has LevelScriptBlueprint '/Game/CRPG_3_0/maps/desert_4_0.desert_4_0:PersistentLevel.desert_4_0' with GeneratedClass '/Game/CRPG_3_0/maps/desert_4_0.desert_4_0_C' with ClassGeneratedBy '/Game/CRPG_3_0/maps/desert_4_0.desert_4_0:PersistentLevel.desert_4_0'
[2019.05.24-15.28.59:647][132]LogPlayLevel: PlayLevel: No blueprints needed recompiling
[2019.05.24-15.28.59:647][132]PIE: New page: PIE session: desert_4_0 (24/05/2019, 19:28:59)
[2019.05.24-15.28.59:648][132]LogPlayLevel: Creating play world package: /Game/CRPG_3_0/maps/UEDPIE_0_desert_4_0
[2019.05.24-15.28.59:761][132]LogPlayLevel: PIE: StaticDuplicateObject took: (0.112803s)
[2019.05.24-15.28.59:761][132]LogAIModule: Creating AISystem for world desert_4_0
[2019.05.24-15.28.59:761][132]LogPlayLevel: PIE: World Init took: (0.000617s)
[2019.05.24-15.28.59:761][132]LogPlayLevel: PIE: Created PIE world by copying editor world from /Game/CRPG_3_0/maps/desert_4_0.desert_4_0 to /Game/CRPG_3_0/maps/UEDPIE_0_desert_4_0.desert_4_0 (0.113621s)
[2019.05.24-15.28.59:785][132]LogUObjectHash: Compacting FUObjectHashTables data took   1.36ms
[2019.05.24-15.28.59:793][132]LogInit: XAudio2 using 'Realtek HD Audio 2nd output (Realtek High Definition Audio)' : 2 channels at 48 kHz using 32 bits per sample (channel mask 0x3)
[2019.05.24-15.28.59:812][132]LogInit: FAudioDevice initialized.
[2019.05.24-15.28.59:843][132]LogLoad: Game class is 'ThirdPersonGameMode_C'
[2019.05.24-15.28.59:861][132]LogWorld: Bringing World /Game/CRPG_3_0/maps/UEDPIE_0_desert_4_0.desert_4_0 up for play (max tick rate 0) at 2019.05.24-17.28.59
[2019.05.24-15.28.59:864][132]LogWorld: Bringing up level for play took: 0.020479
[2019.05.24-15.28.59:876][132]LogSpawn: Warning: SpawnActor failed because no class was specified
[2019.05.24-15.28.59:876][132]LogGameMode: Display: Match State Changed from EnteringMap to WaitingToStart
[2019.05.24-15.28.59:876][132]LogGameState: Match State Changed from EnteringMap to WaitingToStart
[2019.05.24-15.28.59:876][132]LogGameMode: Display: Match State Changed from WaitingToStart to InProgress
[2019.05.24-15.28.59:901][132]LogGameState: Match State Changed from WaitingToStart to InProgress
[2019.05.24-15.28.59:901][132]PIE: Play in editor start time for /Game/CRPG_3_0/maps/UEDPIE_0_desert_4_0 0,068
[2019.05.24-15.28.59:901][132]LogBlueprintUserMessages: Late PlayInEditor Detection: Level '/Game/CRPG_3_0/maps/desert_4_0.desert_4_0:PersistentLevel' has LevelScriptBlueprint '/Game/CRPG_3_0/maps/desert_4_0.desert_4_0:PersistentLevel.desert_4_0' with GeneratedClass '/Game/CRPG_3_0/maps/desert_4_0.desert_4_0_C' with ClassGeneratedBy '/Game/CRPG_3_0/maps/desert_4_0.desert_4_0:PersistentLevel.desert_4_0'
[2019.05.24-15.28.59:913][132]LogScript: Warning: Script Msg: Attempted to access index -1 from array 'HotbarSlots' of length 8 in '/Game/InventorySystem/UMG/WBP_HotbarWidget.WBP_HotbarWidget_C'!
[2019.05.24-15.29.03:592][507]LogBlueprintUserMessages: Early EndPlayMap Detection: Level '/Game/CRPG_3_0/maps/desert_4_0.desert_4_0:PersistentLevel' has LevelScriptBlueprint '/Game/CRPG_3_0/maps/desert_4_0.desert_4_0:PersistentLevel.desert_4_0' with GeneratedClass '/Game/CRPG_3_0/maps/desert_4_0.desert_4_0_C' with ClassGeneratedBy '/Game/CRPG_3_0/maps/desert_4_0.desert_4_0:PersistentLevel.desert_4_0'
[2019.05.24-15.29.03:604][507]LogBlueprintUserMessages: [InventoryManagerComponent] Saved inventory to file!
[2019.05.24-15.29.03:605][507]LogSlate: Updating window title bar state: overlay mode, drag disabled, window buttons hidden, title bar hidden
[2019.05.24-15.29.03:637][507]LogPlayLevel: Display: Shutting down PIE online subsystems
[2019.05.24-15.29.03:638][507]LogBlueprintUserMessages: Late EndPlayMap Detection: Level '/Game/CRPG_3_0/maps/desert_4_0.desert_4_0:PersistentLevel' has LevelScriptBlueprint '/Game/CRPG_3_0/maps/desert_4_0.desert_4_0:PersistentLevel.desert_4_0' with GeneratedClass '/Game/CRPG_3_0/maps/desert_4_0.desert_4_0_C' with ClassGeneratedBy '/Game/CRPG_3_0/maps/desert_4_0.desert_4_0:PersistentLevel.desert_4_0'
[2019.05.24-15.29.03:664][507]LogSlate: Updating window title bar state: overlay mode, drag disabled, window buttons hidden, title bar hidden
[2019.05.24-15.29.03:671][507]LogUObjectHash: Compacting FUObjectHashTables data took   1.26ms
[2019.05.24-15.29.03:694][508]LogPlayLevel: Display: Destroying online subsystem :Context_5
[2019.05.24-15.29.13:453][602]LogEditorViewport: Clicking on Actor (LMB): Cactus_C (Cactus2)
[2019.05.24-15.29.15:966][819]LogSlate: FSceneViewport::OnFocusLost() reason 0
[2019.05.24-15.29.16:059][829]LogTemp: Repeating last play command: Selected Viewport
[2019.05.24-15.29.16:063][829]LogBlueprintUserMessages: Early PlayInEditor Detection: Level '/Game/CRPG_3_0/maps/desert_4_0.desert_4_0:PersistentLevel' has LevelScriptBlueprint '/Game/CRPG_3_0/maps/desert_4_0.desert_4_0:PersistentLevel.desert_4_0' with GeneratedClass '/Game/CRPG_3_0/maps/desert_4_0.desert_4_0_C' with ClassGeneratedBy '/Game/CRPG_3_0/maps/desert_4_0.desert_4_0:PersistentLevel.desert_4_0'
[2019.05.24-15.29.16:063][829]LogPlayLevel: PlayLevel: No blueprints needed recompiling
[2019.05.24-15.29.16:063][829]PIE: New page: PIE session: desert_4_0 (24/05/2019, 19:29:16)
[2019.05.24-15.29.16:063][829]LogPlayLevel: Creating play world package: /Game/CRPG_3_0/maps/UEDPIE_0_desert_4_0
[2019.05.24-15.29.16:179][829]LogPlayLevel: PIE: StaticDuplicateObject took: (0.115664s)
[2019.05.24-15.29.16:180][829]LogAIModule: Creating AISystem for world desert_4_0
[2019.05.24-15.29.16:180][829]LogPlayLevel: PIE: World Init took: (0.000728s)
[2019.05.24-15.29.16:180][829]LogPlayLevel: PIE: Created PIE world by copying editor world from /Game/CRPG_3_0/maps/desert_4_0.desert_4_0 to /Game/CRPG_3_0/maps/UEDPIE_0_desert_4_0.desert_4_0 (0.116573s)
[2019.05.24-15.29.16:211][829]LogUObjectHash: Compacting FUObjectHashTables data took   2.78ms
[2019.05.24-15.29.16:223][829]LogInit: XAudio2 using 'Realtek HD Audio 2nd output (Realtek High Definition Audio)' : 2 channels at 48 kHz using 32 bits per sample (channel mask 0x3)
[2019.05.24-15.29.16:241][829]LogInit: FAudioDevice initialized.
[2019.05.24-15.29.16:274][829]LogLoad: Game class is 'ThirdPersonGameMode_C'
[2019.05.24-15.29.16:293][829]LogWorld: Bringing World /Game/CRPG_3_0/maps/UEDPIE_0_desert_4_0.desert_4_0 up for play (max tick rate 0) at 2019.05.24-17.29.16
[2019.05.24-15.29.16:296][829]LogWorld: Bringing up level for play took: 0.022321
[2019.05.24-15.29.16:310][829]LogSpawn: Warning: SpawnActor failed because no class was specified
[2019.05.24-15.29.16:310][829]LogGameMode: Display: Match State Changed from EnteringMap to WaitingToStart
[2019.05.24-15.29.16:310][829]LogGameState: Match State Changed from EnteringMap to WaitingToStart
[2019.05.24-15.29.16:310][829]LogGameMode: Display: Match State Changed from WaitingToStart to InProgress
[2019.05.24-15.29.16:334][829]LogGameState: Match State Changed from WaitingToStart to InProgress
[2019.05.24-15.29.16:334][829]PIE: Play in editor start time for /Game/CRPG_3_0/maps/UEDPIE_0_desert_4_0 0,501
[2019.05.24-15.29.16:334][829]LogBlueprintUserMessages: Late PlayInEditor Detection: Level '/Game/CRPG_3_0/maps/desert_4_0.desert_4_0:PersistentLevel' has LevelScriptBlueprint '/Game/CRPG_3_0/maps/desert_4_0.desert_4_0:PersistentLevel.desert_4_0' with GeneratedClass '/Game/CRPG_3_0/maps/desert_4_0.desert_4_0_C' with ClassGeneratedBy '/Game/CRPG_3_0/maps/desert_4_0.desert_4_0:PersistentLevel.desert_4_0'
[2019.05.24-15.29.16:347][829]LogScript: Warning: Script Msg: Attempted to access index -1 from array 'HotbarSlots' of length 8 in '/Game/InventorySystem/UMG/WBP_HotbarWidget.WBP_HotbarWidget_C'!
[2019.05.24-15.29.38:832][290]LogBlueprintUserMessages: Early EndPlayMap Detection: Level '/Game/CRPG_3_0/maps/desert_4_0.desert_4_0:PersistentLevel' has LevelScriptBlueprint '/Game/CRPG_3_0/maps/desert_4_0.desert_4_0:PersistentLevel.desert_4_0' with GeneratedClass '/Game/CRPG_3_0/maps/desert_4_0.desert_4_0_C' with ClassGeneratedBy '/Game/CRPG_3_0/maps/desert_4_0.desert_4_0:PersistentLevel.desert_4_0'
[2019.05.24-15.29.38:847][290]LogBlueprintUserMessages: [InventoryManagerComponent] Saved inventory to file!
[2019.05.24-15.29.38:847][290]LogSlate: Updating window title bar state: overlay mode, drag disabled, window buttons hidden, title bar hidden
[2019.05.24-15.29.38:883][290]LogPlayLevel: Display: Shutting down PIE online subsystems
[2019.05.24-15.29.38:884][290]LogBlueprintUserMessages: Late EndPlayMap Detection: Level '/Game/CRPG_3_0/maps/desert_4_0.desert_4_0:PersistentLevel' has LevelScriptBlueprint '/Game/CRPG_3_0/maps/desert_4_0.desert_4_0:PersistentLevel.desert_4_0' with GeneratedClass '/Game/CRPG_3_0/maps/desert_4_0.desert_4_0_C' with ClassGeneratedBy '/Game/CRPG_3_0/maps/desert_4_0.desert_4_0:PersistentLevel.desert_4_0'
[2019.05.24-15.29.38:915][290]LogSlate: Updating window title bar state: overlay mode, drag disabled, window buttons hidden, title bar hidden
[2019.05.24-15.29.38:922][290]LogUObjectHash: Compacting FUObjectHashTables data took   1.38ms
[2019.05.24-15.29.38:950][291]LogPlayLevel: Display: Destroying online subsystem :Context_6
[2019.05.24-15.29.42:342][629]LogSlate: FSceneViewport::OnFocusLost() reason 0
[2019.05.24-15.29.42:407][636]LogTemp: Repeating last play command: Selected Viewport
[2019.05.24-15.29.42:411][636]LogBlueprintUserMessages: Early PlayInEditor Detection: Level '/Game/CRPG_3_0/maps/desert_4_0.desert_4_0:PersistentLevel' has LevelScriptBlueprint '/Game/CRPG_3_0/maps/desert_4_0.desert_4_0:PersistentLevel.desert_4_0' with GeneratedClass '/Game/CRPG_3_0/maps/desert_4_0.desert_4_0_C' with ClassGeneratedBy '/Game/CRPG_3_0/maps/desert_4_0.desert_4_0:PersistentLevel.desert_4_0'
[2019.05.24-15.29.42:411][636]LogPlayLevel: PlayLevel: No blueprints needed recompiling
[2019.05.24-15.29.42:411][636]PIE: New page: PIE session: desert_4_0 (24/05/2019, 19:29:42)
[2019.05.24-15.29.42:411][636]LogPlayLevel: Creating play world package: /Game/CRPG_3_0/maps/UEDPIE_0_desert_4_0
[2019.05.24-15.29.42:542][636]LogPlayLevel: PIE: StaticDuplicateObject took: (0.130507s)
[2019.05.24-15.29.42:542][636]LogAIModule: Creating AISystem for world desert_4_0
[2019.05.24-15.29.42:542][636]LogPlayLevel: PIE: World Init took: (0.000864s)
[2019.05.24-15.29.42:542][636]LogPlayLevel: PIE: Created PIE world by copying editor world from /Game/CRPG_3_0/maps/desert_4_0.desert_4_0 to /Game/CRPG_3_0/maps/UEDPIE_0_desert_4_0.desert_4_0 (0.131636s)
[2019.05.24-15.29.42:568][636]LogUObjectHash: Compacting FUObjectHashTables data took   2.85ms
[2019.05.24-15.29.42:578][636]LogInit: XAudio2 using 'Realtek HD Audio 2nd output (Realtek High Definition Audio)' : 2 channels at 48 kHz using 32 bits per sample (channel mask 0x3)
[2019.05.24-15.29.42:598][636]LogInit: FAudioDevice initialized.
[2019.05.24-15.29.42:627][636]LogLoad: Game class is 'ThirdPersonGameMode_C'
[2019.05.24-15.29.42:648][636]LogWorld: Bringing World /Game/CRPG_3_0/maps/UEDPIE_0_desert_4_0.desert_4_0 up for play (max tick rate 0) at 2019.05.24-17.29.42
[2019.05.24-15.29.42:653][636]LogWorld: Bringing up level for play took: 0.024398
[2019.05.24-15.29.42:665][636]LogSpawn: Warning: SpawnActor failed because no class was specified
[2019.05.24-15.29.42:665][636]LogGameMode: Display: Match State Changed from EnteringMap to WaitingToStart
[2019.05.24-15.29.42:666][636]LogGameState: Match State Changed from EnteringMap to WaitingToStart
[2019.05.24-15.29.42:666][636]LogGameMode: Display: Match State Changed from WaitingToStart to InProgress
[2019.05.24-15.29.42:690][636]LogGameState: Match State Changed from WaitingToStart to InProgress
[2019.05.24-15.29.42:690][636]PIE: Play in editor start time for /Game/CRPG_3_0/maps/UEDPIE_0_desert_4_0 0,857
[2019.05.24-15.29.42:690][636]LogBlueprintUserMessages: Late PlayInEditor Detection: Level '/Game/CRPG_3_0/maps/desert_4_0.desert_4_0:PersistentLevel' has LevelScriptBlueprint '/Game/CRPG_3_0/maps/desert_4_0.desert_4_0:PersistentLevel.desert_4_0' with GeneratedClass '/Game/CRPG_3_0/maps/desert_4_0.desert_4_0_C' with ClassGeneratedBy '/Game/CRPG_3_0/maps/desert_4_0.desert_4_0:PersistentLevel.desert_4_0'
[2019.05.24-15.29.42:702][636]LogScript: Warning: Script Msg: Attempted to access index -1 from array 'HotbarSlots' of length 8 in '/Game/InventorySystem/UMG/WBP_HotbarWidget.WBP_HotbarWidget_C'!
[2019.05.24-15.29.48:498][155]LogBlueprintUserMessages: Early EndPlayMap Detection: Level '/Game/CRPG_3_0/maps/desert_4_0.desert_4_0:PersistentLevel' has LevelScriptBlueprint '/Game/CRPG_3_0/maps/desert_4_0.desert_4_0:PersistentLevel.desert_4_0' with GeneratedClass '/Game/CRPG_3_0/maps/desert_4_0.desert_4_0_C' with ClassGeneratedBy '/Game/CRPG_3_0/maps/desert_4_0.desert_4_0:PersistentLevel.desert_4_0'
[2019.05.24-15.29.48:516][155]LogBlueprintUserMessages: [InventoryManagerComponent] Saved inventory to file!
[2019.05.24-15.29.48:517][155]LogSlate: Updating window title bar state: overlay mode, drag disabled, window buttons hidden, title bar hidden
[2019.05.24-15.29.48:549][155]LogPlayLevel: Display: Shutting down PIE online subsystems
[2019.05.24-15.29.48:550][155]LogBlueprintUserMessages: Late EndPlayMap Detection: Level '/Game/CRPG_3_0/maps/desert_4_0.desert_4_0:PersistentLevel' has LevelScriptBlueprint '/Game/CRPG_3_0/maps/desert_4_0.desert_4_0:PersistentLevel.desert_4_0' with GeneratedClass '/Game/CRPG_3_0/maps/desert_4_0.desert_4_0_C' with ClassGeneratedBy '/Game/CRPG_3_0/maps/desert_4_0.desert_4_0:PersistentLevel.desert_4_0'
[2019.05.24-15.29.48:578][155]LogSlate: Updating window title bar state: overlay mode, drag disabled, window buttons hidden, title bar hidden
[2019.05.24-15.29.48:587][155]LogUObjectHash: Compacting FUObjectHashTables data took   1.29ms
[2019.05.24-15.29.48:606][156]LogPlayLevel: Display: Destroying online subsystem :Context_7
[2019.05.24-15.29.52:359][535]LogSlate: FSceneViewport::OnFocusLost() reason 2
[2019.05.24-15.30.13:252][655]LogSlate: FSceneViewport::OnFocusLost() reason 0
[2019.05.24-15.30.13:334][664]LogTemp: Repeating last play command: Selected Viewport
[2019.05.24-15.30.13:337][664]LogBlueprintUserMessages: Early PlayInEditor Detection: Level '/Game/CRPG_3_0/maps/desert_4_0.desert_4_0:PersistentLevel' has LevelScriptBlueprint '/Game/CRPG_3_0/maps/desert_4_0.desert_4_0:PersistentLevel.desert_4_0' with GeneratedClass '/Game/CRPG_3_0/maps/desert_4_0.desert_4_0_C' with ClassGeneratedBy '/Game/CRPG_3_0/maps/desert_4_0.desert_4_0:PersistentLevel.desert_4_0'
[2019.05.24-15.30.13:337][664]LogPlayLevel: PlayLevel: No blueprints needed recompiling
[2019.05.24-15.30.13:337][664]PIE: New page: PIE session: desert_4_0 (24/05/2019, 19:30:13)
[2019.05.24-15.30.13:338][664]LogPlayLevel: Creating play world package: /Game/CRPG_3_0/maps/UEDPIE_0_desert_4_0
[2019.05.24-15.30.13:474][664]LogPlayLevel: PIE: StaticDuplicateObject took: (0.136190s)
[2019.05.24-15.30.13:475][664]LogAIModule: Creating AISystem for world desert_4_0
[2019.05.24-15.30.13:475][664]LogPlayLevel: PIE: World Init took: (0.000954s)
[2019.05.24-15.30.13:475][664]LogPlayLevel: PIE: Created PIE world by copying editor world from /Game/CRPG_3_0/maps/desert_4_0.desert_4_0 to /Game/CRPG_3_0/maps/UEDPIE_0_desert_4_0.desert_4_0 (0.137516s)
[2019.05.24-15.30.13:503][664]LogUObjectHash: Compacting FUObjectHashTables data took   1.26ms
[2019.05.24-15.30.13:511][664]LogInit: XAudio2 using 'Realtek HD Audio 2nd output (Realtek High Definition Audio)' : 2 channels at 48 kHz using 32 bits per sample (channel mask 0x3)
[2019.05.24-15.30.13:535][664]LogInit: FAudioDevice initialized.
[2019.05.24-15.30.13:565][664]LogLoad: Game class is 'ThirdPersonGameMode_C'
[2019.05.24-15.30.13:585][664]LogWorld: Bringing World /Game/CRPG_3_0/maps/UEDPIE_0_desert_4_0.desert_4_0 up for play (max tick rate 0) at 2019.05.24-17.30.13
[2019.05.24-15.30.13:589][664]LogWorld: Bringing up level for play took: 0.024850
[2019.05.24-15.30.13:601][664]LogSpawn: Warning: SpawnActor failed because no class was specified
[2019.05.24-15.30.13:602][664]LogGameMode: Display: Match State Changed from EnteringMap to WaitingToStart
[2019.05.24-15.30.13:602][664]LogGameState: Match State Changed from EnteringMap to WaitingToStart
[2019.05.24-15.30.13:602][664]LogGameMode: Display: Match State Changed from WaitingToStart to InProgress
[2019.05.24-15.30.13:628][664]LogGameState: Match State Changed from WaitingToStart to InProgress
[2019.05.24-15.30.13:628][664]PIE: Play in editor start time for /Game/CRPG_3_0/maps/UEDPIE_0_desert_4_0 -0,204
[2019.05.24-15.30.13:629][664]LogBlueprintUserMessages: Late PlayInEditor Detection: Level '/Game/CRPG_3_0/maps/desert_4_0.desert_4_0:PersistentLevel' has LevelScriptBlueprint '/Game/CRPG_3_0/maps/desert_4_0.desert_4_0:PersistentLevel.desert_4_0' with GeneratedClass '/Game/CRPG_3_0/maps/desert_4_0.desert_4_0_C' with ClassGeneratedBy '/Game/CRPG_3_0/maps/desert_4_0.desert_4_0:PersistentLevel.desert_4_0'
[2019.05.24-15.30.13:642][664]LogScript: Warning: Script Msg: Attempted to access index -1 from array 'HotbarSlots' of length 8 in '/Game/InventorySystem/UMG/WBP_HotbarWidget.WBP_HotbarWidget_C'!
[2019.05.24-15.30.35:614][623]LogBlueprintUserMessages: Early EndPlayMap Detection: Level '/Game/CRPG_3_0/maps/desert_4_0.desert_4_0:PersistentLevel' has LevelScriptBlueprint '/Game/CRPG_3_0/maps/desert_4_0.desert_4_0:PersistentLevel.desert_4_0' with GeneratedClass '/Game/CRPG_3_0/maps/desert_4_0.desert_4_0_C' with ClassGeneratedBy '/Game/CRPG_3_0/maps/desert_4_0.desert_4_0:PersistentLevel.desert_4_0'
[2019.05.24-15.30.35:628][623]LogBlueprintUserMessages: [InventoryManagerComponent] Saved inventory to file!
[2019.05.24-15.30.35:628][623]LogSlate: Updating window title bar state: overlay mode, drag disabled, window buttons hidden, title bar hidden
[2019.05.24-15.30.35:661][623]LogPlayLevel: Display: Shutting down PIE online subsystems
[2019.05.24-15.30.35:662][623]LogBlueprintUserMessages: Late EndPlayMap Detection: Level '/Game/CRPG_3_0/maps/desert_4_0.desert_4_0:PersistentLevel' has LevelScriptBlueprint '/Game/CRPG_3_0/maps/desert_4_0.desert_4_0:PersistentLevel.desert_4_0' with GeneratedClass '/Game/CRPG_3_0/maps/desert_4_0.desert_4_0_C' with ClassGeneratedBy '/Game/CRPG_3_0/maps/desert_4_0.desert_4_0:PersistentLevel.desert_4_0'
[2019.05.24-15.30.35:697][623]LogSlate: Updating window title bar state: overlay mode, drag disabled, window buttons hidden, title bar hidden
[2019.05.24-15.30.35:707][623]LogUObjectHash: Compacting FUObjectHashTables data took   2.43ms
[2019.05.24-15.30.35:735][624]LogPlayLevel: Display: Destroying online subsystem :Context_8
[2019.05.24-15.30.37:643][826]LogSlate: FSceneViewport::OnFocusLost() reason 0
[2019.05.24-15.30.37:896][846]LogRenderer: Reallocating scene render targets to support 740x612 Format 10 NumSamples 1 (Frame:8454).
[2019.05.24-15.30.43:621][400]Cmd: TRANSACTION UNDO
[2019.05.24-15.30.43:621][400]LogEditorTransaction: Undo Move Actors
[2019.05.24-15.30.43:664][400]LogSlate: Took 0.000301 seconds to synchronously load lazily loaded font '../../../Engine/Content/Slate/Fonts/Roboto-Light.ttf' (167K)
[2019.05.24-15.30.44:215][450]Cmd: TRANSACTION UNDO
[2019.05.24-15.30.44:215][450]LogEditorTransaction: Undo Clicking on Actors
[2019.05.24-15.30.49:465][959]LogRenderer: Reallocating scene render targets to support 932x612 Format 10 NumSamples 1 (Frame:9572).
[2019.05.24-15.31.27:144][448]LogSlate: FSceneViewport::OnFocusLost() reason 0
[2019.05.24-15.31.32:818][860]LogSlate: FSceneViewport::OnFocusLost() reason 0
[2019.05.24-15.31.41:832][647]LogSlate: FSceneViewport::OnFocusLost() reason 0
[2019.05.24-15.31.41:906][655]LogTemp: Repeating last play command: Selected Viewport
[2019.05.24-15.31.41:912][655]LogBlueprintUserMessages: Early PlayInEditor Detection: Level '/Game/CRPG_3_0/maps/desert_4_0.desert_4_0:PersistentLevel' has LevelScriptBlueprint '/Game/CRPG_3_0/maps/desert_4_0.desert_4_0:PersistentLevel.desert_4_0' with GeneratedClass '/Game/CRPG_3_0/maps/desert_4_0.desert_4_0_C' with ClassGeneratedBy '/Game/CRPG_3_0/maps/desert_4_0.desert_4_0:PersistentLevel.desert_4_0'
[2019.05.24-15.31.41:913][655]LogPlayLevel: PlayLevel: No blueprints needed recompiling
[2019.05.24-15.31.41:913][655]PIE: New page: PIE session: desert_4_0 (24/05/2019, 19:31:41)
[2019.05.24-15.31.41:913][655]LogPlayLevel: Creating play world package: /Game/CRPG_3_0/maps/UEDPIE_0_desert_4_0
[2019.05.24-15.31.42:048][655]LogPlayLevel: PIE: StaticDuplicateObject took: (0.136024s)
[2019.05.24-15.31.42:049][655]LogAIModule: Creating AISystem for world desert_4_0
[2019.05.24-15.31.42:049][655]LogPlayLevel: PIE: World Init took: (0.000691s)
[2019.05.24-15.31.42:049][655]LogPlayLevel: PIE: Created PIE world by copying editor world from /Game/CRPG_3_0/maps/desert_4_0.desert_4_0 to /Game/CRPG_3_0/maps/UEDPIE_0_desert_4_0.desert_4_0 (0.136961s)
[2019.05.24-15.31.42:074][655]LogUObjectHash: Compacting FUObjectHashTables data took   1.86ms
[2019.05.24-15.31.42:084][655]LogInit: XAudio2 using 'Realtek HD Audio 2nd output (Realtek High Definition Audio)' : 2 channels at 48 kHz using 32 bits per sample (channel mask 0x3)
[2019.05.24-15.31.42:103][655]LogInit: FAudioDevice initialized.
[2019.05.24-15.31.42:131][655]LogLoad: Game class is 'ThirdPersonGameMode_C'
[2019.05.24-15.31.42:152][655]LogWorld: Bringing World /Game/CRPG_3_0/maps/UEDPIE_0_desert_4_0.desert_4_0 up for play (max tick rate 0) at 2019.05.24-17.31.42
[2019.05.24-15.31.42:156][655]LogWorld: Bringing up level for play took: 0.024590
[2019.05.24-15.31.42:169][655]LogSpawn: Warning: SpawnActor failed because no class was specified
[2019.05.24-15.31.42:169][655]LogGameMode: Display: Match State Changed from EnteringMap to WaitingToStart
[2019.05.24-15.31.42:169][655]LogGameState: Match State Changed from EnteringMap to WaitingToStart
[2019.05.24-15.31.42:169][655]LogGameMode: Display: Match State Changed from WaitingToStart to InProgress
[2019.05.24-15.31.42:196][655]LogGameState: Match State Changed from WaitingToStart to InProgress
[2019.05.24-15.31.42:196][655]PIE: Play in editor start time for /Game/CRPG_3_0/maps/UEDPIE_0_desert_4_0 0,363
[2019.05.24-15.31.42:196][655]LogBlueprintUserMessages: Late PlayInEditor Detection: Level '/Game/CRPG_3_0/maps/desert_4_0.desert_4_0:PersistentLevel' has LevelScriptBlueprint '/Game/CRPG_3_0/maps/desert_4_0.desert_4_0:PersistentLevel.desert_4_0' with GeneratedClass '/Game/CRPG_3_0/maps/desert_4_0.desert_4_0_C' with ClassGeneratedBy '/Game/CRPG_3_0/maps/desert_4_0.desert_4_0:PersistentLevel.desert_4_0'
[2019.05.24-15.31.42:210][655]LogScript: Warning: Script Msg: Attempted to access index -1 from array 'HotbarSlots' of length 8 in '/Game/InventorySystem/UMG/WBP_HotbarWidget.WBP_HotbarWidget_C'!
[2019.05.24-15.32.15:904][572]LogBlueprintUserMessages: Early EndPlayMap Detection: Level '/Game/CRPG_3_0/maps/desert_4_0.desert_4_0:PersistentLevel' has LevelScriptBlueprint '/Game/CRPG_3_0/maps/desert_4_0.desert_4_0:PersistentLevel.desert_4_0' with GeneratedClass '/Game/CRPG_3_0/maps/desert_4_0.desert_4_0_C' with ClassGeneratedBy '/Game/CRPG_3_0/maps/desert_4_0.desert_4_0:PersistentLevel.desert_4_0'
[2019.05.24-15.32.15:920][572]LogBlueprintUserMessages: [InventoryManagerComponent] Saved inventory to file!
[2019.05.24-15.32.15:920][572]LogSlate: Updating window title bar state: overlay mode, drag disabled, window buttons hidden, title bar hidden
[2019.05.24-15.32.15:957][572]LogPlayLevel: Display: Shutting down PIE online subsystems
[2019.05.24-15.32.15:957][572]LogBlueprintUserMessages: Late EndPlayMap Detection: Level '/Game/CRPG_3_0/maps/desert_4_0.desert_4_0:PersistentLevel' has LevelScriptBlueprint '/Game/CRPG_3_0/maps/desert_4_0.desert_4_0:PersistentLevel.desert_4_0' with GeneratedClass '/Game/CRPG_3_0/maps/desert_4_0.desert_4_0_C' with ClassGeneratedBy '/Game/CRPG_3_0/maps/desert_4_0.desert_4_0:PersistentLevel.desert_4_0'
[2019.05.24-15.32.15:995][572]LogSlate: Updating window title bar state: overlay mode, drag disabled, window buttons hidden, title bar hidden
[2019.05.24-15.32.16:002][572]LogUObjectHash: Compacting FUObjectHashTables data took   2.11ms
[2019.05.24-15.32.16:029][573]LogPlayLevel: Display: Destroying online subsystem :Context_9
[2019.05.24-15.32.19:091][878]LogSlate: FSceneViewport::OnFocusLost() reason 0
[2019.05.24-15.32.22:647][210]LogAssetEditorManager: Opening Asset editor for Blueprint /Game/LitoNPCS/NPC/Cactus/Cactus.Cactus
[2019.05.24-15.32.22:997][210]LogContentBrowser: Native class hierarchy updated for 'BlueprintGraph' in 0.0008 seconds. Added 121 classes and 0 folders.
[2019.05.24-15.32.24:044][210]LogSlate: Took 0.000283 seconds to synchronously load lazily loaded font '../../../Engine/Content/Slate/Fonts/Roboto-BoldCondensed.ttf' (158K)
[2019.05.24-15.32.25:429][323]LogSlate: Took 0.000266 seconds to synchronously load lazily loaded font '../../../Engine/Content/Slate/Fonts/Roboto-Italic.ttf' (157K)
[2019.05.24-15.32.25:449][324]LogSlate: Window 'Cactus' being destroyed
[2019.05.24-15.32.35:908][431]LogAssetEditorManager: Opening Asset editor for Blueprint /Game/ThirdPersonBP/Joe.Joe
[2019.05.24-15.32.51:927][739]BlueprintLog: New page: Compile Joe
[2019.05.24-15.32.52:849][739]LogUObjectHash: Compacting FUObjectHashTables data took   4.88ms
[2019.05.24-15.32.55:540][870]Cmd: OBJ SAVEPACKAGE PACKAGE="/Game/ThirdPersonBP/Joe" FILE="../../../../../../Users/Carlos/Documents/GitHub/Hakunamatata/Hakunamatata 4.22/Content/ThirdPersonBP/Joe.uasset" SILENT=true
[2019.05.24-15.32.56:248][870]LogSavePackage: Moving '../../../../../../Users/Carlos/Documents/GitHub/Hakunamatata/Hakunamatata 4.22/Saved/JoeB06377FB426E26E82E4B6AA9C154A578.tmp' to '../../../../../../Users/Carlos/Documents/GitHub/Hakunamatata/Hakunamatata 4.22/Content/ThirdPersonBP/Joe.uasset'
[2019.05.24-15.33.12:418][681]LogWindows: Error: === Critical error: ===
[2019.05.24-15.33.12:418][681]LogWindows: Error: 
[2019.05.24-15.33.12:418][681]LogWindows: Error: Fatal error!
[2019.05.24-15.33.12:418][681]LogWindows: Error: 
[2019.05.24-15.33.12:418][681]LogWindows: Error: Unhandled Exception: EXCEPTION_ACCESS_VIOLATION reading address 0x00000000
[2019.05.24-15.33.12:418][681]LogWindows: Error: 
[2019.05.24-15.33.12:418][681]LogWindows: Error: [Callstack] 0x00007ff800e9700a UE4Editor-BlueprintGraph.dll!UnknownFunction []
[2019.05.24-15.33.12:418][681]LogWindows: Error: [Callstack] 0x00007ff800e957a2 UE4Editor-BlueprintGraph.dll!UnknownFunction []
[2019.05.24-15.33.12:418][681]LogWindows: Error: [Callstack] 0x00007ff800e9561b UE4Editor-BlueprintGraph.dll!UnknownFunction []
[2019.05.24-15.33.12:418][681]LogWindows: Error: [Callstack] 0x00007ff81d86057f UE4Editor-Kismet.dll!UnknownFunction []
[2019.05.24-15.33.12:418][681]LogWindows: Error: [Callstack] 0x00007ff81d881d88 UE4Editor-Kismet.dll!UnknownFunction []
[2019.05.24-15.33.12:418][681]LogWindows: Error: [Callstack] 0x00007ff81d85e4de UE4Editor-Kismet.dll!UnknownFunction []
[2019.05.24-15.33.12:418][681]LogWindows: Error: [Callstack] 0x00007ff81d9a2954 UE4Editor-Kismet.dll!UnknownFunction []
[2019.05.24-15.33.12:418][681]LogWindows: Error: [Callstack] 0x00007ff81d9dca39 UE4Editor-Kismet.dll!UnknownFunction []
[2019.05.24-15.33.12:418][681]LogWindows: Error: [Callstack] 0x00007fffffdc54cf UE4Editor-GraphEditor.dll!UnknownFunction []
[2019.05.24-15.33.12:418][681]LogWindows: Error: [Callstack] 0x00007fffffcde4d9 UE4Editor-GraphEditor.dll!UnknownFunction []
[2019.05.24-15.33.12:418][681]LogWindows: Error: [Callstack] 0x00007ff81d9aea4a UE4Editor-Kismet.dll!UnknownFunction []
[2019.05.24-15.33.12:418][681]LogWindows: Error: [Callstack] 0x00007ff81d9140e4 UE4Editor-Kismet.dll!UnknownFunction []
[2019.05.24-15.33.12:418][681]LogWindows: Error: [Callstack] 0x00007ff81d89c564 UE4Editor-Kismet.dll!UnknownFunction []
[2019.05.24-15.33.12:418][681]LogWindows: Error: [Callstack] 0x00007ff81d8f6822 UE4Editor-Kismet.dll!UnknownFunction []
[2019.05.24-15.33.12:418][681]LogWindows: Error: [Callstack] 0x00007fffffd69afd UE4Editor-GraphEditor.dll!UnknownFunction []
[2019.05.24-15.33.12:418][681]LogWindows: Error: [Callstack] 0x00007fffffd25fba UE4Editor-GraphEditor.dll!UnknownFunction []
[2019.05.24-15.33.12:418][681]LogWindows: Error: [Callstack] 0x00007fffffde85b7 UE4Editor-GraphEditor.dll!UnknownFunction []
[2019.05.24-15.33.12:418][681]LogWindows: Error: [Callstack] 0x00007fffffd15ad6 UE4Editor-GraphEditor.dll!UnknownFunction []
[2019.05.24-15.33.12:418][681]LogWindows: Error: [Callstack] 0x00007fffffd9518e UE4Editor-GraphEditor.dll!UnknownFunction []
[2019.05.24-15.33.12:418][681]LogWindows: Error: [Callstack] 0x00007ff82ea37fe8 UE4Editor-Slate.dll!UnknownFunction []
[2019.05.24-15.33.12:418][681]LogWindows: Error: [Callstack] 0x00007ff82ea13358 UE4Editor-Slate.dll!UnknownFunction []
[2019.05.24-15.33.12:418][681]LogWindows: Error: [Callstack] 0x00007ff82ea904c1 UE4Editor-Slate.dll!UnknownFunction []
[2019.05.24-15.33.12:418][681]LogWindows: Error: [Callstack] 0x00007ff82ea7aa8a UE4Editor-Slate.dll!UnknownFunction []
[2019.05.24-15.33.12:418][681]LogWindows: Error: [Callstack] 0x00007ff82ea703d4 UE4Editor-Slate.dll!UnknownFunction []
[2019.05.24-15.33.12:418][681]LogWindows: Error: [Callstack] 0x00007ff849e6b8e0 UE4Editor-ApplicationCore.dll!UnknownFunction []
[2019.05.24-15.33.12:418][681]LogWindows: Error: [Callstack] 0x00007ff849e5ef9f UE4Editor-ApplicationCore.dll!UnknownFunction []
[2019.05.24-15.33.12:418][681]LogWindows: Error: [Callstack] 0x00007ff849e6d77f UE4Editor-ApplicationCore.dll!UnknownFunction []
[2019.05.24-15.33.12:418][681]LogWindows: Error: [Callstack] 0x00007ff849e5c090 UE4Editor-ApplicationCore.dll!UnknownFunction []
[2019.05.24-15.33.12:418][681]LogWindows: Error: [Callstack] 0x00007ff86d1e6d41 USER32.dll!UnknownFunction []
[2019.05.24-15.33.12:418][681]LogWindows: Error: [Callstack] 0x00007ff86d1e6713 USER32.dll!UnknownFunction []
[2019.05.24-15.33.12:419][681]LogWindows: Error: [Callstack] 0x00007ff849e6e946 UE4Editor-ApplicationCore.dll!UnknownFunction []
[2019.05.24-15.33.12:419][681]LogWindows: Error: [Callstack] 0x00007ff6adf65d3e UE4Editor.exe!UnknownFunction []
[2019.05.24-15.33.12:419][681]LogWindows: Error: [Callstack] 0x00007ff6adf7554c UE4Editor.exe!UnknownFunction []
[2019.05.24-15.33.12:419][681]LogWindows: Error: [Callstack] 0x00007ff6adf755ca UE4Editor.exe!UnknownFunction []
[2019.05.24-15.33.12:419][681]LogWindows: Error: [Callstack] 0x00007ff6adf8315c UE4Editor.exe!UnknownFunction []
[2019.05.24-15.33.12:419][681]LogWindows: Error: [Callstack] 0x00007ff6adf85b7e UE4Editor.exe!UnknownFunction []
[2019.05.24-15.33.12:419][681]LogWindows: Error: [Callstack] 0x00007ff86d784034 KERNEL32.DLL!UnknownFunction []
[2019.05.24-15.33.12:419][681]LogWindows: Error: [Callstack] 0x00007ff86d973691 ntdll.dll!UnknownFunction []
[2019.05.24-15.33.12:419][681]LogWindows: Error: 
[2019.05.24-15.33.12:431][681]LogExit: Executing StaticShutdownAfterError
[2019.05.24-15.33.12:446][681]LogWindows: FPlatformMisc::RequestExit(1)
[2019.05.24-15.33.12:466][681]Log file closed, 05/24/19 17:33:12
