Log file open, 06/04/19 16:58:49
LogWindows: Failed to load 'aqProf.dll' (GetLastError=126)
LogWindows: File 'aqProf.dll' does not exist
LogWindows: Failed to load 'VtuneApi.dll' (GetLastError=126)
LogWindows: File 'VtuneApi.dll' does not exist
LogWindows: Failed to load 'VtuneApi32e.dll' (GetLastError=126)
LogWindows: File 'VtuneApi32e.dll' does not exist
LogConsoleResponse: Display: Failed to find resolution value strings in scalability ini. Falling back to default.
LogInit: Display: Running engine for game: CRPG3D
LogPakFile: Registered encryption key '00000000000000000000000000000000': 0 pak files mounted, 0 remain pending
LogPlatformFile: Not using cached read wrapper
LogTaskGraph: Started task graph with 5 named threads and 17 total threads with 3 sets of task threads.
LogStats: Stats thread started at 3.511744
LogD3D11RHI: Loaded GFSDK_Aftermath_Lib.x64.dll
LogWindows: Failed to load '../../../Engine/Binaries/ThirdParty/libsndfile/Win64/libsndfile-1.dll' (GetLastError=126)
LogWindows: File '../../../Engine/Binaries/ThirdParty/libsndfile/Win64/libsndfile-1.dll' does not exist
LogAudioMixer: Display: Failed to load Sound File dll
LogAudioEditor: Display: LibSoundFile failed to load. Importing audio will not work correctly.
LogICUInternationalization: ICU TimeZone Detection - Raw Offset: +0:00, Platform Override: ''
LogPluginManager: Mounting plugin Paper2D
LogPluginManager: Mounting plugin AISupport
LogPluginManager: Mounting plugin LightPropagationVolume
LogPluginManager: Mounting plugin ActorLayerUtilities
LogPluginManager: Mounting plugin AnimationSharing
LogPluginManager: Mounting plugin CLionSourceCodeAccess
LogPluginManager: Mounting plugin CodeLiteSourceCodeAccess
LogPluginManager: Mounting plugin GitSourceControl
LogPluginManager: Mounting plugin KDevelopSourceCodeAccess
LogPluginManager: Mounting plugin NullSourceCodeAccess
LogPluginManager: Mounting plugin PerforceSourceControl
LogPluginManager: Mounting plugin SubversionSourceControl
LogPluginManager: Mounting plugin UObjectPlugin
LogPluginManager: Mounting plugin VisualStudioCodeSourceCodeAccess
LogPluginManager: Mounting plugin VisualStudioSourceCodeAccess
LogPluginManager: Mounting plugin XCodeSourceCodeAccess
LogPluginManager: Mounting plugin AssetManagerEditor
LogPluginManager: Mounting plugin CryptoKeys
LogPluginManager: Mounting plugin DataValidation
LogPluginManager: Mounting plugin FacialAnimation
LogPluginManager: Mounting plugin GameplayTagsEditor
LogPluginManager: Mounting plugin MacGraphicsSwitching
LogPluginManager: Mounting plugin MaterialAnalyzer
LogPluginManager: Mounting plugin MobileLauncherProfileWizard
LogPluginManager: Mounting plugin PluginBrowser
LogPluginManager: Mounting plugin SpeedTreeImporter
LogPluginManager: Mounting plugin DatasmithContent
LogPluginManager: Mounting plugin VariantManagerContent
LogPluginManager: Mounting plugin AlembicImporter
LogPluginManager: Mounting plugin AppleImageUtils
LogPluginManager: Mounting plugin AppleVision
LogPluginManager: Mounting plugin BackChannel
LogPluginManager: Mounting plugin CharacterAI
LogPluginManager: Mounting plugin GeometryCache
LogPluginManager: Mounting plugin HTML5Networking
LogPluginManager: Mounting plugin ProxyLODPlugin
LogPluginManager: Mounting plugin SkeletalReduction
LogPluginManager: Mounting plugin MagicLeap
LogPluginManager: Mounting plugin MagicLeapMedia
LogPluginManager: Mounting plugin AndroidMedia
LogPluginManager: Mounting plugin AvfMedia
LogPluginManager: Mounting plugin ImgMedia
LogPluginManager: Mounting plugin LinearTimecode
LogPluginManager: Mounting plugin MediaCompositing
LogPluginManager: Mounting plugin MediaPlayerEditor
LogPluginManager: Mounting plugin WebMMedia
LogPluginManager: Mounting plugin WmfMedia
LogPluginManager: Mounting plugin TcpMessaging
LogPluginManager: Mounting plugin UdpMessaging
LogPluginManager: Mounting plugin ActorSequence
LogPluginManager: Mounting plugin LevelSequenceEditor
LogPluginManager: Mounting plugin MatineeToLevelSequence
LogPluginManager: Mounting plugin NetcodeUnitTest
LogPluginManager: Mounting plugin NUTUnrealEngine4
LogPluginManager: Mounting plugin OnlineSubsystemGooglePlay
LogPluginManager: Mounting plugin OnlineSubsystemIOS
LogPluginManager: Mounting plugin OnlineSubsystem
LogPluginManager: Mounting plugin OnlineSubsystemNull
LogPluginManager: Mounting plugin OnlineSubsystemUtils
LogPluginManager: Mounting plugin LauncherChunkInstaller
LogPluginManager: Mounting plugin AndroidDeviceProfileSelector
LogPluginManager: Mounting plugin AndroidMoviePlayer
LogPluginManager: Mounting plugin AndroidPermission
LogPluginManager: Mounting plugin AppleMoviePlayer
LogPluginManager: Mounting plugin ArchVisCharacter
LogPluginManager: Mounting plugin AudioCapture
LogPluginManager: Mounting plugin CableComponent
LogPluginManager: Mounting plugin CustomMeshComponent
LogPluginManager: Mounting plugin EditableMesh
LogPluginManager: Mounting plugin ExampleDeviceProfileSelector
LogPluginManager: Mounting plugin Firebase
LogPluginManager: Mounting plugin GoogleCloudMessaging
LogPluginManager: Mounting plugin IOSDeviceProfileSelector
LogPluginManager: Mounting plugin LinuxDeviceProfileSelector
LogPluginManager: Mounting plugin LocationServicesBPLibrary
LogPluginManager: Mounting plugin MobilePatchingUtils
LogPluginManager: Mounting plugin OculusVR
LogPluginManager: Mounting plugin PhysXVehicles
LogPluginManager: Mounting plugin ProceduralMeshComponent
LogPluginManager: Mounting plugin RuntimePhysXCooking
LogPluginManager: Mounting plugin SignificanceManager
LogPluginManager: Mounting plugin SteamVR
LogPluginManager: Mounting plugin WebMMoviePlayer
LogPluginManager: Mounting plugin WindowsMoviePlayer
LogInit: Using libcurl 7.55.1-DEV
LogInit:  - built for x86_64-pc-win32
LogInit:  - supports SSL with OpenSSL/1.1.1
LogInit:  - supports HTTP deflate (compression) using libz 1.2.8
LogInit:  - other features:
LogInit:      CURL_VERSION_SSL
LogInit:      CURL_VERSION_LIBZ
LogInit:      CURL_VERSION_IPV6
LogInit:      CURL_VERSION_ASYNCHDNS
LogInit:      CURL_VERSION_LARGEFILE
LogInit:      CURL_VERSION_IDN
LogInit:  CurlRequestOptions (configurable via config and command line):
LogInit:  - bVerifyPeer = true  - Libcurl will verify peer certificate
LogInit:  - bUseHttpProxy = false  - Libcurl will NOT use HTTP proxy
LogInit:  - bDontReuseConnections = false  - Libcurl will reuse connections
LogInit:  - MaxHostConnections = 16  - Libcurl will limit the number of connections to a host
LogInit:  - LocalHostAddr = Default
LogInit:  - BufferSize = 65536
LogInit: WinSock: version 1.1 (2.2), MaxSocks=32767, MaxUdp=65467
LogInit: Build: ++UE4+Release-4.22-CL-5660361
LogInit: Engine Version: 4.22.0-5660361+++UE4+Release-4.22
LogInit: Compatible Engine Version: 4.22.0-5660361+++UE4+Release-4.22
LogInit: Net CL: 5660361
LogInit: OS: Windows 10 (Release 1803) (), CPU: AMD FX(tm)-6300 Six-Core Processor             , GPU: NVIDIA GeForce GTX 1050 Ti
LogInit: Compiled (64-bit): Mar 31 2019 02:05:09
LogInit: Compiled with Visual C++: 19.16.27025.01
LogInit: Build Configuration: Development
LogInit: Branch Name: ++UE4+Release-4.22
LogInit: Command Line: 
LogInit: Base Directory: F:/Unreal_projects/UE_4.22/Engine/Binaries/Win64/
LogInit: Installed Engine Build: 1
LogDevObjectVersion: Number of dev versions registered: 23
LogDevObjectVersion:   Dev-Blueprints (B0D832E4-1F89-4F0D-ACCF-7EB736FD4AA2): 10
LogDevObjectVersion:   Dev-Build (E1C64328-A22C-4D53-A36C-8E866417BD8C): 0
LogDevObjectVersion:   Dev-Core (375EC13C-06E4-48FB-B500-84F0262A717E): 3
LogDevObjectVersion:   Dev-Editor (E4B068ED-F494-42E9-A231-DA0B2E46BB41): 30
LogDevObjectVersion:   Dev-Framework (CFFC743F-43B0-4480-9391-14DF171D2073): 35
LogDevObjectVersion:   Dev-Mobile (B02B49B5-BB20-44E9-A304-32B752E40360): 2
LogDevObjectVersion:   Dev-Networking (A4E4105C-59A1-49B5-A7C5-40C4547EDFEE): 0
LogDevObjectVersion:   Dev-Online (39C831C9-5AE6-47DC-9A44-9C173E1C8E7C): 0
LogDevObjectVersion:   Dev-Physics (78F01B33-EBEA-4F98-B9B4-84EACCB95AA2): 0
LogDevObjectVersion:   Dev-Platform (6631380F-2D4D-43E0-8009-CF276956A95A): 0
LogDevObjectVersion:   Dev-Rendering (12F88B9F-8875-4AFC-A67C-D90C383ABD29): 28
LogDevObjectVersion:   Dev-Sequencer (7B5AE74C-D270-4C10-A958-57980B212A5A): 11
LogDevObjectVersion:   Dev-VR (D7296918-1DD6-4BDD-9DE2-64A83CC13884): 2
LogDevObjectVersion:   Dev-LoadTimes (C2A15278-BFE7-4AFE-6C17-90FF531DF755): 1
LogDevObjectVersion:   Private-Geometry (6EACA3D4-40EC-4CC1-B786-8BED09428FC5): 3
LogDevObjectVersion:   Dev-AnimPhys (29E575DD-E0A3-4627-9D10-D276232CDCEA): 17
LogDevObjectVersion:   Dev-Anim (AF43A65D-7FD3-4947-9873-3E8ED9C1BB05): 2
LogDevObjectVersion:   Dev-ReflectionCapture (6B266CEC-1EC7-4B8F-A30B-E4D90942FC07): 1
LogDevObjectVersion:   Dev-Automation (0DF73D61-A23F-47EA-B727-89E90C41499A): 1
LogDevObjectVersion:   FortniteMain (601D1886-AC64-4F84-AA16-D3DE0DEAC7D6): 25
LogDevObjectVersion:   Dev-Enterprise (9DFFBCD6-494F-0158-E221-12823C92A888): 6
LogDevObjectVersion:   Dev-Niagara (F2AED0AC-9AFE-416F-8664-AA7FFA26D6FC): 1
LogDevObjectVersion:   Dev-Destruction (174F1F0B-B4C6-45A5-B13F-2EE8D0FB917D): 2
LogInit: Presizing for max 16777216 objects, including 0 objects not considered by GC, pre-allocating 0 bytes for permanent pool.
LogInit: Object subsystem initialized
LogConfig: Setting CVar [[con.DebugEarlyDefault:1]]
LogConfig: Setting CVar [[r.setres:1280x720]]
[2019.06.04-15.58.53:072][  0]LogConfig: Setting CVar [[r.VSync:0]]
[2019.06.04-15.58.53:072][  0]LogConfig: Setting CVar [[r.RHICmdBypass:0]]
[2019.06.04-15.58.53:072][  0]LogConfig: Applying CVar settings from Section [/Script/Engine.RendererSettings] File [C:/Users/lucas/Documents/GitHub/Hakunamatata/Hakunamatata 4.22/Saved/Config/Windows/Engine.ini]
[2019.06.04-15.58.53:072][  0]LogConfig: Setting CVar [[r.GPUCrashDebugging:0]]
[2019.06.04-15.58.53:072][  0]LogConfig: Setting CVar [[r.DefaultFeature.MotionBlur:0]]
[2019.06.04-15.58.53:072][  0]LogConfig: Applying CVar settings from Section [/Script/Engine.RendererOverrideSettings] File [C:/Users/lucas/Documents/GitHub/Hakunamatata/Hakunamatata 4.22/Saved/Config/Windows/Engine.ini]
[2019.06.04-15.58.53:072][  0]LogConfig: Applying CVar settings from Section [/Script/Engine.StreamingSettings] File [C:/Users/lucas/Documents/GitHub/Hakunamatata/Hakunamatata 4.22/Saved/Config/Windows/Engine.ini]
[2019.06.04-15.58.53:072][  0]LogConfig: Setting CVar [[s.MinBulkDataSizeForAsyncLoading:131072]]
[2019.06.04-15.58.53:072][  0]LogConfig: Setting CVar [[s.AsyncLoadingThreadEnabled:0]]
[2019.06.04-15.58.53:072][  0]LogConfig: Setting CVar [[s.EventDrivenLoaderEnabled:1]]
[2019.06.04-15.58.53:072][  0]LogConfig: Setting CVar [[s.WarnIfTimeLimitExceeded:0]]
[2019.06.04-15.58.53:072][  0]LogConfig: Setting CVar [[s.TimeLimitExceededMultiplier:1.5]]
[2019.06.04-15.58.53:072][  0]LogConfig: Setting CVar [[s.TimeLimitExceededMinTime:0.005]]
[2019.06.04-15.58.53:072][  0]LogConfig: Setting CVar [[s.UseBackgroundLevelStreaming:1]]
[2019.06.04-15.58.53:072][  0]LogConfig: Setting CVar [[s.PriorityAsyncLoadingExtraTime:15.0]]
[2019.06.04-15.58.53:072][  0]LogConfig: Setting CVar [[s.LevelStreamingActorsUpdateTimeLimit:5.0]]
[2019.06.04-15.58.53:072][  0]LogConfig: Setting CVar [[s.PriorityLevelStreamingActorsUpdateExtraTime:5.0]]
[2019.06.04-15.58.53:072][  0]LogConfig: Setting CVar [[s.LevelStreamingComponentsRegistrationGranularity:10]]
[2019.06.04-15.58.53:072][  0]LogConfig: Setting CVar [[s.UnregisterComponentsTimeLimit:1.0]]
[2019.06.04-15.58.53:072][  0]LogConfig: Setting CVar [[s.LevelStreamingComponentsUnregistrationGranularity:5]]
[2019.06.04-15.58.53:073][  0]LogConfig: Applying CVar settings from Section [/Script/Engine.GarbageCollectionSettings] File [C:/Users/lucas/Documents/GitHub/Hakunamatata/Hakunamatata 4.22/Saved/Config/Windows/Engine.ini]
[2019.06.04-15.58.53:073][  0]LogConfig: Setting CVar [[gc.MaxObjectsNotConsideredByGC:1]]
[2019.06.04-15.58.53:073][  0]LogConfig: Setting CVar [[gc.SizeOfPermanentObjectPool:0]]
[2019.06.04-15.58.53:073][  0]LogConfig: Setting CVar [[gc.FlushStreamingOnGC:0]]
[2019.06.04-15.58.53:073][  0]LogConfig: Setting CVar [[gc.NumRetriesBeforeForcingGC:10]]
[2019.06.04-15.58.53:073][  0]LogConfig: Setting CVar [[gc.AllowParallelGC:1]]
[2019.06.04-15.58.53:073][  0]LogConfig: Setting CVar [[gc.TimeBetweenPurgingPendingKillObjects:61.1]]
[2019.06.04-15.58.53:073][  0]LogConfig: Setting CVar [[gc.MaxObjectsInEditor:16777216]]
[2019.06.04-15.58.53:073][  0]LogConfig: Setting CVar [[gc.IncrementalBeginDestroyEnabled:1]]
[2019.06.04-15.58.53:073][  0]LogConfig: Setting CVar [[gc.CreateGCClusters:1]]
[2019.06.04-15.58.53:073][  0]LogConfig: Setting CVar [[gc.MinGCClusterSize:5]]
[2019.06.04-15.58.53:073][  0]LogConfig: Setting CVar [[gc.ActorClusteringEnabled:0]]
[2019.06.04-15.58.53:073][  0]LogConfig: Setting CVar [[gc.BlueprintClusteringEnabled:0]]
[2019.06.04-15.58.53:073][  0]LogConfig: Setting CVar [[gc.UseDisregardForGCOnDedicatedServers:0]]
[2019.06.04-15.58.53:073][  0]LogConfig: Applying CVar settings from Section [/Script/Engine.NetworkSettings] File [C:/Users/lucas/Documents/GitHub/Hakunamatata/Hakunamatata 4.22/Saved/Config/Windows/Engine.ini]
[2019.06.04-15.58.53:073][  0]LogConfig: Applying CVar settings from Section [/Script/UnrealEd.CookerSettings] File [C:/Users/lucas/Documents/GitHub/Hakunamatata/Hakunamatata 4.22/Saved/Config/Windows/Engine.ini]
[2019.06.04-15.58.53:166][  0]LogConfig: Applying CVar settings from Section [ViewDistanceQuality@3] File [C:/Users/lucas/Documents/GitHub/Hakunamatata/Hakunamatata 4.22/Saved/Config/Windows/Scalability.ini]
[2019.06.04-15.58.53:166][  0]LogConfig: Setting CVar [[r.SkeletalMeshLODBias:0]]
[2019.06.04-15.58.53:166][  0]LogConfig: Setting CVar [[r.ViewDistanceScale:1.0]]
[2019.06.04-15.58.53:166][  0]LogConfig: Applying CVar settings from Section [AntiAliasingQuality@3] File [C:/Users/lucas/Documents/GitHub/Hakunamatata/Hakunamatata 4.22/Saved/Config/Windows/Scalability.ini]
[2019.06.04-15.58.53:166][  0]LogConfig: Setting CVar [[r.PostProcessAAQuality:4]]
[2019.06.04-15.58.53:166][  0]LogConfig: Applying CVar settings from Section [ShadowQuality@3] File [C:/Users/lucas/Documents/GitHub/Hakunamatata/Hakunamatata 4.22/Saved/Config/Windows/Scalability.ini]
[2019.06.04-15.58.53:166][  0]LogConfig: Setting CVar [[r.LightFunctionQuality:1]]
[2019.06.04-15.58.53:166][  0]LogConfig: Setting CVar [[r.ShadowQuality:5]]
[2019.06.04-15.58.53:166][  0]LogConfig: Setting CVar [[r.Shadow.CSM.MaxCascades:10]]
[2019.06.04-15.58.53:166][  0]LogConfig: Setting CVar [[r.Shadow.MaxResolution:2048]]
[2019.06.04-15.58.53:166][  0]LogConfig: Setting CVar [[r.Shadow.MaxCSMResolution:2048]]
[2019.06.04-15.58.53:166][  0]LogConfig: Setting CVar [[r.Shadow.RadiusThreshold:0.01]]
[2019.06.04-15.58.53:166][  0]LogConfig: Setting CVar [[r.Shadow.DistanceScale:1.0]]
[2019.06.04-15.58.53:166][  0]LogConfig: Setting CVar [[r.Shadow.CSM.TransitionScale:1.0]]
[2019.06.04-15.58.53:166][  0]LogConfig: Setting CVar [[r.Shadow.PreShadowResolutionFactor:1.0]]
[2019.06.04-15.58.53:166][  0]LogConfig: Setting CVar [[r.DistanceFieldShadowing:1]]
[2019.06.04-15.58.53:166][  0]LogConfig: Setting CVar [[r.DistanceFieldAO:1]]
[2019.06.04-15.58.53:166][  0]LogConfig: Setting CVar [[r.AOQuality:2]]
[2019.06.04-15.58.53:166][  0]LogConfig: Setting CVar [[r.VolumetricFog:1]]
[2019.06.04-15.58.53:166][  0]LogConfig: Setting CVar [[r.VolumetricFog.GridPixelSize:8]]
[2019.06.04-15.58.53:166][  0]LogConfig: Setting CVar [[r.VolumetricFog.GridSizeZ:128]]
[2019.06.04-15.58.53:166][  0]LogConfig: Setting CVar [[r.VolumetricFog.HistoryMissSupersampleCount:4]]
[2019.06.04-15.58.53:166][  0]LogConfig: Setting CVar [[r.LightMaxDrawDistanceScale:1]]
[2019.06.04-15.58.53:166][  0]LogConfig: Setting CVar [[r.CapsuleShadows:1]]
[2019.06.04-15.58.53:166][  0]LogConfig: Applying CVar settings from Section [PostProcessQuality@3] File [C:/Users/lucas/Documents/GitHub/Hakunamatata/Hakunamatata 4.22/Saved/Config/Windows/Scalability.ini]
[2019.06.04-15.58.53:166][  0]LogConfig: Setting CVar [[r.MotionBlurQuality:4]]
[2019.06.04-15.58.53:167][  0]LogConfig: Setting CVar [[r.AmbientOcclusionMipLevelFactor:0.4]]
[2019.06.04-15.58.53:167][  0]LogConfig: Setting CVar [[r.AmbientOcclusionMaxQuality:100]]
[2019.06.04-15.58.53:167][  0]LogConfig: Setting CVar [[r.AmbientOcclusionLevels:-1]]
[2019.06.04-15.58.53:167][  0]LogConfig: Setting CVar [[r.AmbientOcclusionRadiusScale:1.0]]
[2019.06.04-15.58.53:167][  0]LogConfig: Setting CVar [[r.DepthOfFieldQuality:2]]
[2019.06.04-15.58.53:167][  0]LogConfig: Setting CVar [[r.RenderTargetPoolMin:400]]
[2019.06.04-15.58.53:167][  0]LogConfig: Setting CVar [[r.LensFlareQuality:2]]
[2019.06.04-15.58.53:167][  0]LogConfig: Setting CVar [[r.SceneColorFringeQuality:1]]
[2019.06.04-15.58.53:167][  0]LogConfig: Setting CVar [[r.EyeAdaptationQuality:2]]
[2019.06.04-15.58.53:167][  0]LogConfig: Setting CVar [[r.BloomQuality:5]]
[2019.06.04-15.58.53:167][  0]LogConfig: Setting CVar [[r.FastBlurThreshold:100]]
[2019.06.04-15.58.53:167][  0]LogConfig: Setting CVar [[r.Upscale.Quality:3]]
[2019.06.04-15.58.53:167][  0]LogConfig: Setting CVar [[r.Tonemapper.GrainQuantization:1]]
[2019.06.04-15.58.53:167][  0]LogConfig: Setting CVar [[r.LightShaftQuality:1]]
[2019.06.04-15.58.53:167][  0]LogConfig: Setting CVar [[r.Filter.SizeScale:1]]
[2019.06.04-15.58.53:167][  0]LogConfig: Setting CVar [[r.Tonemapper.Quality:5]]
[2019.06.04-15.58.53:167][  0]LogConfig: Setting CVar [[r.DOF.Gather.AccumulatorQuality:1        ; higher gathering accumulator quality]]
[2019.06.04-15.58.53:167][  0]LogConfig: Setting CVar [[r.DOF.Gather.PostfilterMethod:1          ; Median3x3 postfilering method]]
[2019.06.04-15.58.53:167][  0]LogConfig: Setting CVar [[r.DOF.Gather.EnableBokehSettings:0       ; no bokeh simulation when gathering]]
[2019.06.04-15.58.53:167][  0]LogConfig: Setting CVar [[r.DOF.Gather.RingCount:4                 ; medium number of samples when gathering]]
[2019.06.04-15.58.53:167][  0]LogConfig: Setting CVar [[r.DOF.Scatter.ForegroundCompositing:1    ; additive foreground scattering]]
[2019.06.04-15.58.53:167][  0]LogConfig: Setting CVar [[r.DOF.Scatter.BackgroundCompositing:2    ; additive background scattering]]
[2019.06.04-15.58.53:167][  0]LogConfig: Setting CVar [[r.DOF.Scatter.EnableBokehSettings:1      ; bokeh simulation when scattering]]
[2019.06.04-15.58.53:167][  0]LogConfig: Setting CVar [[r.DOF.Scatter.MaxSpriteRatio:0.1         ; only a maximum of 10% of scattered bokeh]]
[2019.06.04-15.58.53:167][  0]LogConfig: Setting CVar [[r.DOF.Recombine.Quality:1                ; cheap slight out of focus]]
[2019.06.04-15.58.53:167][  0]LogConfig: Setting CVar [[r.DOF.Recombine.EnableBokehSettings:0    ; no bokeh simulation on slight out of focus]]
[2019.06.04-15.58.53:167][  0]LogConfig: Setting CVar [[r.DOF.TemporalAAQuality:1                ; more stable temporal accumulation]]
[2019.06.04-15.58.53:167][  0]LogConfig: Setting CVar [[r.DOF.Kernel.MaxForegroundRadius:0.025]]
[2019.06.04-15.58.53:167][  0]LogConfig: Setting CVar [[r.DOF.Kernel.MaxBackgroundRadius:0.025]]
[2019.06.04-15.58.53:167][  0]LogConfig: Applying CVar settings from Section [TextureQuality@3] File [C:/Users/lucas/Documents/GitHub/Hakunamatata/Hakunamatata 4.22/Saved/Config/Windows/Scalability.ini]
[2019.06.04-15.58.53:167][  0]LogConfig: Setting CVar [[r.Streaming.MipBias:0]]
[2019.06.04-15.58.53:167][  0]LogConfig: Setting CVar [[r.Streaming.AmortizeCPUToGPUCopy:0]]
[2019.06.04-15.58.53:167][  0]LogConfig: Setting CVar [[r.Streaming.MaxNumTexturesToStreamPerFrame:0]]
[2019.06.04-15.58.53:167][  0]LogConfig: Setting CVar [[r.Streaming.Boost:1]]
[2019.06.04-15.58.53:167][  0]LogConfig: Setting CVar [[r.MaxAnisotropy:8]]
[2019.06.04-15.58.53:167][  0]LogConfig: Setting CVar [[r.Streaming.LimitPoolSizeToVRAM:0]]
[2019.06.04-15.58.53:167][  0]LogConfig: Setting CVar [[r.Streaming.PoolSize:1000]]
[2019.06.04-15.58.53:167][  0]LogConfig: Setting CVar [[r.Streaming.MaxEffectiveScreenSize:0]]
[2019.06.04-15.58.53:167][  0]LogConfig: Applying CVar settings from Section [EffectsQuality@3] File [C:/Users/lucas/Documents/GitHub/Hakunamatata/Hakunamatata 4.22/Saved/Config/Windows/Scalability.ini]
[2019.06.04-15.58.53:168][  0]LogConfig: Setting CVar [[r.TranslucencyLightingVolumeDim:64]]
[2019.06.04-15.58.53:168][  0]LogConfig: Setting CVar [[r.RefractionQuality:2]]
[2019.06.04-15.58.53:168][  0]LogConfig: Setting CVar [[r.SSR.Quality:3]]
[2019.06.04-15.58.53:168][  0]LogConfig: Setting CVar [[r.SceneColorFormat:4]]
[2019.06.04-15.58.53:168][  0]LogConfig: Setting CVar [[r.DetailMode:2]]
[2019.06.04-15.58.53:168][  0]LogConfig: Setting CVar [[r.TranslucencyVolumeBlur:1]]
[2019.06.04-15.58.53:168][  0]LogConfig: Setting CVar [[r.MaterialQualityLevel:1 ; High quality]]
[2019.06.04-15.58.53:168][  0]LogConfig: Setting CVar [[r.SSS.Scale:1]]
[2019.06.04-15.58.53:168][  0]LogConfig: Setting CVar [[r.SSS.SampleSet:2]]
[2019.06.04-15.58.53:168][  0]LogConfig: Setting CVar [[r.SSS.Quality:1]]
[2019.06.04-15.58.53:168][  0]LogConfig: Setting CVar [[r.SSS.HalfRes:1]]
[2019.06.04-15.58.53:168][  0]LogConfig: Setting CVar [[r.EmitterSpawnRateScale:1.0]]
[2019.06.04-15.58.53:168][  0]LogConfig: Setting CVar [[r.ParticleLightQuality:2]]
[2019.06.04-15.58.53:168][  0]LogConfig: Applying CVar settings from Section [FoliageQuality@3] File [C:/Users/lucas/Documents/GitHub/Hakunamatata/Hakunamatata 4.22/Saved/Config/Windows/Scalability.ini]
[2019.06.04-15.58.53:168][  0]LogConfig: Setting CVar [[foliage.DensityScale:1.0]]
[2019.06.04-15.58.53:168][  0]LogConfig: Setting CVar [[grass.DensityScale:1.0]]
[2019.06.04-15.58.53:195][  0]LogInit: Selected Device Profile: [Windows]
[2019.06.04-15.58.53:195][  0]LogInit: Applying CVar settings loaded from the selected device profile: [Windows]
[2019.06.04-15.58.53:270][  0]LogHAL: Display: Platform has ~ 8 GB [8571179008 / 8589934592 / 8], which maps to Default [LargestMinGB=32, LargerMinGB=12, DefaultMinGB=8, SmallerMinGB=6, SmallestMinGB=0)
[2019.06.04-15.58.53:275][  0]LogConfig: Setting CVar [[r.Vulkan.UseRealUBs:0		; Required until we fix HLR fall-out]]
[2019.06.04-15.58.53:275][  0]LogInit: Going up to parent DeviceProfile []
[2019.06.04-15.58.53:275][  0]LogConfig: Applying CVar settings from Section [ViewDistanceQuality@3] File [C:/Users/lucas/Documents/GitHub/Hakunamatata/Hakunamatata 4.22/Saved/Config/Windows/Scalability.ini]
[2019.06.04-15.58.53:275][  0]LogConfig: Setting CVar [[r.SkeletalMeshLODBias:0]]
[2019.06.04-15.58.53:275][  0]LogConfig: Setting CVar [[r.ViewDistanceScale:1.0]]
[2019.06.04-15.58.53:275][  0]LogConfig: Applying CVar settings from Section [AntiAliasingQuality@3] File [C:/Users/lucas/Documents/GitHub/Hakunamatata/Hakunamatata 4.22/Saved/Config/Windows/Scalability.ini]
[2019.06.04-15.58.53:275][  0]LogConfig: Setting CVar [[r.PostProcessAAQuality:4]]
[2019.06.04-15.58.53:275][  0]LogConfig: Applying CVar settings from Section [ShadowQuality@3] File [C:/Users/lucas/Documents/GitHub/Hakunamatata/Hakunamatata 4.22/Saved/Config/Windows/Scalability.ini]
[2019.06.04-15.58.53:275][  0]LogConfig: Setting CVar [[r.LightFunctionQuality:1]]
[2019.06.04-15.58.53:275][  0]LogConfig: Setting CVar [[r.ShadowQuality:5]]
[2019.06.04-15.58.53:275][  0]LogConfig: Setting CVar [[r.Shadow.CSM.MaxCascades:10]]
[2019.06.04-15.58.53:275][  0]LogConfig: Setting CVar [[r.Shadow.MaxResolution:2048]]
[2019.06.04-15.58.53:276][  0]LogConfig: Setting CVar [[r.Shadow.MaxCSMResolution:2048]]
[2019.06.04-15.58.53:276][  0]LogConfig: Setting CVar [[r.Shadow.RadiusThreshold:0.01]]
[2019.06.04-15.58.53:276][  0]LogConfig: Setting CVar [[r.Shadow.DistanceScale:1.0]]
[2019.06.04-15.58.53:276][  0]LogConfig: Setting CVar [[r.Shadow.CSM.TransitionScale:1.0]]
[2019.06.04-15.58.53:276][  0]LogConfig: Setting CVar [[r.Shadow.PreShadowResolutionFactor:1.0]]
[2019.06.04-15.58.53:276][  0]LogConfig: Setting CVar [[r.DistanceFieldShadowing:1]]
[2019.06.04-15.58.53:276][  0]LogConfig: Setting CVar [[r.DistanceFieldAO:1]]
[2019.06.04-15.58.53:276][  0]LogConfig: Setting CVar [[r.AOQuality:2]]
[2019.06.04-15.58.53:276][  0]LogConfig: Setting CVar [[r.VolumetricFog:1]]
[2019.06.04-15.58.53:276][  0]LogConfig: Setting CVar [[r.VolumetricFog.GridPixelSize:8]]
[2019.06.04-15.58.53:276][  0]LogConfig: Setting CVar [[r.VolumetricFog.GridSizeZ:128]]
[2019.06.04-15.58.53:276][  0]LogConfig: Setting CVar [[r.VolumetricFog.HistoryMissSupersampleCount:4]]
[2019.06.04-15.58.53:276][  0]LogConfig: Setting CVar [[r.LightMaxDrawDistanceScale:1]]
[2019.06.04-15.58.53:276][  0]LogConfig: Setting CVar [[r.CapsuleShadows:1]]
[2019.06.04-15.58.53:276][  0]LogConfig: Applying CVar settings from Section [PostProcessQuality@3] File [C:/Users/lucas/Documents/GitHub/Hakunamatata/Hakunamatata 4.22/Saved/Config/Windows/Scalability.ini]
[2019.06.04-15.58.53:276][  0]LogConfig: Setting CVar [[r.MotionBlurQuality:4]]
[2019.06.04-15.58.53:276][  0]LogConfig: Setting CVar [[r.AmbientOcclusionMipLevelFactor:0.4]]
[2019.06.04-15.58.53:276][  0]LogConfig: Setting CVar [[r.AmbientOcclusionMaxQuality:100]]
[2019.06.04-15.58.53:276][  0]LogConfig: Setting CVar [[r.AmbientOcclusionLevels:-1]]
[2019.06.04-15.58.53:276][  0]LogConfig: Setting CVar [[r.AmbientOcclusionRadiusScale:1.0]]
[2019.06.04-15.58.53:276][  0]LogConfig: Setting CVar [[r.DepthOfFieldQuality:2]]
[2019.06.04-15.58.53:276][  0]LogConfig: Setting CVar [[r.RenderTargetPoolMin:400]]
[2019.06.04-15.58.53:276][  0]LogConfig: Setting CVar [[r.LensFlareQuality:2]]
[2019.06.04-15.58.53:276][  0]LogConfig: Setting CVar [[r.SceneColorFringeQuality:1]]
[2019.06.04-15.58.53:276][  0]LogConfig: Setting CVar [[r.EyeAdaptationQuality:2]]
[2019.06.04-15.58.53:276][  0]LogConfig: Setting CVar [[r.BloomQuality:5]]
[2019.06.04-15.58.53:276][  0]LogConfig: Setting CVar [[r.FastBlurThreshold:100]]
[2019.06.04-15.58.53:276][  0]LogConfig: Setting CVar [[r.Upscale.Quality:3]]
[2019.06.04-15.58.53:276][  0]LogConfig: Setting CVar [[r.Tonemapper.GrainQuantization:1]]
[2019.06.04-15.58.53:276][  0]LogConfig: Setting CVar [[r.LightShaftQuality:1]]
[2019.06.04-15.58.53:276][  0]LogConfig: Setting CVar [[r.Filter.SizeScale:1]]
[2019.06.04-15.58.53:276][  0]LogConfig: Setting CVar [[r.Tonemapper.Quality:5]]
[2019.06.04-15.58.53:276][  0]LogConfig: Setting CVar [[r.DOF.Gather.AccumulatorQuality:1        ; higher gathering accumulator quality]]
[2019.06.04-15.58.53:276][  0]LogConfig: Setting CVar [[r.DOF.Gather.PostfilterMethod:1          ; Median3x3 postfilering method]]
[2019.06.04-15.58.53:276][  0]LogConfig: Setting CVar [[r.DOF.Gather.EnableBokehSettings:0       ; no bokeh simulation when gathering]]
[2019.06.04-15.58.53:276][  0]LogConfig: Setting CVar [[r.DOF.Gather.RingCount:4                 ; medium number of samples when gathering]]
[2019.06.04-15.58.53:276][  0]LogConfig: Setting CVar [[r.DOF.Scatter.ForegroundCompositing:1    ; additive foreground scattering]]
[2019.06.04-15.58.53:276][  0]LogConfig: Setting CVar [[r.DOF.Scatter.BackgroundCompositing:2    ; additive background scattering]]
[2019.06.04-15.58.53:276][  0]LogConfig: Setting CVar [[r.DOF.Scatter.EnableBokehSettings:1      ; bokeh simulation when scattering]]
[2019.06.04-15.58.53:276][  0]LogConfig: Setting CVar [[r.DOF.Scatter.MaxSpriteRatio:0.1         ; only a maximum of 10% of scattered bokeh]]
[2019.06.04-15.58.53:276][  0]LogConfig: Setting CVar [[r.DOF.Recombine.Quality:1                ; cheap slight out of focus]]
[2019.06.04-15.58.53:276][  0]LogConfig: Setting CVar [[r.DOF.Recombine.EnableBokehSettings:0    ; no bokeh simulation on slight out of focus]]
[2019.06.04-15.58.53:276][  0]LogConfig: Setting CVar [[r.DOF.TemporalAAQuality:1                ; more stable temporal accumulation]]
[2019.06.04-15.58.53:276][  0]LogConfig: Setting CVar [[r.DOF.Kernel.MaxForegroundRadius:0.025]]
[2019.06.04-15.58.53:276][  0]LogConfig: Setting CVar [[r.DOF.Kernel.MaxBackgroundRadius:0.025]]
[2019.06.04-15.58.53:276][  0]LogConfig: Applying CVar settings from Section [TextureQuality@3] File [C:/Users/lucas/Documents/GitHub/Hakunamatata/Hakunamatata 4.22/Saved/Config/Windows/Scalability.ini]
[2019.06.04-15.58.53:276][  0]LogConfig: Setting CVar [[r.Streaming.MipBias:0]]
[2019.06.04-15.58.53:276][  0]LogConfig: Setting CVar [[r.Streaming.AmortizeCPUToGPUCopy:0]]
[2019.06.04-15.58.53:276][  0]LogConfig: Setting CVar [[r.Streaming.MaxNumTexturesToStreamPerFrame:0]]
[2019.06.04-15.58.53:276][  0]LogConfig: Setting CVar [[r.Streaming.Boost:1]]
[2019.06.04-15.58.53:276][  0]LogConfig: Setting CVar [[r.MaxAnisotropy:8]]
[2019.06.04-15.58.53:276][  0]LogConfig: Setting CVar [[r.Streaming.LimitPoolSizeToVRAM:0]]
[2019.06.04-15.58.53:276][  0]LogConfig: Setting CVar [[r.Streaming.PoolSize:1000]]
[2019.06.04-15.58.53:276][  0]LogConfig: Setting CVar [[r.Streaming.MaxEffectiveScreenSize:0]]
[2019.06.04-15.58.53:277][  0]LogConfig: Applying CVar settings from Section [EffectsQuality@3] File [C:/Users/lucas/Documents/GitHub/Hakunamatata/Hakunamatata 4.22/Saved/Config/Windows/Scalability.ini]
[2019.06.04-15.58.53:277][  0]LogConfig: Setting CVar [[r.TranslucencyLightingVolumeDim:64]]
[2019.06.04-15.58.53:277][  0]LogConfig: Setting CVar [[r.RefractionQuality:2]]
[2019.06.04-15.58.53:277][  0]LogConfig: Setting CVar [[r.SSR.Quality:3]]
[2019.06.04-15.58.53:277][  0]LogConfig: Setting CVar [[r.SceneColorFormat:4]]
[2019.06.04-15.58.53:277][  0]LogConfig: Setting CVar [[r.DetailMode:2]]
[2019.06.04-15.58.53:277][  0]LogConfig: Setting CVar [[r.TranslucencyVolumeBlur:1]]
[2019.06.04-15.58.53:277][  0]LogConfig: Setting CVar [[r.MaterialQualityLevel:1 ; High quality]]
[2019.06.04-15.58.53:277][  0]LogConfig: Setting CVar [[r.SSS.Scale:1]]
[2019.06.04-15.58.53:277][  0]LogConfig: Setting CVar [[r.SSS.SampleSet:2]]
[2019.06.04-15.58.53:277][  0]LogConfig: Setting CVar [[r.SSS.Quality:1]]
[2019.06.04-15.58.53:277][  0]LogConfig: Setting CVar [[r.SSS.HalfRes:1]]
[2019.06.04-15.58.53:277][  0]LogConfig: Setting CVar [[r.EmitterSpawnRateScale:1.0]]
[2019.06.04-15.58.53:277][  0]LogConfig: Setting CVar [[r.ParticleLightQuality:2]]
[2019.06.04-15.58.53:277][  0]LogConfig: Applying CVar settings from Section [FoliageQuality@3] File [C:/Users/lucas/Documents/GitHub/Hakunamatata/Hakunamatata 4.22/Saved/Config/Windows/Scalability.ini]
[2019.06.04-15.58.53:277][  0]LogConfig: Setting CVar [[foliage.DensityScale:1.0]]
[2019.06.04-15.58.53:277][  0]LogConfig: Setting CVar [[grass.DensityScale:1.0]]
[2019.06.04-15.58.53:277][  0]LogConfig: Applying CVar settings from Section [Startup] File [../../../Engine/Config/ConsoleVariables.ini]
[2019.06.04-15.58.53:283][  0]LogConfig: Setting CVar [[net.UseAdaptiveNetUpdateFrequency:0]]
[2019.06.04-15.58.53:283][  0]LogConfig: Setting CVar [[p.chaos.AllowCreatePhysxBodies:1]]
[2019.06.04-15.58.53:283][  0]LogConfig: Applying CVar settings from Section [ConsoleVariables] File [C:/Users/lucas/Documents/GitHub/Hakunamatata/Hakunamatata 4.22/Saved/Config/Windows/Engine.ini]
[2019.06.04-15.58.53:297][  0]LogInit: Computer: DESKTOP-D27FTK0
[2019.06.04-15.58.53:297][  0]LogInit: User: lucas
[2019.06.04-15.58.53:297][  0]LogInit: CPU Page size=4096, Cores=3
[2019.06.04-15.58.53:297][  0]LogInit: High frequency timer resolution =3.433382 MHz
[2019.06.04-15.58.53:298][  0]LogMemory: Memory total: Physical=8.0GB (8GB approx)
[2019.06.04-15.58.53:298][  0]LogMemory: Platform Memory Stats for Windows
[2019.06.04-15.58.53:298][  0]LogMemory: Process Physical Memory: 96.12 MB used, 96.12 MB peak
[2019.06.04-15.58.53:298][  0]LogMemory: Process Virtual Memory: 84.02 MB used, 84.02 MB peak
[2019.06.04-15.58.53:298][  0]LogMemory: Physical Memory: 4109.27 MB used,  4064.85 MB free, 8174.11 MB total
[2019.06.04-15.58.53:298][  0]LogMemory: Virtual Memory: 4639.82 MB used,  134213088.00 MB free, 134217728.00 MB total
[2019.06.04-15.58.54:170][  0]LogInit: Using OS detected language (en-GB).
[2019.06.04-15.58.54:170][  0]LogInit: Using OS detected locale (en-GB).
[2019.06.04-15.58.54:221][  0]LogTextLocalizationManager: No specific localization for 'en-GB' exists, so the 'en' localization will be used.
[2019.06.04-15.58.54:958][  0]LogInit: Setting process to per monitor DPI aware
[2019.06.04-15.58.56:183][  0]LogSlate: New Slate User Created.  User Index 0, Is Virtual User: 0
[2019.06.04-15.58.56:183][  0]LogSlate: Slate User Registered.  User Index 0, Is Virtual User: 0
[2019.06.04-15.58.59:880][  0]LogHMD: Failed to initialize OpenVR with code 100
[2019.06.04-15.58.59:880][  0]LogD3D11RHI: D3D11 adapters:
[2019.06.04-15.58.59:983][  0]LogD3D11RHI:    0. 'NVIDIA GeForce GTX 1050 Ti' (Feature Level 11_0)
[2019.06.04-15.58.59:983][  0]LogD3D11RHI:       4018/0/4087 MB DedicatedVideo/DedicatedSystem/SharedSystem, Outputs:2, VendorId:0x10de
[2019.06.04-15.58.59:986][  0]LogD3D11RHI:    1. 'Microsoft Basic Render Driver' (Feature Level 11_0)
[2019.06.04-15.58.59:986][  0]LogD3D11RHI:       0/0/4087 MB DedicatedVideo/DedicatedSystem/SharedSystem, Outputs:0, VendorId:0x1414
[2019.06.04-15.58.59:986][  0]LogD3D11RHI: Chosen D3D11 Adapter: 0
[2019.06.04-15.59.00:011][  0]LogD3D11RHI: Creating new Direct3DDevice
[2019.06.04-15.59.00:011][  0]LogD3D11RHI:     GPU DeviceId: 0x1c82 (for the marketing name, search the web for "GPU Device Id")
[2019.06.04-15.59.00:011][  0]LogWindows: EnumDisplayDevices:
[2019.06.04-15.59.00:012][  0]LogWindows:    0. 'NVIDIA GeForce GTX 1050 Ti' (P:0 D:1)
[2019.06.04-15.59.00:012][  0]LogWindows:    1. 'NVIDIA GeForce GTX 1050 Ti' (P:1 D:1)
[2019.06.04-15.59.00:012][  0]LogWindows:    2. 'NVIDIA GeForce GTX 1050 Ti' (P:0 D:0)
[2019.06.04-15.59.00:012][  0]LogWindows:    3. 'NVIDIA GeForce GTX 1050 Ti' (P:0 D:0)
[2019.06.04-15.59.00:013][  0]LogWindows: DebugString: FoundDriverCount:4 
[2019.06.04-15.59.00:013][  0]LogD3D11RHI:     Adapter Name: NVIDIA GeForce GTX 1050 Ti
[2019.06.04-15.59.00:013][  0]LogD3D11RHI:   Driver Version: 419.67 (internal:25.21.14.1967, unified:419.67)
[2019.06.04-15.59.00:013][  0]LogD3D11RHI:      Driver Date: 3-17-2019
[2019.06.04-15.59.00:013][  0]LogRHI: Texture pool is 2812 MB (70% of 4018 MB)
[2019.06.04-15.59.00:130][  0]LogD3D11RHI: Async texture creation enabled
[2019.06.04-15.59.00:296][  0]LogRendererCore: FGlobalReadBuffer::InitRHI
[2019.06.04-15.59.00:304][  0]LogRendererCore: FGlobalReadBuffer::InitRHI
[2019.06.04-15.59.00:304][  0]LogRendererCore: FGlobalReadBuffer::InitRHI
[2019.06.04-15.59.00:324][  0]LogD3D11RHI: GPU Timing Frequency: 1000.000000 (Debug: 2 1)
[2019.06.04-15.59.01:724][  0]LogTemp: Display: Module 'AllDesktopTargetPlatform' loaded TargetPlatform 'AllDesktop'
[2019.06.04-15.59.01:773][  0]LogTemp: Display: Module 'MacClientTargetPlatform' loaded TargetPlatform 'MacClient'
[2019.06.04-15.59.01:823][  0]LogTemp: Display: Module 'MacNoEditorTargetPlatform' loaded TargetPlatform 'MacNoEditor'
[2019.06.04-15.59.01:873][  0]LogTemp: Display: Module 'MacServerTargetPlatform' loaded TargetPlatform 'MacServer'
[2019.06.04-15.59.01:957][  0]LogTemp: Display: Module 'MacTargetPlatform' loaded TargetPlatform 'Mac'
[2019.06.04-15.59.02:017][  0]LogTemp: Display: Module 'WindowsClientTargetPlatform' loaded TargetPlatform 'WindowsClient'
[2019.06.04-15.59.02:075][  0]LogTemp: Display: Module 'WindowsNoEditorTargetPlatform' loaded TargetPlatform 'WindowsNoEditor'
[2019.06.04-15.59.02:128][  0]LogTemp: Display: Module 'WindowsServerTargetPlatform' loaded TargetPlatform 'WindowsServer'
[2019.06.04-15.59.02:162][  0]LogTemp: Display: Module 'WindowsTargetPlatform' loaded TargetPlatform 'Windows'
[2019.06.04-15.59.02:392][  0]LogTemp: Display: Module 'AndroidTargetPlatform' loaded TargetPlatform 'Android'
[2019.06.04-15.59.02:392][  0]LogTemp: Display: Module 'AndroidTargetPlatform' loaded TargetPlatform 'Android_ASTC'
[2019.06.04-15.59.02:392][  0]LogTemp: Display: Module 'AndroidTargetPlatform' loaded TargetPlatform 'Android_ATC'
[2019.06.04-15.59.02:392][  0]LogTemp: Display: Module 'AndroidTargetPlatform' loaded TargetPlatform 'Android_DXT'
[2019.06.04-15.59.02:392][  0]LogTemp: Display: Module 'AndroidTargetPlatform' loaded TargetPlatform 'Android_ETC1'
[2019.06.04-15.59.02:392][  0]LogTemp: Display: Module 'AndroidTargetPlatform' loaded TargetPlatform 'Android_ETC1a'
[2019.06.04-15.59.02:392][  0]LogTemp: Display: Module 'AndroidTargetPlatform' loaded TargetPlatform 'Android_ETC2'
[2019.06.04-15.59.02:392][  0]LogTemp: Display: Module 'AndroidTargetPlatform' loaded TargetPlatform 'Android_PVRTC'
[2019.06.04-15.59.02:392][  0]LogTemp: Display: Module 'AndroidTargetPlatform' loaded TargetPlatform 'AndroidClient'
[2019.06.04-15.59.02:392][  0]LogTemp: Display: Module 'AndroidTargetPlatform' loaded TargetPlatform 'Android_ASTCClient'
[2019.06.04-15.59.02:392][  0]LogTemp: Display: Module 'AndroidTargetPlatform' loaded TargetPlatform 'Android_ATCClient'
[2019.06.04-15.59.02:392][  0]LogTemp: Display: Module 'AndroidTargetPlatform' loaded TargetPlatform 'Android_DXTClient'
[2019.06.04-15.59.02:392][  0]LogTemp: Display: Module 'AndroidTargetPlatform' loaded TargetPlatform 'Android_ETC1Client'
[2019.06.04-15.59.02:392][  0]LogTemp: Display: Module 'AndroidTargetPlatform' loaded TargetPlatform 'Android_ETC1aClient'
[2019.06.04-15.59.02:392][  0]LogTemp: Display: Module 'AndroidTargetPlatform' loaded TargetPlatform 'Android_ETC2Client'
[2019.06.04-15.59.02:392][  0]LogTemp: Display: Module 'AndroidTargetPlatform' loaded TargetPlatform 'Android_PVRTCClient'
[2019.06.04-15.59.02:392][  0]LogTemp: Display: Module 'AndroidTargetPlatform' loaded TargetPlatform 'Android_Multi'
[2019.06.04-15.59.02:392][  0]LogTemp: Display: Module 'AndroidTargetPlatform' loaded TargetPlatform 'Android_MultiClient'
[2019.06.04-15.59.02:424][  0]LogTemp: Display: Module 'HTML5TargetPlatform' loaded TargetPlatform 'HTML5'
[2019.06.04-15.59.02:598][  0]LogTemp: Display: Module 'IOSTargetPlatform' loaded TargetPlatform 'IOSClient'
[2019.06.04-15.59.02:599][  0]LogTemp: Display: Module 'IOSTargetPlatform' loaded TargetPlatform 'IOS'
[2019.06.04-15.59.02:682][  0]LogTemp: Display: Module 'TVOSTargetPlatform' loaded TargetPlatform 'TVOSClient'
[2019.06.04-15.59.02:682][  0]LogTemp: Display: Module 'TVOSTargetPlatform' loaded TargetPlatform 'TVOS'
[2019.06.04-15.59.02:731][  0]LogTemp: Display: Module 'LinuxClientTargetPlatform' loaded TargetPlatform 'LinuxClient'
[2019.06.04-15.59.02:796][  0]LogTemp: Display: Module 'LinuxNoEditorTargetPlatform' loaded TargetPlatform 'LinuxNoEditor'
[2019.06.04-15.59.02:843][  0]LogTemp: Display: Module 'LinuxServerTargetPlatform' loaded TargetPlatform 'LinuxServer'
[2019.06.04-15.59.02:923][  0]LogTemp: Display: Module 'LinuxTargetPlatform' loaded TargetPlatform 'Linux'
[2019.06.04-15.59.03:048][  0]LogTemp: Display: Module 'LuminTargetPlatform' loaded TargetPlatform 'Lumin'
[2019.06.04-15.59.03:048][  0]LogTemp: Display: Module 'LuminTargetPlatform' loaded TargetPlatform 'LuminClient'
[2019.06.04-15.59.03:048][  0]LogTargetPlatformManager: Display: Building Assets For Windows
[2019.06.04-15.59.03:269][  0]LogAudioDebug: Display: Lib vorbis DLL was dynamically loaded.
[2019.06.04-15.59.04:159][  0]LogShaderCompilers: Guid format shader working directory is -17 characters bigger than the processId version (C:/Users/lucas/Documents/GitHub/Hakunamatata/Hakunamatata 4.22/Intermediate/Shaders/WorkingDirectory/12340/).
[2019.06.04-15.59.04:159][  0]LogShaderCompilers: Cleaned the shader compiler working directory 'C:/Users/lucas/AppData/Local/Temp/UnrealShaderWorkingDir/7AD7A00D4D3C3AF7CAD55582D5985536/'.
[2019.06.04-15.59.04:164][  0]LogXGEController: Cleaning working directory: C:/Users/lucas/AppData/Local/Temp/UnrealXGEWorkingDir/
[2019.06.04-15.59.04:165][  0]LogXGEController: Cannot use XGE Controller as Incredibuild is not installed on this machine.
[2019.06.04-15.59.04:165][  0]LogShaderCompilers: Cannot use XGE Shader Compiler as Incredibuild is not installed on this machine.
[2019.06.04-15.59.04:165][  0]LogShaderCompilers: Display: Using Local Shader Compiler.
[2019.06.04-15.59.09:478][  0]LogDerivedDataCache: Display: Max Cache Size: 512 MB
[2019.06.04-15.59.10:059][  0]LogDerivedDataCache: Loaded boot cache 0.58s 71MB C:/Users/lucas/AppData/Local/UnrealEngine/4.22/DerivedDataCache/Boot.ddc.
[2019.06.04-15.59.10:059][  0]LogDerivedDataCache: Display: Loaded Boot cache: C:/Users/lucas/AppData/Local/UnrealEngine/4.22/DerivedDataCache/Boot.ddc
[2019.06.04-15.59.10:059][  0]LogDerivedDataCache: FDerivedDataBackendGraph:  Pak pak cache file C:/Users/lucas/Documents/GitHub/Hakunamatata/Hakunamatata 4.22/DerivedDataCache/DDC.ddp not found, will not use a pak cache.
[2019.06.04-15.59.10:059][  0]LogDerivedDataCache: Unable to find inner node Pak for hierarchical cache Hierarchy.
[2019.06.04-15.59.10:059][  0]LogDerivedDataCache: FDerivedDataBackendGraph:  CompressedPak pak cache file C:/Users/lucas/Documents/GitHub/Hakunamatata/Hakunamatata 4.22/DerivedDataCache/Compressed.ddp not found, will not use a pak cache.
[2019.06.04-15.59.10:059][  0]LogDerivedDataCache: Unable to find inner node CompressedPak for hierarchical cache Hierarchy.
[2019.06.04-15.59.10:175][  0]LogDerivedDataCache: Display: Pak cache opened for reading ../../../Engine/DerivedDataCache/Compressed.ddp.
[2019.06.04-15.59.10:175][  0]LogDerivedDataCache: FDerivedDataBackendGraph:  EnterprisePak pak cache file ../../../Enterprise/DerivedDataCache/Compressed.ddp not found, will not use a pak cache.
[2019.06.04-15.59.10:175][  0]LogDerivedDataCache: Unable to find inner node EnterprisePak for hierarchical cache Hierarchy.
[2019.06.04-15.59.10:188][  0]LogDerivedDataCache: Using Local data cache path C:/Users/lucas/AppData/Local/UnrealEngine/Common/DerivedDataCache: Writable
[2019.06.04-15.59.10:188][  0]LogDerivedDataCache: Shared data cache path not found in *engine.ini, will not use an Shared cache.
[2019.06.04-15.59.10:188][  0]LogDerivedDataCache: Unable to find inner node Shared for hierarchical cache Hierarchy.
[2019.06.04-15.59.10:276][  0]LogMaterial: Verifying Global Shaders for PCD3D_SM5
[2019.06.04-15.59.10:358][  0]LogSlate: Using FreeType 2.6.0
[2019.06.04-15.59.10:531][  0]LogSlate: SlateFontServices - WITH_FREETYPE: 1, WITH_HARFBUZZ: 1
[2019.06.04-15.59.12:040][  0]LogAssetRegistry: FAssetRegistry took 0.0480 seconds to start up
[2019.06.04-15.59.15:565][  0]LogInit: Selected Device Profile: [Windows]
[2019.06.04-15.59.17:059][  0]LogMeshReduction: Using QuadricMeshReduction for automatic static mesh reduction
[2019.06.04-15.59.17:059][  0]LogMeshReduction: Using SimplygonMeshReduction for automatic skeletal mesh reduction
[2019.06.04-15.59.17:059][  0]LogMeshReduction: Using ProxyLODMeshReduction for automatic mesh merging
[2019.06.04-15.59.17:059][  0]LogMeshReduction: No distributed automatic mesh merging module available
[2019.06.04-15.59.17:059][  0]LogMeshMerging: No distributed automatic mesh merging module available
[2019.06.04-15.59.17:600][  0]LogNetVersion: CRPG3D 1.0.0, NetCL: 5660361, EngineNetVer: 10, GameNetVer: 0 (Checksum: 2860058356)
[2019.06.04-15.59.23:059][  0]LogPackageLocalizationCache: Processed 10 localized package path(s) for 1 prioritized culture(s) in 0.105959 seconds
[2019.06.04-15.59.23:085][  0]LogUObjectArray: 42205 objects as part of root set at end of initial load.
[2019.06.04-15.59.23:085][  0]LogUObjectAllocator: 7325032 out of 0 bytes used by permanent object pool.
[2019.06.04-15.59.23:085][  0]LogUObjectArray: CloseDisregardForGC: 0/0 objects in disregard for GC pool
[2019.06.04-15.59.40:247][  0]LogTcpMessaging: Initializing TcpMessaging bridge
[2019.06.04-15.59.40:299][  0]LogUdpMessaging: Initializing bridge on interface 0.0.0.0:0 to multicast group 230.0.0.1:6666.
[2019.06.04-15.59.41:401][  0]SourceControl: Source control is disabled
[2019.06.04-15.59.41:419][  0]SourceControl: Source control is disabled
[2019.06.04-15.59.41:502][  0]SourceControl: Source control is disabled
[2019.06.04-15.59.41:551][  0]SourceControl: Source control is disabled
[2019.06.04-15.59.41:647][  0]LogVSAccessor: Display: Unable to create Visual Studio setup instance: 80040154
[2019.06.04-15.59.41:648][  0]LogVSAccessor: Display: Unable to create Visual Studio setup instance: 80040154
[2019.06.04-15.59.43:478][  0]LogAndroidPermission: UAndroidPermissionCallbackProxy::GetInstance
[2019.06.04-15.59.44:387][  0]LogOcInput: OculusInput pre-init called
[2019.06.04-15.59.46:773][  0]LogEngine: Initializing Engine...
[2019.06.04-15.59.46:784][  0]LogHMD: Failed to initialize OpenVR with code 100
[2019.06.04-15.59.46:787][  0]LogStats: UGameplayTagsManager::InitializeManager -  0.001 s
[2019.06.04-15.59.47:801][  0]LogLinker: Warning: Can't find file '/Script/StoryGraphPluginRuntime'
[2019.06.04-15.59.47:801][  0]LogLinker: Warning: Can't find file '/Script/StoryGraphPluginRuntime'
[2019.06.04-15.59.47:802][  0]LogUObjectGlobals: Warning: Failed to find object 'Class /Script/StoryGraphPluginRuntime.LevelScriptActor_StoryGraph'
[2019.06.04-15.59.47:802][  0]LogEngine: Error: Failed to load '/Script/StoryGraphPluginRuntime.LevelScriptActor_StoryGraph', falling back to 'LevelScriptActor'
[2019.06.04-15.59.47:877][  0]LogInit: Initializing FReadOnlyCVARCache
[2019.06.04-15.59.48:301][  0]LogAIModule: Creating AISystem for world Untitled
[2019.06.04-15.59.48:480][  0]LogInit: XAudio2 using 'Headphones (High Definition Audio Device)' : 2 channels at 48 kHz using 32 bits per sample (channel mask 0x3)
[2019.06.04-15.59.48:560][  0]LogInit: FAudioDevice initialized.
[2019.06.04-15.59.48:561][  0]LogNetVersion: Set ProjectVersion to 1.0.0.0. Version Checksum will be recalculated on next use.
[2019.06.04-15.59.48:787][  0]LogDerivedDataCache: Saved boot cache 0.23s 71MB C:/Users/lucas/AppData/Local/UnrealEngine/4.22/DerivedDataCache/Boot.ddc.
[2019.06.04-15.59.48:809][  0]LogInit: Texture streaming: Enabled
[2019.06.04-15.59.49:029][  0]LogEngineSessionManager: EngineSessionManager initialized
[2019.06.04-15.59.49:262][  0]LogInit: Transaction tracking system initialized
[2019.06.04-15.59.49:674][  0]BlueprintLog: New page: Editor Load
[2019.06.04-15.59.51:479][  0]LocalizationService: Localization service is disabled
[2019.06.04-15.59.52:639][  0]LogVSAccessor: Display: Unable to create Visual Studio setup instance: 80040154
[2019.06.04-15.59.52:640][  0]LogVSAccessor: Display: Unable to create Visual Studio setup instance: 80040154
[2019.06.04-15.59.55:632][  0]LogCook: Display: Max memory allowance for cook 16384mb min free memory 0mb
[2019.06.04-15.59.55:632][  0]LogCook: Display: Mobile HDR setting 1
[2019.06.04-15.59.56:966][  0]LogFileCache: Scanning file cache for directory 'C:/Users/lucas/Documents/GitHub/Hakunamatata/Hakunamatata 4.22/Content/' took 0.11s
[2019.06.04-16.00.00:729][  0]SourceControl: Source control is disabled
[2019.06.04-16.00.00:751][  0]Cmd: MAP LOAD FILE="C:/Users/lucas/Documents/GitHub/Hakunamatata/Hakunamatata 4.22/Content/CRPG_3_0/maps/Desert_5_0.umap" TEMPLATE=0 SHOWPROGRESS=1 FEATURELEVEL=3
[2019.06.04-16.00.00:752][  0]LightingResults: New page: Lighting Build
[2019.06.04-16.00.00:938][  0]MapCheck: New page: Map Check
[2019.06.04-16.00.00:938][  0]LightingResults: New page: Lighting Build
[2019.06.04-16.00.01:266][  0]LogUObjectHash: Compacting FUObjectHashTables data took   3.17ms
[2019.06.04-16.00.10:876][  0]LogAIModule: Creating AISystem for world Desert_5_0
[2019.06.04-16.00.11:644][  0]LogEditorServer: Finished looking for orphan Actors (0.000 secs)
[2019.06.04-16.00.11:865][  0]LogUObjectHash: Compacting FUObjectHashTables data took   6.22ms
[2019.06.04-16.00.11:865][  0]Cmd: MAP CHECKDEP NOCLEARLOG
[2019.06.04-16.00.11:866][  0]MapCheck: Map check complete: 0 Error(s), 0 Warning(s), took 0.28ms to complete.
[2019.06.04-16.00.11:866][  0]LogFileHelpers: Loading map 'Desert_5_0' took 11.127
[2019.06.04-16.00.13:805][  0]LogSlate: Updating window title bar state: overlay mode, drag disabled, window buttons hidden, title bar hidden
[2019.06.04-16.00.13:820][  0]LogSlate: Updating window title bar state: overlay mode, drag disabled, window buttons hidden, title bar hidden
[2019.06.04-16.00.13:835][  0]LogSlate: Updating window title bar state: overlay mode, drag disabled, window buttons hidden, title bar hidden
[2019.06.04-16.00.13:850][  0]LogSlate: Updating window title bar state: overlay mode, drag disabled, window buttons hidden, title bar hidden
[2019.06.04-16.00.14:122][  0]LogCollectionManager: Loaded 0 collections in 0.002717 seconds
[2019.06.04-16.00.14:268][  0]LogFileCache: Scanning file cache for directory 'C:/Users/lucas/Documents/GitHub/Hakunamatata/Hakunamatata 4.22/Saved/Collections/' took 0.01s
[2019.06.04-16.00.14:268][  0]LogFileCache: Scanning file cache for directory 'C:/Users/lucas/Documents/GitHub/Hakunamatata/Hakunamatata 4.22/Content/Developers/lucas/Collections/' took 0.00s
[2019.06.04-16.00.14:268][  0]LogFileCache: Scanning file cache for directory 'C:/Users/lucas/Documents/GitHub/Hakunamatata/Hakunamatata 4.22/Content/Collections/' took 0.00s
[2019.06.04-16.00.14:268][  0]LogCollectionManager: Rebuilt the GUID cache for 0 collections in 0.000000 seconds
[2019.06.04-16.00.14:287][  0]LogContentBrowser: Native class hierarchy populated in 0.0173 seconds. Added 2732 classes and 659 folders.
[2019.06.04-16.00.14:381][  0]LogContentBrowser: Native class hierarchy updated for 'WidgetCarousel' in 0.0005 seconds. Added 0 classes and 0 folders.
[2019.06.04-16.00.14:468][  0]LogPakFile: Registered encryption key '00000000000000000000000000000000': 0 pak files mounted, 0 remain pending
[2019.06.04-16.00.14:560][  0]LogPakFile: Registered encryption key '00000000000000000000000000000000': 0 pak files mounted, 0 remain pending
[2019.06.04-16.00.14:586][  0]LogPakFile: Registered encryption key '00000000000000000000000000000000': 0 pak files mounted, 0 remain pending
[2019.06.04-16.00.14:593][  0]LogPakFile: Registered encryption key '00000000000000000000000000000000': 0 pak files mounted, 0 remain pending
[2019.06.04-16.00.14:601][  0]LogPakFile: Registered encryption key '00000000000000000000000000000000': 0 pak files mounted, 0 remain pending
[2019.06.04-16.00.14:608][  0]LogPakFile: Registered encryption key '00000000000000000000000000000000': 0 pak files mounted, 0 remain pending
[2019.06.04-16.00.14:614][  0]LogPakFile: Registered encryption key '00000000000000000000000000000000': 0 pak files mounted, 0 remain pending
[2019.06.04-16.00.14:621][  0]LogPakFile: Registered encryption key '00000000000000000000000000000000': 0 pak files mounted, 0 remain pending
[2019.06.04-16.00.14:629][  0]LogPakFile: Registered encryption key '00000000000000000000000000000000': 0 pak files mounted, 0 remain pending
[2019.06.04-16.00.14:658][  0]LogPakFile: Registered encryption key '00000000000000000000000000000000': 0 pak files mounted, 0 remain pending
[2019.06.04-16.00.14:666][  0]LogPakFile: Registered encryption key '00000000000000000000000000000000': 0 pak files mounted, 0 remain pending
[2019.06.04-16.00.14:673][  0]LogPakFile: Registered encryption key '00000000000000000000000000000000': 0 pak files mounted, 0 remain pending
[2019.06.04-16.00.14:680][  0]LogPakFile: Registered encryption key '00000000000000000000000000000000': 0 pak files mounted, 0 remain pending
[2019.06.04-16.00.14:687][  0]LogPakFile: Registered encryption key '00000000000000000000000000000000': 0 pak files mounted, 0 remain pending
[2019.06.04-16.00.14:694][  0]LogPakFile: Registered encryption key '00000000000000000000000000000000': 0 pak files mounted, 0 remain pending
[2019.06.04-16.00.14:708][  0]LogPakFile: Registered encryption key '00000000000000000000000000000000': 0 pak files mounted, 0 remain pending
[2019.06.04-16.00.14:746][  0]LogPakFile: Registered encryption key '00000000000000000000000000000000': 0 pak files mounted, 0 remain pending
[2019.06.04-16.00.14:768][  0]LogPakFile: Registered encryption key '00000000000000000000000000000000': 0 pak files mounted, 0 remain pending
[2019.06.04-16.00.14:792][  0]LogPakFile: Registered encryption key '00000000000000000000000000000000': 0 pak files mounted, 0 remain pending
[2019.06.04-16.00.14:798][  0]LogPakFile: Registered encryption key '00000000000000000000000000000000': 0 pak files mounted, 0 remain pending
[2019.06.04-16.00.14:805][  0]LogPakFile: Registered encryption key '00000000000000000000000000000000': 0 pak files mounted, 0 remain pending
[2019.06.04-16.00.14:812][  0]LogPakFile: Registered encryption key '00000000000000000000000000000000': 0 pak files mounted, 0 remain pending
[2019.06.04-16.00.14:818][  0]LogPakFile: Registered encryption key '00000000000000000000000000000000': 0 pak files mounted, 0 remain pending
[2019.06.04-16.00.14:833][  0]LogPakFile: Registered encryption key '00000000000000000000000000000000': 0 pak files mounted, 0 remain pending
[2019.06.04-16.00.14:839][  0]LogPakFile: Registered encryption key '00000000000000000000000000000000': 0 pak files mounted, 0 remain pending
[2019.06.04-16.00.14:849][  0]LogPakFile: Registered encryption key '00000000000000000000000000000000': 0 pak files mounted, 0 remain pending
[2019.06.04-16.00.15:814][  0]LogContentBrowser: Native class hierarchy updated for 'AddContentDialog' in 0.0006 seconds. Added 0 classes and 0 folders.
[2019.06.04-16.00.15:862][  0]LogContentBrowser: Native class hierarchy updated for 'SceneOutliner' in 0.0004 seconds. Added 1 classes and 2 folders.
[2019.06.04-16.00.16:864][  0]LogSlate: Took 0.086587 seconds to synchronously load lazily loaded font '../../../Engine/Content/Slate/Fonts/Roboto-Regular.ttf' (155K)
[2019.06.04-16.00.16:928][  0]LogSlate: Took 0.033478 seconds to synchronously load lazily loaded font '../../../Engine/Content/Slate/Fonts/Roboto-Bold.ttf' (160K)
[2019.06.04-16.00.16:952][  0]LogSlate: Took 0.017975 seconds to synchronously load lazily loaded font '../../../Engine/Content/Editor/Slate/Fonts/FontAwesome.ttf' (139K)
[2019.06.04-16.00.17:447][  0]LogRenderer: Reallocating scene render targets to support 1104x532 Format 10 NumSamples 1 (Frame:1).
[2019.06.04-16.00.18:263][  0]LogContentBrowser: Native class hierarchy updated for 'HierarchicalLODOutliner' in 0.0003 seconds. Added 0 classes and 0 folders.
[2019.06.04-16.00.18:264][  0]LogLoad: (Engine Initialization) Total time: 103.34 seconds
[2019.06.04-16.00.18:264][  0]LogLoad: (Engine Initialization) Total Blueprint compile time: 0.00 seconds
[2019.06.04-16.00.18:504][  0]LogContentStreaming: Texture pool size now 1000 MB
[2019.06.04-16.00.18:658][  0]LogSlate: Took 0.025999 seconds to synchronously load lazily loaded font '../../../Engine/Content/Slate/Fonts/Roboto-Light.ttf' (167K)
[2019.06.04-16.00.19:078][  3]LogAssetRegistry: Asset discovery search completed in 67.0594 seconds
[2019.06.04-16.00.19:081][  3]LogCollectionManager: Rebuilt the object cache for 0 collections in 0.000001 seconds (found 0 objects)
[2019.06.04-16.00.19:081][  3]LogCollectionManager: Fixed up redirectors for 0 collections in 0.000073 seconds (updated 0 objects)
[2019.06.04-16.54.15:885][150]LogSlate: FSceneViewport::OnFocusLost() reason 0
[2019.06.04-16.54.15:967][160]LogTemp: Repeating last play command: Selected Viewport
[2019.06.04-16.54.16:055][160]LogBlueprintUserMessages: Early PlayInEditor Detection: Level '/Game/CRPG_3_0/maps/Desert_5_0.Desert_5_0:PersistentLevel' has LevelScriptBlueprint '/Game/CRPG_3_0/maps/Desert_5_0.Desert_5_0:PersistentLevel.Desert_5_0' with GeneratedClass '/Game/CRPG_3_0/maps/Desert_5_0.Desert_5_0_C' with ClassGeneratedBy '/Game/CRPG_3_0/maps/Desert_5_0.Desert_5_0:PersistentLevel.Desert_5_0'
[2019.06.04-16.54.16:086][160]LogPlayLevel: PlayLevel: No blueprints needed recompiling
[2019.06.04-16.54.16:173][160]PIE: New page: PIE session: Desert_5_0 (4 Jun 2019 18:54:16)
[2019.06.04-16.54.16:366][160]LogPlayLevel: Creating play world package: /Game/CRPG_3_0/maps/UEDPIE_0_Desert_5_0
[2019.06.04-16.54.16:511][160]LogPlayLevel: PIE: StaticDuplicateObject took: (0.142726s)
[2019.06.04-16.54.16:528][160]LogAIModule: Creating AISystem for world Desert_5_0
[2019.06.04-16.54.16:541][160]LogPlayLevel: PIE: World Init took: (0.029116s)
[2019.06.04-16.54.16:541][160]LogPlayLevel: PIE: Created PIE world by copying editor world from /Game/CRPG_3_0/maps/Desert_5_0.Desert_5_0 to /Game/CRPG_3_0/maps/UEDPIE_0_Desert_5_0.Desert_5_0 (0.174509s)
[2019.06.04-16.54.16:662][160]LogUObjectHash: Compacting FUObjectHashTables data took   5.99ms
[2019.06.04-16.54.16:723][160]LogInit: XAudio2 using 'Headphones (High Definition Audio Device)' : 2 channels at 48 kHz using 32 bits per sample (channel mask 0x3)
[2019.06.04-16.54.16:741][160]LogInit: FAudioDevice initialized.
[2019.06.04-16.54.16:845][160]LogLoad: Game class is 'ThirdPersonGameMode_C'
[2019.06.04-16.54.16:988][160]LogWorld: Bringing World /Game/CRPG_3_0/maps/UEDPIE_0_Desert_5_0.Desert_5_0 up for play (max tick rate 0) at 2019.06.04-17.54.16
[2019.06.04-16.54.17:311][160]PIE: Warning: Mobility of /Game/CRPG_3_0/maps/UEDPIE_0_Desert_5_0.Desert_5_0:PersistentLevel.Cactus_2 : CollisionCylinder has to be 'Movable' if you'd like to move. 
[2019.06.04-16.54.17:313][160]PIE: Warning: Mobility of /Game/CRPG_3_0/maps/UEDPIE_0_Desert_5_0.Desert_5_0:PersistentLevel.Cactus2 : CollisionCylinder has to be 'Movable' if you'd like to move. 
[2019.06.04-16.54.17:313][160]PIE: Warning: Mobility of /Game/CRPG_3_0/maps/UEDPIE_0_Desert_5_0.Desert_5_0:PersistentLevel.Cactus3 : CollisionCylinder has to be 'Movable' if you'd like to move. 
[2019.06.04-16.54.17:313][160]PIE: Warning: Mobility of /Game/CRPG_3_0/maps/UEDPIE_0_Desert_5_0.Desert_5_0:PersistentLevel.Cactus4 : CollisionCylinder has to be 'Movable' if you'd like to move. 
[2019.06.04-16.54.17:314][160]PIE: Warning: Mobility of /Game/CRPG_3_0/maps/UEDPIE_0_Desert_5_0.Desert_5_0:PersistentLevel.Cactus5 : CollisionCylinder has to be 'Movable' if you'd like to move. 
[2019.06.04-16.54.17:341][160]LogWorld: Bringing up level for play took: 0.388727
[2019.06.04-16.54.17:444][160]LogSpawn: Warning: SpawnActor failed because no class was specified
[2019.06.04-16.54.17:514][160]LogContentBrowser: Native class hierarchy updated for 'MovieSceneCapture' in 0.0022 seconds. Added 20 classes and 0 folders.
[2019.06.04-16.54.17:517][160]LogGameMode: Display: Match State Changed from EnteringMap to WaitingToStart
[2019.06.04-16.54.17:517][160]LogGameState: Match State Changed from EnteringMap to WaitingToStart
[2019.06.04-16.54.17:517][160]LogGameMode: Display: Match State Changed from WaitingToStart to InProgress
[2019.06.04-16.54.17:782][160]LogGameState: Match State Changed from WaitingToStart to InProgress
[2019.06.04-16.54.17:784][160]PIE: Play in editor start time for /Game/CRPG_3_0/maps/UEDPIE_0_Desert_5_0 1.888
[2019.06.04-16.54.17:785][160]LogBlueprintUserMessages: Late PlayInEditor Detection: Level '/Game/CRPG_3_0/maps/Desert_5_0.Desert_5_0:PersistentLevel' has LevelScriptBlueprint '/Game/CRPG_3_0/maps/Desert_5_0.Desert_5_0:PersistentLevel.Desert_5_0' with GeneratedClass '/Game/CRPG_3_0/maps/Desert_5_0.Desert_5_0_C' with ClassGeneratedBy '/Game/CRPG_3_0/maps/Desert_5_0.Desert_5_0:PersistentLevel.Desert_5_0'
[2019.06.04-16.54.17:862][160]PIE: Warning: Mobility of /Game/CRPG_3_0/maps/UEDPIE_0_Desert_5_0.Desert_5_0:PersistentLevel.Cactus_2 : CollisionCylinder has to be 'Movable' if you'd like to move it with CharacterMovementComponent. 
[2019.06.04-16.54.17:862][160]PIE: Warning: Mobility of /Game/CRPG_3_0/maps/UEDPIE_0_Desert_5_0.Desert_5_0:PersistentLevel.Cactus2 : CollisionCylinder has to be 'Movable' if you'd like to move it with CharacterMovementComponent. 
[2019.06.04-16.54.17:862][160]PIE: Warning: Mobility of /Game/CRPG_3_0/maps/UEDPIE_0_Desert_5_0.Desert_5_0:PersistentLevel.Cactus3 : CollisionCylinder has to be 'Movable' if you'd like to move it with CharacterMovementComponent. 
[2019.06.04-16.54.17:862][160]PIE: Warning: Mobility of /Game/CRPG_3_0/maps/UEDPIE_0_Desert_5_0.Desert_5_0:PersistentLevel.Cactus4 : CollisionCylinder has to be 'Movable' if you'd like to move it with CharacterMovementComponent. 
[2019.06.04-16.54.17:862][160]PIE: Warning: Mobility of /Game/CRPG_3_0/maps/UEDPIE_0_Desert_5_0.Desert_5_0:PersistentLevel.Cactus5 : CollisionCylinder has to be 'Movable' if you'd like to move it with CharacterMovementComponent. 
[2019.06.04-16.54.18:164][160]LogScript: Warning: Script Msg: Attempted to access index -1 from array 'HotbarSlots' of length 8 in '/Game/InventorySystem/UMG/WBP_HotbarWidget.WBP_HotbarWidget_C'!
[2019.06.04-16.54.18:255][161]LogBlueprintUserMessages: [ArcherStatue3] ArrowThrow
[2019.06.04-16.54.25:614][628]LogBlueprintUserMessages: [ArcherStatue4] ArrowThrow
[2019.06.04-16.54.26:944][711]LogBlueprintUserMessages: [ArcherStatue5] ArrowThrow
[2019.06.04-16.55.12:880][673]LogCharacterMovement: Warning: GetSimulationTimeStep() - Max iterations 8 hit while remaining time 0.123946 > MaxSimulationTimeStep (0.050) for 'Joe_C_0', movement 'Walking'
[2019.06.04-16.55.51:867][ 90]LogBlueprintUserMessages: Early EndPlayMap Detection: Level '/Game/CRPG_3_0/maps/Desert_5_0.Desert_5_0:PersistentLevel' has LevelScriptBlueprint '/Game/CRPG_3_0/maps/Desert_5_0.Desert_5_0:PersistentLevel.Desert_5_0' with GeneratedClass '/Game/CRPG_3_0/maps/Desert_5_0.Desert_5_0_C' with ClassGeneratedBy '/Game/CRPG_3_0/maps/Desert_5_0.Desert_5_0:PersistentLevel.Desert_5_0'
[2019.06.04-16.55.51:917][ 90]LogBlueprintUserMessages: [InventoryManagerComponent] Saved inventory to file!
[2019.06.04-16.55.51:920][ 90]LogSlate: Updating window title bar state: overlay mode, drag disabled, window buttons hidden, title bar hidden
[2019.06.04-16.55.52:135][ 90]LogPlayLevel: Display: Shutting down PIE online subsystems
[2019.06.04-16.55.52:135][ 90]LogBlueprintUserMessages: Late EndPlayMap Detection: Level '/Game/CRPG_3_0/maps/Desert_5_0.Desert_5_0:PersistentLevel' has LevelScriptBlueprint '/Game/CRPG_3_0/maps/Desert_5_0.Desert_5_0:PersistentLevel.Desert_5_0' with GeneratedClass '/Game/CRPG_3_0/maps/Desert_5_0.Desert_5_0_C' with ClassGeneratedBy '/Game/CRPG_3_0/maps/Desert_5_0.Desert_5_0:PersistentLevel.Desert_5_0'
[2019.06.04-16.55.52:279][ 90]LogSlate: Updating window title bar state: overlay mode, drag disabled, window buttons hidden, title bar hidden
[2019.06.04-16.55.52:438][ 90]LogUObjectHash: Compacting FUObjectHashTables data took   4.41ms
[2019.06.04-16.55.52:521][ 90]LogSlate: FSceneViewport::OnFocusLost() reason 2
[2019.06.04-16.55.52:697][ 91]LogPlayLevel: Display: Destroying online subsystem :Context_3
[2019.06.04-16.55.53:684][150]LogSlate: Window 'Message Log' being destroyed
[2019.06.04-16.55.53:700][150]LogSlate: Window 'Message Log' being destroyed
[2019.06.04-16.56.21:288][140]LogSlate: Took 0.000246 seconds to synchronously load lazily loaded font '../../../Engine/Content/Slate/Fonts/Roboto-Light.ttf' (167K)
[2019.06.04-17.33.51:823][852]LogSlate: FSceneViewport::OnFocusLost() reason 0
[2019.06.04-17.33.52:092][854]LogUObjectHash: Compacting FUObjectHashTables data took   4.25ms
[2019.06.04-17.33.52:304][854]LogSlate: Window 'CRPG3D - Unreal Editor' being destroyed
[2019.06.04-17.33.54:262][855]Cmd: QUIT_EDITOR
[2019.06.04-17.33.54:772][855]LogWindowsTextInputMethodSystem: Display: IME system now deactivated.
[2019.06.04-17.33.54:857][855]LogExit: Preparing to exit.
[2019.06.04-17.33.56:874][855]LogExit: Editor shut down
[2019.06.04-17.33.56:875][855]LogExit: Transaction tracking system shut down
[2019.06.04-17.34.00:266][855]LogExit: Object subsystem successfully closed.
[2019.06.04-17.34.00:502][855]LogShaderCompilers: Display: Shaders left to compile 0
[2019.06.04-17.34.00:536][855]LogD3D11RHI: Shutdown
[2019.06.04-17.34.00:536][855]LogD3D11RHI: CleanupD3DDevice
[2019.06.04-17.34.00:573][855]LogRendererCore: FGlobalReadBuffer::ReleaseRHI
[2019.06.04-17.34.00:573][855]LogRendererCore: FGlobalDynamicReadBuffer::Cleanup()
[2019.06.04-17.34.00:596][855]LogRendererCore: FGlobalReadBuffer::ReleaseRHI
[2019.06.04-17.34.00:596][855]LogRendererCore: FGlobalDynamicReadBuffer::Cleanup()
[2019.06.04-17.34.00:596][855]LogRendererCore: FGlobalReadBuffer::ReleaseRHI
[2019.06.04-17.34.00:596][855]LogRendererCore: FGlobalDynamicReadBuffer::Cleanup()
[2019.06.04-17.34.00:738][855]LogD3D11RHI: ~FD3D11DynamicRHI
[2019.06.04-17.34.02:325][855]LogModuleManager: Shutting down and abandoning module MovieSceneCapture (646)
[2019.06.04-17.34.02:325][855]LogModuleManager: Shutting down and abandoning module Voice (644)
[2019.06.04-17.34.02:342][855]LogModuleManager: Shutting down and abandoning module HierarchicalLODOutliner (642)
[2019.06.04-17.34.02:342][855]LogModuleManager: Shutting down and abandoning module SceneOutliner (640)
[2019.06.04-17.34.02:342][855]LogModuleManager: Shutting down and abandoning module AddContentDialog (638)
[2019.06.04-17.34.02:368][855]LogModuleManager: Shutting down and abandoning module WidgetCarousel (637)
[2019.06.04-17.34.02:368][855]LogModuleManager: Shutting down and abandoning module EditorWidgets (634)
[2019.06.04-17.34.02:368][855]LogModuleManager: Shutting down and abandoning module CollectionManager (632)
[2019.06.04-17.34.02:386][855]LogModuleManager: Shutting down and abandoning module StatsViewer (630)
[2019.06.04-17.34.02:403][855]LogModuleManager: Shutting down and abandoning module FoliageEdit (628)
[2019.06.04-17.34.02:409][855]LogModuleManager: Shutting down and abandoning module LandscapeEditor (626)
[2019.06.04-17.34.02:425][855]LogModuleManager: Shutting down and abandoning module MeshPaintMode (624)
[2019.06.04-17.34.02:446][855]LogModuleManager: Shutting down and abandoning module SceneDepthPickerMode (622)
[2019.06.04-17.34.02:446][855]LogModuleManager: Shutting down and abandoning module ActorPickerMode (620)
[2019.06.04-17.34.02:446][855]LogModuleManager: Shutting down and abandoning module GeometryMode (618)
[2019.06.04-17.34.02:446][855]LogModuleManager: Shutting down and abandoning module TextureAlignMode (616)
[2019.06.04-17.34.02:446][855]LogModuleManager: Shutting down and abandoning module BspMode (614)
[2019.06.04-17.34.02:446][855]LogModuleManager: Shutting down and abandoning module PIEPreviewDeviceProfileSelector (612)
[2019.06.04-17.34.02:487][855]LogModuleManager: Shutting down and abandoning module SequenceRecorderSections (610)
[2019.06.04-17.34.02:494][855]LogModuleManager: Shutting down and abandoning module AutomationWorker (608)
[2019.06.04-17.34.02:543][855]LogModuleManager: Shutting down and abandoning module OculusMR (606)
[2019.06.04-17.34.02:543][855]LogModuleManager: Shutting down and abandoning module AudioCaptureEditor (604)
[2019.06.04-17.34.02:544][855]LogModuleManager: Shutting down and abandoning module MatineeToLevelSequence (602)
[2019.06.04-17.34.02:576][855]LogModuleManager: Shutting down and abandoning module LevelSequenceEditor (600)
[2019.06.04-17.34.02:612][855]LogModuleManager: Shutting down and abandoning module PlacementMode (599)
[2019.06.04-17.34.02:612][855]LogModuleManager: Shutting down and abandoning module MaterialEditor (598)
[2019.06.04-17.34.02:655][855]LogModuleManager: Shutting down and abandoning module ActorSequenceEditor (594)
[2019.06.04-17.34.02:683][855]LogModuleManager: Shutting down and abandoning module WmfMediaFactory (592)
[2019.06.04-17.34.02:683][855]LogModuleManager: Shutting down and abandoning module WmfMediaEditor (590)
[2019.06.04-17.34.02:683][855]LogModuleManager: Shutting down and abandoning module WebMMediaFactory (588)
[2019.06.04-17.34.02:683][855]LogModuleManager: Shutting down and abandoning module WebMMediaEditor (586)
[2019.06.04-17.34.02:683][855]LogModuleManager: Shutting down and abandoning module WebMMedia (584)
[2019.06.04-17.34.02:702][855]LogModuleManager: Shutting down and abandoning module MediaPlayerEditor (582)
[2019.06.04-17.34.02:713][855]LogModuleManager: Shutting down and abandoning module MediaCompositingEditor (580)
[2019.06.04-17.34.02:740][855]LogModuleManager: Shutting down and abandoning module SequenceRecorder (579)
[2019.06.04-17.34.02:740][855]LogModuleManager: Shutting down and abandoning module OpenExrWrapper (576)
[2019.06.04-17.34.02:740][855]LogModuleManager: Shutting down and abandoning module ImgMediaFactory (574)
[2019.06.04-17.34.02:740][855]LogModuleManager: Shutting down and abandoning module ImgMediaEditor (572)
[2019.06.04-17.34.02:740][855]LogModuleManager: Shutting down and abandoning module AvfMediaFactory (570)
[2019.06.04-17.34.02:740][855]LogModuleManager: Shutting down and abandoning module AvfMediaEditor (568)
[2019.06.04-17.34.02:740][855]LogModuleManager: Shutting down and abandoning module AndroidMediaFactory (566)
[2019.06.04-17.34.02:740][855]LogModuleManager: Shutting down and abandoning module AndroidMediaEditor (564)
[2019.06.04-17.34.02:740][855]LogModuleManager: Shutting down and abandoning module MagicLeapCameraPreviewFactory (562)
[2019.06.04-17.34.02:740][855]LogModuleManager: Shutting down and abandoning module MagicLeapMediaCodecFactory (560)
[2019.06.04-17.34.02:740][855]LogModuleManager: Shutting down and abandoning module MagicLeapMediaFactory (558)
[2019.06.04-17.34.02:741][855]LogModuleManager: Shutting down and abandoning module MagicLeapMediaEditor (556)
[2019.06.04-17.34.02:741][855]LogModuleManager: Shutting down and abandoning module CharacterAI (554)
[2019.06.04-17.34.02:741][855]LogModuleManager: Shutting down and abandoning module SmartSnapping (552)
[2019.06.04-17.34.02:741][855]LogModuleManager: Shutting down and abandoning module SessionServices (550)
[2019.06.04-17.34.02:741][855]LogModuleManager: Shutting down and abandoning module MeshPaint (548)
[2019.06.04-17.34.02:754][855]LogModuleManager: Shutting down and abandoning module ViewportSnapping (546)
[2019.06.04-17.34.02:754][855]LogModuleManager: Shutting down and abandoning module ViewportInteraction (544)
[2019.06.04-17.34.02:754][855]LogModuleManager: Shutting down and abandoning module ClothPainter (542)
[2019.06.04-17.34.02:781][855]LogModuleManager: Shutting down and abandoning module SkeletalMeshEditor (541)
[2019.06.04-17.34.02:824][855]LogModuleManager: Shutting down and abandoning module LogVisualizer (538)
[2019.06.04-17.34.02:845][855]LogModuleManager: Shutting down and abandoning module IntroTutorials (536)
[2019.06.04-17.34.02:892][855]LogModuleManager: Shutting down and abandoning module GameProjectGeneration (535)
[2019.06.04-17.34.02:904][855]LogModuleManager: Shutting down and abandoning module LuminPlatformEditor (532)
[2019.06.04-17.34.02:904][855]LogModuleManager: Shutting down and abandoning module IOSPlatformEditor (530)
[2019.06.04-17.34.02:904][855]LogModuleManager: Shutting down and abandoning module HTML5PlatformEditor (528)
[2019.06.04-17.34.02:904][855]LogModuleManager: Shutting down and abandoning module AndroidPlatformEditor (526)
[2019.06.04-17.34.02:921][855]LogModuleManager: Shutting down and abandoning module AndroidDeviceDetection (525)
[2019.06.04-17.34.03:216][855]LogModuleManager: Shutting down and abandoning module WindowsPlatformEditor (522)
[2019.06.04-17.34.03:216][855]LogModuleManager: Shutting down and abandoning module LuminRuntimeSettings (520)
[2019.06.04-17.34.03:216][855]LogModuleManager: Shutting down and abandoning module IOSRuntimeSettings (518)
[2019.06.04-17.34.03:216][855]LogModuleManager: Shutting down and abandoning module AndroidRuntimeSettings (516)
[2019.06.04-17.34.03:216][855]LogModuleManager: Shutting down and abandoning module TimeManagementEditor (514)
[2019.06.04-17.34.03:216][855]LogModuleManager: Shutting down and abandoning module InputBindingEditor (512)
[2019.06.04-17.34.03:230][855]LogModuleManager: Shutting down and abandoning module MergeActors (510)
[2019.06.04-17.34.03:251][855]LogModuleManager: Shutting down and abandoning module LocalizationDashboard (508)
[2019.06.04-17.34.03:263][855]LogModuleManager: Shutting down and abandoning module LocalizationService (507)
[2019.06.04-17.34.03:279][855]LogModuleManager: Shutting down and abandoning module HardwareTargeting (504)
[2019.06.04-17.34.03:279][855]LogModuleManager: Shutting down and abandoning module DeviceProfileEditor (502)
[2019.06.04-17.34.03:303][855]LogModuleManager: Shutting down and abandoning module UndoHistory (500)
[2019.06.04-17.34.03:315][855]LogModuleManager: Shutting down and abandoning module XmlParser (498)
[2019.06.04-17.34.03:329][855]LogModuleManager: Shutting down and abandoning module Blutility (496)
[2019.06.04-17.34.03:347][855]LogModuleManager: Shutting down and abandoning module ProjectSettingsViewer (494)
[2019.06.04-17.34.03:348][855]LogModuleManager: Shutting down and abandoning module ProjectTargetPlatformEditor (493)
[2019.06.04-17.34.03:348][855]LogModuleManager: Shutting down and abandoning module EditorSettingsViewer (490)
[2019.06.04-17.34.03:348][855]LogModuleManager: Shutting down and abandoning module SettingsEditor (488)
[2019.06.04-17.34.03:349][855]LogModuleManager: Shutting down and abandoning module ProjectLauncher (486)
[2019.06.04-17.34.03:363][855]LogModuleManager: Shutting down and abandoning module SessionFrontend (484)
[2019.06.04-17.34.03:369][855]LogModuleManager: Shutting down and abandoning module ProfilerClient (482)
[2019.06.04-17.34.03:388][855]LogModuleManager: Shutting down and abandoning module DeviceManager (480)
[2019.06.04-17.34.03:398][855]LogModuleManager: Shutting down and abandoning module TargetDeviceServices (479)
[2019.06.04-17.34.03:457][855]LogModuleManager: Shutting down and abandoning module AutomationController (476)
[2019.06.04-17.34.03:484][855]LogModuleManager: Shutting down and abandoning module AutomationWindow (474)
[2019.06.04-17.34.03:508][855]LogModuleManager: Shutting down and abandoning module Layers (472)
[2019.06.04-17.34.03:556][855]LogModuleManager: Shutting down and abandoning module ComponentVisualizers (470)
[2019.06.04-17.34.03:556][855]LogModuleManager: Shutting down and abandoning module DetailCustomizations (468)
[2019.06.04-17.34.03:571][855]LogModuleManager: Shutting down and abandoning module PackagesDialog (466)
[2019.06.04-17.34.03:608][855]LogModuleManager: Shutting down and abandoning module AnimationBlueprintEditor (464)
[2019.06.04-17.34.03:655][855]LogModuleManager: Shutting down and abandoning module Persona (462)
[2019.06.04-17.34.03:683][855]LogModuleManager: Shutting down and abandoning module AdvancedPreviewScene (461)
[2019.06.04-17.34.03:684][855]LogModuleManager: Shutting down and abandoning module AnimGraph (459)
[2019.06.04-17.34.03:684][855]LogModuleManager: Shutting down and abandoning module Kismet (456)
[2019.06.04-17.34.03:716][855]LogModuleManager: Shutting down and abandoning module GraphEditor (454)
[2019.06.04-17.34.03:801][855]LogModuleManager: Shutting down and abandoning module ClassViewer (452)
[2019.06.04-17.34.03:801][855]LogModuleManager: Shutting down and abandoning module Toolbox (450)
[2019.06.04-17.34.03:801][855]LogModuleManager: Shutting down and abandoning module ModuleUI (448)
[2019.06.04-17.34.03:812][855]LogModuleManager: Shutting down and abandoning module MovieSceneTools (446)
[2019.06.04-17.34.03:812][855]LogModuleManager: Shutting down and abandoning module OutputLog (444)
[2019.06.04-17.34.03:812][855]LogModuleManager: Shutting down and abandoning module GammaUI (442)
[2019.06.04-17.34.03:823][855]LogModuleManager: Shutting down and abandoning module Documentation (440)
[2019.06.04-17.34.03:823][855]LogModuleManager: Shutting down and abandoning module LiveCoding (438)
[2019.06.04-17.34.03:847][855]LogModuleManager: Shutting down and abandoning module LevelSequence (436)
[2019.06.04-17.34.03:847][855]LogModuleManager: Shutting down and abandoning module MovieSceneTracks (434)
[2019.06.04-17.34.03:847][855]LogModuleManager: Shutting down and abandoning module MovieScene (432)
[2019.06.04-17.34.03:858][855]LogModuleManager: Shutting down and abandoning module StreamingPauseRendering (430)
[2019.06.04-17.34.03:876][855]LogModuleManager: Shutting down and abandoning module LauncherPlatform (428)
[2019.06.04-17.34.03:876][855]LogModuleManager: Shutting down and abandoning module AnalyticsET (426)
[2019.06.04-17.34.03:876][855]LogModuleManager: Shutting down and abandoning module PortalServices (424)
[2019.06.04-17.34.03:876][855]LogModuleManager: Shutting down and abandoning module PortalRpc (422)
[2019.06.04-17.34.03:876][855]LogModuleManager: Shutting down and abandoning module MessagingRpc (420)
[2019.06.04-17.34.03:876][855]LogModuleManager: Shutting down and abandoning module AIModule (418)
[2019.06.04-17.34.03:876][855]LogModuleManager: Shutting down and abandoning module GameplayDebugger (417)
[2019.06.04-17.34.03:876][855]LogModuleManager: Shutting down and abandoning module AITestSuite (415)
[2019.06.04-17.34.03:880][855]LogModuleManager: Shutting down and abandoning module NavigationSystem (413)
[2019.06.04-17.34.03:880][855]LogModuleManager: Shutting down and abandoning module DesktopPlatform (410)
[2019.06.04-17.34.03:880][855]LogModuleManager: Shutting down and abandoning module ImageWriteQueue (408)
[2019.06.04-17.34.03:886][855]LogModuleManager: Shutting down and abandoning module ProfilerService (406)
[2019.06.04-17.34.04:032][855]LogModuleManager: Shutting down and abandoning module TaskGraph (404)
[2019.06.04-17.34.04:057][855]LogModuleManager: Shutting down and abandoning module SteamVRController (402)
[2019.06.04-17.34.04:057][855]LogModuleManager: Shutting down and abandoning module ProceduralMeshComponentEditor (400)
[2019.06.04-17.34.04:068][855]LogModuleManager: Shutting down and abandoning module ProceduralMeshComponent (398)
[2019.06.04-17.34.04:082][855]LogModuleManager: Shutting down and abandoning module OculusEditor (396)
[2019.06.04-17.34.04:106][855]LogModuleManager: Shutting down and abandoning module OculusInput (394)
[2019.06.04-17.34.04:106][855]LogModuleManager: Shutting down and abandoning module MobilePatchingUtils (392)
[2019.06.04-17.34.04:107][855]LogModuleManager: Shutting down and abandoning module EditableMesh (390)
[2019.06.04-17.34.04:123][855]LogModuleManager: Shutting down and abandoning module CustomMeshComponent (388)
[2019.06.04-17.34.04:123][855]LogModuleManager: Shutting down and abandoning module CableComponent (386)
[2019.06.04-17.34.04:149][855]LogModuleManager: Shutting down and abandoning module AudioCapture (384)
[2019.06.04-17.34.04:149][855]LogModuleManager: Shutting down and abandoning module ArchVisCharacter (382)
[2019.06.04-17.34.04:149][855]LogModuleManager: Shutting down and abandoning module AndroidPermission (380)
[2019.06.04-17.34.04:149][855]LogModuleManager: Shutting down and abandoning module NUTUnrealEngine4 (378)
[2019.06.04-17.34.04:180][855]LogModuleManager: Shutting down and abandoning module NetcodeUnitTest (376)
[2019.06.04-17.34.04:191][855]LogModuleManager: Shutting down and abandoning module MediaCompositing (374)
[2019.06.04-17.34.04:191][855]LogModuleManager: Shutting down and abandoning module LinearTimecode (372)
[2019.06.04-17.34.04:191][855]LogModuleManager: Shutting down and abandoning module ImgMedia (370)
[2019.06.04-17.34.04:191][855]LogModuleManager: Shutting down and abandoning module MagicLeapHelperVulkan (368)
[2019.06.04-17.34.04:191][855]LogModuleManager: Shutting down and abandoning module MagicLeapHelperOpenGL (366)
[2019.06.04-17.34.04:203][855]LogModuleManager: Shutting down and abandoning module MagicLeapAudio (364)
[2019.06.04-17.34.04:206][855]LogModuleManager: Shutting down and abandoning module HTML5Networking (362)
[2019.06.04-17.34.04:206][855]LogModuleManager: Shutting down and abandoning module GeometryCacheTracks (360)
[2019.06.04-17.34.04:206][855]LogModuleManager: Shutting down and abandoning module GeometryCacheSequencer (358)
[2019.06.04-17.34.04:206][855]LogModuleManager: Shutting down and abandoning module BackChannel (356)
[2019.06.04-17.34.04:217][855]LogModuleManager: Shutting down and abandoning module AppleVision (354)
[2019.06.04-17.34.04:217][855]LogModuleManager: Shutting down and abandoning module AppleImageUtilsBlueprintSupport (352)
[2019.06.04-17.34.04:217][855]LogModuleManager: Shutting down and abandoning module AppleImageUtils (350)
[2019.06.04-17.34.04:217][855]LogModuleManager: Shutting down and abandoning module AlembicImporter (348)
[2019.06.04-17.34.04:217][855]LogModuleManager: Shutting down and abandoning module AlembicLibrary (347)
[2019.06.04-17.34.04:217][855]LogModuleManager: Shutting down and abandoning module GeometryCache (346)
[2019.06.04-17.34.04:217][855]LogModuleManager: Shutting down and abandoning module GeometryCacheEd (345)
[2019.06.04-17.34.04:217][855]LogModuleManager: Shutting down and abandoning module VariantManagerContent (340)
[2019.06.04-17.34.04:217][855]LogModuleManager: Shutting down and abandoning module DatasmithContentEditor (338)
[2019.06.04-17.34.04:244][855]LogModuleManager: Shutting down and abandoning module SpeedTreeImporter (336)
[2019.06.04-17.34.04:244][855]LogModuleManager: Shutting down and abandoning module PluginBrowser (334)
[2019.06.04-17.34.04:277][855]LogModuleManager: Shutting down and abandoning module MobileLauncherProfileWizard (332)
[2019.06.04-17.34.04:303][855]LogModuleManager: Shutting down and abandoning module MaterialAnalyzer (330)
[2019.06.04-17.34.04:319][855]LogModuleManager: Shutting down and abandoning module CryptoKeysOpenSSL (328)
[2019.06.04-17.34.04:319][855]LogModuleManager: Shutting down and abandoning module CryptoKeys (326)
[2019.06.04-17.34.04:319][855]LogModuleManager: Shutting down and abandoning module VisualStudioSourceCodeAccess (324)
[2019.06.04-17.34.04:337][855]LogModuleManager: Shutting down and abandoning module VisualStudioCodeSourceCodeAccess (322)
[2019.06.04-17.34.04:337][855]LogModuleManager: Shutting down and abandoning module UObjectPlugin (320)
[2019.06.04-17.34.04:337][855]LogModuleManager: Shutting down and abandoning module SubversionSourceControl (318)
[2019.06.04-17.34.04:358][855]LogModuleManager: Shutting down and abandoning module PerforceSourceControl (316)
[2019.06.04-17.34.04:394][855]LogModuleManager: Shutting down and abandoning module GitSourceControl (314)
[2019.06.04-17.34.04:418][855]LogModuleManager: Shutting down and abandoning module SourceControl (313)
[2019.06.04-17.34.04:430][855]LogModuleManager: Shutting down and abandoning module CLionSourceCodeAccess (310)
[2019.06.04-17.34.04:430][855]LogModuleManager: Shutting down and abandoning module AnimationSharingEd (308)
[2019.06.04-17.34.04:430][855]LogModuleManager: Shutting down and abandoning module ActorLayerUtilitiesEditor (306)
[2019.06.04-17.34.04:430][855]LogModuleManager: Shutting down and abandoning module ActorLayerUtilities (304)
[2019.06.04-17.34.04:430][855]LogModuleManager: Shutting down and abandoning module LightPropagationVolumeEditor (302)
[2019.06.04-17.34.04:430][855]LogModuleManager: Shutting down and abandoning module PaperTiledImporter (300)
[2019.06.04-17.34.04:430][855]LogModuleManager: Shutting down and abandoning module PaperSpriteSheetImporter (298)
[2019.06.04-17.34.04:430][855]LogModuleManager: Shutting down and abandoning module Paper2DEditor (296)
[2019.06.04-17.34.04:469][855]LogModuleManager: Shutting down and abandoning module SignificanceManager (294)
[2019.06.04-17.34.04:469][855]LogModuleManager: Shutting down and abandoning module RuntimePhysXCooking (292)
[2019.06.04-17.34.04:469][855]LogModuleManager: Shutting down and abandoning module PhysXVehiclesEditor (290)
[2019.06.04-17.34.04:469][855]LogModuleManager: Shutting down and abandoning module PhysXVehicles (288)
[2019.06.04-17.34.04:469][855]LogModuleManager: Shutting down and abandoning module LocationServicesBPLibrary (286)
[2019.06.04-17.34.04:469][855]LogModuleManager: Shutting down and abandoning module ActorSequence (284)
[2019.06.04-17.34.04:469][855]LogModuleManager: Shutting down and abandoning module UdpMessaging (282)
[2019.06.04-17.34.04:570][855]LogModuleManager: Shutting down and abandoning module TcpMessaging (280)
[2019.06.04-17.34.04:698][855]LogModuleManager: Shutting down and abandoning module MagicLeapIdentity (278)
[2019.06.04-17.34.04:699][855]LogModuleManager: Shutting down and abandoning module MagicLeapSecureStorage (276)
[2019.06.04-17.34.04:699][855]LogModuleManager: Shutting down and abandoning module MagicLeapHandTracking (274)
[2019.06.04-17.34.04:700][855]LogModuleManager: Shutting down and abandoning module MagicLeapEyeTracker (272)
[2019.06.04-17.34.04:700][855]LogModuleManager: Shutting down and abandoning module MagicLeapController (270)
[2019.06.04-17.34.04:716][855]LogSlate: Slate User Destroyed.  User Index 0, Is Virtual User: 0
[2019.06.04-17.34.04:716][855]LogModuleManager: Shutting down and abandoning module MagicLeapAR (268)
[2019.06.04-17.34.04:716][855]LogModuleManager: Shutting down and abandoning module AugmentedReality (267)
[2019.06.04-17.34.04:717][855]LogModuleManager: Shutting down and abandoning module GameplayTagsEditor (264)
[2019.06.04-17.34.04:742][855]LogModuleManager: Shutting down and abandoning module FacialAnimationEditor (262)
[2019.06.04-17.34.04:742][855]LogModuleManager: Shutting down and abandoning module FacialAnimation (260)
[2019.06.04-17.34.04:742][855]LogModuleManager: Shutting down and abandoning module DataValidation (258)
[2019.06.04-17.34.04:742][855]LogModuleManager: Shutting down and abandoning module AssetManagerEditor (256)
[2019.06.04-17.34.04:757][855]LogModuleManager: Shutting down and abandoning module LevelEditor (255)
[2019.06.04-17.34.04:780][855]LogModuleManager: Shutting down and abandoning module PixelInspectorModule (254)
[2019.06.04-17.34.04:788][855]LogModuleManager: Shutting down and abandoning module CommonMenuExtensions (252)
[2019.06.04-17.34.04:789][855]LogModuleManager: Shutting down and abandoning module MainFrame (250)
[2019.06.04-17.34.04:789][855]LogModuleManager: Shutting down and abandoning module HotReload (249)
[2019.06.04-17.34.04:794][855]LogModuleManager: Shutting down and abandoning module ContentBrowser (245)
[2019.06.04-17.34.04:800][855]LogModuleManager: Shutting down and abandoning module TreeMap (243)
[2019.06.04-17.34.04:818][855]LogModuleManager: Shutting down and abandoning module AnimationSharing (240)
[2019.06.04-17.34.04:818][855]LogModuleManager: Shutting down and abandoning module LightPropagationVolumeRuntime (238)
[2019.06.04-17.34.04:818][855]LogModuleManager: Shutting down and abandoning module AISupportModule (236)
[2019.06.04-17.34.04:818][855]LogModuleManager: Shutting down and abandoning module Paper2D (234)
[2019.06.04-17.34.04:835][855]LogModuleManager: Shutting down and abandoning module WindowsMoviePlayer (232)
[2019.06.04-17.34.04:849][855]LogModuleManager: Shutting down and abandoning module WebMMoviePlayer (230)
[2019.06.04-17.34.04:868][855]LogModuleManager: Shutting down and abandoning module PacketHandler (228)
[2019.06.04-17.34.04:868][855]LogModuleManager: Shutting down and abandoning module ClothingSystemEditor (226)
[2019.06.04-17.34.04:868][855]LogModuleManager: Shutting down and abandoning module ClothingSystemRuntime (224)
[2019.06.04-17.34.04:901][855]LogModuleManager: Shutting down and abandoning module MediaAssets (222)
[2019.06.04-17.34.04:901][855]LogModuleManager: Shutting down and abandoning module Overlay (220)
[2019.06.04-17.34.04:901][855]LogModuleManager: Shutting down and abandoning module OverlayEditor (219)
[2019.06.04-17.34.04:901][855]LogModuleManager: Shutting down and abandoning module VREditor (216)
[2019.06.04-17.34.04:928][855]LogModuleManager: Shutting down and abandoning module StringTableEditor (214)
[2019.06.04-17.34.04:948][855]LogModuleManager: Shutting down and abandoning module GameplayTasksEditor (212)
[2019.06.04-17.34.04:948][855]LogModuleManager: Shutting down and abandoning module BehaviorTreeEditor (210)
[2019.06.04-17.34.04:963][855]LogModuleManager: Shutting down and abandoning module FunctionalTesting (208)
[2019.06.04-17.34.04:990][855]LogModuleManager: Shutting down and abandoning module CollisionAnalyzer (206)
[2019.06.04-17.34.05:003][855]LogModuleManager: Shutting down and abandoning module WorkspaceMenuStructure (205)
[2019.06.04-17.34.05:015][855]LogModuleManager: Shutting down and abandoning module UMG (202)
[2019.06.04-17.34.05:015][855]LogModuleManager: Shutting down and abandoning module UMGEditor (201)
[2019.06.04-17.34.05:039][855]LogModuleManager: Shutting down and abandoning module Sequencer (200)
[2019.06.04-17.34.05:074][855]LogModuleManager: Shutting down and abandoning module MessageLog (197)
[2019.06.04-17.34.05:074][855]LogModuleManager: Shutting down and abandoning module SlateReflector (192)
[2019.06.04-17.34.05:121][855]LogModuleManager: Shutting down and abandoning module Slate (190)
[2019.06.04-17.34.05:121][855]LogModuleManager: Shutting down and abandoning module EditorStyle (188)
[2019.06.04-17.34.05:125][855]LogModuleManager: Shutting down and abandoning module UnrealEd (186)
[2019.06.04-17.34.05:136][855]LogModuleManager: Shutting down and abandoning module MRMesh (184)
[2019.06.04-17.34.05:136][855]LogModuleManager: Shutting down and abandoning module SourceCodeAccess (182)
[2019.06.04-17.34.05:136][855]LogModuleManager: Shutting down and abandoning module HeadMountedDisplay (180)
[2019.06.04-17.34.05:136][855]LogModuleManager: Shutting down and abandoning module XAudio2 (178)
[2019.06.04-17.34.05:136][855]LogModuleManager: Shutting down and abandoning module Networking (176)
[2019.06.04-17.34.05:136][855]LogModuleManager: Shutting down and abandoning module Core (174)
[2019.06.04-17.34.05:136][855]LogModuleManager: Shutting down and abandoning module KismetCompiler (172)
[2019.06.04-17.34.05:136][855]LogModuleManager: Shutting down and abandoning module MeshUtilities (170)
[2019.06.04-17.34.05:136][855]LogModuleManager: Shutting down and abandoning module MeshMergeUtilities (169)
[2019.06.04-17.34.05:160][855]LogModuleManager: Shutting down and abandoning module MeshReductionInterface (168)
[2019.06.04-17.34.05:160][855]LogModuleManager: Shutting down and abandoning module SkeletalMeshReduction (167)
[2019.06.04-17.34.05:180][855]LogModuleManager: Shutting down and abandoning module ProxyLODMeshReduction (165)
[2019.06.04-17.34.05:224][855]LogModuleManager: Shutting down and abandoning module QuadricMeshReduction (163)
[2019.06.04-17.34.05:243][855]LogModuleManager: Shutting down and abandoning module MaterialBaking (159)
[2019.06.04-17.34.05:250][855]LogModuleManager: Shutting down and abandoning module DerivedDataCache (154)
[2019.06.04-17.34.05:271][855]LogDerivedDataCache: Shutdown
[2019.06.04-17.34.05:271][855]LogModuleManager: Shutting down and abandoning module XGEController (152)
[2019.06.04-17.34.05:271][855]LogXGEController: Cleaning working directory: C:/Users/lucas/AppData/Local/Temp/UnrealXGEWorkingDir/
[2019.06.04-17.34.05:284][855]LogModuleManager: Shutting down and abandoning module TargetPlatform (150)
[2019.06.04-17.34.05:305][855]LogModuleManager: Shutting down and abandoning module VulkanShaderFormat (149)
[2019.06.04-17.34.05:316][855]LogModuleManager: Shutting down and abandoning module ShaderFormatVectorVM (147)
[2019.06.04-17.34.05:321][855]LogModuleManager: Shutting down and abandoning module ShaderFormatOpenGL (145)
[2019.06.04-17.34.05:330][855]LogModuleManager: Shutting down and abandoning module ShaderFormatD3D (143)
[2019.06.04-17.34.05:351][855]LogModuleManager: Shutting down and abandoning module MetalShaderFormat (141)
[2019.06.04-17.34.05:368][855]LogModuleManager: Shutting down and abandoning module TextureFormatUncompressed (139)
[2019.06.04-17.34.05:368][855]LogModuleManager: Shutting down and abandoning module TextureFormatPVR (137)
[2019.06.04-17.34.05:368][855]LogModuleManager: Shutting down and abandoning module TextureFormatDXT (135)
[2019.06.04-17.34.05:388][855]LogModuleManager: Shutting down and abandoning module TextureFormatIntelISPCTexComp (133)
[2019.06.04-17.34.05:397][855]LogModuleManager: Shutting down and abandoning module TextureFormatASTC (131)
[2019.06.04-17.34.05:397][855]LogModuleManager: Shutting down and abandoning module ImageWrapper (130)
[2019.06.04-17.34.05:397][855]LogModuleManager: Shutting down and abandoning module TextureFormatAndroid (127)
[2019.06.04-17.34.05:397][855]LogModuleManager: Shutting down and abandoning module AudioFormatOpus (125)
[2019.06.04-17.34.05:409][855]LogModuleManager: Shutting down and abandoning module AudioFormatOgg (123)
[2019.06.04-17.34.05:409][855]LogModuleManager: Shutting down and abandoning module AudioFormatADPCM (121)
[2019.06.04-17.34.05:420][855]LogModuleManager: Shutting down and abandoning module LuminTargetPlatform (119)
[2019.06.04-17.34.05:445][855]LogModuleManager: Shutting down and abandoning module LinuxTargetPlatform (117)
[2019.06.04-17.34.05:445][855]LogModuleManager: Shutting down and abandoning module LinuxServerTargetPlatform (115)
[2019.06.04-17.34.05:455][855]LogModuleManager: Shutting down and abandoning module LinuxNoEditorTargetPlatform (113)
[2019.06.04-17.34.05:464][855]LogModuleManager: Shutting down and abandoning module LinuxClientTargetPlatform (111)
[2019.06.04-17.34.05:475][855]LogModuleManager: Shutting down and abandoning module TVOSTargetPlatform (109)
[2019.06.04-17.34.05:483][855]LogModuleManager: Shutting down and abandoning module Messaging (107)
[2019.06.04-17.34.05:483][855]LogModuleManager: Shutting down and abandoning module IOSTargetPlatform (105)
[2019.06.04-17.34.05:488][855]LogModuleManager: Shutting down and abandoning module HTML5TargetPlatform (103)
[2019.06.04-17.34.05:488][855]LogModuleManager: Shutting down and abandoning module AndroidTargetPlatform (101)
[2019.06.04-17.34.05:548][855]LogModuleManager: Shutting down and abandoning module WindowsTargetPlatform (99)
[2019.06.04-17.34.05:548][855]LogModuleManager: Shutting down and abandoning module WindowsServerTargetPlatform (97)
[2019.06.04-17.34.05:548][855]LogModuleManager: Shutting down and abandoning module WindowsNoEditorTargetPlatform (95)
[2019.06.04-17.34.05:548][855]LogModuleManager: Shutting down and abandoning module WindowsClientTargetPlatform (93)
[2019.06.04-17.34.05:548][855]LogModuleManager: Shutting down and abandoning module MacTargetPlatform (91)
[2019.06.04-17.34.05:548][855]LogModuleManager: Shutting down and abandoning module MacServerTargetPlatform (89)
[2019.06.04-17.34.05:548][855]LogModuleManager: Shutting down and abandoning module MacNoEditorTargetPlatform (87)
[2019.06.04-17.34.05:548][855]LogModuleManager: Shutting down and abandoning module MacClientTargetPlatform (85)
[2019.06.04-17.34.05:548][855]LogModuleManager: Shutting down and abandoning module AllDesktopTargetPlatform (83)
[2019.06.04-17.34.05:548][855]LogModuleManager: Shutting down and abandoning module InputCore (80)
[2019.06.04-17.34.05:548][855]LogModuleManager: Shutting down and abandoning module Settings (78)
[2019.06.04-17.34.05:549][855]LogModuleManager: Shutting down and abandoning module DirectoryWatcher (76)
[2019.06.04-17.34.05:550][855]LogModuleManager: Shutting down and abandoning module PhysXCooking (74)
[2019.06.04-17.34.05:550][855]LogModuleManager: Shutting down and abandoning module SteamVR (72)
[2019.06.04-17.34.05:559][855]LogHMD: Freeing OpenVRDLLHandle.
[2019.06.04-17.34.05:559][855]LogModuleManager: Shutting down and abandoning module OculusHMD (70)
[2019.06.04-17.34.05:573][855]LogModuleManager: Shutting down and abandoning module ExampleDeviceProfileSelector (68)
[2019.06.04-17.34.05:573][855]LogModuleManager: Shutting down and abandoning module LauncherChunkInstaller (66)
[2019.06.04-17.34.05:573][855]LogModuleManager: Shutting down and abandoning module OnlineBlueprintSupport (64)
[2019.06.04-17.34.05:573][855]LogModuleManager: Shutting down and abandoning module OnlineSubsystem (60)
[2019.06.04-17.34.05:574][855]LogModuleManager: Shutting down and abandoning module XMPP (55)
[2019.06.04-17.34.05:608][855]LogModuleManager: Shutting down and abandoning module WebSockets (54)
[2019.06.04-17.34.05:663][855]LogModuleManager: Shutting down and abandoning module HTTP (51)
[2019.06.04-17.34.05:663][855]LogHttp: Display: Http module shutting down, but needs to wait on 1 outstanding Http requests:
[2019.06.04-17.34.05:663][855]LogHttp: Display: 	verb=[POST] url=[https://datarouter.ol.epicgames.com/datarouter/api/v1/public/data?SessionID=%7B77BE42C0-49B0-A327-1F52-EE8DD11244A6%7D&AppID=UEEditor.Rocket.Release&AppVersion=4.22.0-5660361%2B%2B%2BUE4%2BRelease-4.22&UserID=fe8ac3b94c94c2a8a2d8aa81aef0089b%7C7489c9269c22492f9a4e79a04c968448%7C75217b4e-ddbe-43b1-b2d1-3b6b9657bc13&AppEnvironment=datacollector-binary&UploadType=eteventstream] status=Processing
[2019.06.04-17.34.05:669][855]LogModuleManager: Shutting down and abandoning module SSL (50)
[2019.06.04-17.34.05:672][855]LogModuleManager: Shutting down and abandoning module WmfMedia (46)
[2019.06.04-17.34.05:685][855]LogModuleManager: Shutting down and abandoning module Media (45)
[2019.06.04-17.34.05:692][855]LogModuleManager: Shutting down and abandoning module MagicLeap (42)
[2019.06.04-17.34.05:722][855]LogModuleManager: Shutting down and abandoning module DatasmithContent (40)
[2019.06.04-17.34.05:724][855]LogModuleManager: Shutting down and abandoning module AnimationModifiers (38)
[2019.06.04-17.34.05:736][855]LogModuleManager: Shutting down and abandoning module PropertyEditor (37)
[2019.06.04-17.34.05:774][855]LogModuleManager: Shutting down and abandoning module AudioEditor (34)
[2019.06.04-17.34.05:815][855]LogModuleManager: Shutting down and abandoning module TextureCompressor (32)
[2019.06.04-17.34.05:826][855]LogModuleManager: Shutting down and abandoning module RenderCore (30)
[2019.06.04-17.34.05:826][855]LogModuleManager: Shutting down and abandoning module Landscape (28)
[2019.06.04-17.34.05:838][855]LogModuleManager: Shutting down and abandoning module SlateRHIRenderer (26)
[2019.06.04-17.34.05:858][855]LogModuleManager: Shutting down and abandoning module OpenGLDrv (24)
[2019.06.04-17.34.05:877][855]LogModuleManager: Shutting down and abandoning module D3D11RHI (22)
[2019.06.04-17.34.05:877][855]LogModuleManager: Shutting down and abandoning module AnimGraphRuntime (20)
[2019.06.04-17.34.05:894][855]LogModuleManager: Shutting down and abandoning module Renderer (18)
[2019.06.04-17.34.05:921][855]LogModuleManager: Shutting down and abandoning module Engine (16)
[2019.06.04-17.34.05:922][855]LogModuleManager: Shutting down and abandoning module CoreUObject (14)
[2019.06.04-17.34.05:922][855]LogModuleManager: Shutting down and abandoning module NetworkFile (12)
[2019.06.04-17.34.05:950][855]LogModuleManager: Shutting down and abandoning module CookedIterativeFile (10)
[2019.06.04-17.34.05:950][855]LogModuleManager: Shutting down and abandoning module StreamingFile (8)
[2019.06.04-17.34.05:958][855]LogModuleManager: Shutting down and abandoning module SandboxFile (6)
[2019.06.04-17.34.05:958][855]LogModuleManager: Shutting down and abandoning module PakFile (4)
[2019.06.04-17.34.05:978][855]LogModuleManager: Shutting down and abandoning module RSA (3)
[2019.06.04-17.34.06:022][855]LogExit: Exiting.
[2019.06.04-17.34.06:033][855]Log file closed, 06/04/19 18:34:06
