Log file open, 07/17/19 18:11:52
LogWindows: Failed to load 'aqProf.dll' (GetLastError=126)
LogWindows: File 'aqProf.dll' does not exist
LogWindows: Failed to load 'VtuneApi.dll' (GetLastError=126)
LogWindows: File 'VtuneApi.dll' does not exist
LogWindows: Failed to load 'VtuneApi32e.dll' (GetLastError=126)
LogWindows: File 'VtuneApi32e.dll' does not exist
LogConsoleResponse: Display: Failed to find resolution value strings in scalability ini. Falling back to default.
LogInit: Display: Running engine for game: Hakunamatata 4.22
LogPakFile: Registered encryption key '00000000000000000000000000000000': 0 pak files mounted, 0 remain pending
LogPlatformFile: Not using cached read wrapper
LogTaskGraph: Started task graph with 5 named threads and 11 total threads with 3 sets of task threads.
LogStats: Stats thread started at 1.010769
LogD3D11RHI: Loaded GFSDK_Aftermath_Lib.x64.dll
LogWindows: Failed to load '../../../Engine/Binaries/ThirdParty/libsndfile/Win64/libsndfile-1.dll' (GetLastError=126)
LogWindows: File '../../../Engine/Binaries/ThirdParty/libsndfile/Win64/libsndfile-1.dll' does not exist
LogAudioMixer: Display: Failed to load Sound File dll
LogAudioEditor: Display: LibSoundFile failed to load. Importing audio will not work correctly.
LogICUInternationalization: ICU TimeZone Detection - Raw Offset: +1:00, Platform Override: ''
LogPluginManager: Mounting plugin Paper2D
LogPluginManager: Mounting plugin AISupport
LogPluginManager: Mounting plugin LightPropagationVolume
LogPluginManager: Mounting plugin ActorLayerUtilities
LogPluginManager: Mounting plugin AnimationSharing
LogPluginManager: Mounting plugin CLionSourceCodeAccess
LogPluginManager: Mounting plugin CodeLiteSourceCodeAccess
LogPluginManager: Mounting plugin GitSourceControl
LogPluginManager: Mounting plugin KDevelopSourceCodeAccess
LogPluginManager: Mounting plugin NullSourceCodeAccess
LogPluginManager: Mounting plugin PerforceSourceControl
LogPluginManager: Mounting plugin SubversionSourceControl
LogPluginManager: Mounting plugin UObjectPlugin
LogPluginManager: Mounting plugin VisualStudioCodeSourceCodeAccess
LogPluginManager: Mounting plugin VisualStudioSourceCodeAccess
LogPluginManager: Mounting plugin XCodeSourceCodeAccess
LogPluginManager: Mounting plugin AssetManagerEditor
LogPluginManager: Mounting plugin CryptoKeys
LogPluginManager: Mounting plugin DataValidation
LogPluginManager: Mounting plugin FacialAnimation
LogPluginManager: Mounting plugin GameplayTagsEditor
LogPluginManager: Mounting plugin MacGraphicsSwitching
LogPluginManager: Mounting plugin MaterialAnalyzer
LogPluginManager: Mounting plugin MobileLauncherProfileWizard
LogPluginManager: Mounting plugin PluginBrowser
LogPluginManager: Mounting plugin SpeedTreeImporter
LogPluginManager: Mounting plugin DatasmithContent
LogPluginManager: Mounting plugin VariantManagerContent
LogPluginManager: Mounting plugin AlembicImporter
LogPluginManager: Mounting plugin AppleImageUtils
LogPluginManager: Mounting plugin AppleVision
LogPluginManager: Mounting plugin BackChannel
LogPluginManager: Mounting plugin CharacterAI
LogPluginManager: Mounting plugin GeometryCache
LogPluginManager: Mounting plugin HTML5Networking
LogPluginManager: Mounting plugin ProxyLODPlugin
LogPluginManager: Mounting plugin SkeletalReduction
LogPluginManager: Mounting plugin MagicLeap
LogPluginManager: Mounting plugin MagicLeapMedia
LogPluginManager: Mounting plugin DirGravity
LogPluginManager: Mounting plugin DonAINavigation
LogPluginManager: Mounting plugin AndroidMedia
LogPluginManager: Mounting plugin AvfMedia
LogPluginManager: Mounting plugin ImgMedia
LogPluginManager: Mounting plugin LinearTimecode
LogPluginManager: Mounting plugin MediaCompositing
LogPluginManager: Mounting plugin MediaPlayerEditor
LogPluginManager: Mounting plugin WebMMedia
LogPluginManager: Mounting plugin WmfMedia
LogPluginManager: Mounting plugin TcpMessaging
LogPluginManager: Mounting plugin UdpMessaging
LogPluginManager: Mounting plugin ActorSequence
LogPluginManager: Mounting plugin LevelSequenceEditor
LogPluginManager: Mounting plugin MatineeToLevelSequence
LogPluginManager: Mounting plugin NetcodeUnitTest
LogPluginManager: Mounting plugin NUTUnrealEngine4
LogPluginManager: Mounting plugin OnlineSubsystemGooglePlay
LogPluginManager: Mounting plugin OnlineSubsystemIOS
LogPluginManager: Mounting plugin OnlineSubsystem
LogPluginManager: Mounting plugin OnlineSubsystemNull
LogPluginManager: Mounting plugin OnlineSubsystemUtils
LogPluginManager: Mounting plugin LauncherChunkInstaller
LogPluginManager: Mounting plugin AndroidDeviceProfileSelector
LogPluginManager: Mounting plugin AndroidMoviePlayer
LogPluginManager: Mounting plugin AndroidPermission
LogPluginManager: Mounting plugin AppleMoviePlayer
LogPluginManager: Mounting plugin ArchVisCharacter
LogPluginManager: Mounting plugin AudioCapture
LogPluginManager: Mounting plugin CableComponent
LogPluginManager: Mounting plugin CustomMeshComponent
LogPluginManager: Mounting plugin EditableMesh
LogPluginManager: Mounting plugin ExampleDeviceProfileSelector
LogPluginManager: Mounting plugin Firebase
LogPluginManager: Mounting plugin GoogleCloudMessaging
LogPluginManager: Mounting plugin IOSDeviceProfileSelector
LogPluginManager: Mounting plugin LinuxDeviceProfileSelector
LogPluginManager: Mounting plugin LocationServicesBPLibrary
LogPluginManager: Mounting plugin MobilePatchingUtils
LogPluginManager: Mounting plugin OculusVR
LogPluginManager: Mounting plugin PhysXVehicles
LogPluginManager: Mounting plugin ProceduralMeshComponent
LogPluginManager: Mounting plugin RuntimePhysXCooking
LogPluginManager: Mounting plugin SignificanceManager
LogPluginManager: Mounting plugin SteamVR
LogPluginManager: Mounting plugin WebMMoviePlayer
LogPluginManager: Mounting plugin WindowsMoviePlayer
LogInit: Using libcurl 7.55.1-DEV
LogInit:  - built for x86_64-pc-win32
LogInit:  - supports SSL with OpenSSL/1.1.1
LogInit:  - supports HTTP deflate (compression) using libz 1.2.8
LogInit:  - other features:
LogInit:      CURL_VERSION_SSL
LogInit:      CURL_VERSION_LIBZ
LogInit:      CURL_VERSION_IPV6
LogInit:      CURL_VERSION_ASYNCHDNS
LogInit:      CURL_VERSION_LARGEFILE
LogInit:      CURL_VERSION_IDN
LogInit:  CurlRequestOptions (configurable via config and command line):
LogInit:  - bVerifyPeer = true  - Libcurl will verify peer certificate
LogInit:  - bUseHttpProxy = false  - Libcurl will NOT use HTTP proxy
LogInit:  - bDontReuseConnections = false  - Libcurl will reuse connections
LogInit:  - MaxHostConnections = 16  - Libcurl will limit the number of connections to a host
LogInit:  - LocalHostAddr = Default
LogInit:  - BufferSize = 65536
LogInit: WinSock: version 1.1 (2.2), MaxSocks=32767, MaxUdp=65467
LogInit: Build: ++UE4+Release-4.22-CL-5660361
LogInit: Engine Version: 4.22.0-5660361+++UE4+Release-4.22
LogInit: Compatible Engine Version: 4.22.0-5660361+++UE4+Release-4.22
LogInit: Net CL: 5660361
LogInit: OS: Windows 10 (Release 1803) (), CPU: Intel(R) Core(TM) i3-6100 CPU @ 3.70GHz, GPU: NVIDIA GeForce GTX 1050 Ti
LogInit: Compiled (64-bit): Mar 31 2019 02:05:09
LogInit: Compiled with Visual C++: 19.16.27025.01
LogInit: Build Configuration: Development
LogInit: Branch Name: ++UE4+Release-4.22
LogInit: Command Line: 
LogInit: Base Directory: C:/Program Files/Epic Games/UE_4.22/Engine/Binaries/Win64/
LogInit: Installed Engine Build: 1
LogDevObjectVersion: Number of dev versions registered: 23
LogDevObjectVersion:   Dev-Blueprints (B0D832E4-1F89-4F0D-ACCF-7EB736FD4AA2): 10
LogDevObjectVersion:   Dev-Build (E1C64328-A22C-4D53-A36C-8E866417BD8C): 0
LogDevObjectVersion:   Dev-Core (375EC13C-06E4-48FB-B500-84F0262A717E): 3
LogDevObjectVersion:   Dev-Editor (E4B068ED-F494-42E9-A231-DA0B2E46BB41): 30
LogDevObjectVersion:   Dev-Framework (CFFC743F-43B0-4480-9391-14DF171D2073): 35
LogDevObjectVersion:   Dev-Mobile (B02B49B5-BB20-44E9-A304-32B752E40360): 2
LogDevObjectVersion:   Dev-Networking (A4E4105C-59A1-49B5-A7C5-40C4547EDFEE): 0
LogDevObjectVersion:   Dev-Online (39C831C9-5AE6-47DC-9A44-9C173E1C8E7C): 0
LogDevObjectVersion:   Dev-Physics (78F01B33-EBEA-4F98-B9B4-84EACCB95AA2): 0
LogDevObjectVersion:   Dev-Platform (6631380F-2D4D-43E0-8009-CF276956A95A): 0
LogDevObjectVersion:   Dev-Rendering (12F88B9F-8875-4AFC-A67C-D90C383ABD29): 28
LogDevObjectVersion:   Dev-Sequencer (7B5AE74C-D270-4C10-A958-57980B212A5A): 11
LogDevObjectVersion:   Dev-VR (D7296918-1DD6-4BDD-9DE2-64A83CC13884): 2
LogDevObjectVersion:   Dev-LoadTimes (C2A15278-BFE7-4AFE-6C17-90FF531DF755): 1
LogDevObjectVersion:   Private-Geometry (6EACA3D4-40EC-4CC1-B786-8BED09428FC5): 3
LogDevObjectVersion:   Dev-AnimPhys (29E575DD-E0A3-4627-9D10-D276232CDCEA): 17
LogDevObjectVersion:   Dev-Anim (AF43A65D-7FD3-4947-9873-3E8ED9C1BB05): 2
LogDevObjectVersion:   Dev-ReflectionCapture (6B266CEC-1EC7-4B8F-A30B-E4D90942FC07): 1
LogDevObjectVersion:   Dev-Automation (0DF73D61-A23F-47EA-B727-89E90C41499A): 1
LogDevObjectVersion:   FortniteMain (601D1886-AC64-4F84-AA16-D3DE0DEAC7D6): 25
LogDevObjectVersion:   Dev-Enterprise (9DFFBCD6-494F-0158-E221-12823C92A888): 6
LogDevObjectVersion:   Dev-Niagara (F2AED0AC-9AFE-416F-8664-AA7FFA26D6FC): 1
LogDevObjectVersion:   Dev-Destruction (174F1F0B-B4C6-45A5-B13F-2EE8D0FB917D): 2
LogInit: Presizing for max 16777216 objects, including 0 objects not considered by GC, pre-allocating 0 bytes for permanent pool.
LogInit: Object subsystem initialized
LogConfig: Setting CVar [[con.DebugEarlyDefault:1]]
LogConfig: Setting CVar [[r.setres:1280x720]]
[2019.07.17-16.11.53:473][  0]LogConfig: Setting CVar [[r.VSync:0]]
[2019.07.17-16.11.53:473][  0]LogConfig: Setting CVar [[r.RHICmdBypass:0]]
[2019.07.17-16.11.53:473][  0]LogConfig: Applying CVar settings from Section [/Script/Engine.RendererSettings] File [C:/Users/Carlos/Documents/GitHub/Hakunamatata/Hakunamatata 4.22/Saved/Config/Windows/Engine.ini]
[2019.07.17-16.11.53:473][  0]LogConfig: Setting CVar [[r.GPUCrashDebugging:0]]
[2019.07.17-16.11.53:473][  0]LogConfig: Setting CVar [[r.DefaultFeature.Bloom:0]]
[2019.07.17-16.11.53:473][  0]LogConfig: Setting CVar [[r.DefaultFeature.AutoExposure:0]]
[2019.07.17-16.11.53:473][  0]LogConfig: Setting CVar [[r.DefaultFeature.MotionBlur:0]]
[2019.07.17-16.11.53:473][  0]LogConfig: Applying CVar settings from Section [/Script/Engine.RendererOverrideSettings] File [C:/Users/Carlos/Documents/GitHub/Hakunamatata/Hakunamatata 4.22/Saved/Config/Windows/Engine.ini]
[2019.07.17-16.11.53:473][  0]LogConfig: Applying CVar settings from Section [/Script/Engine.StreamingSettings] File [C:/Users/Carlos/Documents/GitHub/Hakunamatata/Hakunamatata 4.22/Saved/Config/Windows/Engine.ini]
[2019.07.17-16.11.53:473][  0]LogConfig: Setting CVar [[s.MinBulkDataSizeForAsyncLoading:131072]]
[2019.07.17-16.11.53:473][  0]LogConfig: Setting CVar [[s.AsyncLoadingThreadEnabled:0]]
[2019.07.17-16.11.53:473][  0]LogConfig: Setting CVar [[s.EventDrivenLoaderEnabled:1]]
[2019.07.17-16.11.53:473][  0]LogConfig: Setting CVar [[s.WarnIfTimeLimitExceeded:0]]
[2019.07.17-16.11.53:473][  0]LogConfig: Setting CVar [[s.TimeLimitExceededMultiplier:1.5]]
[2019.07.17-16.11.53:473][  0]LogConfig: Setting CVar [[s.TimeLimitExceededMinTime:0.005]]
[2019.07.17-16.11.53:473][  0]LogConfig: Setting CVar [[s.UseBackgroundLevelStreaming:1]]
[2019.07.17-16.11.53:473][  0]LogConfig: Setting CVar [[s.PriorityAsyncLoadingExtraTime:15.0]]
[2019.07.17-16.11.53:473][  0]LogConfig: Setting CVar [[s.LevelStreamingActorsUpdateTimeLimit:5.0]]
[2019.07.17-16.11.53:473][  0]LogConfig: Setting CVar [[s.PriorityLevelStreamingActorsUpdateExtraTime:5.0]]
[2019.07.17-16.11.53:473][  0]LogConfig: Setting CVar [[s.LevelStreamingComponentsRegistrationGranularity:10]]
[2019.07.17-16.11.53:473][  0]LogConfig: Setting CVar [[s.UnregisterComponentsTimeLimit:1.0]]
[2019.07.17-16.11.53:473][  0]LogConfig: Setting CVar [[s.LevelStreamingComponentsUnregistrationGranularity:5]]
[2019.07.17-16.11.53:473][  0]LogConfig: Applying CVar settings from Section [/Script/Engine.GarbageCollectionSettings] File [C:/Users/Carlos/Documents/GitHub/Hakunamatata/Hakunamatata 4.22/Saved/Config/Windows/Engine.ini]
[2019.07.17-16.11.53:473][  0]LogConfig: Setting CVar [[gc.MaxObjectsNotConsideredByGC:1]]
[2019.07.17-16.11.53:473][  0]LogConfig: Setting CVar [[gc.SizeOfPermanentObjectPool:0]]
[2019.07.17-16.11.53:473][  0]LogConfig: Setting CVar [[gc.FlushStreamingOnGC:0]]
[2019.07.17-16.11.53:473][  0]LogConfig: Setting CVar [[gc.NumRetriesBeforeForcingGC:10]]
[2019.07.17-16.11.53:473][  0]LogConfig: Setting CVar [[gc.AllowParallelGC:1]]
[2019.07.17-16.11.53:473][  0]LogConfig: Setting CVar [[gc.TimeBetweenPurgingPendingKillObjects:61.1]]
[2019.07.17-16.11.53:473][  0]LogConfig: Setting CVar [[gc.MaxObjectsInEditor:16777216]]
[2019.07.17-16.11.53:473][  0]LogConfig: Setting CVar [[gc.IncrementalBeginDestroyEnabled:1]]
[2019.07.17-16.11.53:473][  0]LogConfig: Setting CVar [[gc.CreateGCClusters:1]]
[2019.07.17-16.11.53:473][  0]LogConfig: Setting CVar [[gc.MinGCClusterSize:5]]
[2019.07.17-16.11.53:473][  0]LogConfig: Setting CVar [[gc.ActorClusteringEnabled:0]]
[2019.07.17-16.11.53:473][  0]LogConfig: Setting CVar [[gc.BlueprintClusteringEnabled:0]]
[2019.07.17-16.11.53:474][  0]LogConfig: Setting CVar [[gc.UseDisregardForGCOnDedicatedServers:0]]
[2019.07.17-16.11.53:474][  0]LogConfig: Applying CVar settings from Section [/Script/Engine.NetworkSettings] File [C:/Users/Carlos/Documents/GitHub/Hakunamatata/Hakunamatata 4.22/Saved/Config/Windows/Engine.ini]
[2019.07.17-16.11.53:474][  0]LogConfig: Applying CVar settings from Section [/Script/UnrealEd.CookerSettings] File [C:/Users/Carlos/Documents/GitHub/Hakunamatata/Hakunamatata 4.22/Saved/Config/Windows/Engine.ini]
[2019.07.17-16.11.53:490][  0]LogConfig: Applying CVar settings from Section [ViewDistanceQuality@3] File [C:/Users/Carlos/Documents/GitHub/Hakunamatata/Hakunamatata 4.22/Saved/Config/Windows/Scalability.ini]
[2019.07.17-16.11.53:490][  0]LogConfig: Setting CVar [[r.SkeletalMeshLODBias:0]]
[2019.07.17-16.11.53:490][  0]LogConfig: Setting CVar [[r.ViewDistanceScale:1.0]]
[2019.07.17-16.11.53:491][  0]LogConfig: Applying CVar settings from Section [AntiAliasingQuality@3] File [C:/Users/Carlos/Documents/GitHub/Hakunamatata/Hakunamatata 4.22/Saved/Config/Windows/Scalability.ini]
[2019.07.17-16.11.53:491][  0]LogConfig: Setting CVar [[r.PostProcessAAQuality:4]]
[2019.07.17-16.11.53:491][  0]LogConfig: Applying CVar settings from Section [ShadowQuality@3] File [C:/Users/Carlos/Documents/GitHub/Hakunamatata/Hakunamatata 4.22/Saved/Config/Windows/Scalability.ini]
[2019.07.17-16.11.53:491][  0]LogConfig: Setting CVar [[r.LightFunctionQuality:1]]
[2019.07.17-16.11.53:491][  0]LogConfig: Setting CVar [[r.ShadowQuality:5]]
[2019.07.17-16.11.53:491][  0]LogConfig: Setting CVar [[r.Shadow.CSM.MaxCascades:10]]
[2019.07.17-16.11.53:491][  0]LogConfig: Setting CVar [[r.Shadow.MaxResolution:2048]]
[2019.07.17-16.11.53:491][  0]LogConfig: Setting CVar [[r.Shadow.MaxCSMResolution:2048]]
[2019.07.17-16.11.53:491][  0]LogConfig: Setting CVar [[r.Shadow.RadiusThreshold:0.01]]
[2019.07.17-16.11.53:491][  0]LogConfig: Setting CVar [[r.Shadow.DistanceScale:1.0]]
[2019.07.17-16.11.53:491][  0]LogConfig: Setting CVar [[r.Shadow.CSM.TransitionScale:1.0]]
[2019.07.17-16.11.53:491][  0]LogConfig: Setting CVar [[r.Shadow.PreShadowResolutionFactor:1.0]]
[2019.07.17-16.11.53:491][  0]LogConfig: Setting CVar [[r.DistanceFieldShadowing:1]]
[2019.07.17-16.11.53:491][  0]LogConfig: Setting CVar [[r.DistanceFieldAO:1]]
[2019.07.17-16.11.53:491][  0]LogConfig: Setting CVar [[r.AOQuality:2]]
[2019.07.17-16.11.53:491][  0]LogConfig: Setting CVar [[r.VolumetricFog:1]]
[2019.07.17-16.11.53:491][  0]LogConfig: Setting CVar [[r.VolumetricFog.GridPixelSize:8]]
[2019.07.17-16.11.53:491][  0]LogConfig: Setting CVar [[r.VolumetricFog.GridSizeZ:128]]
[2019.07.17-16.11.53:491][  0]LogConfig: Setting CVar [[r.VolumetricFog.HistoryMissSupersampleCount:4]]
[2019.07.17-16.11.53:491][  0]LogConfig: Setting CVar [[r.LightMaxDrawDistanceScale:1]]
[2019.07.17-16.11.53:491][  0]LogConfig: Setting CVar [[r.CapsuleShadows:1]]
[2019.07.17-16.11.53:491][  0]LogConfig: Applying CVar settings from Section [PostProcessQuality@3] File [C:/Users/Carlos/Documents/GitHub/Hakunamatata/Hakunamatata 4.22/Saved/Config/Windows/Scalability.ini]
[2019.07.17-16.11.53:491][  0]LogConfig: Setting CVar [[r.MotionBlurQuality:4]]
[2019.07.17-16.11.53:491][  0]LogConfig: Setting CVar [[r.AmbientOcclusionMipLevelFactor:0.4]]
[2019.07.17-16.11.53:491][  0]LogConfig: Setting CVar [[r.AmbientOcclusionMaxQuality:100]]
[2019.07.17-16.11.53:491][  0]LogConfig: Setting CVar [[r.AmbientOcclusionLevels:-1]]
[2019.07.17-16.11.53:491][  0]LogConfig: Setting CVar [[r.AmbientOcclusionRadiusScale:1.0]]
[2019.07.17-16.11.53:491][  0]LogConfig: Setting CVar [[r.DepthOfFieldQuality:2]]
[2019.07.17-16.11.53:491][  0]LogConfig: Setting CVar [[r.RenderTargetPoolMin:400]]
[2019.07.17-16.11.53:491][  0]LogConfig: Setting CVar [[r.LensFlareQuality:2]]
[2019.07.17-16.11.53:491][  0]LogConfig: Setting CVar [[r.SceneColorFringeQuality:1]]
[2019.07.17-16.11.53:491][  0]LogConfig: Setting CVar [[r.EyeAdaptationQuality:2]]
[2019.07.17-16.11.53:491][  0]LogConfig: Setting CVar [[r.BloomQuality:5]]
[2019.07.17-16.11.53:491][  0]LogConfig: Setting CVar [[r.FastBlurThreshold:100]]
[2019.07.17-16.11.53:491][  0]LogConfig: Setting CVar [[r.Upscale.Quality:3]]
[2019.07.17-16.11.53:491][  0]LogConfig: Setting CVar [[r.Tonemapper.GrainQuantization:1]]
[2019.07.17-16.11.53:491][  0]LogConfig: Setting CVar [[r.LightShaftQuality:1]]
[2019.07.17-16.11.53:491][  0]LogConfig: Setting CVar [[r.Filter.SizeScale:1]]
[2019.07.17-16.11.53:491][  0]LogConfig: Setting CVar [[r.Tonemapper.Quality:5]]
[2019.07.17-16.11.53:491][  0]LogConfig: Setting CVar [[r.DOF.Gather.AccumulatorQuality:1        ; higher gathering accumulator quality]]
[2019.07.17-16.11.53:491][  0]LogConfig: Setting CVar [[r.DOF.Gather.PostfilterMethod:1          ; Median3x3 postfilering method]]
[2019.07.17-16.11.53:491][  0]LogConfig: Setting CVar [[r.DOF.Gather.EnableBokehSettings:0       ; no bokeh simulation when gathering]]
[2019.07.17-16.11.53:491][  0]LogConfig: Setting CVar [[r.DOF.Gather.RingCount:4                 ; medium number of samples when gathering]]
[2019.07.17-16.11.53:491][  0]LogConfig: Setting CVar [[r.DOF.Scatter.ForegroundCompositing:1    ; additive foreground scattering]]
[2019.07.17-16.11.53:491][  0]LogConfig: Setting CVar [[r.DOF.Scatter.BackgroundCompositing:2    ; additive background scattering]]
[2019.07.17-16.11.53:491][  0]LogConfig: Setting CVar [[r.DOF.Scatter.EnableBokehSettings:1      ; bokeh simulation when scattering]]
[2019.07.17-16.11.53:491][  0]LogConfig: Setting CVar [[r.DOF.Scatter.MaxSpriteRatio:0.1         ; only a maximum of 10% of scattered bokeh]]
[2019.07.17-16.11.53:491][  0]LogConfig: Setting CVar [[r.DOF.Recombine.Quality:1                ; cheap slight out of focus]]
[2019.07.17-16.11.53:491][  0]LogConfig: Setting CVar [[r.DOF.Recombine.EnableBokehSettings:0    ; no bokeh simulation on slight out of focus]]
[2019.07.17-16.11.53:491][  0]LogConfig: Setting CVar [[r.DOF.TemporalAAQuality:1                ; more stable temporal accumulation]]
[2019.07.17-16.11.53:491][  0]LogConfig: Setting CVar [[r.DOF.Kernel.MaxForegroundRadius:0.025]]
[2019.07.17-16.11.53:491][  0]LogConfig: Setting CVar [[r.DOF.Kernel.MaxBackgroundRadius:0.025]]
[2019.07.17-16.11.53:491][  0]LogConfig: Applying CVar settings from Section [TextureQuality@3] File [C:/Users/Carlos/Documents/GitHub/Hakunamatata/Hakunamatata 4.22/Saved/Config/Windows/Scalability.ini]
[2019.07.17-16.11.53:491][  0]LogConfig: Setting CVar [[r.Streaming.MipBias:0]]
[2019.07.17-16.11.53:491][  0]LogConfig: Setting CVar [[r.Streaming.AmortizeCPUToGPUCopy:0]]
[2019.07.17-16.11.53:491][  0]LogConfig: Setting CVar [[r.Streaming.MaxNumTexturesToStreamPerFrame:0]]
[2019.07.17-16.11.53:491][  0]LogConfig: Setting CVar [[r.Streaming.Boost:1]]
[2019.07.17-16.11.53:491][  0]LogConfig: Setting CVar [[r.MaxAnisotropy:8]]
[2019.07.17-16.11.53:491][  0]LogConfig: Setting CVar [[r.Streaming.LimitPoolSizeToVRAM:0]]
[2019.07.17-16.11.53:491][  0]LogConfig: Setting CVar [[r.Streaming.PoolSize:1000]]
[2019.07.17-16.11.53:491][  0]LogConfig: Setting CVar [[r.Streaming.MaxEffectiveScreenSize:0]]
[2019.07.17-16.11.53:491][  0]LogConfig: Applying CVar settings from Section [EffectsQuality@3] File [C:/Users/Carlos/Documents/GitHub/Hakunamatata/Hakunamatata 4.22/Saved/Config/Windows/Scalability.ini]
[2019.07.17-16.11.53:491][  0]LogConfig: Setting CVar [[r.TranslucencyLightingVolumeDim:64]]
[2019.07.17-16.11.53:491][  0]LogConfig: Setting CVar [[r.RefractionQuality:2]]
[2019.07.17-16.11.53:491][  0]LogConfig: Setting CVar [[r.SSR.Quality:3]]
[2019.07.17-16.11.53:491][  0]LogConfig: Setting CVar [[r.SceneColorFormat:4]]
[2019.07.17-16.11.53:491][  0]LogConfig: Setting CVar [[r.DetailMode:2]]
[2019.07.17-16.11.53:491][  0]LogConfig: Setting CVar [[r.TranslucencyVolumeBlur:1]]
[2019.07.17-16.11.53:491][  0]LogConfig: Setting CVar [[r.MaterialQualityLevel:1 ; High quality]]
[2019.07.17-16.11.53:491][  0]LogConfig: Setting CVar [[r.SSS.Scale:1]]
[2019.07.17-16.11.53:491][  0]LogConfig: Setting CVar [[r.SSS.SampleSet:2]]
[2019.07.17-16.11.53:491][  0]LogConfig: Setting CVar [[r.SSS.Quality:1]]
[2019.07.17-16.11.53:491][  0]LogConfig: Setting CVar [[r.SSS.HalfRes:1]]
[2019.07.17-16.11.53:492][  0]LogConfig: Setting CVar [[r.EmitterSpawnRateScale:1.0]]
[2019.07.17-16.11.53:492][  0]LogConfig: Setting CVar [[r.ParticleLightQuality:2]]
[2019.07.17-16.11.53:492][  0]LogConfig: Applying CVar settings from Section [FoliageQuality@3] File [C:/Users/Carlos/Documents/GitHub/Hakunamatata/Hakunamatata 4.22/Saved/Config/Windows/Scalability.ini]
[2019.07.17-16.11.53:492][  0]LogConfig: Setting CVar [[foliage.DensityScale:1.0]]
[2019.07.17-16.11.53:492][  0]LogConfig: Setting CVar [[grass.DensityScale:1.0]]
[2019.07.17-16.11.53:496][  0]LogInit: Selected Device Profile: [Windows]
[2019.07.17-16.11.53:497][  0]LogInit: Applying CVar settings loaded from the selected device profile: [Windows]
[2019.07.17-16.11.53:526][  0]LogHAL: Display: Platform has ~ 8 GB [8546533376 / 8589934592 / 8], which maps to Default [LargestMinGB=32, LargerMinGB=12, DefaultMinGB=8, SmallerMinGB=6, SmallestMinGB=0)
[2019.07.17-16.11.53:526][  0]LogConfig: Setting CVar [[r.Vulkan.UseRealUBs:0		; Required until we fix HLR fall-out]]
[2019.07.17-16.11.53:526][  0]LogInit: Going up to parent DeviceProfile []
[2019.07.17-16.11.53:538][  0]LogConfig: Applying CVar settings from Section [ViewDistanceQuality@3] File [C:/Users/Carlos/Documents/GitHub/Hakunamatata/Hakunamatata 4.22/Saved/Config/Windows/Scalability.ini]
[2019.07.17-16.11.53:539][  0]LogConfig: Setting CVar [[r.SkeletalMeshLODBias:0]]
[2019.07.17-16.11.53:539][  0]LogConfig: Setting CVar [[r.ViewDistanceScale:1.0]]
[2019.07.17-16.11.53:539][  0]LogConfig: Applying CVar settings from Section [AntiAliasingQuality@3] File [C:/Users/Carlos/Documents/GitHub/Hakunamatata/Hakunamatata 4.22/Saved/Config/Windows/Scalability.ini]
[2019.07.17-16.11.53:539][  0]LogConfig: Setting CVar [[r.PostProcessAAQuality:4]]
[2019.07.17-16.11.53:539][  0]LogConfig: Applying CVar settings from Section [ShadowQuality@3] File [C:/Users/Carlos/Documents/GitHub/Hakunamatata/Hakunamatata 4.22/Saved/Config/Windows/Scalability.ini]
[2019.07.17-16.11.53:539][  0]LogConfig: Setting CVar [[r.LightFunctionQuality:1]]
[2019.07.17-16.11.53:539][  0]LogConfig: Setting CVar [[r.ShadowQuality:5]]
[2019.07.17-16.11.53:539][  0]LogConfig: Setting CVar [[r.Shadow.CSM.MaxCascades:10]]
[2019.07.17-16.11.53:539][  0]LogConfig: Setting CVar [[r.Shadow.MaxResolution:2048]]
[2019.07.17-16.11.53:539][  0]LogConfig: Setting CVar [[r.Shadow.MaxCSMResolution:2048]]
[2019.07.17-16.11.53:539][  0]LogConfig: Setting CVar [[r.Shadow.RadiusThreshold:0.01]]
[2019.07.17-16.11.53:539][  0]LogConfig: Setting CVar [[r.Shadow.DistanceScale:1.0]]
[2019.07.17-16.11.53:539][  0]LogConfig: Setting CVar [[r.Shadow.CSM.TransitionScale:1.0]]
[2019.07.17-16.11.53:539][  0]LogConfig: Setting CVar [[r.Shadow.PreShadowResolutionFactor:1.0]]
[2019.07.17-16.11.53:539][  0]LogConfig: Setting CVar [[r.DistanceFieldShadowing:1]]
[2019.07.17-16.11.53:539][  0]LogConfig: Setting CVar [[r.DistanceFieldAO:1]]
[2019.07.17-16.11.53:539][  0]LogConfig: Setting CVar [[r.AOQuality:2]]
[2019.07.17-16.11.53:539][  0]LogConfig: Setting CVar [[r.VolumetricFog:1]]
[2019.07.17-16.11.53:539][  0]LogConfig: Setting CVar [[r.VolumetricFog.GridPixelSize:8]]
[2019.07.17-16.11.53:539][  0]LogConfig: Setting CVar [[r.VolumetricFog.GridSizeZ:128]]
[2019.07.17-16.11.53:539][  0]LogConfig: Setting CVar [[r.VolumetricFog.HistoryMissSupersampleCount:4]]
[2019.07.17-16.11.53:539][  0]LogConfig: Setting CVar [[r.LightMaxDrawDistanceScale:1]]
[2019.07.17-16.11.53:539][  0]LogConfig: Setting CVar [[r.CapsuleShadows:1]]
[2019.07.17-16.11.53:539][  0]LogConfig: Applying CVar settings from Section [PostProcessQuality@3] File [C:/Users/Carlos/Documents/GitHub/Hakunamatata/Hakunamatata 4.22/Saved/Config/Windows/Scalability.ini]
[2019.07.17-16.11.53:539][  0]LogConfig: Setting CVar [[r.MotionBlurQuality:4]]
[2019.07.17-16.11.53:539][  0]LogConfig: Setting CVar [[r.AmbientOcclusionMipLevelFactor:0.4]]
[2019.07.17-16.11.53:539][  0]LogConfig: Setting CVar [[r.AmbientOcclusionMaxQuality:100]]
[2019.07.17-16.11.53:539][  0]LogConfig: Setting CVar [[r.AmbientOcclusionLevels:-1]]
[2019.07.17-16.11.53:539][  0]LogConfig: Setting CVar [[r.AmbientOcclusionRadiusScale:1.0]]
[2019.07.17-16.11.53:539][  0]LogConfig: Setting CVar [[r.DepthOfFieldQuality:2]]
[2019.07.17-16.11.53:539][  0]LogConfig: Setting CVar [[r.RenderTargetPoolMin:400]]
[2019.07.17-16.11.53:539][  0]LogConfig: Setting CVar [[r.LensFlareQuality:2]]
[2019.07.17-16.11.53:539][  0]LogConfig: Setting CVar [[r.SceneColorFringeQuality:1]]
[2019.07.17-16.11.53:539][  0]LogConfig: Setting CVar [[r.EyeAdaptationQuality:2]]
[2019.07.17-16.11.53:539][  0]LogConfig: Setting CVar [[r.BloomQuality:5]]
[2019.07.17-16.11.53:539][  0]LogConfig: Setting CVar [[r.FastBlurThreshold:100]]
[2019.07.17-16.11.53:539][  0]LogConfig: Setting CVar [[r.Upscale.Quality:3]]
[2019.07.17-16.11.53:539][  0]LogConfig: Setting CVar [[r.Tonemapper.GrainQuantization:1]]
[2019.07.17-16.11.53:539][  0]LogConfig: Setting CVar [[r.LightShaftQuality:1]]
[2019.07.17-16.11.53:539][  0]LogConfig: Setting CVar [[r.Filter.SizeScale:1]]
[2019.07.17-16.11.53:539][  0]LogConfig: Setting CVar [[r.Tonemapper.Quality:5]]
[2019.07.17-16.11.53:539][  0]LogConfig: Setting CVar [[r.DOF.Gather.AccumulatorQuality:1        ; higher gathering accumulator quality]]
[2019.07.17-16.11.53:539][  0]LogConfig: Setting CVar [[r.DOF.Gather.PostfilterMethod:1          ; Median3x3 postfilering method]]
[2019.07.17-16.11.53:539][  0]LogConfig: Setting CVar [[r.DOF.Gather.EnableBokehSettings:0       ; no bokeh simulation when gathering]]
[2019.07.17-16.11.53:539][  0]LogConfig: Setting CVar [[r.DOF.Gather.RingCount:4                 ; medium number of samples when gathering]]
[2019.07.17-16.11.53:539][  0]LogConfig: Setting CVar [[r.DOF.Scatter.ForegroundCompositing:1    ; additive foreground scattering]]
[2019.07.17-16.11.53:539][  0]LogConfig: Setting CVar [[r.DOF.Scatter.BackgroundCompositing:2    ; additive background scattering]]
[2019.07.17-16.11.53:539][  0]LogConfig: Setting CVar [[r.DOF.Scatter.EnableBokehSettings:1      ; bokeh simulation when scattering]]
[2019.07.17-16.11.53:539][  0]LogConfig: Setting CVar [[r.DOF.Scatter.MaxSpriteRatio:0.1         ; only a maximum of 10% of scattered bokeh]]
[2019.07.17-16.11.53:540][  0]LogConfig: Setting CVar [[r.DOF.Recombine.Quality:1                ; cheap slight out of focus]]
[2019.07.17-16.11.53:540][  0]LogConfig: Setting CVar [[r.DOF.Recombine.EnableBokehSettings:0    ; no bokeh simulation on slight out of focus]]
[2019.07.17-16.11.53:540][  0]LogConfig: Setting CVar [[r.DOF.TemporalAAQuality:1                ; more stable temporal accumulation]]
[2019.07.17-16.11.53:540][  0]LogConfig: Setting CVar [[r.DOF.Kernel.MaxForegroundRadius:0.025]]
[2019.07.17-16.11.53:540][  0]LogConfig: Setting CVar [[r.DOF.Kernel.MaxBackgroundRadius:0.025]]
[2019.07.17-16.11.53:540][  0]LogConfig: Applying CVar settings from Section [TextureQuality@3] File [C:/Users/Carlos/Documents/GitHub/Hakunamatata/Hakunamatata 4.22/Saved/Config/Windows/Scalability.ini]
[2019.07.17-16.11.53:540][  0]LogConfig: Setting CVar [[r.Streaming.MipBias:0]]
[2019.07.17-16.11.53:540][  0]LogConfig: Setting CVar [[r.Streaming.AmortizeCPUToGPUCopy:0]]
[2019.07.17-16.11.53:540][  0]LogConfig: Setting CVar [[r.Streaming.MaxNumTexturesToStreamPerFrame:0]]
[2019.07.17-16.11.53:540][  0]LogConfig: Setting CVar [[r.Streaming.Boost:1]]
[2019.07.17-16.11.53:540][  0]LogConfig: Setting CVar [[r.MaxAnisotropy:8]]
[2019.07.17-16.11.53:540][  0]LogConfig: Setting CVar [[r.Streaming.LimitPoolSizeToVRAM:0]]
[2019.07.17-16.11.53:540][  0]LogConfig: Setting CVar [[r.Streaming.PoolSize:1000]]
[2019.07.17-16.11.53:540][  0]LogConfig: Setting CVar [[r.Streaming.MaxEffectiveScreenSize:0]]
[2019.07.17-16.11.53:540][  0]LogConfig: Applying CVar settings from Section [EffectsQuality@3] File [C:/Users/Carlos/Documents/GitHub/Hakunamatata/Hakunamatata 4.22/Saved/Config/Windows/Scalability.ini]
[2019.07.17-16.11.53:540][  0]LogConfig: Setting CVar [[r.TranslucencyLightingVolumeDim:64]]
[2019.07.17-16.11.53:540][  0]LogConfig: Setting CVar [[r.RefractionQuality:2]]
[2019.07.17-16.11.53:540][  0]LogConfig: Setting CVar [[r.SSR.Quality:3]]
[2019.07.17-16.11.53:540][  0]LogConfig: Setting CVar [[r.SceneColorFormat:4]]
[2019.07.17-16.11.53:540][  0]LogConfig: Setting CVar [[r.DetailMode:2]]
[2019.07.17-16.11.53:540][  0]LogConfig: Setting CVar [[r.TranslucencyVolumeBlur:1]]
[2019.07.17-16.11.53:540][  0]LogConfig: Setting CVar [[r.MaterialQualityLevel:1 ; High quality]]
[2019.07.17-16.11.53:540][  0]LogConfig: Setting CVar [[r.SSS.Scale:1]]
[2019.07.17-16.11.53:540][  0]LogConfig: Setting CVar [[r.SSS.SampleSet:2]]
[2019.07.17-16.11.53:540][  0]LogConfig: Setting CVar [[r.SSS.Quality:1]]
[2019.07.17-16.11.53:540][  0]LogConfig: Setting CVar [[r.SSS.HalfRes:1]]
[2019.07.17-16.11.53:540][  0]LogConfig: Setting CVar [[r.EmitterSpawnRateScale:1.0]]
[2019.07.17-16.11.53:540][  0]LogConfig: Setting CVar [[r.ParticleLightQuality:2]]
[2019.07.17-16.11.53:540][  0]LogConfig: Applying CVar settings from Section [FoliageQuality@3] File [C:/Users/Carlos/Documents/GitHub/Hakunamatata/Hakunamatata 4.22/Saved/Config/Windows/Scalability.ini]
[2019.07.17-16.11.53:540][  0]LogConfig: Setting CVar [[foliage.DensityScale:1.0]]
[2019.07.17-16.11.53:540][  0]LogConfig: Setting CVar [[grass.DensityScale:1.0]]
[2019.07.17-16.11.53:540][  0]LogConfig: Applying CVar settings from Section [Startup] File [../../../Engine/Config/ConsoleVariables.ini]
[2019.07.17-16.11.53:549][  0]LogConfig: Setting CVar [[net.UseAdaptiveNetUpdateFrequency:0]]
[2019.07.17-16.11.53:549][  0]LogConfig: Setting CVar [[p.chaos.AllowCreatePhysxBodies:1]]
[2019.07.17-16.11.53:549][  0]LogConfig: Applying CVar settings from Section [ConsoleVariables] File [C:/Users/Carlos/Documents/GitHub/Hakunamatata/Hakunamatata 4.22/Saved/Config/Windows/Engine.ini]
[2019.07.17-16.11.53:557][  0]LogInit: Computer: DESKTOP-M87T7OS
[2019.07.17-16.11.53:557][  0]LogInit: User: Carlos
[2019.07.17-16.11.53:557][  0]LogInit: CPU Page size=4096, Cores=2
[2019.07.17-16.11.53:557][  0]LogInit: High frequency timer resolution =3.609382 MHz
[2019.07.17-16.11.53:558][  0]LogMemory: Memory total: Physical=8.0GB (8GB approx)
[2019.07.17-16.11.53:558][  0]LogMemory: Platform Memory Stats for Windows
[2019.07.17-16.11.53:558][  0]LogMemory: Process Physical Memory: 96.13 MB used, 96.13 MB peak
[2019.07.17-16.11.53:558][  0]LogMemory: Process Virtual Memory: 91.70 MB used, 91.70 MB peak
[2019.07.17-16.11.53:558][  0]LogMemory: Physical Memory: 4329.85 MB used,  3820.76 MB free, 8150.61 MB total
[2019.07.17-16.11.53:558][  0]LogMemory: Virtual Memory: 4624.93 MB used,  134213104.00 MB free, 134217728.00 MB total
[2019.07.17-16.11.53:918][  0]LogInit: Using OS detected language (pt-PT).
[2019.07.17-16.11.53:918][  0]LogInit: Using OS detected locale (pt-PT).
[2019.07.17-16.11.53:973][  0]LogTextLocalizationManager: No localization for 'pt-PT' exists, so 'en' will be used for the language.
[2019.07.17-16.11.54:433][  0]LogInit: Setting process to per monitor DPI aware
[2019.07.17-16.11.54:753][  0]LogSlate: New Slate User Created.  User Index 0, Is Virtual User: 0
[2019.07.17-16.11.54:753][  0]LogSlate: Slate User Registered.  User Index 0, Is Virtual User: 0
[2019.07.17-16.11.56:221][  0]LogHMD: Failed to initialize OpenVR with code 110
[2019.07.17-16.11.56:221][  0]LogD3D11RHI: D3D11 adapters:
[2019.07.17-16.11.56:345][  0]LogD3D11RHI:    0. 'NVIDIA GeForce GTX 1050 Ti' (Feature Level 11_0)
[2019.07.17-16.11.56:345][  0]LogD3D11RHI:       4018/0/4075 MB DedicatedVideo/DedicatedSystem/SharedSystem, Outputs:1, VendorId:0x10de
[2019.07.17-16.11.56:347][  0]LogD3D11RHI:    1. 'Microsoft Basic Render Driver' (Feature Level 11_0)
[2019.07.17-16.11.56:347][  0]LogD3D11RHI:       0/0/4075 MB DedicatedVideo/DedicatedSystem/SharedSystem, Outputs:0, VendorId:0x1414
[2019.07.17-16.11.56:347][  0]LogD3D11RHI: Chosen D3D11 Adapter: 0
[2019.07.17-16.11.56:353][  0]LogD3D11RHI: Creating new Direct3DDevice
[2019.07.17-16.11.56:353][  0]LogD3D11RHI:     GPU DeviceId: 0x1c82 (for the marketing name, search the web for "GPU Device Id")
[2019.07.17-16.11.56:367][  0]LogWindows: EnumDisplayDevices:
[2019.07.17-16.11.56:367][  0]LogWindows:    0. 'NVIDIA GeForce GTX 1050 Ti' (P:1 D:1)
[2019.07.17-16.11.56:367][  0]LogWindows:    1. 'NVIDIA GeForce GTX 1050 Ti' (P:0 D:0)
[2019.07.17-16.11.56:368][  0]LogWindows:    2. 'NVIDIA GeForce GTX 1050 Ti' (P:0 D:0)
[2019.07.17-16.11.56:368][  0]LogWindows:    3. 'NVIDIA GeForce GTX 1050 Ti' (P:0 D:0)
[2019.07.17-16.11.56:368][  0]LogWindows: DebugString: FoundDriverCount:4 
[2019.07.17-16.11.56:368][  0]LogD3D11RHI:     Adapter Name: NVIDIA GeForce GTX 1050 Ti
[2019.07.17-16.11.56:400][  0]LogD3D11RHI:   Driver Version: 430.86 (internal:26.21.14.3086, unified:430.86)
[2019.07.17-16.11.56:400][  0]LogD3D11RHI:      Driver Date: 5-22-2019
[2019.07.17-16.11.56:400][  0]LogRHI: Texture pool is 2812 MB (70% of 4018 MB)
[2019.07.17-16.11.56:521][  0]LogD3D11RHI: Async texture creation enabled
[2019.07.17-16.11.56:585][  0]LogRendererCore: FGlobalReadBuffer::InitRHI
[2019.07.17-16.11.56:593][  0]LogRendererCore: FGlobalReadBuffer::InitRHI
[2019.07.17-16.11.56:593][  0]LogRendererCore: FGlobalReadBuffer::InitRHI
[2019.07.17-16.11.56:608][  0]LogD3D11RHI: GPU Timing Frequency: 1000.000000 (Debug: 2 1)
[2019.07.17-16.11.57:815][  0]LogTemp: Display: Module 'AllDesktopTargetPlatform' loaded TargetPlatform 'AllDesktop'
[2019.07.17-16.11.57:841][  0]LogTemp: Display: Module 'MacClientTargetPlatform' loaded TargetPlatform 'MacClient'
[2019.07.17-16.11.57:864][  0]LogTemp: Display: Module 'MacNoEditorTargetPlatform' loaded TargetPlatform 'MacNoEditor'
[2019.07.17-16.11.57:882][  0]LogTemp: Display: Module 'MacServerTargetPlatform' loaded TargetPlatform 'MacServer'
[2019.07.17-16.11.57:961][  0]LogTemp: Display: Module 'MacTargetPlatform' loaded TargetPlatform 'Mac'
[2019.07.17-16.11.57:990][  0]LogTemp: Display: Module 'WindowsClientTargetPlatform' loaded TargetPlatform 'WindowsClient'
[2019.07.17-16.11.58:011][  0]LogTemp: Display: Module 'WindowsNoEditorTargetPlatform' loaded TargetPlatform 'WindowsNoEditor'
[2019.07.17-16.11.58:030][  0]LogTemp: Display: Module 'WindowsServerTargetPlatform' loaded TargetPlatform 'WindowsServer'
[2019.07.17-16.11.58:045][  0]LogTemp: Display: Module 'WindowsTargetPlatform' loaded TargetPlatform 'Windows'
[2019.07.17-16.11.58:151][  0]LogTemp: Display: Module 'AndroidTargetPlatform' loaded TargetPlatform 'Android'
[2019.07.17-16.11.58:151][  0]LogTemp: Display: Module 'AndroidTargetPlatform' loaded TargetPlatform 'Android_ASTC'
[2019.07.17-16.11.58:151][  0]LogTemp: Display: Module 'AndroidTargetPlatform' loaded TargetPlatform 'Android_ATC'
[2019.07.17-16.11.58:151][  0]LogTemp: Display: Module 'AndroidTargetPlatform' loaded TargetPlatform 'Android_DXT'
[2019.07.17-16.11.58:151][  0]LogTemp: Display: Module 'AndroidTargetPlatform' loaded TargetPlatform 'Android_ETC1'
[2019.07.17-16.11.58:151][  0]LogTemp: Display: Module 'AndroidTargetPlatform' loaded TargetPlatform 'Android_ETC1a'
[2019.07.17-16.11.58:151][  0]LogTemp: Display: Module 'AndroidTargetPlatform' loaded TargetPlatform 'Android_ETC2'
[2019.07.17-16.11.58:151][  0]LogTemp: Display: Module 'AndroidTargetPlatform' loaded TargetPlatform 'Android_PVRTC'
[2019.07.17-16.11.58:151][  0]LogTemp: Display: Module 'AndroidTargetPlatform' loaded TargetPlatform 'AndroidClient'
[2019.07.17-16.11.58:151][  0]LogTemp: Display: Module 'AndroidTargetPlatform' loaded TargetPlatform 'Android_ASTCClient'
[2019.07.17-16.11.58:151][  0]LogTemp: Display: Module 'AndroidTargetPlatform' loaded TargetPlatform 'Android_ATCClient'
[2019.07.17-16.11.58:151][  0]LogTemp: Display: Module 'AndroidTargetPlatform' loaded TargetPlatform 'Android_DXTClient'
[2019.07.17-16.11.58:151][  0]LogTemp: Display: Module 'AndroidTargetPlatform' loaded TargetPlatform 'Android_ETC1Client'
[2019.07.17-16.11.58:151][  0]LogTemp: Display: Module 'AndroidTargetPlatform' loaded TargetPlatform 'Android_ETC1aClient'
[2019.07.17-16.11.58:151][  0]LogTemp: Display: Module 'AndroidTargetPlatform' loaded TargetPlatform 'Android_ETC2Client'
[2019.07.17-16.11.58:151][  0]LogTemp: Display: Module 'AndroidTargetPlatform' loaded TargetPlatform 'Android_PVRTCClient'
[2019.07.17-16.11.58:151][  0]LogTemp: Display: Module 'AndroidTargetPlatform' loaded TargetPlatform 'Android_Multi'
[2019.07.17-16.11.58:152][  0]LogTemp: Display: Module 'AndroidTargetPlatform' loaded TargetPlatform 'Android_MultiClient'
[2019.07.17-16.11.58:269][  0]LogTemp: Display: Module 'HTML5TargetPlatform' loaded TargetPlatform 'HTML5'
[2019.07.17-16.11.58:363][  0]LogTemp: Display: Module 'IOSTargetPlatform' loaded TargetPlatform 'IOSClient'
[2019.07.17-16.11.58:363][  0]LogTemp: Display: Module 'IOSTargetPlatform' loaded TargetPlatform 'IOS'
[2019.07.17-16.11.58:404][  0]LogTemp: Display: Module 'TVOSTargetPlatform' loaded TargetPlatform 'TVOSClient'
[2019.07.17-16.11.58:404][  0]LogTemp: Display: Module 'TVOSTargetPlatform' loaded TargetPlatform 'TVOS'
[2019.07.17-16.11.58:440][  0]LogTemp: Display: Module 'LinuxClientTargetPlatform' loaded TargetPlatform 'LinuxClient'
[2019.07.17-16.11.58:458][  0]LogTemp: Display: Module 'LinuxNoEditorTargetPlatform' loaded TargetPlatform 'LinuxNoEditor'
[2019.07.17-16.11.58:614][  0]LogTemp: Display: Module 'LinuxServerTargetPlatform' loaded TargetPlatform 'LinuxServer'
[2019.07.17-16.11.58:645][  0]LogTemp: Display: Module 'LinuxTargetPlatform' loaded TargetPlatform 'Linux'
[2019.07.17-16.11.58:694][  0]LogTemp: Display: Module 'LuminTargetPlatform' loaded TargetPlatform 'Lumin'
[2019.07.17-16.11.58:694][  0]LogTemp: Display: Module 'LuminTargetPlatform' loaded TargetPlatform 'LuminClient'
[2019.07.17-16.11.58:694][  0]LogTargetPlatformManager: Display: Building Assets For Windows
[2019.07.17-16.11.58:771][  0]LogAudioDebug: Display: Lib vorbis DLL was dynamically loaded.
[2019.07.17-16.11.59:254][  0]LogShaderCompilers: Guid format shader working directory is -31 characters bigger than the processId version (../../../../../../Users/Carlos/Documents/GitHub/Hakunamatata/Hakunamatata 4.22/Intermediate/Shaders/WorkingDirectory/4612/).
[2019.07.17-16.11.59:255][  0]LogShaderCompilers: Cleaned the shader compiler working directory 'C:/Users/Carlos/AppData/Local/Temp/UnrealShaderWorkingDir/EF21B2374EE9356BF3FC56A451A6FDB7/'.
[2019.07.17-16.11.59:265][  0]LogXGEController: Cleaning working directory: C:/Users/Carlos/AppData/Local/Temp/UnrealXGEWorkingDir/
[2019.07.17-16.11.59:266][  0]LogXGEController: Cannot use XGE Controller as Incredibuild is not installed on this machine.
[2019.07.17-16.11.59:266][  0]LogShaderCompilers: Cannot use XGE Shader Compiler as Incredibuild is not installed on this machine.
[2019.07.17-16.11.59:266][  0]LogShaderCompilers: Display: Using Local Shader Compiler.
[2019.07.17-16.12.02:461][  0]LogDerivedDataCache: Display: Max Cache Size: 512 MB
[2019.07.17-16.12.03:232][  0]LogDerivedDataCache: Loaded boot cache 0.77s 71MB C:/Users/Carlos/AppData/Local/UnrealEngine/4.22/DerivedDataCache/Boot.ddc.
[2019.07.17-16.12.03:232][  0]LogDerivedDataCache: Display: Loaded Boot cache: C:/Users/Carlos/AppData/Local/UnrealEngine/4.22/DerivedDataCache/Boot.ddc
[2019.07.17-16.12.03:232][  0]LogDerivedDataCache: FDerivedDataBackendGraph:  Pak pak cache file ../../../../../../Users/Carlos/Documents/GitHub/Hakunamatata/Hakunamatata 4.22/DerivedDataCache/DDC.ddp not found, will not use a pak cache.
[2019.07.17-16.12.03:232][  0]LogDerivedDataCache: Unable to find inner node Pak for hierarchical cache Hierarchy.
[2019.07.17-16.12.03:232][  0]LogDerivedDataCache: FDerivedDataBackendGraph:  CompressedPak pak cache file ../../../../../../Users/Carlos/Documents/GitHub/Hakunamatata/Hakunamatata 4.22/DerivedDataCache/Compressed.ddp not found, will not use a pak cache.
[2019.07.17-16.12.03:232][  0]LogDerivedDataCache: Unable to find inner node CompressedPak for hierarchical cache Hierarchy.
[2019.07.17-16.12.03:272][  0]LogDerivedDataCache: Display: Pak cache opened for reading ../../../Engine/DerivedDataCache/Compressed.ddp.
[2019.07.17-16.12.03:290][  0]LogDerivedDataCache: Display: Pak cache opened for reading ../../../Enterprise/DerivedDataCache/Compressed.ddp.
[2019.07.17-16.12.03:302][  0]LogDerivedDataCache: Using Local data cache path C:/Users/Carlos/AppData/Local/UnrealEngine/Common/DerivedDataCache: Writable
[2019.07.17-16.12.03:302][  0]LogDerivedDataCache: Shared data cache path not found in *engine.ini, will not use an Shared cache.
[2019.07.17-16.12.03:302][  0]LogDerivedDataCache: Unable to find inner node Shared for hierarchical cache Hierarchy.
[2019.07.17-16.12.03:396][  0]LogMaterial: Verifying Global Shaders for PCD3D_SM5
[2019.07.17-16.12.03:496][  0]LogSlate: Using FreeType 2.6.0
[2019.07.17-16.12.03:552][  0]LogSlate: SlateFontServices - WITH_FREETYPE: 1, WITH_HARFBUZZ: 1
[2019.07.17-16.12.04:195][  0]LogAssetRegistry: FAssetRegistry took 0.0357 seconds to start up
[2019.07.17-16.12.10:297][  0]LogInit: Selected Device Profile: [Windows]
[2019.07.17-16.12.14:920][  0]LogMeshReduction: Using QuadricMeshReduction for automatic static mesh reduction
[2019.07.17-16.12.14:920][  0]LogMeshReduction: Using SimplygonMeshReduction for automatic skeletal mesh reduction
[2019.07.17-16.12.14:920][  0]LogMeshReduction: Using ProxyLODMeshReduction for automatic mesh merging
[2019.07.17-16.12.14:920][  0]LogMeshReduction: No distributed automatic mesh merging module available
[2019.07.17-16.12.14:928][  0]LogMeshMerging: No distributed automatic mesh merging module available
[2019.07.17-16.12.16:122][  0]LogNetVersion: Hakunamatata 4.22 1.0.0, NetCL: 5660361, EngineNetVer: 10, GameNetVer: 0 (Checksum: 4084922626)
[2019.07.17-16.12.19:628][  0]LogPackageLocalizationCache: Processed 12 localized package path(s) for 1 prioritized culture(s) in 0.246845 seconds
[2019.07.17-16.12.19:675][  0]LogUObjectArray: 42205 objects as part of root set at end of initial load.
[2019.07.17-16.12.19:675][  0]LogUObjectAllocator: 7325032 out of 0 bytes used by permanent object pool.
[2019.07.17-16.12.19:675][  0]LogUObjectArray: CloseDisregardForGC: 0/0 objects in disregard for GC pool
[2019.07.17-16.12.27:974][  0]LogTcpMessaging: Initializing TcpMessaging bridge
[2019.07.17-16.12.28:002][  0]LogUdpMessaging: Initializing bridge on interface 0.0.0.0:0 to multicast group 230.0.0.1:6666.
[2019.07.17-16.12.28:548][  0]SourceControl: Source control is disabled
[2019.07.17-16.12.28:548][  0]SourceControl: Source control is disabled
[2019.07.17-16.12.28:591][  0]SourceControl: Source control is disabled
[2019.07.17-16.12.28:604][  0]SourceControl: Source control is disabled
[2019.07.17-16.12.28:680][  0]LogVSAccessor: Display: Unable to create Visual Studio setup instance: 80040154
[2019.07.17-16.12.28:681][  0]LogVSAccessor: Display: Unable to create Visual Studio setup instance: 80040154
[2019.07.17-16.12.29:360][  0]LogAndroidPermission: UAndroidPermissionCallbackProxy::GetInstance
[2019.07.17-16.12.29:642][  0]LogOcInput: OculusInput pre-init called
[2019.07.17-16.12.31:389][  0]LogClass: Warning: FDoNNavigationQueryData::Origin is not initialized properly
[2019.07.17-16.12.31:389][  0]LogClass: Warning: FDoNNavigationQueryData::Destination is not initialized properly
[2019.07.17-16.12.31:392][  0]LogClass: Display: 2 Uninitialized script stuct members found
[2019.07.17-16.12.31:459][  0]LogAutomationTest: Warning: FDoNNavigationQueryData::Origin is not initialized properly
[2019.07.17-16.12.31:459][  0]LogAutomationTest: Warning: FDoNNavigationQueryData::Destination is not initialized properly
[2019.07.17-16.12.31:511][  0]LogEngine: Initializing Engine...
[2019.07.17-16.12.31:538][  0]LogHMD: Failed to initialize OpenVR with code 110
[2019.07.17-16.12.31:562][  0]LogStats: UGameplayTagsManager::InitializeManager -  0.001 s
[2019.07.17-16.12.32:466][  0]LogInit: Initializing FReadOnlyCVARCache
[2019.07.17-16.12.32:843][  0]LogAIModule: Creating AISystem for world Untitled
[2019.07.17-16.12.32:935][  0]LogInit: XAudio2 using 'Realtek HD Audio 2nd output (Realtek High Definition Audio)' : 2 channels at 48 kHz using 32 bits per sample (channel mask 0x3)
[2019.07.17-16.12.33:075][  0]LogInit: FAudioDevice initialized.
[2019.07.17-16.12.33:075][  0]LogNetVersion: Set ProjectVersion to 1.7.0.2. Version Checksum will be recalculated on next use.
[2019.07.17-16.12.33:686][  0]LogDerivedDataCache: Saved boot cache 0.61s 71MB C:/Users/Carlos/AppData/Local/UnrealEngine/4.22/DerivedDataCache/Boot.ddc.
[2019.07.17-16.12.33:693][  0]LogInit: Texture streaming: Enabled
[2019.07.17-16.12.33:996][  0]LogEngineSessionManager: EngineSessionManager initialized
[2019.07.17-16.12.34:139][  0]LogInit: Transaction tracking system initialized
[2019.07.17-16.12.34:355][  0]BlueprintLog: New page: Editor Load
[2019.07.17-16.12.35:397][  0]LocalizationService: Localization service is disabled
[2019.07.17-16.12.36:221][  0]LogVSAccessor: Display: Unable to create Visual Studio setup instance: 80040154
[2019.07.17-16.12.36:222][  0]LogVSAccessor: Display: Unable to create Visual Studio setup instance: 80040154
[2019.07.17-16.12.38:399][  0]LogCook: Display: Max memory allowance for cook 16384mb min free memory 0mb
[2019.07.17-16.12.38:400][  0]LogCook: Display: Mobile HDR setting 1
[2019.07.17-16.12.38:972][  0]LogFileCache: Scanning file cache for directory 'C:/Users/Carlos/Documents/GitHub/Hakunamatata/Hakunamatata 4.22/Content/' took 0.16s
[2019.07.17-16.12.42:168][  0]SourceControl: Source control is disabled
[2019.07.17-16.12.42:174][  0]Cmd: MAP LOAD FILE="../../../../../../Users/Carlos/Documents/GitHub/Hakunamatata/Hakunamatata 4.22/Content/CRPG_3_0/maps/main.umap" TEMPLATE=0 SHOWPROGRESS=1 FEATURELEVEL=3
[2019.07.17-16.12.42:209][  0]LightingResults: New page: Lighting Build
[2019.07.17-16.12.42:345][  0]MapCheck: New page: Map Check
[2019.07.17-16.12.42:345][  0]LightingResults: New page: Lighting Build
[2019.07.17-16.12.42:453][  0]LogUObjectHash: Compacting FUObjectHashTables data took   1.50ms
[2019.07.17-16.12.54:929][  0]LogBlueprint: Warning: [Compiler Joe] InputAction Event references unknown Action 'Throw Rock' for  InputAction Throw Rock
[2019.07.17-16.12.54:930][  0]LogBlueprint: Warning: [Compiler Joe] InputAction Event references unknown Action 'Attack' for  InputAction Attack
[2019.07.17-16.12.54:931][  0]LogBlueprint: Warning: [Compiler Joe] InputAction Event references unknown Action 'Interact / pick up' for  InputAction Interact / pick up
[2019.07.17-16.12.54:932][  0]LogBlueprint: Warning: [Compiler Joe] InputAction Event references unknown Action 'Interact / pick up' for  InputAction Interact / pick up
[2019.07.17-16.12.54:933][  0]LogBlueprint: Warning: [Compiler Joe] InputAction Event references unknown Action 'item2' for  InputAction item2
[2019.07.17-16.12.56:545][  0]LogBlueprint: Warning: [Compiler Joe] [0084,16] Compile of Joe successful, but with 5 Warning(s) [in 2 667 ms] (/Game/ThirdPersonBP/Joe.Joe)
[2019.07.17-16.13.07:680][  0]LogAIModule: Creating AISystem for world main
[2019.07.17-16.13.08:162][  0]LogEditorServer: Finished looking for orphan Actors (0.000 secs)
[2019.07.17-16.13.08:269][  0]LogUObjectHash: Compacting FUObjectHashTables data took   5.34ms
[2019.07.17-16.13.08:280][  0]Cmd: MAP CHECKDEP NOCLEARLOG
[2019.07.17-16.13.08:283][  0]MapCheck: Map check complete: 0 Error(s), 0 Warning(s), took 0,388ms to complete.
[2019.07.17-16.13.08:285][  0]LogFileHelpers: Loading map 'main' took 26.111
[2019.07.17-16.13.09:419][  0]LogCollectionManager: Loaded 0 collections in 0.008122 seconds
[2019.07.17-16.13.09:539][  0]LogFileCache: Scanning file cache for directory 'C:/Users/Carlos/Documents/GitHub/Hakunamatata/Hakunamatata 4.22/Saved/Collections/' took 0.01s
[2019.07.17-16.13.09:539][  0]LogFileCache: Scanning file cache for directory 'C:/Users/Carlos/Documents/GitHub/Hakunamatata/Hakunamatata 4.22/Content/Developers/Carlos/Collections/' took 0.01s
[2019.07.17-16.13.09:539][  0]LogFileCache: Scanning file cache for directory 'C:/Users/Carlos/Documents/GitHub/Hakunamatata/Hakunamatata 4.22/Content/Collections/' took 0.00s
[2019.07.17-16.13.09:539][  0]LogCollectionManager: Rebuilt the GUID cache for 0 collections in 0.000001 seconds
[2019.07.17-16.13.09:549][  0]LogContentBrowser: Native class hierarchy populated in 0.0089 seconds. Added 2740 classes and 668 folders.
[2019.07.17-16.13.09:651][  0]LogContentBrowser: Native class hierarchy updated for 'WidgetCarousel' in 0.0002 seconds. Added 0 classes and 0 folders.
[2019.07.17-16.13.09:700][  0]LogPakFile: Registered encryption key '00000000000000000000000000000000': 0 pak files mounted, 0 remain pending
[2019.07.17-16.13.09:748][  0]LogPakFile: Registered encryption key '00000000000000000000000000000000': 0 pak files mounted, 0 remain pending
[2019.07.17-16.13.09:750][  0]LogPakFile: Registered encryption key '00000000000000000000000000000000': 0 pak files mounted, 0 remain pending
[2019.07.17-16.13.09:756][  0]LogPakFile: Registered encryption key '00000000000000000000000000000000': 0 pak files mounted, 0 remain pending
[2019.07.17-16.13.09:784][  0]LogPakFile: Registered encryption key '00000000000000000000000000000000': 0 pak files mounted, 0 remain pending
[2019.07.17-16.13.09:790][  0]LogPakFile: Registered encryption key '00000000000000000000000000000000': 0 pak files mounted, 0 remain pending
[2019.07.17-16.13.09:798][  0]LogPakFile: Registered encryption key '00000000000000000000000000000000': 0 pak files mounted, 0 remain pending
[2019.07.17-16.13.09:807][  0]LogPakFile: Registered encryption key '00000000000000000000000000000000': 0 pak files mounted, 0 remain pending
[2019.07.17-16.13.09:812][  0]LogPakFile: Registered encryption key '00000000000000000000000000000000': 0 pak files mounted, 0 remain pending
[2019.07.17-16.13.09:813][  0]LogPakFile: Registered encryption key '00000000000000000000000000000000': 0 pak files mounted, 0 remain pending
[2019.07.17-16.13.09:842][  0]LogPakFile: Registered encryption key '00000000000000000000000000000000': 0 pak files mounted, 0 remain pending
[2019.07.17-16.13.09:851][  0]LogPakFile: Registered encryption key '00000000000000000000000000000000': 0 pak files mounted, 0 remain pending
[2019.07.17-16.13.09:852][  0]LogPakFile: Registered encryption key '00000000000000000000000000000000': 0 pak files mounted, 0 remain pending
[2019.07.17-16.13.09:858][  0]LogPakFile: Registered encryption key '00000000000000000000000000000000': 0 pak files mounted, 0 remain pending
[2019.07.17-16.13.09:864][  0]LogPakFile: Registered encryption key '00000000000000000000000000000000': 0 pak files mounted, 0 remain pending
[2019.07.17-16.13.09:875][  0]LogPakFile: Registered encryption key '00000000000000000000000000000000': 0 pak files mounted, 0 remain pending
[2019.07.17-16.13.09:886][  0]LogPakFile: Registered encryption key '00000000000000000000000000000000': 0 pak files mounted, 0 remain pending
[2019.07.17-16.13.09:887][  0]LogPakFile: Registered encryption key '00000000000000000000000000000000': 0 pak files mounted, 0 remain pending
[2019.07.17-16.13.09:894][  0]LogPakFile: Registered encryption key '00000000000000000000000000000000': 0 pak files mounted, 0 remain pending
[2019.07.17-16.13.09:895][  0]LogPakFile: Registered encryption key '00000000000000000000000000000000': 0 pak files mounted, 0 remain pending
[2019.07.17-16.13.09:902][  0]LogPakFile: Registered encryption key '00000000000000000000000000000000': 0 pak files mounted, 0 remain pending
[2019.07.17-16.13.09:904][  0]LogPakFile: Registered encryption key '00000000000000000000000000000000': 0 pak files mounted, 0 remain pending
[2019.07.17-16.13.09:905][  0]LogPakFile: Registered encryption key '00000000000000000000000000000000': 0 pak files mounted, 0 remain pending
[2019.07.17-16.13.09:911][  0]LogPakFile: Registered encryption key '00000000000000000000000000000000': 0 pak files mounted, 0 remain pending
[2019.07.17-16.13.09:913][  0]LogPakFile: Registered encryption key '00000000000000000000000000000000': 0 pak files mounted, 0 remain pending
[2019.07.17-16.13.09:916][  0]LogPakFile: Registered encryption key '00000000000000000000000000000000': 0 pak files mounted, 0 remain pending
[2019.07.17-16.13.09:919][  0]LogPakFile: Registered encryption key '00000000000000000000000000000000': 0 pak files mounted, 0 remain pending
[2019.07.17-16.13.09:952][  0]LogPakFile: Registered encryption key '00000000000000000000000000000000': 0 pak files mounted, 0 remain pending
[2019.07.17-16.13.10:773][  0]LogContentBrowser: Native class hierarchy updated for 'AddContentDialog' in 0.0003 seconds. Added 0 classes and 0 folders.
[2019.07.17-16.13.10:980][  0]LogSlate: Updating window title bar state: overlay mode, drag disabled, window buttons hidden, title bar hidden
[2019.07.17-16.13.10:988][  0]LogSlate: Updating window title bar state: overlay mode, drag disabled, window buttons hidden, title bar hidden
[2019.07.17-16.13.10:995][  0]LogSlate: Updating window title bar state: overlay mode, drag disabled, window buttons hidden, title bar hidden
[2019.07.17-16.13.11:005][  0]LogSlate: Updating window title bar state: overlay mode, drag disabled, window buttons hidden, title bar hidden
[2019.07.17-16.13.11:036][  0]LogContentBrowser: Native class hierarchy updated for 'SceneOutliner' in 0.0004 seconds. Added 1 classes and 2 folders.
[2019.07.17-16.13.11:348][  0]LogSlate: Took 0.017479 seconds to synchronously load lazily loaded font '../../../Engine/Content/Slate/Fonts/Roboto-Regular.ttf' (155K)
[2019.07.17-16.13.11:357][  0]LogSlate: Took 0.006654 seconds to synchronously load lazily loaded font '../../../Engine/Content/Slate/Fonts/Roboto-Bold.ttf' (160K)
[2019.07.17-16.13.11:366][  0]LogSlate: Took 0.008969 seconds to synchronously load lazily loaded font '../../../Engine/Content/Editor/Slate/Fonts/FontAwesome.ttf' (139K)
[2019.07.17-16.13.11:477][  0]LogSlate: Took 0.008557 seconds to synchronously load lazily loaded font '../../../Engine/Content/Slate/Fonts/Roboto-Light.ttf' (167K)
[2019.07.17-16.13.11:636][  0]LogRenderer: Reallocating scene render targets to support 788x612 Format 10 NumSamples 1 (Frame:1).
[2019.07.17-16.13.12:281][  0]LogContentBrowser: Native class hierarchy updated for 'HierarchicalLODOutliner' in 0.0003 seconds. Added 0 classes and 0 folders.
[2019.07.17-16.13.12:281][  0]LogLoad: (Engine Initialization) Total time: 99.89 seconds
[2019.07.17-16.13.12:281][  0]LogLoad: (Engine Initialization) Total Blueprint compile time: 0.00 seconds
[2019.07.17-16.13.12:568][  0]LogContentStreaming: Texture pool size now 1000 MB
[2019.07.17-16.13.12:885][  2]LogAssetRegistry: Asset discovery search completed in 68.7128 seconds
[2019.07.17-16.13.12:887][  2]LogCollectionManager: Rebuilt the object cache for 0 collections in 0.000000 seconds (found 0 objects)
[2019.07.17-16.13.12:887][  2]LogCollectionManager: Fixed up redirectors for 0 collections in 0.000060 seconds (updated 0 objects)
[2019.07.17-16.13.13:852][  5]LogSlate: Took 0.000220 seconds to synchronously load lazily loaded font '../../../Engine/Content/Slate/Fonts/Roboto-Light.ttf' (167K)
[2019.07.17-16.13.21:949][775]LogEditorViewport: Clicking on Actor (LMB): StaticMeshActor (Floor)
[2019.07.17-16.13.23:456][855]LogSlate: FSceneViewport::OnFocusLost() reason 0
[2019.07.17-16.13.32:051][843]LogSlate: FSceneViewport::OnFocusLost() reason 0
[2019.07.17-16.17.48:951][ 50]LogSlate: FSceneViewport::OnFocusLost() reason 0
[2019.07.17-16.18.13:285][848]LogAssetEditorManager: Opening Asset editor for StaticMesh /Game/DonNavigationSamples/EpicContent/DemoRoom/Meshes/SM_Button.SM_Button
[2019.07.17-16.18.16:193][ 31]LogRenderer: Reallocating scene render targets to support 1016x612 Format 10 NumSamples 1 (Frame:1).
[2019.07.17-16.18.16:249][ 33]LogSlate: Window 'SM_Button' being destroyed
[2019.07.17-16.18.30:721][391]LogAssetEditorManager: Opening Asset editor for Blueprint /Game/DonNavigationSamples/EpicContent/DemoRoom/BluePrint/BPInterface_Button.BPInterface_Button
[2019.07.17-16.18.30:881][391]LogContentBrowser: Native class hierarchy updated for 'BlueprintGraph' in 0.0007 seconds. Added 121 classes and 0 folders.
[2019.07.17-16.19.27:968][444]LogSlate: FSceneViewport::OnFocusLost() reason 0
[2019.07.17-16.21.06:838][796]LogSlate: FSceneViewport::OnFocusLost() reason 2
[2019.07.17-16.21.09:076][ 30]LogSlate: FSceneViewport::OnFocusLost() reason 0
[2019.07.17-16.21.16:720][303]LogSlate: FSceneViewport::OnFocusLost() reason 2
[2019.07.17-16.22.10:449][139]LogSlate: FSceneViewport::OnFocusLost() reason 0
[2019.07.17-16.22.16:472][851]LogAssetEditorManager: Opening Asset editor for Blueprint /Game/LitoNPCS/PuzzleStuff/BPC_MyItem1.BPC_MyItem1
[2019.07.17-16.22.17:333][851]LogSlate: Took 0.014965 seconds to synchronously load lazily loaded font '../../../Engine/Content/Slate/Fonts/Roboto-BoldCondensed.ttf' (158K)
[2019.07.17-16.22.19:250][ 43]LogSlate: Window 'BPC_MyItem1' being destroyed
[2019.07.17-16.22.19:264][ 43]LogSlate: Took 0.008038 seconds to synchronously load lazily loaded font '../../../Engine/Content/Slate/Fonts/Roboto-Italic.ttf' (157K)
[2019.07.17-16.22.26:382][865]BlueprintLog: New page: Compile BPC_MyItem1
[2019.07.17-16.22.26:736][865]LogUObjectHash: Compacting FUObjectHashTables data took   3.71ms
[2019.07.17-16.22.27:676][939]LogSavePackage: Moving '../../../../../../Users/Carlos/Documents/GitHub/Hakunamatata/Hakunamatata 4.22/Saved/BPC_MyItem1A9D631394E0331A8EE3983862981B1A5.tmp' to '../../../../../../Users/Carlos/Documents/GitHub/Hakunamatata/Hakunamatata 4.22/Content/LitoNPCS/PuzzleStuff/BPC_MyItem1.uasset'
[2019.07.17-16.22.34:768][758]LogSlate: FSceneViewport::OnFocusLost() reason 0
[2019.07.17-16.22.39:447][317]LogSlate: FSceneViewport::OnFocusLost() reason 0
[2019.07.17-16.22.39:571][332]BlueprintLog: New page: Compile BPC_MyItem1
[2019.07.17-16.22.39:794][332]LogUObjectHash: Compacting FUObjectHashTables data took   3.10ms
[2019.07.17-16.22.40:322][386]LogSavePackage: Moving '../../../../../../Users/Carlos/Documents/GitHub/Hakunamatata/Hakunamatata 4.22/Saved/BPC_MyItem1A24DC0654906E7D8F28076A84D9B7213.tmp' to '../../../../../../Users/Carlos/Documents/GitHub/Hakunamatata/Hakunamatata 4.22/Content/LitoNPCS/PuzzleStuff/BPC_MyItem1.uasset'
[2019.07.17-16.22.59:681][673]LogSlate: Took 0.009379 seconds to synchronously load lazily loaded font '../../../Engine/Content/Slate/Fonts/Roboto-BoldCondensedItalic.ttf' (160K)
[2019.07.17-16.23.21:514][105]LogUObjectHash: Compacting FUObjectHashTables data took   2.91ms
[2019.07.17-16.23.22:434][105]LogSlate: Window 'Save Content' being destroyed
[2019.07.17-16.23.22:567][105]LogSlate: Window 'Hakunamatata 4.22 - Unreal Editor' being destroyed
[2019.07.17-16.23.22:847][106]Cmd: QUIT_EDITOR
[2019.07.17-16.23.23:060][106]LogWindowsTextInputMethodSystem: Display: IME system now deactivated.
[2019.07.17-16.23.23:100][106]LogExit: Preparing to exit.
[2019.07.17-16.23.23:819][106]LogExit: Editor shut down
[2019.07.17-16.23.23:820][106]LogExit: Transaction tracking system shut down
[2019.07.17-16.23.24:963][106]LogExit: Object subsystem successfully closed.
[2019.07.17-16.23.25:084][106]LogShaderCompilers: Display: Shaders left to compile 0
[2019.07.17-16.23.25:093][106]LogD3D11RHI: Shutdown
[2019.07.17-16.23.25:093][106]LogD3D11RHI: CleanupD3DDevice
[2019.07.17-16.23.25:102][106]LogRendererCore: FGlobalReadBuffer::ReleaseRHI
[2019.07.17-16.23.25:102][106]LogRendererCore: FGlobalDynamicReadBuffer::Cleanup()
[2019.07.17-16.23.25:109][106]LogRendererCore: FGlobalReadBuffer::ReleaseRHI
[2019.07.17-16.23.25:109][106]LogRendererCore: FGlobalDynamicReadBuffer::Cleanup()
[2019.07.17-16.23.25:109][106]LogRendererCore: FGlobalReadBuffer::ReleaseRHI
[2019.07.17-16.23.25:109][106]LogRendererCore: FGlobalDynamicReadBuffer::Cleanup()
[2019.07.17-16.23.25:229][106]LogD3D11RHI: ~FD3D11DynamicRHI
[2019.07.17-16.23.26:025][106]LogModuleManager: Shutting down and abandoning module BlueprintGraph (650)
[2019.07.17-16.23.26:025][106]LogModuleManager: Shutting down and abandoning module StaticMeshEditor (648)
[2019.07.17-16.23.26:025][106]LogModuleManager: Shutting down and abandoning module HierarchicalLODOutliner (646)
[2019.07.17-16.23.26:025][106]LogModuleManager: Shutting down and abandoning module SceneOutliner (644)
[2019.07.17-16.23.26:025][106]LogModuleManager: Shutting down and abandoning module AddContentDialog (642)
[2019.07.17-16.23.26:052][106]LogModuleManager: Shutting down and abandoning module WidgetCarousel (641)
[2019.07.17-16.23.26:052][106]LogModuleManager: Shutting down and abandoning module EditorWidgets (638)
[2019.07.17-16.23.26:052][106]LogModuleManager: Shutting down and abandoning module CollectionManager (636)
[2019.07.17-16.23.26:054][106]LogModuleManager: Shutting down and abandoning module StatsViewer (634)
[2019.07.17-16.23.26:064][106]LogModuleManager: Shutting down and abandoning module FoliageEdit (632)
[2019.07.17-16.23.26:064][106]LogModuleManager: Shutting down and abandoning module LandscapeEditor (630)
[2019.07.17-16.23.26:065][106]LogModuleManager: Shutting down and abandoning module MeshPaintMode (628)
[2019.07.17-16.23.26:065][106]LogModuleManager: Shutting down and abandoning module SceneDepthPickerMode (626)
[2019.07.17-16.23.26:065][106]LogModuleManager: Shutting down and abandoning module ActorPickerMode (624)
[2019.07.17-16.23.26:065][106]LogModuleManager: Shutting down and abandoning module GeometryMode (622)
[2019.07.17-16.23.26:065][106]LogModuleManager: Shutting down and abandoning module TextureAlignMode (620)
[2019.07.17-16.23.26:065][106]LogModuleManager: Shutting down and abandoning module BspMode (618)
[2019.07.17-16.23.26:065][106]LogModuleManager: Shutting down and abandoning module PIEPreviewDeviceProfileSelector (616)
[2019.07.17-16.23.26:066][106]LogModuleManager: Shutting down and abandoning module SequenceRecorderSections (614)
[2019.07.17-16.23.26:069][106]LogModuleManager: Shutting down and abandoning module AutomationWorker (612)
[2019.07.17-16.23.26:077][106]LogModuleManager: Shutting down and abandoning module OculusMR (610)
[2019.07.17-16.23.26:077][106]LogModuleManager: Shutting down and abandoning module AudioCaptureEditor (608)
[2019.07.17-16.23.26:077][106]LogModuleManager: Shutting down and abandoning module MatineeToLevelSequence (606)
[2019.07.17-16.23.26:090][106]LogModuleManager: Shutting down and abandoning module LevelSequenceEditor (604)
[2019.07.17-16.23.26:104][106]LogModuleManager: Shutting down and abandoning module PlacementMode (603)
[2019.07.17-16.23.26:104][106]LogModuleManager: Shutting down and abandoning module MaterialEditor (602)
[2019.07.17-16.23.26:123][106]LogModuleManager: Shutting down and abandoning module ActorSequenceEditor (598)
[2019.07.17-16.23.26:123][106]LogModuleManager: Shutting down and abandoning module WmfMediaFactory (596)
[2019.07.17-16.23.26:123][106]LogModuleManager: Shutting down and abandoning module WmfMediaEditor (594)
[2019.07.17-16.23.26:123][106]LogModuleManager: Shutting down and abandoning module WebMMediaFactory (592)
[2019.07.17-16.23.26:123][106]LogModuleManager: Shutting down and abandoning module WebMMediaEditor (590)
[2019.07.17-16.23.26:123][106]LogModuleManager: Shutting down and abandoning module WebMMedia (588)
[2019.07.17-16.23.26:127][106]LogModuleManager: Shutting down and abandoning module MediaPlayerEditor (586)
[2019.07.17-16.23.26:127][106]LogModuleManager: Shutting down and abandoning module MediaCompositingEditor (584)
[2019.07.17-16.23.26:138][106]LogModuleManager: Shutting down and abandoning module SequenceRecorder (583)
[2019.07.17-16.23.26:138][106]LogModuleManager: Shutting down and abandoning module OpenExrWrapper (580)
[2019.07.17-16.23.26:138][106]LogModuleManager: Shutting down and abandoning module ImgMediaFactory (578)
[2019.07.17-16.23.26:138][106]LogModuleManager: Shutting down and abandoning module ImgMediaEditor (576)
[2019.07.17-16.23.26:138][106]LogModuleManager: Shutting down and abandoning module AvfMediaFactory (574)
[2019.07.17-16.23.26:138][106]LogModuleManager: Shutting down and abandoning module AvfMediaEditor (572)
[2019.07.17-16.23.26:138][106]LogModuleManager: Shutting down and abandoning module AndroidMediaFactory (570)
[2019.07.17-16.23.26:138][106]LogModuleManager: Shutting down and abandoning module AndroidMediaEditor (568)
[2019.07.17-16.23.26:138][106]LogModuleManager: Shutting down and abandoning module MagicLeapCameraPreviewFactory (566)
[2019.07.17-16.23.26:138][106]LogModuleManager: Shutting down and abandoning module MagicLeapMediaCodecFactory (564)
[2019.07.17-16.23.26:138][106]LogModuleManager: Shutting down and abandoning module MagicLeapMediaFactory (562)
[2019.07.17-16.23.26:138][106]LogModuleManager: Shutting down and abandoning module MagicLeapMediaEditor (560)
[2019.07.17-16.23.26:138][106]LogModuleManager: Shutting down and abandoning module CharacterAI (558)
[2019.07.17-16.23.26:138][106]LogModuleManager: Shutting down and abandoning module SmartSnapping (556)
[2019.07.17-16.23.26:138][106]LogModuleManager: Shutting down and abandoning module SessionServices (554)
[2019.07.17-16.23.26:138][106]LogModuleManager: Shutting down and abandoning module MeshPaint (552)
[2019.07.17-16.23.26:138][106]LogModuleManager: Shutting down and abandoning module ViewportSnapping (550)
[2019.07.17-16.23.26:138][106]LogModuleManager: Shutting down and abandoning module ViewportInteraction (548)
[2019.07.17-16.23.26:138][106]LogModuleManager: Shutting down and abandoning module ClothPainter (546)
[2019.07.17-16.23.26:146][106]LogModuleManager: Shutting down and abandoning module SkeletalMeshEditor (545)
[2019.07.17-16.23.26:153][106]LogModuleManager: Shutting down and abandoning module LogVisualizer (542)
[2019.07.17-16.23.26:154][106]LogModuleManager: Shutting down and abandoning module IntroTutorials (540)
[2019.07.17-16.23.26:154][106]LogModuleManager: Shutting down and abandoning module GameProjectGeneration (539)
[2019.07.17-16.23.26:171][106]LogModuleManager: Shutting down and abandoning module LuminPlatformEditor (536)
[2019.07.17-16.23.26:171][106]LogModuleManager: Shutting down and abandoning module IOSPlatformEditor (534)
[2019.07.17-16.23.26:171][106]LogModuleManager: Shutting down and abandoning module HTML5PlatformEditor (532)
[2019.07.17-16.23.26:171][106]LogModuleManager: Shutting down and abandoning module AndroidPlatformEditor (530)
[2019.07.17-16.23.26:179][106]LogModuleManager: Shutting down and abandoning module AndroidDeviceDetection (529)
[2019.07.17-16.23.27:086][106]LogModuleManager: Shutting down and abandoning module WindowsPlatformEditor (526)
[2019.07.17-16.23.27:086][106]LogModuleManager: Shutting down and abandoning module LuminRuntimeSettings (524)
[2019.07.17-16.23.27:086][106]LogModuleManager: Shutting down and abandoning module IOSRuntimeSettings (522)
[2019.07.17-16.23.27:086][106]LogModuleManager: Shutting down and abandoning module AndroidRuntimeSettings (520)
[2019.07.17-16.23.27:086][106]LogModuleManager: Shutting down and abandoning module TimeManagementEditor (518)
[2019.07.17-16.23.27:086][106]LogModuleManager: Shutting down and abandoning module InputBindingEditor (516)
[2019.07.17-16.23.27:097][106]LogModuleManager: Shutting down and abandoning module MergeActors (514)
[2019.07.17-16.23.27:114][106]LogModuleManager: Shutting down and abandoning module LocalizationDashboard (512)
[2019.07.17-16.23.27:133][106]LogModuleManager: Shutting down and abandoning module LocalizationService (511)
[2019.07.17-16.23.27:139][106]LogModuleManager: Shutting down and abandoning module HardwareTargeting (508)
[2019.07.17-16.23.27:139][106]LogModuleManager: Shutting down and abandoning module DeviceProfileEditor (506)
[2019.07.17-16.23.27:142][106]LogModuleManager: Shutting down and abandoning module UndoHistory (504)
[2019.07.17-16.23.27:152][106]LogModuleManager: Shutting down and abandoning module XmlParser (502)
[2019.07.17-16.23.27:156][106]LogModuleManager: Shutting down and abandoning module Blutility (500)
[2019.07.17-16.23.27:166][106]LogModuleManager: Shutting down and abandoning module ProjectSettingsViewer (498)
[2019.07.17-16.23.27:166][106]LogModuleManager: Shutting down and abandoning module ProjectTargetPlatformEditor (497)
[2019.07.17-16.23.27:166][106]LogModuleManager: Shutting down and abandoning module EditorSettingsViewer (494)
[2019.07.17-16.23.27:166][106]LogModuleManager: Shutting down and abandoning module SettingsEditor (492)
[2019.07.17-16.23.27:172][106]LogModuleManager: Shutting down and abandoning module ProjectLauncher (490)
[2019.07.17-16.23.27:182][106]LogModuleManager: Shutting down and abandoning module SessionFrontend (488)
[2019.07.17-16.23.27:189][106]LogModuleManager: Shutting down and abandoning module ProfilerClient (486)
[2019.07.17-16.23.27:195][106]LogModuleManager: Shutting down and abandoning module DeviceManager (484)
[2019.07.17-16.23.27:199][106]LogModuleManager: Shutting down and abandoning module TargetDeviceServices (483)
[2019.07.17-16.23.27:254][106]LogModuleManager: Shutting down and abandoning module AutomationController (480)
[2019.07.17-16.23.27:267][106]LogModuleManager: Shutting down and abandoning module AutomationWindow (478)
[2019.07.17-16.23.27:296][106]LogModuleManager: Shutting down and abandoning module Layers (476)
[2019.07.17-16.23.27:306][106]LogModuleManager: Shutting down and abandoning module ComponentVisualizers (474)
[2019.07.17-16.23.27:306][106]LogModuleManager: Shutting down and abandoning module DetailCustomizations (472)
[2019.07.17-16.23.27:306][106]LogModuleManager: Shutting down and abandoning module PackagesDialog (470)
[2019.07.17-16.23.27:307][106]LogModuleManager: Shutting down and abandoning module AnimationBlueprintEditor (468)
[2019.07.17-16.23.27:321][106]LogModuleManager: Shutting down and abandoning module Persona (466)
[2019.07.17-16.23.27:351][106]LogModuleManager: Shutting down and abandoning module AdvancedPreviewScene (465)
[2019.07.17-16.23.27:351][106]LogModuleManager: Shutting down and abandoning module AnimGraph (463)
[2019.07.17-16.23.27:351][106]LogModuleManager: Shutting down and abandoning module Kismet (460)
[2019.07.17-16.23.27:359][106]LogModuleManager: Shutting down and abandoning module GraphEditor (458)
[2019.07.17-16.23.27:359][106]LogModuleManager: Shutting down and abandoning module ClassViewer (456)
[2019.07.17-16.23.27:359][106]LogModuleManager: Shutting down and abandoning module Toolbox (454)
[2019.07.17-16.23.27:359][106]LogModuleManager: Shutting down and abandoning module ModuleUI (452)
[2019.07.17-16.23.27:359][106]LogModuleManager: Shutting down and abandoning module MovieSceneTools (450)
[2019.07.17-16.23.27:360][106]LogModuleManager: Shutting down and abandoning module OutputLog (448)
[2019.07.17-16.23.27:360][106]LogModuleManager: Shutting down and abandoning module GammaUI (446)
[2019.07.17-16.23.27:365][106]LogModuleManager: Shutting down and abandoning module Documentation (444)
[2019.07.17-16.23.27:365][106]LogModuleManager: Shutting down and abandoning module LiveCoding (442)
[2019.07.17-16.23.27:367][106]LogModuleManager: Shutting down and abandoning module LevelSequence (440)
[2019.07.17-16.23.27:368][106]LogModuleManager: Shutting down and abandoning module MovieSceneTracks (438)
[2019.07.17-16.23.27:368][106]LogModuleManager: Shutting down and abandoning module MovieScene (436)
[2019.07.17-16.23.27:368][106]LogModuleManager: Shutting down and abandoning module StreamingPauseRendering (434)
[2019.07.17-16.23.27:378][106]LogModuleManager: Shutting down and abandoning module LauncherPlatform (432)
[2019.07.17-16.23.27:378][106]LogModuleManager: Shutting down and abandoning module AnalyticsET (430)
[2019.07.17-16.23.27:378][106]LogModuleManager: Shutting down and abandoning module PortalServices (428)
[2019.07.17-16.23.27:378][106]LogModuleManager: Shutting down and abandoning module PortalRpc (426)
[2019.07.17-16.23.27:378][106]LogModuleManager: Shutting down and abandoning module MessagingRpc (424)
[2019.07.17-16.23.27:378][106]LogModuleManager: Shutting down and abandoning module AIModule (422)
[2019.07.17-16.23.27:378][106]LogModuleManager: Shutting down and abandoning module GameplayDebugger (421)
[2019.07.17-16.23.27:378][106]LogModuleManager: Shutting down and abandoning module AITestSuite (419)
[2019.07.17-16.23.27:378][106]LogModuleManager: Shutting down and abandoning module NavigationSystem (417)
[2019.07.17-16.23.27:378][106]LogModuleManager: Shutting down and abandoning module DesktopPlatform (414)
[2019.07.17-16.23.27:378][106]LogModuleManager: Shutting down and abandoning module ImageWriteQueue (412)
[2019.07.17-16.23.27:382][106]LogModuleManager: Shutting down and abandoning module ProfilerService (410)
[2019.07.17-16.23.27:634][106]LogModuleManager: Shutting down and abandoning module TaskGraph (408)
[2019.07.17-16.23.27:643][106]LogModuleManager: Shutting down and abandoning module SteamVRController (406)
[2019.07.17-16.23.27:643][106]LogModuleManager: Shutting down and abandoning module ProceduralMeshComponentEditor (404)
[2019.07.17-16.23.27:645][106]LogModuleManager: Shutting down and abandoning module ProceduralMeshComponent (402)
[2019.07.17-16.23.27:648][106]LogModuleManager: Shutting down and abandoning module OculusEditor (400)
[2019.07.17-16.23.27:652][106]LogModuleManager: Shutting down and abandoning module OculusInput (398)
[2019.07.17-16.23.27:652][106]LogModuleManager: Shutting down and abandoning module MobilePatchingUtils (396)
[2019.07.17-16.23.27:652][106]LogModuleManager: Shutting down and abandoning module EditableMesh (394)
[2019.07.17-16.23.27:652][106]LogModuleManager: Shutting down and abandoning module CustomMeshComponent (392)
[2019.07.17-16.23.27:652][106]LogModuleManager: Shutting down and abandoning module CableComponent (390)
[2019.07.17-16.23.27:655][106]LogModuleManager: Shutting down and abandoning module AudioCapture (388)
[2019.07.17-16.23.27:655][106]LogModuleManager: Shutting down and abandoning module ArchVisCharacter (386)
[2019.07.17-16.23.27:655][106]LogModuleManager: Shutting down and abandoning module AndroidPermission (384)
[2019.07.17-16.23.27:655][106]LogModuleManager: Shutting down and abandoning module NUTUnrealEngine4 (382)
[2019.07.17-16.23.27:663][106]LogModuleManager: Shutting down and abandoning module NetcodeUnitTest (380)
[2019.07.17-16.23.27:668][106]LogModuleManager: Shutting down and abandoning module MediaCompositing (378)
[2019.07.17-16.23.27:668][106]LogModuleManager: Shutting down and abandoning module LinearTimecode (376)
[2019.07.17-16.23.27:668][106]LogModuleManager: Shutting down and abandoning module ImgMedia (374)
[2019.07.17-16.23.27:668][106]LogModuleManager: Shutting down and abandoning module DirGravity (372)
[2019.07.17-16.23.27:668][106]LogModuleManager: Shutting down and abandoning module MagicLeapHelperVulkan (370)
[2019.07.17-16.23.27:668][106]LogModuleManager: Shutting down and abandoning module MagicLeapHelperOpenGL (368)
[2019.07.17-16.23.27:673][106]LogModuleManager: Shutting down and abandoning module MagicLeapAudio (366)
[2019.07.17-16.23.27:683][106]LogModuleManager: Shutting down and abandoning module HTML5Networking (364)
[2019.07.17-16.23.27:683][106]LogModuleManager: Shutting down and abandoning module GeometryCacheTracks (362)
[2019.07.17-16.23.27:683][106]LogModuleManager: Shutting down and abandoning module GeometryCacheSequencer (360)
[2019.07.17-16.23.27:683][106]LogModuleManager: Shutting down and abandoning module BackChannel (358)
[2019.07.17-16.23.27:692][106]LogModuleManager: Shutting down and abandoning module AppleVision (356)
[2019.07.17-16.23.27:692][106]LogModuleManager: Shutting down and abandoning module AppleImageUtilsBlueprintSupport (354)
[2019.07.17-16.23.27:692][106]LogModuleManager: Shutting down and abandoning module AppleImageUtils (352)
[2019.07.17-16.23.27:692][106]LogModuleManager: Shutting down and abandoning module AlembicImporter (350)
[2019.07.17-16.23.27:692][106]LogModuleManager: Shutting down and abandoning module AlembicLibrary (349)
[2019.07.17-16.23.27:692][106]LogModuleManager: Shutting down and abandoning module GeometryCache (348)
[2019.07.17-16.23.27:692][106]LogModuleManager: Shutting down and abandoning module GeometryCacheEd (347)
[2019.07.17-16.23.27:692][106]LogModuleManager: Shutting down and abandoning module VariantManagerContent (342)
[2019.07.17-16.23.27:692][106]LogModuleManager: Shutting down and abandoning module DatasmithContentEditor (340)
[2019.07.17-16.23.27:696][106]LogModuleManager: Shutting down and abandoning module SpeedTreeImporter (338)
[2019.07.17-16.23.27:696][106]LogModuleManager: Shutting down and abandoning module PluginBrowser (336)
[2019.07.17-16.23.27:707][106]LogModuleManager: Shutting down and abandoning module MobileLauncherProfileWizard (334)
[2019.07.17-16.23.27:715][106]LogModuleManager: Shutting down and abandoning module MaterialAnalyzer (332)
[2019.07.17-16.23.27:719][106]LogModuleManager: Shutting down and abandoning module CryptoKeysOpenSSL (330)
[2019.07.17-16.23.27:719][106]LogModuleManager: Shutting down and abandoning module CryptoKeys (328)
[2019.07.17-16.23.27:719][106]LogModuleManager: Shutting down and abandoning module VisualStudioSourceCodeAccess (326)
[2019.07.17-16.23.27:721][106]LogModuleManager: Shutting down and abandoning module VisualStudioCodeSourceCodeAccess (324)
[2019.07.17-16.23.27:721][106]LogModuleManager: Shutting down and abandoning module UObjectPlugin (322)
[2019.07.17-16.23.27:721][106]LogModuleManager: Shutting down and abandoning module SubversionSourceControl (320)
[2019.07.17-16.23.27:729][106]LogModuleManager: Shutting down and abandoning module PerforceSourceControl (318)
[2019.07.17-16.23.27:736][106]LogModuleManager: Shutting down and abandoning module GitSourceControl (316)
[2019.07.17-16.23.27:746][106]LogModuleManager: Shutting down and abandoning module SourceControl (315)
[2019.07.17-16.23.27:755][106]LogModuleManager: Shutting down and abandoning module CLionSourceCodeAccess (312)
[2019.07.17-16.23.27:755][106]LogModuleManager: Shutting down and abandoning module AnimationSharingEd (310)
[2019.07.17-16.23.27:755][106]LogModuleManager: Shutting down and abandoning module ActorLayerUtilitiesEditor (308)
[2019.07.17-16.23.27:755][106]LogModuleManager: Shutting down and abandoning module ActorLayerUtilities (306)
[2019.07.17-16.23.27:755][106]LogModuleManager: Shutting down and abandoning module LightPropagationVolumeEditor (304)
[2019.07.17-16.23.27:755][106]LogModuleManager: Shutting down and abandoning module PaperTiledImporter (302)
[2019.07.17-16.23.27:755][106]LogModuleManager: Shutting down and abandoning module PaperSpriteSheetImporter (300)
[2019.07.17-16.23.27:755][106]LogModuleManager: Shutting down and abandoning module Paper2DEditor (298)
[2019.07.17-16.23.27:764][106]LogModuleManager: Shutting down and abandoning module SignificanceManager (296)
[2019.07.17-16.23.27:764][106]LogModuleManager: Shutting down and abandoning module RuntimePhysXCooking (294)
[2019.07.17-16.23.27:764][106]LogModuleManager: Shutting down and abandoning module PhysXVehiclesEditor (292)
[2019.07.17-16.23.27:764][106]LogModuleManager: Shutting down and abandoning module PhysXVehicles (290)
[2019.07.17-16.23.27:764][106]LogModuleManager: Shutting down and abandoning module LocationServicesBPLibrary (288)
[2019.07.17-16.23.27:764][106]LogModuleManager: Shutting down and abandoning module ActorSequence (286)
[2019.07.17-16.23.27:764][106]LogModuleManager: Shutting down and abandoning module UdpMessaging (284)
[2019.07.17-16.23.27:865][106]LogModuleManager: Shutting down and abandoning module TcpMessaging (282)
[2019.07.17-16.23.28:010][106]LogModuleManager: Shutting down and abandoning module DonAINavigation (280)
[2019.07.17-16.23.28:010][106]LogModuleManager: Shutting down and abandoning module MagicLeapIdentity (278)
[2019.07.17-16.23.28:010][106]LogModuleManager: Shutting down and abandoning module MagicLeapSecureStorage (276)
[2019.07.17-16.23.28:010][106]LogModuleManager: Shutting down and abandoning module MagicLeapHandTracking (274)
[2019.07.17-16.23.28:019][106]LogModuleManager: Shutting down and abandoning module MagicLeapEyeTracker (272)
[2019.07.17-16.23.28:019][106]LogModuleManager: Shutting down and abandoning module MagicLeapController (270)
[2019.07.17-16.23.28:041][106]LogSlate: Slate User Destroyed.  User Index 0, Is Virtual User: 0
[2019.07.17-16.23.28:041][106]LogModuleManager: Shutting down and abandoning module MagicLeapAR (268)
[2019.07.17-16.23.28:041][106]LogModuleManager: Shutting down and abandoning module AugmentedReality (267)
[2019.07.17-16.23.28:041][106]LogModuleManager: Shutting down and abandoning module GameplayTagsEditor (264)
[2019.07.17-16.23.28:048][106]LogModuleManager: Shutting down and abandoning module FacialAnimationEditor (262)
[2019.07.17-16.23.28:048][106]LogModuleManager: Shutting down and abandoning module FacialAnimation (260)
[2019.07.17-16.23.28:048][106]LogModuleManager: Shutting down and abandoning module DataValidation (258)
[2019.07.17-16.23.28:048][106]LogModuleManager: Shutting down and abandoning module AssetManagerEditor (256)
[2019.07.17-16.23.28:058][106]LogModuleManager: Shutting down and abandoning module LevelEditor (255)
[2019.07.17-16.23.28:072][106]LogModuleManager: Shutting down and abandoning module PixelInspectorModule (254)
[2019.07.17-16.23.28:083][106]LogModuleManager: Shutting down and abandoning module CommonMenuExtensions (252)
[2019.07.17-16.23.28:083][106]LogModuleManager: Shutting down and abandoning module MainFrame (250)
[2019.07.17-16.23.28:083][106]LogModuleManager: Shutting down and abandoning module HotReload (249)
[2019.07.17-16.23.28:083][106]LogModuleManager: Shutting down and abandoning module ContentBrowser (245)
[2019.07.17-16.23.28:084][106]LogModuleManager: Shutting down and abandoning module TreeMap (243)
[2019.07.17-16.23.28:091][106]LogModuleManager: Shutting down and abandoning module AnimationSharing (240)
[2019.07.17-16.23.28:091][106]LogModuleManager: Shutting down and abandoning module LightPropagationVolumeRuntime (238)
[2019.07.17-16.23.28:091][106]LogModuleManager: Shutting down and abandoning module AISupportModule (236)
[2019.07.17-16.23.28:091][106]LogModuleManager: Shutting down and abandoning module Paper2D (234)
[2019.07.17-16.23.28:091][106]LogModuleManager: Shutting down and abandoning module WindowsMoviePlayer (232)
[2019.07.17-16.23.28:108][106]LogModuleManager: Shutting down and abandoning module WebMMoviePlayer (230)
[2019.07.17-16.23.28:121][106]LogModuleManager: Shutting down and abandoning module PacketHandler (228)
[2019.07.17-16.23.28:121][106]LogModuleManager: Shutting down and abandoning module ClothingSystemEditor (226)
[2019.07.17-16.23.28:121][106]LogModuleManager: Shutting down and abandoning module ClothingSystemRuntime (224)
[2019.07.17-16.23.28:153][106]LogModuleManager: Shutting down and abandoning module MediaAssets (222)
[2019.07.17-16.23.28:153][106]LogModuleManager: Shutting down and abandoning module Overlay (220)
[2019.07.17-16.23.28:153][106]LogModuleManager: Shutting down and abandoning module OverlayEditor (219)
[2019.07.17-16.23.28:153][106]LogModuleManager: Shutting down and abandoning module VREditor (216)
[2019.07.17-16.23.28:174][106]LogModuleManager: Shutting down and abandoning module StringTableEditor (214)
[2019.07.17-16.23.28:186][106]LogModuleManager: Shutting down and abandoning module GameplayTasksEditor (212)
[2019.07.17-16.23.28:187][106]LogModuleManager: Shutting down and abandoning module BehaviorTreeEditor (210)
[2019.07.17-16.23.28:213][106]LogModuleManager: Shutting down and abandoning module FunctionalTesting (208)
[2019.07.17-16.23.28:220][106]LogModuleManager: Shutting down and abandoning module CollisionAnalyzer (206)
[2019.07.17-16.23.28:297][106]LogModuleManager: Shutting down and abandoning module WorkspaceMenuStructure (205)
[2019.07.17-16.23.28:309][106]LogModuleManager: Shutting down and abandoning module UMG (202)
[2019.07.17-16.23.28:309][106]LogModuleManager: Shutting down and abandoning module UMGEditor (201)
[2019.07.17-16.23.28:310][106]LogModuleManager: Shutting down and abandoning module Sequencer (200)
[2019.07.17-16.23.28:330][106]LogModuleManager: Shutting down and abandoning module MessageLog (197)
[2019.07.17-16.23.28:330][106]LogModuleManager: Shutting down and abandoning module SlateReflector (192)
[2019.07.17-16.23.28:331][106]LogModuleManager: Shutting down and abandoning module Slate (190)
[2019.07.17-16.23.28:331][106]LogModuleManager: Shutting down and abandoning module EditorStyle (188)
[2019.07.17-16.23.28:333][106]LogModuleManager: Shutting down and abandoning module UnrealEd (186)
[2019.07.17-16.23.28:333][106]LogModuleManager: Shutting down and abandoning module MRMesh (184)
[2019.07.17-16.23.28:333][106]LogModuleManager: Shutting down and abandoning module SourceCodeAccess (182)
[2019.07.17-16.23.28:333][106]LogModuleManager: Shutting down and abandoning module HeadMountedDisplay (180)
[2019.07.17-16.23.28:333][106]LogModuleManager: Shutting down and abandoning module XAudio2 (178)
[2019.07.17-16.23.28:333][106]LogModuleManager: Shutting down and abandoning module Networking (176)
[2019.07.17-16.23.28:333][106]LogModuleManager: Shutting down and abandoning module Core (174)
[2019.07.17-16.23.28:333][106]LogModuleManager: Shutting down and abandoning module KismetCompiler (172)
[2019.07.17-16.23.28:333][106]LogModuleManager: Shutting down and abandoning module MeshUtilities (170)
[2019.07.17-16.23.28:333][106]LogModuleManager: Shutting down and abandoning module MeshMergeUtilities (169)
[2019.07.17-16.23.28:333][106]LogModuleManager: Shutting down and abandoning module MeshReductionInterface (168)
[2019.07.17-16.23.28:333][106]LogModuleManager: Shutting down and abandoning module SkeletalMeshReduction (167)
[2019.07.17-16.23.28:339][106]LogModuleManager: Shutting down and abandoning module ProxyLODMeshReduction (165)
[2019.07.17-16.23.28:365][106]LogModuleManager: Shutting down and abandoning module QuadricMeshReduction (163)
[2019.07.17-16.23.28:377][106]LogModuleManager: Shutting down and abandoning module MaterialBaking (159)
[2019.07.17-16.23.28:393][106]LogModuleManager: Shutting down and abandoning module DerivedDataCache (154)
[2019.07.17-16.23.28:456][106]LogDerivedDataCache: Shutdown
[2019.07.17-16.23.28:456][106]LogModuleManager: Shutting down and abandoning module XGEController (152)
[2019.07.17-16.23.28:456][106]LogXGEController: Cleaning working directory: C:/Users/Carlos/AppData/Local/Temp/UnrealXGEWorkingDir/
[2019.07.17-16.23.28:459][106]LogModuleManager: Shutting down and abandoning module TargetPlatform (150)
[2019.07.17-16.23.28:471][106]LogModuleManager: Shutting down and abandoning module VulkanShaderFormat (149)
[2019.07.17-16.23.28:477][106]LogModuleManager: Shutting down and abandoning module ShaderFormatVectorVM (147)
[2019.07.17-16.23.28:487][106]LogModuleManager: Shutting down and abandoning module ShaderFormatOpenGL (145)
[2019.07.17-16.23.28:492][106]LogModuleManager: Shutting down and abandoning module ShaderFormatD3D (143)
[2019.07.17-16.23.28:495][106]LogModuleManager: Shutting down and abandoning module MetalShaderFormat (141)
[2019.07.17-16.23.28:502][106]LogModuleManager: Shutting down and abandoning module TextureFormatUncompressed (139)
[2019.07.17-16.23.28:502][106]LogModuleManager: Shutting down and abandoning module TextureFormatPVR (137)
[2019.07.17-16.23.28:502][106]LogModuleManager: Shutting down and abandoning module TextureFormatDXT (135)
[2019.07.17-16.23.28:511][106]LogModuleManager: Shutting down and abandoning module TextureFormatIntelISPCTexComp (133)
[2019.07.17-16.23.28:526][106]LogModuleManager: Shutting down and abandoning module TextureFormatASTC (131)
[2019.07.17-16.23.28:526][106]LogModuleManager: Shutting down and abandoning module ImageWrapper (130)
[2019.07.17-16.23.28:526][106]LogModuleManager: Shutting down and abandoning module TextureFormatAndroid (127)
[2019.07.17-16.23.28:526][106]LogModuleManager: Shutting down and abandoning module AudioFormatOpus (125)
[2019.07.17-16.23.28:533][106]LogModuleManager: Shutting down and abandoning module AudioFormatOgg (123)
[2019.07.17-16.23.28:534][106]LogModuleManager: Shutting down and abandoning module AudioFormatADPCM (121)
[2019.07.17-16.23.28:538][106]LogModuleManager: Shutting down and abandoning module LuminTargetPlatform (119)
[2019.07.17-16.23.28:545][106]LogModuleManager: Shutting down and abandoning module LinuxTargetPlatform (117)
[2019.07.17-16.23.28:545][106]LogModuleManager: Shutting down and abandoning module LinuxServerTargetPlatform (115)
[2019.07.17-16.23.28:550][106]LogModuleManager: Shutting down and abandoning module LinuxNoEditorTargetPlatform (113)
[2019.07.17-16.23.28:555][106]LogModuleManager: Shutting down and abandoning module LinuxClientTargetPlatform (111)
[2019.07.17-16.23.28:563][106]LogModuleManager: Shutting down and abandoning module TVOSTargetPlatform (109)
[2019.07.17-16.23.28:564][106]LogModuleManager: Shutting down and abandoning module Messaging (107)
[2019.07.17-16.23.28:564][106]LogModuleManager: Shutting down and abandoning module IOSTargetPlatform (105)
[2019.07.17-16.23.28:564][106]LogModuleManager: Shutting down and abandoning module HTML5TargetPlatform (103)
[2019.07.17-16.23.28:564][106]LogModuleManager: Shutting down and abandoning module AndroidTargetPlatform (101)
[2019.07.17-16.23.28:570][106]LogModuleManager: Shutting down and abandoning module WindowsTargetPlatform (99)
[2019.07.17-16.23.28:570][106]LogModuleManager: Shutting down and abandoning module WindowsServerTargetPlatform (97)
[2019.07.17-16.23.28:570][106]LogModuleManager: Shutting down and abandoning module WindowsNoEditorTargetPlatform (95)
[2019.07.17-16.23.28:570][106]LogModuleManager: Shutting down and abandoning module WindowsClientTargetPlatform (93)
[2019.07.17-16.23.28:570][106]LogModuleManager: Shutting down and abandoning module MacTargetPlatform (91)
[2019.07.17-16.23.28:570][106]LogModuleManager: Shutting down and abandoning module MacServerTargetPlatform (89)
[2019.07.17-16.23.28:570][106]LogModuleManager: Shutting down and abandoning module MacNoEditorTargetPlatform (87)
[2019.07.17-16.23.28:570][106]LogModuleManager: Shutting down and abandoning module MacClientTargetPlatform (85)
[2019.07.17-16.23.28:570][106]LogModuleManager: Shutting down and abandoning module AllDesktopTargetPlatform (83)
[2019.07.17-16.23.28:570][106]LogModuleManager: Shutting down and abandoning module InputCore (80)
[2019.07.17-16.23.28:570][106]LogModuleManager: Shutting down and abandoning module Settings (78)
[2019.07.17-16.23.28:570][106]LogModuleManager: Shutting down and abandoning module DirectoryWatcher (76)
[2019.07.17-16.23.28:570][106]LogModuleManager: Shutting down and abandoning module PhysXCooking (74)
[2019.07.17-16.23.28:570][106]LogModuleManager: Shutting down and abandoning module SteamVR (72)
[2019.07.17-16.23.28:576][106]LogHMD: Freeing OpenVRDLLHandle.
[2019.07.17-16.23.28:576][106]LogModuleManager: Shutting down and abandoning module OculusHMD (70)
[2019.07.17-16.23.28:586][106]LogModuleManager: Shutting down and abandoning module ExampleDeviceProfileSelector (68)
[2019.07.17-16.23.28:586][106]LogModuleManager: Shutting down and abandoning module LauncherChunkInstaller (66)
[2019.07.17-16.23.28:586][106]LogModuleManager: Shutting down and abandoning module OnlineBlueprintSupport (64)
[2019.07.17-16.23.28:586][106]LogModuleManager: Shutting down and abandoning module OnlineSubsystem (60)
[2019.07.17-16.23.28:587][106]LogModuleManager: Shutting down and abandoning module XMPP (55)
[2019.07.17-16.23.28:590][106]LogModuleManager: Shutting down and abandoning module WebSockets (54)
[2019.07.17-16.23.28:642][106]LogModuleManager: Shutting down and abandoning module HTTP (51)
[2019.07.17-16.23.28:642][106]LogHttp: Display: Http module shutting down, but needs to wait on 1 outstanding Http requests:
[2019.07.17-16.23.28:642][106]LogHttp: Display: 	verb=[POST] url=[https://datarouter.ol.epicgames.com/datarouter/api/v1/public/data?SessionID=%7BADC27D02-4664-CFFA-72F3-2D8C93A9622A%7D&AppID=UEEditor.Rocket.Release&AppVersion=4.22.0-5660361%2B%2B%2BUE4%2BRelease-4.22&UserID=4a5d43e748689ad9819d559a8151166e%7C6ee35eb595604b118b4e2606da26efc4%7C26f388cd-12b9-4792-b99c-de72e06f77e7&AppEnvironment=datacollector-binary&UploadType=eteventstream] status=Processing
[2019.07.17-16.23.28:653][106]LogModuleManager: Shutting down and abandoning module SSL (50)
[2019.07.17-16.23.28:654][106]LogModuleManager: Shutting down and abandoning module WmfMedia (46)
[2019.07.17-16.23.28:658][106]LogModuleManager: Shutting down and abandoning module Media (45)
[2019.07.17-16.23.28:664][106]LogModuleManager: Shutting down and abandoning module MagicLeap (42)
[2019.07.17-16.23.28:667][106]LogModuleManager: Shutting down and abandoning module DatasmithContent (40)
[2019.07.17-16.23.28:668][106]LogModuleManager: Shutting down and abandoning module AnimationModifiers (38)
[2019.07.17-16.23.28:677][106]LogModuleManager: Shutting down and abandoning module PropertyEditor (37)
[2019.07.17-16.23.28:677][106]LogModuleManager: Shutting down and abandoning module AudioEditor (34)
[2019.07.17-16.23.28:694][106]LogModuleManager: Shutting down and abandoning module TextureCompressor (32)
[2019.07.17-16.23.28:709][106]LogModuleManager: Shutting down and abandoning module RenderCore (30)
[2019.07.17-16.23.28:709][106]LogModuleManager: Shutting down and abandoning module Landscape (28)
[2019.07.17-16.23.28:721][106]LogModuleManager: Shutting down and abandoning module SlateRHIRenderer (26)
[2019.07.17-16.23.28:726][106]LogModuleManager: Shutting down and abandoning module OpenGLDrv (24)
[2019.07.17-16.23.28:737][106]LogModuleManager: Shutting down and abandoning module D3D11RHI (22)
[2019.07.17-16.23.28:737][106]LogModuleManager: Shutting down and abandoning module AnimGraphRuntime (20)
[2019.07.17-16.23.28:737][106]LogModuleManager: Shutting down and abandoning module Renderer (18)
[2019.07.17-16.23.28:737][106]LogModuleManager: Shutting down and abandoning module Engine (16)
[2019.07.17-16.23.28:737][106]LogModuleManager: Shutting down and abandoning module CoreUObject (14)
[2019.07.17-16.23.28:737][106]LogModuleManager: Shutting down and abandoning module NetworkFile (12)
[2019.07.17-16.23.28:788][106]LogModuleManager: Shutting down and abandoning module CookedIterativeFile (10)
[2019.07.17-16.23.28:788][106]LogModuleManager: Shutting down and abandoning module StreamingFile (8)
[2019.07.17-16.23.28:792][106]LogModuleManager: Shutting down and abandoning module SandboxFile (6)
[2019.07.17-16.23.28:792][106]LogModuleManager: Shutting down and abandoning module PakFile (4)
[2019.07.17-16.23.28:798][106]LogModuleManager: Shutting down and abandoning module RSA (3)
[2019.07.17-16.23.28:810][106]LogExit: Exiting.
[2019.07.17-16.23.28:830][106]Log file closed, 07/17/19 18:23:28
