Log file open, 11/06/19 12:21:23
LogWindows: Failed to load 'aqProf.dll' (GetLastError=126)
LogWindows: File 'aqProf.dll' does not exist
LogWindows: Failed to load 'VtuneApi.dll' (GetLastError=126)
LogWindows: File 'VtuneApi.dll' does not exist
LogWindows: Failed to load 'VtuneApi32e.dll' (GetLastError=126)
LogWindows: File 'VtuneApi32e.dll' does not exist
LogConsoleResponse: Display: Failed to find resolution value strings in scalability ini. Falling back to default.
LogInit: Display: Running engine for game: Hakunamatata 4.22
LogPakFile: Registered encryption key '00000000000000000000000000000000': 0 pak files mounted, 0 remain pending
LogPlatformFile: Not using cached read wrapper
LogTaskGraph: Started task graph with 5 named threads and 17 total threads with 3 sets of task threads.
LogStats: Stats thread started at 0.485759
LogD3D11RHI: Loaded GFSDK_Aftermath_Lib.x64.dll
LogWindows: Failed to load '../../../Engine/Binaries/ThirdParty/libsndfile/Win64/libsndfile-1.dll' (GetLastError=126)
LogWindows: File '../../../Engine/Binaries/ThirdParty/libsndfile/Win64/libsndfile-1.dll' does not exist
LogAudioMixer: Display: Failed to load Sound File dll
LogAudioEditor: Display: LibSoundFile failed to load. Importing audio will not work correctly.
LogICUInternationalization: ICU TimeZone Detection - Raw Offset: +0:00, Platform Override: ''
LogPluginManager: Mounting plugin Paper2D
LogPluginManager: Mounting plugin AISupport
LogPluginManager: Mounting plugin LightPropagationVolume
LogPluginManager: Mounting plugin ActorLayerUtilities
LogPluginManager: Mounting plugin AnimationSharing
LogPluginManager: Mounting plugin CLionSourceCodeAccess
LogPluginManager: Mounting plugin CodeLiteSourceCodeAccess
LogPluginManager: Mounting plugin GitSourceControl
LogPluginManager: Mounting plugin KDevelopSourceCodeAccess
LogPluginManager: Mounting plugin NullSourceCodeAccess
LogPluginManager: Mounting plugin PerforceSourceControl
LogPluginManager: Mounting plugin SubversionSourceControl
LogPluginManager: Mounting plugin UObjectPlugin
LogPluginManager: Mounting plugin VisualStudioCodeSourceCodeAccess
LogPluginManager: Mounting plugin VisualStudioSourceCodeAccess
LogPluginManager: Mounting plugin XCodeSourceCodeAccess
LogPluginManager: Mounting plugin AssetManagerEditor
LogPluginManager: Mounting plugin CryptoKeys
LogPluginManager: Mounting plugin DataValidation
LogPluginManager: Mounting plugin FacialAnimation
LogPluginManager: Mounting plugin GameplayTagsEditor
LogPluginManager: Mounting plugin MacGraphicsSwitching
LogPluginManager: Mounting plugin MaterialAnalyzer
LogPluginManager: Mounting plugin MobileLauncherProfileWizard
LogPluginManager: Mounting plugin PluginBrowser
LogPluginManager: Mounting plugin SpeedTreeImporter
LogPluginManager: Mounting plugin DatasmithContent
LogPluginManager: Mounting plugin VariantManagerContent
LogPluginManager: Mounting plugin AlembicImporter
LogPluginManager: Mounting plugin AppleImageUtils
LogPluginManager: Mounting plugin AppleVision
LogPluginManager: Mounting plugin BackChannel
LogPluginManager: Mounting plugin CharacterAI
LogPluginManager: Mounting plugin GeometryCache
LogPluginManager: Mounting plugin HTML5Networking
LogPluginManager: Mounting plugin ProxyLODPlugin
LogPluginManager: Mounting plugin SkeletalReduction
LogPluginManager: Mounting plugin MagicLeap
LogPluginManager: Mounting plugin MagicLeapMedia
LogPluginManager: Mounting plugin DirGravity
LogPluginManager: Mounting plugin DonAINavigation
LogPluginManager: Mounting plugin AndroidMedia
LogPluginManager: Mounting plugin AvfMedia
LogPluginManager: Mounting plugin ImgMedia
LogPluginManager: Mounting plugin LinearTimecode
LogPluginManager: Mounting plugin MediaCompositing
LogPluginManager: Mounting plugin MediaPlayerEditor
LogPluginManager: Mounting plugin WebMMedia
LogPluginManager: Mounting plugin WmfMedia
LogPluginManager: Mounting plugin TcpMessaging
LogPluginManager: Mounting plugin UdpMessaging
LogPluginManager: Mounting plugin ActorSequence
LogPluginManager: Mounting plugin LevelSequenceEditor
LogPluginManager: Mounting plugin MatineeToLevelSequence
LogPluginManager: Mounting plugin NetcodeUnitTest
LogPluginManager: Mounting plugin NUTUnrealEngine4
LogPluginManager: Mounting plugin OnlineSubsystemGooglePlay
LogPluginManager: Mounting plugin OnlineSubsystemIOS
LogPluginManager: Mounting plugin OnlineSubsystem
LogPluginManager: Mounting plugin OnlineSubsystemNull
LogPluginManager: Mounting plugin OnlineSubsystemUtils
LogPluginManager: Mounting plugin LauncherChunkInstaller
LogPluginManager: Mounting plugin AndroidDeviceProfileSelector
LogPluginManager: Mounting plugin AndroidMoviePlayer
LogPluginManager: Mounting plugin AndroidPermission
LogPluginManager: Mounting plugin AppleMoviePlayer
LogPluginManager: Mounting plugin ArchVisCharacter
LogPluginManager: Mounting plugin AudioCapture
LogPluginManager: Mounting plugin CableComponent
LogPluginManager: Mounting plugin CustomMeshComponent
LogPluginManager: Mounting plugin EditableMesh
LogPluginManager: Mounting plugin ExampleDeviceProfileSelector
LogPluginManager: Mounting plugin Firebase
LogPluginManager: Mounting plugin GoogleCloudMessaging
LogPluginManager: Mounting plugin IOSDeviceProfileSelector
LogPluginManager: Mounting plugin LinuxDeviceProfileSelector
LogPluginManager: Mounting plugin LocationServicesBPLibrary
LogPluginManager: Mounting plugin MobilePatchingUtils
LogPluginManager: Mounting plugin OculusVR
LogPluginManager: Mounting plugin PhysXVehicles
LogPluginManager: Mounting plugin ProceduralMeshComponent
LogPluginManager: Mounting plugin RuntimePhysXCooking
LogPluginManager: Mounting plugin SignificanceManager
LogPluginManager: Mounting plugin SteamVR
LogPluginManager: Mounting plugin WebMMoviePlayer
LogPluginManager: Mounting plugin WindowsMoviePlayer
LogInit: Using libcurl 7.55.1-DEV
LogInit:  - built for x86_64-pc-win32
LogInit:  - supports SSL with OpenSSL/1.1.1
LogInit:  - supports HTTP deflate (compression) using libz 1.2.8
LogInit:  - other features:
LogInit:      CURL_VERSION_SSL
LogInit:      CURL_VERSION_LIBZ
LogInit:      CURL_VERSION_IPV6
LogInit:      CURL_VERSION_ASYNCHDNS
LogInit:      CURL_VERSION_LARGEFILE
LogInit:      CURL_VERSION_IDN
LogInit:  CurlRequestOptions (configurable via config and command line):
LogInit:  - bVerifyPeer = true  - Libcurl will verify peer certificate
LogInit:  - bUseHttpProxy = false  - Libcurl will NOT use HTTP proxy
LogInit:  - bDontReuseConnections = false  - Libcurl will reuse connections
LogInit:  - MaxHostConnections = 16  - Libcurl will limit the number of connections to a host
LogInit:  - LocalHostAddr = Default
LogInit:  - BufferSize = 65536
LogInit: WinSock: version 1.1 (2.2), MaxSocks=32767, MaxUdp=65467
LogInit: Build: ++UE4+Release-4.22-CL-5660361
LogInit: Engine Version: 4.22.0-5660361+++UE4+Release-4.22
LogInit: Compatible Engine Version: 4.22.0-5660361+++UE4+Release-4.22
LogInit: Net CL: 5660361
LogInit: OS: Windows 10 (Release 1903) (), CPU: AMD FX(tm)-6300 Six-Core Processor             , GPU: NVIDIA GeForce GTX 1050 Ti
LogInit: Compiled (64-bit): Mar 31 2019 02:05:09
LogInit: Compiled with Visual C++: 19.16.27025.01
LogInit: Build Configuration: Development
LogInit: Branch Name: ++UE4+Release-4.22
LogInit: Command Line: 
LogInit: Base Directory: F:/Unreal_projects/UE_4.22/Engine/Binaries/Win64/
LogInit: Installed Engine Build: 1
LogDevObjectVersion: Number of dev versions registered: 23
LogDevObjectVersion:   Dev-Blueprints (B0D832E4-1F89-4F0D-ACCF-7EB736FD4AA2): 10
LogDevObjectVersion:   Dev-Build (E1C64328-A22C-4D53-A36C-8E866417BD8C): 0
LogDevObjectVersion:   Dev-Core (375EC13C-06E4-48FB-B500-84F0262A717E): 3
LogDevObjectVersion:   Dev-Editor (E4B068ED-F494-42E9-A231-DA0B2E46BB41): 30
LogDevObjectVersion:   Dev-Framework (CFFC743F-43B0-4480-9391-14DF171D2073): 35
LogDevObjectVersion:   Dev-Mobile (B02B49B5-BB20-44E9-A304-32B752E40360): 2
LogDevObjectVersion:   Dev-Networking (A4E4105C-59A1-49B5-A7C5-40C4547EDFEE): 0
LogDevObjectVersion:   Dev-Online (39C831C9-5AE6-47DC-9A44-9C173E1C8E7C): 0
LogDevObjectVersion:   Dev-Physics (78F01B33-EBEA-4F98-B9B4-84EACCB95AA2): 0
LogDevObjectVersion:   Dev-Platform (6631380F-2D4D-43E0-8009-CF276956A95A): 0
LogDevObjectVersion:   Dev-Rendering (12F88B9F-8875-4AFC-A67C-D90C383ABD29): 28
LogDevObjectVersion:   Dev-Sequencer (7B5AE74C-D270-4C10-A958-57980B212A5A): 11
LogDevObjectVersion:   Dev-VR (D7296918-1DD6-4BDD-9DE2-64A83CC13884): 2
LogDevObjectVersion:   Dev-LoadTimes (C2A15278-BFE7-4AFE-6C17-90FF531DF755): 1
LogDevObjectVersion:   Private-Geometry (6EACA3D4-40EC-4CC1-B786-8BED09428FC5): 3
LogDevObjectVersion:   Dev-AnimPhys (29E575DD-E0A3-4627-9D10-D276232CDCEA): 17
LogDevObjectVersion:   Dev-Anim (AF43A65D-7FD3-4947-9873-3E8ED9C1BB05): 2
LogDevObjectVersion:   Dev-ReflectionCapture (6B266CEC-1EC7-4B8F-A30B-E4D90942FC07): 1
LogDevObjectVersion:   Dev-Automation (0DF73D61-A23F-47EA-B727-89E90C41499A): 1
LogDevObjectVersion:   FortniteMain (601D1886-AC64-4F84-AA16-D3DE0DEAC7D6): 25
LogDevObjectVersion:   Dev-Enterprise (9DFFBCD6-494F-0158-E221-12823C92A888): 6
LogDevObjectVersion:   Dev-Niagara (F2AED0AC-9AFE-416F-8664-AA7FFA26D6FC): 1
LogDevObjectVersion:   Dev-Destruction (174F1F0B-B4C6-45A5-B13F-2EE8D0FB917D): 2
LogInit: Presizing for max 16777216 objects, including 0 objects not considered by GC, pre-allocating 0 bytes for permanent pool.
LogInit: Object subsystem initialized
LogConfig: Setting CVar [[con.DebugEarlyDefault:1]]
LogConfig: Setting CVar [[r.setres:1280x720]]
[2019.11.06-12.21.26:997][  0]LogConfig: Setting CVar [[r.VSync:0]]
[2019.11.06-12.21.26:997][  0]LogConfig: Setting CVar [[r.RHICmdBypass:0]]
[2019.11.06-12.21.26:998][  0]LogConfig: Applying CVar settings from Section [/Script/Engine.RendererSettings] File [C:/Users/lucas/Documents/GitHub/Hakunamatata/Hakunamatata 4.22/Saved/Config/Windows/Engine.ini]
[2019.11.06-12.21.26:998][  0]LogConfig: Setting CVar [[r.GPUCrashDebugging:0]]
[2019.11.06-12.21.26:998][  0]LogConfig: Setting CVar [[r.DefaultFeature.Bloom:0]]
[2019.11.06-12.21.26:998][  0]LogConfig: Setting CVar [[r.DefaultFeature.AutoExposure:0]]
[2019.11.06-12.21.26:998][  0]LogConfig: Setting CVar [[r.DefaultFeature.MotionBlur:0]]
[2019.11.06-12.21.26:998][  0]LogConfig: Applying CVar settings from Section [/Script/Engine.RendererOverrideSettings] File [C:/Users/lucas/Documents/GitHub/Hakunamatata/Hakunamatata 4.22/Saved/Config/Windows/Engine.ini]
[2019.11.06-12.21.26:998][  0]LogConfig: Applying CVar settings from Section [/Script/Engine.StreamingSettings] File [C:/Users/lucas/Documents/GitHub/Hakunamatata/Hakunamatata 4.22/Saved/Config/Windows/Engine.ini]
[2019.11.06-12.21.26:998][  0]LogConfig: Setting CVar [[s.MinBulkDataSizeForAsyncLoading:131072]]
[2019.11.06-12.21.26:998][  0]LogConfig: Setting CVar [[s.AsyncLoadingThreadEnabled:0]]
[2019.11.06-12.21.26:998][  0]LogConfig: Setting CVar [[s.EventDrivenLoaderEnabled:1]]
[2019.11.06-12.21.26:998][  0]LogConfig: Setting CVar [[s.WarnIfTimeLimitExceeded:0]]
[2019.11.06-12.21.26:998][  0]LogConfig: Setting CVar [[s.TimeLimitExceededMultiplier:1.5]]
[2019.11.06-12.21.26:998][  0]LogConfig: Setting CVar [[s.TimeLimitExceededMinTime:0.005]]
[2019.11.06-12.21.26:998][  0]LogConfig: Setting CVar [[s.UseBackgroundLevelStreaming:1]]
[2019.11.06-12.21.26:998][  0]LogConfig: Setting CVar [[s.PriorityAsyncLoadingExtraTime:15.0]]
[2019.11.06-12.21.26:998][  0]LogConfig: Setting CVar [[s.LevelStreamingActorsUpdateTimeLimit:5.0]]
[2019.11.06-12.21.26:998][  0]LogConfig: Setting CVar [[s.PriorityLevelStreamingActorsUpdateExtraTime:5.0]]
[2019.11.06-12.21.26:998][  0]LogConfig: Setting CVar [[s.LevelStreamingComponentsRegistrationGranularity:10]]
[2019.11.06-12.21.26:998][  0]LogConfig: Setting CVar [[s.UnregisterComponentsTimeLimit:1.0]]
[2019.11.06-12.21.26:998][  0]LogConfig: Setting CVar [[s.LevelStreamingComponentsUnregistrationGranularity:5]]
[2019.11.06-12.21.26:998][  0]LogConfig: Applying CVar settings from Section [/Script/Engine.GarbageCollectionSettings] File [C:/Users/lucas/Documents/GitHub/Hakunamatata/Hakunamatata 4.22/Saved/Config/Windows/Engine.ini]
[2019.11.06-12.21.26:999][  0]LogConfig: Setting CVar [[gc.MaxObjectsNotConsideredByGC:1]]
[2019.11.06-12.21.26:999][  0]LogConfig: Setting CVar [[gc.SizeOfPermanentObjectPool:0]]
[2019.11.06-12.21.26:999][  0]LogConfig: Setting CVar [[gc.FlushStreamingOnGC:0]]
[2019.11.06-12.21.26:999][  0]LogConfig: Setting CVar [[gc.NumRetriesBeforeForcingGC:10]]
[2019.11.06-12.21.26:999][  0]LogConfig: Setting CVar [[gc.AllowParallelGC:1]]
[2019.11.06-12.21.26:999][  0]LogConfig: Setting CVar [[gc.TimeBetweenPurgingPendingKillObjects:61.1]]
[2019.11.06-12.21.26:999][  0]LogConfig: Setting CVar [[gc.MaxObjectsInEditor:16777216]]
[2019.11.06-12.21.26:999][  0]LogConfig: Setting CVar [[gc.IncrementalBeginDestroyEnabled:1]]
[2019.11.06-12.21.26:999][  0]LogConfig: Setting CVar [[gc.CreateGCClusters:1]]
[2019.11.06-12.21.26:999][  0]LogConfig: Setting CVar [[gc.MinGCClusterSize:5]]
[2019.11.06-12.21.26:999][  0]LogConfig: Setting CVar [[gc.ActorClusteringEnabled:0]]
[2019.11.06-12.21.26:999][  0]LogConfig: Setting CVar [[gc.BlueprintClusteringEnabled:0]]
[2019.11.06-12.21.26:999][  0]LogConfig: Setting CVar [[gc.UseDisregardForGCOnDedicatedServers:0]]
[2019.11.06-12.21.26:999][  0]LogConfig: Applying CVar settings from Section [/Script/Engine.NetworkSettings] File [C:/Users/lucas/Documents/GitHub/Hakunamatata/Hakunamatata 4.22/Saved/Config/Windows/Engine.ini]
[2019.11.06-12.21.26:999][  0]LogConfig: Applying CVar settings from Section [/Script/UnrealEd.CookerSettings] File [C:/Users/lucas/Documents/GitHub/Hakunamatata/Hakunamatata 4.22/Saved/Config/Windows/Engine.ini]
[2019.11.06-12.21.27:116][  0]LogConfig: Applying CVar settings from Section [ViewDistanceQuality@3] File [C:/Users/lucas/Documents/GitHub/Hakunamatata/Hakunamatata 4.22/Saved/Config/Windows/Scalability.ini]
[2019.11.06-12.21.27:116][  0]LogConfig: Setting CVar [[r.SkeletalMeshLODBias:0]]
[2019.11.06-12.21.27:116][  0]LogConfig: Setting CVar [[r.ViewDistanceScale:1.0]]
[2019.11.06-12.21.27:116][  0]LogConfig: Applying CVar settings from Section [AntiAliasingQuality@3] File [C:/Users/lucas/Documents/GitHub/Hakunamatata/Hakunamatata 4.22/Saved/Config/Windows/Scalability.ini]
[2019.11.06-12.21.27:116][  0]LogConfig: Setting CVar [[r.PostProcessAAQuality:4]]
[2019.11.06-12.21.27:116][  0]LogConfig: Applying CVar settings from Section [ShadowQuality@3] File [C:/Users/lucas/Documents/GitHub/Hakunamatata/Hakunamatata 4.22/Saved/Config/Windows/Scalability.ini]
[2019.11.06-12.21.27:116][  0]LogConfig: Setting CVar [[r.LightFunctionQuality:1]]
[2019.11.06-12.21.27:116][  0]LogConfig: Setting CVar [[r.ShadowQuality:5]]
[2019.11.06-12.21.27:116][  0]LogConfig: Setting CVar [[r.Shadow.CSM.MaxCascades:10]]
[2019.11.06-12.21.27:116][  0]LogConfig: Setting CVar [[r.Shadow.MaxResolution:2048]]
[2019.11.06-12.21.27:116][  0]LogConfig: Setting CVar [[r.Shadow.MaxCSMResolution:2048]]
[2019.11.06-12.21.27:116][  0]LogConfig: Setting CVar [[r.Shadow.RadiusThreshold:0.01]]
[2019.11.06-12.21.27:116][  0]LogConfig: Setting CVar [[r.Shadow.DistanceScale:1.0]]
[2019.11.06-12.21.27:116][  0]LogConfig: Setting CVar [[r.Shadow.CSM.TransitionScale:1.0]]
[2019.11.06-12.21.27:116][  0]LogConfig: Setting CVar [[r.Shadow.PreShadowResolutionFactor:1.0]]
[2019.11.06-12.21.27:116][  0]LogConfig: Setting CVar [[r.DistanceFieldShadowing:1]]
[2019.11.06-12.21.27:116][  0]LogConfig: Setting CVar [[r.DistanceFieldAO:1]]
[2019.11.06-12.21.27:116][  0]LogConfig: Setting CVar [[r.AOQuality:2]]
[2019.11.06-12.21.27:116][  0]LogConfig: Setting CVar [[r.VolumetricFog:1]]
[2019.11.06-12.21.27:116][  0]LogConfig: Setting CVar [[r.VolumetricFog.GridPixelSize:8]]
[2019.11.06-12.21.27:116][  0]LogConfig: Setting CVar [[r.VolumetricFog.GridSizeZ:128]]
[2019.11.06-12.21.27:116][  0]LogConfig: Setting CVar [[r.VolumetricFog.HistoryMissSupersampleCount:4]]
[2019.11.06-12.21.27:116][  0]LogConfig: Setting CVar [[r.LightMaxDrawDistanceScale:1]]
[2019.11.06-12.21.27:116][  0]LogConfig: Setting CVar [[r.CapsuleShadows:1]]
[2019.11.06-12.21.27:116][  0]LogConfig: Applying CVar settings from Section [PostProcessQuality@3] File [C:/Users/lucas/Documents/GitHub/Hakunamatata/Hakunamatata 4.22/Saved/Config/Windows/Scalability.ini]
[2019.11.06-12.21.27:117][  0]LogConfig: Setting CVar [[r.MotionBlurQuality:4]]
[2019.11.06-12.21.27:117][  0]LogConfig: Setting CVar [[r.AmbientOcclusionMipLevelFactor:0.4]]
[2019.11.06-12.21.27:117][  0]LogConfig: Setting CVar [[r.AmbientOcclusionMaxQuality:100]]
[2019.11.06-12.21.27:117][  0]LogConfig: Setting CVar [[r.AmbientOcclusionLevels:-1]]
[2019.11.06-12.21.27:117][  0]LogConfig: Setting CVar [[r.AmbientOcclusionRadiusScale:1.0]]
[2019.11.06-12.21.27:117][  0]LogConfig: Setting CVar [[r.DepthOfFieldQuality:2]]
[2019.11.06-12.21.27:117][  0]LogConfig: Setting CVar [[r.RenderTargetPoolMin:400]]
[2019.11.06-12.21.27:117][  0]LogConfig: Setting CVar [[r.LensFlareQuality:2]]
[2019.11.06-12.21.27:117][  0]LogConfig: Setting CVar [[r.SceneColorFringeQuality:1]]
[2019.11.06-12.21.27:117][  0]LogConfig: Setting CVar [[r.EyeAdaptationQuality:2]]
[2019.11.06-12.21.27:117][  0]LogConfig: Setting CVar [[r.BloomQuality:5]]
[2019.11.06-12.21.27:117][  0]LogConfig: Setting CVar [[r.FastBlurThreshold:100]]
[2019.11.06-12.21.27:117][  0]LogConfig: Setting CVar [[r.Upscale.Quality:3]]
[2019.11.06-12.21.27:117][  0]LogConfig: Setting CVar [[r.Tonemapper.GrainQuantization:1]]
[2019.11.06-12.21.27:117][  0]LogConfig: Setting CVar [[r.LightShaftQuality:1]]
[2019.11.06-12.21.27:117][  0]LogConfig: Setting CVar [[r.Filter.SizeScale:1]]
[2019.11.06-12.21.27:117][  0]LogConfig: Setting CVar [[r.Tonemapper.Quality:5]]
[2019.11.06-12.21.27:117][  0]LogConfig: Setting CVar [[r.DOF.Gather.AccumulatorQuality:1        ; higher gathering accumulator quality]]
[2019.11.06-12.21.27:117][  0]LogConfig: Setting CVar [[r.DOF.Gather.PostfilterMethod:1          ; Median3x3 postfilering method]]
[2019.11.06-12.21.27:117][  0]LogConfig: Setting CVar [[r.DOF.Gather.EnableBokehSettings:0       ; no bokeh simulation when gathering]]
[2019.11.06-12.21.27:117][  0]LogConfig: Setting CVar [[r.DOF.Gather.RingCount:4                 ; medium number of samples when gathering]]
[2019.11.06-12.21.27:117][  0]LogConfig: Setting CVar [[r.DOF.Scatter.ForegroundCompositing:1    ; additive foreground scattering]]
[2019.11.06-12.21.27:117][  0]LogConfig: Setting CVar [[r.DOF.Scatter.BackgroundCompositing:2    ; additive background scattering]]
[2019.11.06-12.21.27:117][  0]LogConfig: Setting CVar [[r.DOF.Scatter.EnableBokehSettings:1      ; bokeh simulation when scattering]]
[2019.11.06-12.21.27:117][  0]LogConfig: Setting CVar [[r.DOF.Scatter.MaxSpriteRatio:0.1         ; only a maximum of 10% of scattered bokeh]]
[2019.11.06-12.21.27:117][  0]LogConfig: Setting CVar [[r.DOF.Recombine.Quality:1                ; cheap slight out of focus]]
[2019.11.06-12.21.27:117][  0]LogConfig: Setting CVar [[r.DOF.Recombine.EnableBokehSettings:0    ; no bokeh simulation on slight out of focus]]
[2019.11.06-12.21.27:117][  0]LogConfig: Setting CVar [[r.DOF.TemporalAAQuality:1                ; more stable temporal accumulation]]
[2019.11.06-12.21.27:117][  0]LogConfig: Setting CVar [[r.DOF.Kernel.MaxForegroundRadius:0.025]]
[2019.11.06-12.21.27:117][  0]LogConfig: Setting CVar [[r.DOF.Kernel.MaxBackgroundRadius:0.025]]
[2019.11.06-12.21.27:117][  0]LogConfig: Applying CVar settings from Section [TextureQuality@3] File [C:/Users/lucas/Documents/GitHub/Hakunamatata/Hakunamatata 4.22/Saved/Config/Windows/Scalability.ini]
[2019.11.06-12.21.27:117][  0]LogConfig: Setting CVar [[r.Streaming.MipBias:0]]
[2019.11.06-12.21.27:117][  0]LogConfig: Setting CVar [[r.Streaming.AmortizeCPUToGPUCopy:0]]
[2019.11.06-12.21.27:117][  0]LogConfig: Setting CVar [[r.Streaming.MaxNumTexturesToStreamPerFrame:0]]
[2019.11.06-12.21.27:117][  0]LogConfig: Setting CVar [[r.Streaming.Boost:1]]
[2019.11.06-12.21.27:117][  0]LogConfig: Setting CVar [[r.MaxAnisotropy:8]]
[2019.11.06-12.21.27:117][  0]LogConfig: Setting CVar [[r.Streaming.LimitPoolSizeToVRAM:0]]
[2019.11.06-12.21.27:117][  0]LogConfig: Setting CVar [[r.Streaming.PoolSize:1000]]
[2019.11.06-12.21.27:117][  0]LogConfig: Setting CVar [[r.Streaming.MaxEffectiveScreenSize:0]]
[2019.11.06-12.21.27:117][  0]LogConfig: Applying CVar settings from Section [EffectsQuality@3] File [C:/Users/lucas/Documents/GitHub/Hakunamatata/Hakunamatata 4.22/Saved/Config/Windows/Scalability.ini]
[2019.11.06-12.21.27:117][  0]LogConfig: Setting CVar [[r.TranslucencyLightingVolumeDim:64]]
[2019.11.06-12.21.27:117][  0]LogConfig: Setting CVar [[r.RefractionQuality:2]]
[2019.11.06-12.21.27:117][  0]LogConfig: Setting CVar [[r.SSR.Quality:3]]
[2019.11.06-12.21.27:117][  0]LogConfig: Setting CVar [[r.SceneColorFormat:4]]
[2019.11.06-12.21.27:117][  0]LogConfig: Setting CVar [[r.DetailMode:2]]
[2019.11.06-12.21.27:118][  0]LogConfig: Setting CVar [[r.TranslucencyVolumeBlur:1]]
[2019.11.06-12.21.27:118][  0]LogConfig: Setting CVar [[r.MaterialQualityLevel:1 ; High quality]]
[2019.11.06-12.21.27:118][  0]LogConfig: Setting CVar [[r.SSS.Scale:1]]
[2019.11.06-12.21.27:118][  0]LogConfig: Setting CVar [[r.SSS.SampleSet:2]]
[2019.11.06-12.21.27:118][  0]LogConfig: Setting CVar [[r.SSS.Quality:1]]
[2019.11.06-12.21.27:118][  0]LogConfig: Setting CVar [[r.SSS.HalfRes:1]]
[2019.11.06-12.21.27:118][  0]LogConfig: Setting CVar [[r.EmitterSpawnRateScale:1.0]]
[2019.11.06-12.21.27:118][  0]LogConfig: Setting CVar [[r.ParticleLightQuality:2]]
[2019.11.06-12.21.27:118][  0]LogConfig: Applying CVar settings from Section [FoliageQuality@3] File [C:/Users/lucas/Documents/GitHub/Hakunamatata/Hakunamatata 4.22/Saved/Config/Windows/Scalability.ini]
[2019.11.06-12.21.27:118][  0]LogConfig: Setting CVar [[foliage.DensityScale:1.0]]
[2019.11.06-12.21.27:118][  0]LogConfig: Setting CVar [[grass.DensityScale:1.0]]
[2019.11.06-12.21.27:121][  0]LogInit: Selected Device Profile: [Windows]
[2019.11.06-12.21.27:121][  0]LogInit: Applying CVar settings loaded from the selected device profile: [Windows]
[2019.11.06-12.21.27:200][  0]LogHAL: Display: Platform has ~ 8 GB [8571179008 / 8589934592 / 8], which maps to Default [LargestMinGB=32, LargerMinGB=12, DefaultMinGB=8, SmallerMinGB=6, SmallestMinGB=0)
[2019.11.06-12.21.27:202][  0]LogConfig: Setting CVar [[r.Vulkan.UseRealUBs:0		; Required until we fix HLR fall-out]]
[2019.11.06-12.21.27:202][  0]LogInit: Going up to parent DeviceProfile []
[2019.11.06-12.21.27:202][  0]LogConfig: Applying CVar settings from Section [ViewDistanceQuality@3] File [C:/Users/lucas/Documents/GitHub/Hakunamatata/Hakunamatata 4.22/Saved/Config/Windows/Scalability.ini]
[2019.11.06-12.21.27:202][  0]LogConfig: Setting CVar [[r.SkeletalMeshLODBias:0]]
[2019.11.06-12.21.27:202][  0]LogConfig: Setting CVar [[r.ViewDistanceScale:1.0]]
[2019.11.06-12.21.27:203][  0]LogConfig: Applying CVar settings from Section [AntiAliasingQuality@3] File [C:/Users/lucas/Documents/GitHub/Hakunamatata/Hakunamatata 4.22/Saved/Config/Windows/Scalability.ini]
[2019.11.06-12.21.27:203][  0]LogConfig: Setting CVar [[r.PostProcessAAQuality:4]]
[2019.11.06-12.21.27:203][  0]LogConfig: Applying CVar settings from Section [ShadowQuality@3] File [C:/Users/lucas/Documents/GitHub/Hakunamatata/Hakunamatata 4.22/Saved/Config/Windows/Scalability.ini]
[2019.11.06-12.21.27:203][  0]LogConfig: Setting CVar [[r.LightFunctionQuality:1]]
[2019.11.06-12.21.27:203][  0]LogConfig: Setting CVar [[r.ShadowQuality:5]]
[2019.11.06-12.21.27:203][  0]LogConfig: Setting CVar [[r.Shadow.CSM.MaxCascades:10]]
[2019.11.06-12.21.27:203][  0]LogConfig: Setting CVar [[r.Shadow.MaxResolution:2048]]
[2019.11.06-12.21.27:203][  0]LogConfig: Setting CVar [[r.Shadow.MaxCSMResolution:2048]]
[2019.11.06-12.21.27:203][  0]LogConfig: Setting CVar [[r.Shadow.RadiusThreshold:0.01]]
[2019.11.06-12.21.27:203][  0]LogConfig: Setting CVar [[r.Shadow.DistanceScale:1.0]]
[2019.11.06-12.21.27:203][  0]LogConfig: Setting CVar [[r.Shadow.CSM.TransitionScale:1.0]]
[2019.11.06-12.21.27:203][  0]LogConfig: Setting CVar [[r.Shadow.PreShadowResolutionFactor:1.0]]
[2019.11.06-12.21.27:203][  0]LogConfig: Setting CVar [[r.DistanceFieldShadowing:1]]
[2019.11.06-12.21.27:203][  0]LogConfig: Setting CVar [[r.DistanceFieldAO:1]]
[2019.11.06-12.21.27:203][  0]LogConfig: Setting CVar [[r.AOQuality:2]]
[2019.11.06-12.21.27:203][  0]LogConfig: Setting CVar [[r.VolumetricFog:1]]
[2019.11.06-12.21.27:203][  0]LogConfig: Setting CVar [[r.VolumetricFog.GridPixelSize:8]]
[2019.11.06-12.21.27:203][  0]LogConfig: Setting CVar [[r.VolumetricFog.GridSizeZ:128]]
[2019.11.06-12.21.27:203][  0]LogConfig: Setting CVar [[r.VolumetricFog.HistoryMissSupersampleCount:4]]
[2019.11.06-12.21.27:203][  0]LogConfig: Setting CVar [[r.LightMaxDrawDistanceScale:1]]
[2019.11.06-12.21.27:203][  0]LogConfig: Setting CVar [[r.CapsuleShadows:1]]
[2019.11.06-12.21.27:203][  0]LogConfig: Applying CVar settings from Section [PostProcessQuality@3] File [C:/Users/lucas/Documents/GitHub/Hakunamatata/Hakunamatata 4.22/Saved/Config/Windows/Scalability.ini]
[2019.11.06-12.21.27:203][  0]LogConfig: Setting CVar [[r.MotionBlurQuality:4]]
[2019.11.06-12.21.27:203][  0]LogConfig: Setting CVar [[r.AmbientOcclusionMipLevelFactor:0.4]]
[2019.11.06-12.21.27:203][  0]LogConfig: Setting CVar [[r.AmbientOcclusionMaxQuality:100]]
[2019.11.06-12.21.27:203][  0]LogConfig: Setting CVar [[r.AmbientOcclusionLevels:-1]]
[2019.11.06-12.21.27:203][  0]LogConfig: Setting CVar [[r.AmbientOcclusionRadiusScale:1.0]]
[2019.11.06-12.21.27:203][  0]LogConfig: Setting CVar [[r.DepthOfFieldQuality:2]]
[2019.11.06-12.21.27:203][  0]LogConfig: Setting CVar [[r.RenderTargetPoolMin:400]]
[2019.11.06-12.21.27:203][  0]LogConfig: Setting CVar [[r.LensFlareQuality:2]]
[2019.11.06-12.21.27:203][  0]LogConfig: Setting CVar [[r.SceneColorFringeQuality:1]]
[2019.11.06-12.21.27:203][  0]LogConfig: Setting CVar [[r.EyeAdaptationQuality:2]]
[2019.11.06-12.21.27:203][  0]LogConfig: Setting CVar [[r.BloomQuality:5]]
[2019.11.06-12.21.27:203][  0]LogConfig: Setting CVar [[r.FastBlurThreshold:100]]
[2019.11.06-12.21.27:203][  0]LogConfig: Setting CVar [[r.Upscale.Quality:3]]
[2019.11.06-12.21.27:203][  0]LogConfig: Setting CVar [[r.Tonemapper.GrainQuantization:1]]
[2019.11.06-12.21.27:203][  0]LogConfig: Setting CVar [[r.LightShaftQuality:1]]
[2019.11.06-12.21.27:203][  0]LogConfig: Setting CVar [[r.Filter.SizeScale:1]]
[2019.11.06-12.21.27:203][  0]LogConfig: Setting CVar [[r.Tonemapper.Quality:5]]
[2019.11.06-12.21.27:203][  0]LogConfig: Setting CVar [[r.DOF.Gather.AccumulatorQuality:1        ; higher gathering accumulator quality]]
[2019.11.06-12.21.27:203][  0]LogConfig: Setting CVar [[r.DOF.Gather.PostfilterMethod:1          ; Median3x3 postfilering method]]
[2019.11.06-12.21.27:203][  0]LogConfig: Setting CVar [[r.DOF.Gather.EnableBokehSettings:0       ; no bokeh simulation when gathering]]
[2019.11.06-12.21.27:203][  0]LogConfig: Setting CVar [[r.DOF.Gather.RingCount:4                 ; medium number of samples when gathering]]
[2019.11.06-12.21.27:203][  0]LogConfig: Setting CVar [[r.DOF.Scatter.ForegroundCompositing:1    ; additive foreground scattering]]
[2019.11.06-12.21.27:203][  0]LogConfig: Setting CVar [[r.DOF.Scatter.BackgroundCompositing:2    ; additive background scattering]]
[2019.11.06-12.21.27:203][  0]LogConfig: Setting CVar [[r.DOF.Scatter.EnableBokehSettings:1      ; bokeh simulation when scattering]]
[2019.11.06-12.21.27:203][  0]LogConfig: Setting CVar [[r.DOF.Scatter.MaxSpriteRatio:0.1         ; only a maximum of 10% of scattered bokeh]]
[2019.11.06-12.21.27:203][  0]LogConfig: Setting CVar [[r.DOF.Recombine.Quality:1                ; cheap slight out of focus]]
[2019.11.06-12.21.27:204][  0]LogConfig: Setting CVar [[r.DOF.Recombine.EnableBokehSettings:0    ; no bokeh simulation on slight out of focus]]
[2019.11.06-12.21.27:204][  0]LogConfig: Setting CVar [[r.DOF.TemporalAAQuality:1                ; more stable temporal accumulation]]
[2019.11.06-12.21.27:204][  0]LogConfig: Setting CVar [[r.DOF.Kernel.MaxForegroundRadius:0.025]]
[2019.11.06-12.21.27:204][  0]LogConfig: Setting CVar [[r.DOF.Kernel.MaxBackgroundRadius:0.025]]
[2019.11.06-12.21.27:204][  0]LogConfig: Applying CVar settings from Section [TextureQuality@3] File [C:/Users/lucas/Documents/GitHub/Hakunamatata/Hakunamatata 4.22/Saved/Config/Windows/Scalability.ini]
[2019.11.06-12.21.27:204][  0]LogConfig: Setting CVar [[r.Streaming.MipBias:0]]
[2019.11.06-12.21.27:204][  0]LogConfig: Setting CVar [[r.Streaming.AmortizeCPUToGPUCopy:0]]
[2019.11.06-12.21.27:204][  0]LogConfig: Setting CVar [[r.Streaming.MaxNumTexturesToStreamPerFrame:0]]
[2019.11.06-12.21.27:204][  0]LogConfig: Setting CVar [[r.Streaming.Boost:1]]
[2019.11.06-12.21.27:204][  0]LogConfig: Setting CVar [[r.MaxAnisotropy:8]]
[2019.11.06-12.21.27:204][  0]LogConfig: Setting CVar [[r.Streaming.LimitPoolSizeToVRAM:0]]
[2019.11.06-12.21.27:204][  0]LogConfig: Setting CVar [[r.Streaming.PoolSize:1000]]
[2019.11.06-12.21.27:204][  0]LogConfig: Setting CVar [[r.Streaming.MaxEffectiveScreenSize:0]]
[2019.11.06-12.21.27:204][  0]LogConfig: Applying CVar settings from Section [EffectsQuality@3] File [C:/Users/lucas/Documents/GitHub/Hakunamatata/Hakunamatata 4.22/Saved/Config/Windows/Scalability.ini]
[2019.11.06-12.21.27:204][  0]LogConfig: Setting CVar [[r.TranslucencyLightingVolumeDim:64]]
[2019.11.06-12.21.27:204][  0]LogConfig: Setting CVar [[r.RefractionQuality:2]]
[2019.11.06-12.21.27:204][  0]LogConfig: Setting CVar [[r.SSR.Quality:3]]
[2019.11.06-12.21.27:204][  0]LogConfig: Setting CVar [[r.SceneColorFormat:4]]
[2019.11.06-12.21.27:204][  0]LogConfig: Setting CVar [[r.DetailMode:2]]
[2019.11.06-12.21.27:204][  0]LogConfig: Setting CVar [[r.TranslucencyVolumeBlur:1]]
[2019.11.06-12.21.27:204][  0]LogConfig: Setting CVar [[r.MaterialQualityLevel:1 ; High quality]]
[2019.11.06-12.21.27:204][  0]LogConfig: Setting CVar [[r.SSS.Scale:1]]
[2019.11.06-12.21.27:204][  0]LogConfig: Setting CVar [[r.SSS.SampleSet:2]]
[2019.11.06-12.21.27:204][  0]LogConfig: Setting CVar [[r.SSS.Quality:1]]
[2019.11.06-12.21.27:204][  0]LogConfig: Setting CVar [[r.SSS.HalfRes:1]]
[2019.11.06-12.21.27:204][  0]LogConfig: Setting CVar [[r.EmitterSpawnRateScale:1.0]]
[2019.11.06-12.21.27:204][  0]LogConfig: Setting CVar [[r.ParticleLightQuality:2]]
[2019.11.06-12.21.27:204][  0]LogConfig: Applying CVar settings from Section [FoliageQuality@3] File [C:/Users/lucas/Documents/GitHub/Hakunamatata/Hakunamatata 4.22/Saved/Config/Windows/Scalability.ini]
[2019.11.06-12.21.27:204][  0]LogConfig: Setting CVar [[foliage.DensityScale:1.0]]
[2019.11.06-12.21.27:204][  0]LogConfig: Setting CVar [[grass.DensityScale:1.0]]
[2019.11.06-12.21.27:204][  0]LogConfig: Applying CVar settings from Section [Startup] File [../../../Engine/Config/ConsoleVariables.ini]
[2019.11.06-12.21.27:229][  0]LogConfig: Setting CVar [[net.UseAdaptiveNetUpdateFrequency:0]]
[2019.11.06-12.21.27:229][  0]LogConfig: Setting CVar [[p.chaos.AllowCreatePhysxBodies:1]]
[2019.11.06-12.21.27:229][  0]LogConfig: Applying CVar settings from Section [ConsoleVariables] File [C:/Users/lucas/Documents/GitHub/Hakunamatata/Hakunamatata 4.22/Saved/Config/Windows/Engine.ini]
[2019.11.06-12.21.27:289][  0]LogInit: Computer: DESKTOP-D27FTK0
[2019.11.06-12.21.27:289][  0]LogInit: User: lucas
[2019.11.06-12.21.27:289][  0]LogInit: CPU Page size=4096, Cores=3
[2019.11.06-12.21.27:289][  0]LogInit: High frequency timer resolution =10.000000 MHz
[2019.11.06-12.21.27:303][  0]LogMemory: Memory total: Physical=8.0GB (8GB approx)
[2019.11.06-12.21.27:304][  0]LogMemory: Platform Memory Stats for Windows
[2019.11.06-12.21.27:304][  0]LogMemory: Process Physical Memory: 98.51 MB used, 98.52 MB peak
[2019.11.06-12.21.27:304][  0]LogMemory: Process Virtual Memory: 90.67 MB used, 90.67 MB peak
[2019.11.06-12.21.27:304][  0]LogMemory: Physical Memory: 5428.98 MB used,  2745.13 MB free, 8174.11 MB total
[2019.11.06-12.21.27:304][  0]LogMemory: Virtual Memory: 4634.22 MB used,  134213096.00 MB free, 134217728.00 MB total
[2019.11.06-12.21.28:386][  0]LogInit: Using OS detected language (en-GB).
[2019.11.06-12.21.28:386][  0]LogInit: Using OS detected locale (en-GB).
[2019.11.06-12.21.28:422][  0]LogTextLocalizationManager: No specific localization for 'en-GB' exists, so the 'en' localization will be used.
[2019.11.06-12.21.29:185][  0]LogInit: Setting process to per monitor DPI aware
[2019.11.06-12.21.30:457][  0]LogSlate: New Slate User Created.  User Index 0, Is Virtual User: 0
[2019.11.06-12.21.30:457][  0]LogSlate: Slate User Registered.  User Index 0, Is Virtual User: 0
[2019.11.06-12.21.34:239][  0]LogHMD: Failed to initialize OpenVR with code 100
[2019.11.06-12.21.34:239][  0]LogD3D11RHI: D3D11 adapters:
[2019.11.06-12.21.34:430][  0]LogD3D11RHI:    0. 'NVIDIA GeForce GTX 1050 Ti' (Feature Level 11_0)
[2019.11.06-12.21.34:430][  0]LogD3D11RHI:       4018/0/4087 MB DedicatedVideo/DedicatedSystem/SharedSystem, Outputs:2, VendorId:0x10de
[2019.11.06-12.21.34:463][  0]LogD3D11RHI:    1. 'Microsoft Basic Render Driver' (Feature Level 11_0)
[2019.11.06-12.21.34:463][  0]LogD3D11RHI:       0/0/4087 MB DedicatedVideo/DedicatedSystem/SharedSystem, Outputs:0, VendorId:0x1414
[2019.11.06-12.21.34:464][  0]LogD3D11RHI: Chosen D3D11 Adapter: 0
[2019.11.06-12.21.34:499][  0]LogD3D11RHI: Creating new Direct3DDevice
[2019.11.06-12.21.34:499][  0]LogD3D11RHI:     GPU DeviceId: 0x1c82 (for the marketing name, search the web for "GPU Device Id")
[2019.11.06-12.21.34:499][  0]LogWindows: EnumDisplayDevices:
[2019.11.06-12.21.34:500][  0]LogWindows:    0. 'NVIDIA GeForce GTX 1050 Ti' (P:0 D:1)
[2019.11.06-12.21.34:500][  0]LogWindows:    1. 'NVIDIA GeForce GTX 1050 Ti' (P:1 D:1)
[2019.11.06-12.21.34:500][  0]LogWindows:    2. 'NVIDIA GeForce GTX 1050 Ti' (P:0 D:0)
[2019.11.06-12.21.34:501][  0]LogWindows:    3. 'NVIDIA GeForce GTX 1050 Ti' (P:0 D:0)
[2019.11.06-12.21.34:501][  0]LogWindows: DebugString: FoundDriverCount:4 
[2019.11.06-12.21.34:501][  0]LogD3D11RHI:     Adapter Name: NVIDIA GeForce GTX 1050 Ti
[2019.11.06-12.21.34:501][  0]LogD3D11RHI:   Driver Version: 419.67 (internal:25.21.14.1967, unified:419.67)
[2019.11.06-12.21.34:501][  0]LogD3D11RHI:      Driver Date: 3-17-2019
[2019.11.06-12.21.34:501][  0]LogRHI: Texture pool is 2812 MB (70% of 4018 MB)
[2019.11.06-12.21.34:639][  0]LogD3D11RHI: Async texture creation enabled
[2019.11.06-12.21.34:919][  0]LogRendererCore: FGlobalReadBuffer::InitRHI
[2019.11.06-12.21.34:937][  0]LogRendererCore: FGlobalReadBuffer::InitRHI
[2019.11.06-12.21.34:937][  0]LogRendererCore: FGlobalReadBuffer::InitRHI
[2019.11.06-12.21.34:989][  0]LogD3D11RHI: GPU Timing Frequency: 1000.000000 (Debug: 2 1)
[2019.11.06-12.21.38:215][  0]LogTemp: Display: Module 'AllDesktopTargetPlatform' loaded TargetPlatform 'AllDesktop'
[2019.11.06-12.21.38:289][  0]LogTemp: Display: Module 'MacClientTargetPlatform' loaded TargetPlatform 'MacClient'
[2019.11.06-12.21.38:340][  0]LogTemp: Display: Module 'MacNoEditorTargetPlatform' loaded TargetPlatform 'MacNoEditor'
[2019.11.06-12.21.38:396][  0]LogTemp: Display: Module 'MacServerTargetPlatform' loaded TargetPlatform 'MacServer'
[2019.11.06-12.21.38:497][  0]LogTemp: Display: Module 'MacTargetPlatform' loaded TargetPlatform 'Mac'
[2019.11.06-12.21.38:565][  0]LogTemp: Display: Module 'WindowsClientTargetPlatform' loaded TargetPlatform 'WindowsClient'
[2019.11.06-12.21.38:641][  0]LogTemp: Display: Module 'WindowsNoEditorTargetPlatform' loaded TargetPlatform 'WindowsNoEditor'
[2019.11.06-12.21.38:717][  0]LogTemp: Display: Module 'WindowsServerTargetPlatform' loaded TargetPlatform 'WindowsServer'
[2019.11.06-12.21.38:780][  0]LogTemp: Display: Module 'WindowsTargetPlatform' loaded TargetPlatform 'Windows'
[2019.11.06-12.21.39:039][  0]LogTemp: Display: Module 'AndroidTargetPlatform' loaded TargetPlatform 'Android'
[2019.11.06-12.21.39:039][  0]LogTemp: Display: Module 'AndroidTargetPlatform' loaded TargetPlatform 'Android_ASTC'
[2019.11.06-12.21.39:039][  0]LogTemp: Display: Module 'AndroidTargetPlatform' loaded TargetPlatform 'Android_ATC'
[2019.11.06-12.21.39:039][  0]LogTemp: Display: Module 'AndroidTargetPlatform' loaded TargetPlatform 'Android_DXT'
[2019.11.06-12.21.39:039][  0]LogTemp: Display: Module 'AndroidTargetPlatform' loaded TargetPlatform 'Android_ETC1'
[2019.11.06-12.21.39:039][  0]LogTemp: Display: Module 'AndroidTargetPlatform' loaded TargetPlatform 'Android_ETC1a'
[2019.11.06-12.21.39:039][  0]LogTemp: Display: Module 'AndroidTargetPlatform' loaded TargetPlatform 'Android_ETC2'
[2019.11.06-12.21.39:039][  0]LogTemp: Display: Module 'AndroidTargetPlatform' loaded TargetPlatform 'Android_PVRTC'
[2019.11.06-12.21.39:039][  0]LogTemp: Display: Module 'AndroidTargetPlatform' loaded TargetPlatform 'AndroidClient'
[2019.11.06-12.21.39:039][  0]LogTemp: Display: Module 'AndroidTargetPlatform' loaded TargetPlatform 'Android_ASTCClient'
[2019.11.06-12.21.39:039][  0]LogTemp: Display: Module 'AndroidTargetPlatform' loaded TargetPlatform 'Android_ATCClient'
[2019.11.06-12.21.39:039][  0]LogTemp: Display: Module 'AndroidTargetPlatform' loaded TargetPlatform 'Android_DXTClient'
[2019.11.06-12.21.39:039][  0]LogTemp: Display: Module 'AndroidTargetPlatform' loaded TargetPlatform 'Android_ETC1Client'
[2019.11.06-12.21.39:039][  0]LogTemp: Display: Module 'AndroidTargetPlatform' loaded TargetPlatform 'Android_ETC1aClient'
[2019.11.06-12.21.39:039][  0]LogTemp: Display: Module 'AndroidTargetPlatform' loaded TargetPlatform 'Android_ETC2Client'
[2019.11.06-12.21.39:039][  0]LogTemp: Display: Module 'AndroidTargetPlatform' loaded TargetPlatform 'Android_PVRTCClient'
[2019.11.06-12.21.39:039][  0]LogTemp: Display: Module 'AndroidTargetPlatform' loaded TargetPlatform 'Android_Multi'
[2019.11.06-12.21.39:039][  0]LogTemp: Display: Module 'AndroidTargetPlatform' loaded TargetPlatform 'Android_MultiClient'
[2019.11.06-12.21.39:071][  0]LogTemp: Display: Module 'HTML5TargetPlatform' loaded TargetPlatform 'HTML5'
[2019.11.06-12.21.39:283][  0]LogTemp: Display: Module 'IOSTargetPlatform' loaded TargetPlatform 'IOSClient'
[2019.11.06-12.21.39:283][  0]LogTemp: Display: Module 'IOSTargetPlatform' loaded TargetPlatform 'IOS'
[2019.11.06-12.21.39:362][  0]LogTemp: Display: Module 'TVOSTargetPlatform' loaded TargetPlatform 'TVOSClient'
[2019.11.06-12.21.39:362][  0]LogTemp: Display: Module 'TVOSTargetPlatform' loaded TargetPlatform 'TVOS'
[2019.11.06-12.21.39:425][  0]LogTemp: Display: Module 'LinuxClientTargetPlatform' loaded TargetPlatform 'LinuxClient'
[2019.11.06-12.21.39:487][  0]LogTemp: Display: Module 'LinuxNoEditorTargetPlatform' loaded TargetPlatform 'LinuxNoEditor'
[2019.11.06-12.21.39:546][  0]LogTemp: Display: Module 'LinuxServerTargetPlatform' loaded TargetPlatform 'LinuxServer'
[2019.11.06-12.21.39:621][  0]LogTemp: Display: Module 'LinuxTargetPlatform' loaded TargetPlatform 'Linux'
[2019.11.06-12.21.39:758][  0]LogTemp: Display: Module 'LuminTargetPlatform' loaded TargetPlatform 'Lumin'
[2019.11.06-12.21.39:758][  0]LogTemp: Display: Module 'LuminTargetPlatform' loaded TargetPlatform 'LuminClient'
[2019.11.06-12.21.39:758][  0]LogTargetPlatformManager: Display: Building Assets For Windows
[2019.11.06-12.21.40:073][  0]LogAudioDebug: Display: Lib vorbis DLL was dynamically loaded.
[2019.11.06-12.21.41:085][  0]LogShaderCompilers: Guid format shader working directory is -16 characters bigger than the processId version (C:/Users/lucas/Documents/GitHub/Hakunamatata/Hakunamatata 4.22/Intermediate/Shaders/WorkingDirectory/6496/).
[2019.11.06-12.21.41:085][  0]LogShaderCompilers: Cleaned the shader compiler working directory 'C:/Users/lucas/AppData/Local/Temp/UnrealShaderWorkingDir/74B1F8D54AA65D62FD9D049E5F3F3C43/'.
[2019.11.06-12.21.41:090][  0]LogXGEController: Cleaning working directory: C:/Users/lucas/AppData/Local/Temp/UnrealXGEWorkingDir/
[2019.11.06-12.21.41:090][  0]LogXGEController: Cannot use XGE Controller as Incredibuild is not installed on this machine.
[2019.11.06-12.21.41:091][  0]LogShaderCompilers: Cannot use XGE Shader Compiler as Incredibuild is not installed on this machine.
[2019.11.06-12.21.41:091][  0]LogShaderCompilers: Display: Using Local Shader Compiler.
[2019.11.06-12.21.47:066][  0]LogDerivedDataCache: Display: Max Cache Size: 512 MB
[2019.11.06-12.21.47:800][  0]LogDerivedDataCache: Loaded boot cache 0.73s 71MB C:/Users/lucas/AppData/Local/UnrealEngine/4.22/DerivedDataCache/Boot.ddc.
[2019.11.06-12.21.47:800][  0]LogDerivedDataCache: Display: Loaded Boot cache: C:/Users/lucas/AppData/Local/UnrealEngine/4.22/DerivedDataCache/Boot.ddc
[2019.11.06-12.21.47:800][  0]LogDerivedDataCache: FDerivedDataBackendGraph:  Pak pak cache file C:/Users/lucas/Documents/GitHub/Hakunamatata/Hakunamatata 4.22/DerivedDataCache/DDC.ddp not found, will not use a pak cache.
[2019.11.06-12.21.47:800][  0]LogDerivedDataCache: Unable to find inner node Pak for hierarchical cache Hierarchy.
[2019.11.06-12.21.47:800][  0]LogDerivedDataCache: FDerivedDataBackendGraph:  CompressedPak pak cache file C:/Users/lucas/Documents/GitHub/Hakunamatata/Hakunamatata 4.22/DerivedDataCache/Compressed.ddp not found, will not use a pak cache.
[2019.11.06-12.21.47:800][  0]LogDerivedDataCache: Unable to find inner node CompressedPak for hierarchical cache Hierarchy.
[2019.11.06-12.21.47:912][  0]LogDerivedDataCache: Display: Pak cache opened for reading ../../../Engine/DerivedDataCache/Compressed.ddp.
[2019.11.06-12.21.47:912][  0]LogDerivedDataCache: FDerivedDataBackendGraph:  EnterprisePak pak cache file ../../../Enterprise/DerivedDataCache/Compressed.ddp not found, will not use a pak cache.
[2019.11.06-12.21.47:912][  0]LogDerivedDataCache: Unable to find inner node EnterprisePak for hierarchical cache Hierarchy.
[2019.11.06-12.21.47:926][  0]LogDerivedDataCache: Using Local data cache path C:/Users/lucas/AppData/Local/UnrealEngine/Common/DerivedDataCache: Writable
[2019.11.06-12.21.47:926][  0]LogDerivedDataCache: Shared data cache path not found in *engine.ini, will not use an Shared cache.
[2019.11.06-12.21.47:926][  0]LogDerivedDataCache: Unable to find inner node Shared for hierarchical cache Hierarchy.
[2019.11.06-12.21.48:015][  0]LogMaterial: Verifying Global Shaders for PCD3D_SM5
[2019.11.06-12.21.48:094][  0]LogSlate: Using FreeType 2.6.0
[2019.11.06-12.21.48:278][  0]LogSlate: SlateFontServices - WITH_FREETYPE: 1, WITH_HARFBUZZ: 1
[2019.11.06-12.21.50:013][  0]LogAssetRegistry: FAssetRegistry took 0.0621 seconds to start up
[2019.11.06-12.22.00:207][  0]LogInit: Selected Device Profile: [Windows]
[2019.11.06-12.22.03:439][  0]LogMeshReduction: Using QuadricMeshReduction for automatic static mesh reduction
[2019.11.06-12.22.03:439][  0]LogMeshReduction: Using SimplygonMeshReduction for automatic skeletal mesh reduction
[2019.11.06-12.22.03:439][  0]LogMeshReduction: Using ProxyLODMeshReduction for automatic mesh merging
[2019.11.06-12.22.03:439][  0]LogMeshReduction: No distributed automatic mesh merging module available
[2019.11.06-12.22.03:439][  0]LogMeshMerging: No distributed automatic mesh merging module available
[2019.11.06-12.22.04:825][  0]LogNetVersion: Hakunamatata 4.22 1.0.0, NetCL: 5660361, EngineNetVer: 10, GameNetVer: 0 (Checksum: 4084922626)
[2019.11.06-12.22.14:058][  0]LogTemp: IOS device listing is disabled (to many failed attempts)!
[2019.11.06-12.22.14:058][  0]LogPackageLocalizationCache: Processed 12 localized package path(s) for 1 prioritized culture(s) in 0.214618 seconds
[2019.11.06-12.22.14:132][  0]LogUObjectArray: 42205 objects as part of root set at end of initial load.
[2019.11.06-12.22.14:132][  0]LogUObjectAllocator: 7325032 out of 0 bytes used by permanent object pool.
[2019.11.06-12.22.14:132][  0]LogUObjectArray: CloseDisregardForGC: 0/0 objects in disregard for GC pool
[2019.11.06-12.22.48:401][  0]LogTcpMessaging: Initializing TcpMessaging bridge
[2019.11.06-12.22.48:563][  0]LogUdpMessaging: Initializing bridge on interface 0.0.0.0:0 to multicast group 230.0.0.1:6666.
[2019.11.06-12.22.50:823][  0]SourceControl: Source control is disabled
[2019.11.06-12.22.50:841][  0]SourceControl: Source control is disabled
[2019.11.06-12.22.51:069][  0]SourceControl: Source control is disabled
[2019.11.06-12.22.51:186][  0]SourceControl: Source control is disabled
[2019.11.06-12.22.51:367][  0]LogVSAccessor: Display: Unable to create Visual Studio setup instance: 80040154
[2019.11.06-12.22.51:368][  0]LogVSAccessor: Display: Unable to create Visual Studio setup instance: 80040154
[2019.11.06-12.22.53:814][  0]LogAndroidPermission: UAndroidPermissionCallbackProxy::GetInstance
[2019.11.06-12.22.55:024][  0]LogOcInput: OculusInput pre-init called
[2019.11.06-12.22.58:869][  0]LogClass: Warning: FDoNNavigationQueryData::Origin is not initialized properly
[2019.11.06-12.22.58:875][  0]LogClass: Warning: FDoNNavigationQueryData::Destination is not initialized properly
[2019.11.06-12.22.58:948][  0]LogClass: Display: 2 Uninitialized script stuct members found
[2019.11.06-12.22.59:070][  0]LogAutomationTest: Warning: FDoNNavigationQueryData::Origin is not initialized properly
[2019.11.06-12.22.59:071][  0]LogAutomationTest: Warning: FDoNNavigationQueryData::Destination is not initialized properly
[2019.11.06-12.22.59:195][  0]LogEngine: Initializing Engine...
[2019.11.06-12.22.59:252][  0]LogHMD: Failed to initialize OpenVR with code 100
[2019.11.06-12.22.59:297][  0]LogStats: UGameplayTagsManager::InitializeManager -  0.012 s
[2019.11.06-12.23.00:044][  0]LogInit: Initializing FReadOnlyCVARCache
[2019.11.06-12.23.00:867][  0]LogAIModule: Creating AISystem for world Untitled
[2019.11.06-12.23.01:227][  0]LogInit: XAudio2 using 'Headphones (High Definition Audio Device)' : 2 channels at 48 kHz using 32 bits per sample (channel mask 0x3)
[2019.11.06-12.23.01:273][  0]LogInit: FAudioDevice initialized.
[2019.11.06-12.23.01:291][  0]LogNetVersion: Set ProjectVersion to 1.7.0.2. Version Checksum will be recalculated on next use.
[2019.11.06-12.23.01:630][  0]LogDerivedDataCache: Saved boot cache 0.34s 71MB C:/Users/lucas/AppData/Local/UnrealEngine/4.22/DerivedDataCache/Boot.ddc.
[2019.11.06-12.23.01:641][  0]LogInit: Texture streaming: Enabled
[2019.11.06-12.23.01:933][  0]LogEngineSessionManager: EngineSessionManager initialized
[2019.11.06-12.23.01:933][  0]LogEngineSessionManager: EngineSessionManager sent abnormal shutdown report. Type=Crashed, SessionId={CE3FFFA7-4D36-F249-3E0D-4F9F4434BF51}
[2019.11.06-12.23.02:590][  0]LogInit: Transaction tracking system initialized
[2019.11.06-12.23.03:198][  0]BlueprintLog: New page: Editor Load
[2019.11.06-12.23.05:318][  0]LocalizationService: Localization service is disabled
[2019.11.06-12.23.06:808][  0]LogVSAccessor: Display: Unable to create Visual Studio setup instance: 80040154
[2019.11.06-12.23.06:809][  0]LogVSAccessor: Display: Unable to create Visual Studio setup instance: 80040154
[2019.11.06-12.23.09:471][  0]LogCook: Display: Max memory allowance for cook 16384mb min free memory 0mb
[2019.11.06-12.23.09:472][  0]LogCook: Display: Mobile HDR setting 1
[2019.11.06-12.23.10:713][  0]LogFileCache: Scanning file cache for directory 'C:/Users/lucas/Documents/GitHub/Hakunamatata/Hakunamatata 4.22/Content/' took 0.16s
[2019.11.06-12.23.15:652][  0]SourceControl: Source control is disabled
[2019.11.06-12.23.15:695][  0]Cmd: MAP LOAD FILE="C:/Users/lucas/Documents/GitHub/Hakunamatata/Hakunamatata 4.22/Content/CRPG_3_0/maps/clockwork_city.umap" TEMPLATE=0 SHOWPROGRESS=1 FEATURELEVEL=3
[2019.11.06-12.23.15:711][  0]LightingResults: New page: Lighting Build
[2019.11.06-12.23.16:172][  0]MapCheck: New page: Map Check
[2019.11.06-12.23.16:172][  0]LightingResults: New page: Lighting Build
[2019.11.06-12.23.17:047][  0]LogUObjectHash: Compacting FUObjectHashTables data took   3.30ms
[2019.11.06-12.23.25:251][  0]LogBlueprint: Warning: [Compiler Joe] InputAction Event references unknown Action 'Throw Rock' for  InputAction Throw Rock
[2019.11.06-12.23.25:252][  0]LogBlueprint: Warning: [Compiler Joe] InputAction Event references unknown Action 'Attack' for  InputAction Attack
[2019.11.06-12.23.25:254][  0]LogBlueprint: Warning: [Compiler Joe] InputAction Event references unknown Action 'Interact / pick up' for  InputAction Interact / pick up
[2019.11.06-12.23.25:256][  0]LogBlueprint: Warning: [Compiler Joe] InputAction Event references unknown Action 'Interact / pick up' for  InputAction Interact / pick up
[2019.11.06-12.23.25:257][  0]LogBlueprint: Warning: [Compiler Joe] InputAction Event references unknown Action 'item2' for  InputAction item2
[2019.11.06-12.23.28:131][  0]LogBlueprint: Warning: [Compiler Joe] [0136.73] Compile of Joe successful, but with 5 Warning(s) [in 5,445 ms] (/Game/ThirdPersonBP/Joe.Joe)
[2019.11.06-12.23.29:016][  0]LogLinker: Warning: Can't find file '/Game/CRPG_3_0/Building_blocks/HouseParts/Building_elevator'
[2019.11.06-12.23.29:016][  0]LogLinker: Warning: Can't find file for asset '/Game/CRPG_3_0/Building_blocks/HouseParts/Building_elevator' while loading NULL.
[2019.11.06-12.23.29:069][  0]LogLinker: Warning: Can't find file '/Game/CRPG_3_0/Building_blocks/pentagon_Cylinder'
[2019.11.06-12.23.29:069][  0]LogLinker: Warning: Can't find file for asset '/Game/CRPG_3_0/Building_blocks/pentagon_Cylinder' while loading NULL.
[2019.11.06-12.23.29:103][  0]LogLinker: Warning: Can't find file '/Game/CRPG_3_0/Building_blocks/HouseParts/Building_elevator'
[2019.11.06-12.23.29:103][  0]LogLinker: Warning: Can't find file for asset '/Game/CRPG_3_0/Building_blocks/HouseParts/Building_elevator' while loading NULL.
[2019.11.06-12.23.29:110][  0]LogLinker: Warning: Can't find file '/Game/CRPG_3_0/Building_blocks/pentagon_Cylinder'
[2019.11.06-12.23.29:110][  0]LogLinker: Warning: Can't find file for asset '/Game/CRPG_3_0/Building_blocks/pentagon_Cylinder' while loading NULL.
[2019.11.06-12.23.29:111][  0]LogLinker: Warning: Can't find file '/Game/CRPG_3_0/Building_blocks/HouseParts/Building_elevator'
[2019.11.06-12.23.29:112][  0]LogLinker: Warning: Can't find file for asset '/Game/CRPG_3_0/Building_blocks/HouseParts/Building_elevator' while loading NULL.
[2019.11.06-12.23.29:112][  0]LogLinker: Warning: Can't find file '/Game/CRPG_3_0/Building_blocks/pentagon_Cylinder'
[2019.11.06-12.23.29:112][  0]LogLinker: Warning: Can't find file for asset '/Game/CRPG_3_0/Building_blocks/pentagon_Cylinder' while loading NULL.
[2019.11.06-12.23.29:112][  0]LogLinker: Warning: Can't find file '/Game/CRPG_3_0/Building_blocks/HouseParts/Building_elevator'
[2019.11.06-12.23.29:113][  0]LogLinker: Warning: Can't find file for asset '/Game/CRPG_3_0/Building_blocks/HouseParts/Building_elevator' while loading NULL.
[2019.11.06-12.23.29:113][  0]LogLinker: Warning: Can't find file '/Game/CRPG_3_0/Building_blocks/pentagon_Cylinder'
[2019.11.06-12.23.29:113][  0]LogLinker: Warning: Can't find file for asset '/Game/CRPG_3_0/Building_blocks/pentagon_Cylinder' while loading NULL.
[2019.11.06-12.23.30:443][  0]LogLinker: Error: Bad name index 805306368/2787
[2019.11.06-12.23.30:457][  0]LogOutputDevice: Warning: 

Script Stack (0 frames):

[2019.11.06-12.23.30:458][  0]LogWindows: Windows GetLastError: The operation completed successfully. (0)
[2019.11.06-12.23.45:348][  0]LogWindows: Error: === Critical error: ===
[2019.11.06-12.23.45:348][  0]LogWindows: Error: 
[2019.11.06-12.23.45:348][  0]LogWindows: Error: Assertion failed: InPos <= Size [File:D:\Build\++UE4\Sync\Engine\Source\Runtime\Core\Private\HAL\FileManagerGeneric.cpp] [Line: 655] 
[2019.11.06-12.23.45:348][  0]LogWindows: Error: Attempted to seek past the end of file (36438343/3666116), file: C:/Users/lucas/Documents/GitHub/Hakunamatata/Hakunamatata 4.22/Content/CRPG_3_0/maps/clockwork_city.umap. The file is most likely corrupt.
[2019.11.06-12.23.45:348][  0]LogWindows: Error: 
[2019.11.06-12.23.45:348][  0]LogWindows: Error: 
[2019.11.06-12.23.45:348][  0]LogWindows: Error: [Callstack] 0x00007fff4c88a839 KERNELBASE.dll!UnknownFunction []
[2019.11.06-12.23.45:348][  0]LogWindows: Error: [Callstack] 0x00007fff0d2b1f07 UE4Editor-Core.dll!UnknownFunction []
[2019.11.06-12.23.45:348][  0]LogWindows: Error: [Callstack] 0x00007fff0d2b46b7 UE4Editor-Core.dll!UnknownFunction []
[2019.11.06-12.23.45:348][  0]LogWindows: Error: [Callstack] 0x00007fff0d0c7cea UE4Editor-Core.dll!UnknownFunction []
[2019.11.06-12.23.45:348][  0]LogWindows: Error: [Callstack] 0x00007fff0d04fe07 UE4Editor-Core.dll!UnknownFunction []
[2019.11.06-12.23.45:348][  0]LogWindows: Error: [Callstack] 0x00007fff0d050499 UE4Editor-Core.dll!UnknownFunction []
[2019.11.06-12.23.45:348][  0]LogWindows: Error: [Callstack] 0x00007fff0d3ae1cd UE4Editor-Core.dll!UnknownFunction []
[2019.11.06-12.23.45:348][  0]LogWindows: Error: [Callstack] 0x00007fff0cf24f1d UE4Editor-Core.dll!UnknownFunction []
[2019.11.06-12.23.45:348][  0]LogWindows: Error: [Callstack] 0x00007fff0d9d6e48 UE4Editor-CoreUObject.dll!UnknownFunction []
[2019.11.06-12.23.45:348][  0]LogWindows: Error: [Callstack] 0x00007fff0d9d5432 UE4Editor-CoreUObject.dll!UnknownFunction []
[2019.11.06-12.23.45:348][  0]LogWindows: Error: [Callstack] 0x00007fff0dae7db9 UE4Editor-CoreUObject.dll!UnknownFunction []
[2019.11.06-12.23.45:348][  0]LogWindows: Error: [Callstack] 0x00007fff0da8dd0d UE4Editor-CoreUObject.dll!UnknownFunction []
[2019.11.06-12.23.45:348][  0]LogWindows: Error: [Callstack] 0x00007fff0dae80c1 UE4Editor-CoreUObject.dll!UnknownFunction []
[2019.11.06-12.23.45:348][  0]LogWindows: Error: [Callstack] 0x00007fff0d9d6ce5 UE4Editor-CoreUObject.dll!UnknownFunction []
[2019.11.06-12.23.45:349][  0]LogWindows: Error: [Callstack] 0x00007fff0da8e413 UE4Editor-CoreUObject.dll!UnknownFunction []
[2019.11.06-12.23.45:349][  0]LogWindows: Error: [Callstack] 0x00007fff0da8ca17 UE4Editor-CoreUObject.dll!UnknownFunction []
[2019.11.06-12.23.45:349][  0]LogWindows: Error: [Callstack] 0x00007fff0da8c714 UE4Editor-CoreUObject.dll!UnknownFunction []
[2019.11.06-12.23.45:349][  0]LogWindows: Error: [Callstack] 0x00007fff0a9e74e6 UE4Editor-Engine.dll!UnknownFunction []
[2019.11.06-12.23.45:349][  0]LogWindows: Error: [Callstack] 0x00007fff0aa8faa5 UE4Editor-Engine.dll!UnknownFunction []
[2019.11.06-12.23.45:349][  0]LogWindows: Error: [Callstack] 0x00007fff0ab42ac9 UE4Editor-Engine.dll!UnknownFunction []
[2019.11.06-12.23.45:349][  0]LogWindows: Error: [Callstack] 0x00007fff0da1f289 UE4Editor-CoreUObject.dll!UnknownFunction []
[2019.11.06-12.23.45:349][  0]LogWindows: Error: [Callstack] 0x00007fff0db0a3ce UE4Editor-CoreUObject.dll!UnknownFunction []
[2019.11.06-12.23.45:349][  0]LogWindows: Error: [Callstack] 0x00007fff0dafa3b7 UE4Editor-CoreUObject.dll!UnknownFunction []
[2019.11.06-12.23.45:349][  0]LogWindows: Error: [Callstack] 0x00007fff0db18d6c UE4Editor-CoreUObject.dll!UnknownFunction []
[2019.11.06-12.23.45:349][  0]LogWindows: Error: [Callstack] 0x00007fff0db17dba UE4Editor-CoreUObject.dll!UnknownFunction []
[2019.11.06-12.23.45:349][  0]LogWindows: Error: [Callstack] 0x00007fff08940f33 UE4Editor-UnrealEd.dll!UnknownFunction []
[2019.11.06-12.23.45:349][  0]LogWindows: Error: [Callstack] 0x00007fff0893314f UE4Editor-UnrealEd.dll!UnknownFunction []
[2019.11.06-12.23.45:349][  0]LogWindows: Error: [Callstack] 0x00007fff0891c3ff UE4Editor-UnrealEd.dll!UnknownFunction []
[2019.11.06-12.23.45:349][  0]LogWindows: Error: [Callstack] 0x00007fff090ae0ea UE4Editor-UnrealEd.dll!UnknownFunction []
[2019.11.06-12.23.45:349][  0]LogWindows: Error: [Callstack] 0x00007fff08c64adb UE4Editor-UnrealEd.dll!UnknownFunction []
[2019.11.06-12.23.45:349][  0]LogWindows: Error: [Callstack] 0x00007fff08c648bc UE4Editor-UnrealEd.dll!UnknownFunction []
[2019.11.06-12.23.45:349][  0]LogWindows: Error: [Callstack] 0x00007fff090e2b4a UE4Editor-UnrealEd.dll!UnknownFunction []
[2019.11.06-12.23.45:349][  0]LogWindows: Error: [Callstack] 0x00007fff090abf64 UE4Editor-UnrealEd.dll!UnknownFunction []
[2019.11.06-12.23.45:349][  0]LogWindows: Error: [Callstack] 0x00007ff613f55443 UE4Editor.exe!UnknownFunction []
[2019.11.06-12.23.45:349][  0]LogWindows: Error: [Callstack] 0x00007ff613f555ca UE4Editor.exe!UnknownFunction []
[2019.11.06-12.23.45:349][  0]LogWindows: Error: [Callstack] 0x00007ff613f6315c UE4Editor.exe!UnknownFunction []
[2019.11.06-12.23.45:349][  0]LogWindows: Error: [Callstack] 0x00007ff613f65b7e UE4Editor.exe!UnknownFunction []
[2019.11.06-12.23.45:349][  0]LogWindows: Error: [Callstack] 0x00007fff4da47bd4 KERNEL32.DLL!UnknownFunction []
[2019.11.06-12.23.45:349][  0]LogWindows: Error: [Callstack] 0x00007fff4ee8ced1 ntdll.dll!UnknownFunction []
[2019.11.06-12.23.45:349][  0]LogWindows: Error: 
[2019.11.06-12.23.45:576][  0]LogExit: Executing StaticShutdownAfterError
[2019.11.06-12.23.46:357][  0]LogWindows: FPlatformMisc::RequestExit(1)
[2019.11.06-12.23.46:471][  0]Log file closed, 11/06/19 12:23:46
