Log file open, 01/02/20 17:30:39
LogWindows: Failed to load 'aqProf.dll' (GetLastError=126)
LogWindows: File 'aqProf.dll' does not exist
LogWindows: Failed to load 'VtuneApi.dll' (GetLastError=126)
LogWindows: File 'VtuneApi.dll' does not exist
LogWindows: Failed to load 'VtuneApi32e.dll' (GetLastError=126)
LogWindows: File 'VtuneApi32e.dll' does not exist
LogConsoleResponse: Display: Failed to find resolution value strings in scalability ini. Falling back to default.
LogInit: Display: Running engine for game: Hakunamatata 4.22
LogPakFile: Registered encryption key '00000000000000000000000000000000': 0 pak files mounted, 0 remain pending
LogPlatformFile: Not using cached read wrapper
LogTaskGraph: Started task graph with 5 named threads and 11 total threads with 3 sets of task threads.
LogStats: Stats thread started at 2.332204
LogD3D11RHI: Loaded GFSDK_Aftermath_Lib.x64.dll
LogICUInternationalization: ICU TimeZone Detection - Raw Offset: +1:00, Platform Override: ''
LogPluginManager: Mounting plugin Paper2D
LogPluginManager: Mounting plugin AISupport
LogPluginManager: Mounting plugin LightPropagationVolume
LogPluginManager: Mounting plugin ActorLayerUtilities
LogPluginManager: Mounting plugin AnimationSharing
LogPluginManager: Mounting plugin CLionSourceCodeAccess
LogPluginManager: Mounting plugin CodeLiteSourceCodeAccess
LogPluginManager: Mounting plugin GitSourceControl
LogPluginManager: Mounting plugin KDevelopSourceCodeAccess
LogPluginManager: Mounting plugin NullSourceCodeAccess
LogPluginManager: Mounting plugin PerforceSourceControl
LogPluginManager: Mounting plugin SubversionSourceControl
LogPluginManager: Mounting plugin UObjectPlugin
LogPluginManager: Mounting plugin VisualStudioCodeSourceCodeAccess
LogPluginManager: Mounting plugin VisualStudioSourceCodeAccess
LogPluginManager: Mounting plugin XCodeSourceCodeAccess
LogPluginManager: Mounting plugin AssetManagerEditor
LogPluginManager: Mounting plugin CryptoKeys
LogPluginManager: Mounting plugin DataValidation
LogPluginManager: Mounting plugin FacialAnimation
LogPluginManager: Mounting plugin GameplayTagsEditor
LogPluginManager: Mounting plugin MacGraphicsSwitching
LogPluginManager: Mounting plugin MaterialAnalyzer
LogPluginManager: Mounting plugin MobileLauncherProfileWizard
LogPluginManager: Mounting plugin PluginBrowser
LogPluginManager: Mounting plugin SpeedTreeImporter
LogPluginManager: Mounting plugin DatasmithContent
LogPluginManager: Mounting plugin VariantManagerContent
LogPluginManager: Mounting plugin AlembicImporter
LogPluginManager: Mounting plugin AppleImageUtils
LogPluginManager: Mounting plugin AppleVision
LogPluginManager: Mounting plugin BackChannel
LogPluginManager: Mounting plugin CharacterAI
LogPluginManager: Mounting plugin GeometryCache
LogPluginManager: Mounting plugin HTML5Networking
LogPluginManager: Mounting plugin ProxyLODPlugin
LogPluginManager: Mounting plugin SkeletalReduction
LogPluginManager: Mounting plugin MagicLeap
LogPluginManager: Mounting plugin MagicLeapMedia
LogPluginManager: Mounting plugin DirGravity
LogPluginManager: Mounting plugin DonAINavigation
LogPluginManager: Mounting plugin AndroidMedia
LogPluginManager: Mounting plugin AvfMedia
LogPluginManager: Mounting plugin ImgMedia
LogPluginManager: Mounting plugin LinearTimecode
LogPluginManager: Mounting plugin MediaCompositing
LogPluginManager: Mounting plugin MediaPlayerEditor
LogPluginManager: Mounting plugin WebMMedia
LogPluginManager: Mounting plugin WmfMedia
LogPluginManager: Mounting plugin TcpMessaging
LogPluginManager: Mounting plugin UdpMessaging
LogPluginManager: Mounting plugin ActorSequence
LogPluginManager: Mounting plugin LevelSequenceEditor
LogPluginManager: Mounting plugin MatineeToLevelSequence
LogPluginManager: Mounting plugin NetcodeUnitTest
LogPluginManager: Mounting plugin NUTUnrealEngine4
LogPluginManager: Mounting plugin OnlineSubsystemGooglePlay
LogPluginManager: Mounting plugin OnlineSubsystemIOS
LogPluginManager: Mounting plugin OnlineSubsystem
LogPluginManager: Mounting plugin OnlineSubsystemNull
LogPluginManager: Mounting plugin OnlineSubsystemUtils
LogPluginManager: Mounting plugin LauncherChunkInstaller
LogPluginManager: Mounting plugin AndroidDeviceProfileSelector
LogPluginManager: Mounting plugin AndroidMoviePlayer
LogPluginManager: Mounting plugin AndroidPermission
LogPluginManager: Mounting plugin AppleMoviePlayer
LogPluginManager: Mounting plugin ArchVisCharacter
LogPluginManager: Mounting plugin AudioCapture
LogPluginManager: Mounting plugin CableComponent
LogPluginManager: Mounting plugin CustomMeshComponent
LogPluginManager: Mounting plugin EditableMesh
LogPluginManager: Mounting plugin ExampleDeviceProfileSelector
LogPluginManager: Mounting plugin Firebase
LogPluginManager: Mounting plugin GoogleCloudMessaging
LogPluginManager: Mounting plugin IOSDeviceProfileSelector
LogPluginManager: Mounting plugin LinuxDeviceProfileSelector
LogPluginManager: Mounting plugin LocationServicesBPLibrary
LogPluginManager: Mounting plugin MobilePatchingUtils
LogPluginManager: Mounting plugin OculusVR
LogPluginManager: Mounting plugin PhysXVehicles
LogPluginManager: Mounting plugin ProceduralMeshComponent
LogPluginManager: Mounting plugin RuntimePhysXCooking
LogPluginManager: Mounting plugin SignificanceManager
LogPluginManager: Mounting plugin SteamVR
LogPluginManager: Mounting plugin WebMMoviePlayer
LogPluginManager: Mounting plugin WindowsMoviePlayer
LogInit: Using libcurl 7.55.1-DEV
LogInit:  - built for x86_64-pc-win32
LogInit:  - supports SSL with OpenSSL/1.1.1
LogInit:  - supports HTTP deflate (compression) using libz 1.2.8
LogInit:  - other features:
LogInit:      CURL_VERSION_SSL
LogInit:      CURL_VERSION_LIBZ
LogInit:      CURL_VERSION_IPV6
LogInit:      CURL_VERSION_ASYNCHDNS
LogInit:      CURL_VERSION_LARGEFILE
LogInit:      CURL_VERSION_IDN
LogInit:  CurlRequestOptions (configurable via config and command line):
LogInit:  - bVerifyPeer = true  - Libcurl will verify peer certificate
LogInit:  - bUseHttpProxy = false  - Libcurl will NOT use HTTP proxy
LogInit:  - bDontReuseConnections = false  - Libcurl will reuse connections
LogInit:  - MaxHostConnections = 16  - Libcurl will limit the number of connections to a host
LogInit:  - LocalHostAddr = Default
LogInit:  - BufferSize = 65536
LogInit: WinSock: version 1.1 (2.2), MaxSocks=32767, MaxUdp=65467
LogInit: Build: ++UE4+Release-4.22-CL-7053642
LogInit: Engine Version: 4.22.3-7053642+++UE4+Release-4.22
LogInit: Compatible Engine Version: 4.22.0-5660361+++UE4+Release-4.22
LogInit: Net CL: 5660361
LogInit: OS: Windows 10 (Release 1903) (), CPU: Intel(R) Core(TM) i3-6100 CPU @ 3.70GHz, GPU: NVIDIA GeForce GTX 1050 Ti
LogInit: Compiled (64-bit): Jun 18 2019 03:09:11
LogInit: Compiled with Visual C++: 19.16.27025.01
LogInit: Build Configuration: Development
LogInit: Branch Name: ++UE4+Release-4.22
LogInit: Command Line: 
LogInit: Base Directory: D:/UE_4.22/Engine/Binaries/Win64/
LogInit: Installed Engine Build: 1
LogDevObjectVersion: Number of dev versions registered: 23
LogDevObjectVersion:   Dev-Blueprints (B0D832E4-1F89-4F0D-ACCF-7EB736FD4AA2): 10
LogDevObjectVersion:   Dev-Build (E1C64328-A22C-4D53-A36C-8E866417BD8C): 0
LogDevObjectVersion:   Dev-Core (375EC13C-06E4-48FB-B500-84F0262A717E): 3
LogDevObjectVersion:   Dev-Editor (E4B068ED-F494-42E9-A231-DA0B2E46BB41): 30
LogDevObjectVersion:   Dev-Framework (CFFC743F-43B0-4480-9391-14DF171D2073): 35
LogDevObjectVersion:   Dev-Mobile (B02B49B5-BB20-44E9-A304-32B752E40360): 2
LogDevObjectVersion:   Dev-Networking (A4E4105C-59A1-49B5-A7C5-40C4547EDFEE): 0
LogDevObjectVersion:   Dev-Online (39C831C9-5AE6-47DC-9A44-9C173E1C8E7C): 0
LogDevObjectVersion:   Dev-Physics (78F01B33-EBEA-4F98-B9B4-84EACCB95AA2): 0
LogDevObjectVersion:   Dev-Platform (6631380F-2D4D-43E0-8009-CF276956A95A): 0
LogDevObjectVersion:   Dev-Rendering (12F88B9F-8875-4AFC-A67C-D90C383ABD29): 28
LogDevObjectVersion:   Dev-Sequencer (7B5AE74C-D270-4C10-A958-57980B212A5A): 11
LogDevObjectVersion:   Dev-VR (D7296918-1DD6-4BDD-9DE2-64A83CC13884): 2
LogDevObjectVersion:   Dev-LoadTimes (C2A15278-BFE7-4AFE-6C17-90FF531DF755): 1
LogDevObjectVersion:   Private-Geometry (6EACA3D4-40EC-4CC1-B786-8BED09428FC5): 3
LogDevObjectVersion:   Dev-AnimPhys (29E575DD-E0A3-4627-9D10-D276232CDCEA): 17
LogDevObjectVersion:   Dev-Anim (AF43A65D-7FD3-4947-9873-3E8ED9C1BB05): 2
LogDevObjectVersion:   Dev-ReflectionCapture (6B266CEC-1EC7-4B8F-A30B-E4D90942FC07): 1
LogDevObjectVersion:   Dev-Automation (0DF73D61-A23F-47EA-B727-89E90C41499A): 1
LogDevObjectVersion:   FortniteMain (601D1886-AC64-4F84-AA16-D3DE0DEAC7D6): 25
LogDevObjectVersion:   Dev-Enterprise (9DFFBCD6-494F-0158-E221-12823C92A888): 6
LogDevObjectVersion:   Dev-Niagara (F2AED0AC-9AFE-416F-8664-AA7FFA26D6FC): 1
LogDevObjectVersion:   Dev-Destruction (174F1F0B-B4C6-45A5-B13F-2EE8D0FB917D): 2
LogInit: Presizing for max 16777216 objects, including 0 objects not considered by GC, pre-allocating 0 bytes for permanent pool.
LogInit: Object subsystem initialized
LogConfig: Setting CVar [[con.DebugEarlyDefault:1]]
LogConfig: Setting CVar [[r.setres:1280x720]]
[2020.01.02-16.30.41:248][  0]LogConfig: Setting CVar [[r.VSync:0]]
[2020.01.02-16.30.41:248][  0]LogConfig: Setting CVar [[r.RHICmdBypass:0]]
[2020.01.02-16.30.41:248][  0]LogConfig: Applying CVar settings from Section [/Script/Engine.RendererSettings] File [C:/Users/Carlos Luís Lito Meh/Documents/GitHub/Hakunamatata/Hakunamatata 4.22/Saved/Config/Windows/Engine.ini]
[2020.01.02-16.30.41:248][  0]LogConfig: Setting CVar [[r.GPUCrashDebugging:0]]
[2020.01.02-16.30.41:248][  0]LogConfig: Setting CVar [[r.DefaultFeature.Bloom:0]]
[2020.01.02-16.30.41:248][  0]LogConfig: Setting CVar [[r.DefaultFeature.AutoExposure:0]]
[2020.01.02-16.30.41:248][  0]LogConfig: Setting CVar [[r.DefaultFeature.MotionBlur:0]]
[2020.01.02-16.30.41:248][  0]LogConfig: Applying CVar settings from Section [/Script/Engine.RendererOverrideSettings] File [C:/Users/Carlos Luís Lito Meh/Documents/GitHub/Hakunamatata/Hakunamatata 4.22/Saved/Config/Windows/Engine.ini]
[2020.01.02-16.30.41:248][  0]LogConfig: Applying CVar settings from Section [/Script/Engine.StreamingSettings] File [C:/Users/Carlos Luís Lito Meh/Documents/GitHub/Hakunamatata/Hakunamatata 4.22/Saved/Config/Windows/Engine.ini]
[2020.01.02-16.30.41:248][  0]LogConfig: Setting CVar [[s.MinBulkDataSizeForAsyncLoading:131072]]
[2020.01.02-16.30.41:248][  0]LogConfig: Setting CVar [[s.AsyncLoadingThreadEnabled:0]]
[2020.01.02-16.30.41:248][  0]LogConfig: Setting CVar [[s.EventDrivenLoaderEnabled:1]]
[2020.01.02-16.30.41:249][  0]LogConfig: Setting CVar [[s.WarnIfTimeLimitExceeded:0]]
[2020.01.02-16.30.41:249][  0]LogConfig: Setting CVar [[s.TimeLimitExceededMultiplier:1.5]]
[2020.01.02-16.30.41:249][  0]LogConfig: Setting CVar [[s.TimeLimitExceededMinTime:0.005]]
[2020.01.02-16.30.41:249][  0]LogConfig: Setting CVar [[s.UseBackgroundLevelStreaming:1]]
[2020.01.02-16.30.41:249][  0]LogConfig: Setting CVar [[s.PriorityAsyncLoadingExtraTime:15.0]]
[2020.01.02-16.30.41:249][  0]LogConfig: Setting CVar [[s.LevelStreamingActorsUpdateTimeLimit:5.0]]
[2020.01.02-16.30.41:249][  0]LogConfig: Setting CVar [[s.PriorityLevelStreamingActorsUpdateExtraTime:5.0]]
[2020.01.02-16.30.41:249][  0]LogConfig: Setting CVar [[s.LevelStreamingComponentsRegistrationGranularity:10]]
[2020.01.02-16.30.41:249][  0]LogConfig: Setting CVar [[s.UnregisterComponentsTimeLimit:1.0]]
[2020.01.02-16.30.41:249][  0]LogConfig: Setting CVar [[s.LevelStreamingComponentsUnregistrationGranularity:5]]
[2020.01.02-16.30.41:249][  0]LogConfig: Applying CVar settings from Section [/Script/Engine.GarbageCollectionSettings] File [C:/Users/Carlos Luís Lito Meh/Documents/GitHub/Hakunamatata/Hakunamatata 4.22/Saved/Config/Windows/Engine.ini]
[2020.01.02-16.30.41:249][  0]LogConfig: Setting CVar [[gc.MaxObjectsNotConsideredByGC:1]]
[2020.01.02-16.30.41:249][  0]LogConfig: Setting CVar [[gc.SizeOfPermanentObjectPool:0]]
[2020.01.02-16.30.41:249][  0]LogConfig: Setting CVar [[gc.FlushStreamingOnGC:0]]
[2020.01.02-16.30.41:249][  0]LogConfig: Setting CVar [[gc.NumRetriesBeforeForcingGC:10]]
[2020.01.02-16.30.41:249][  0]LogConfig: Setting CVar [[gc.AllowParallelGC:1]]
[2020.01.02-16.30.41:249][  0]LogConfig: Setting CVar [[gc.TimeBetweenPurgingPendingKillObjects:61.1]]
[2020.01.02-16.30.41:249][  0]LogConfig: Setting CVar [[gc.MaxObjectsInEditor:16777216]]
[2020.01.02-16.30.41:249][  0]LogConfig: Setting CVar [[gc.IncrementalBeginDestroyEnabled:1]]
[2020.01.02-16.30.41:249][  0]LogConfig: Setting CVar [[gc.CreateGCClusters:1]]
[2020.01.02-16.30.41:249][  0]LogConfig: Setting CVar [[gc.MinGCClusterSize:5]]
[2020.01.02-16.30.41:249][  0]LogConfig: Setting CVar [[gc.ActorClusteringEnabled:0]]
[2020.01.02-16.30.41:249][  0]LogConfig: Setting CVar [[gc.BlueprintClusteringEnabled:0]]
[2020.01.02-16.30.41:249][  0]LogConfig: Setting CVar [[gc.UseDisregardForGCOnDedicatedServers:0]]
[2020.01.02-16.30.41:249][  0]LogConfig: Applying CVar settings from Section [/Script/Engine.NetworkSettings] File [C:/Users/Carlos Luís Lito Meh/Documents/GitHub/Hakunamatata/Hakunamatata 4.22/Saved/Config/Windows/Engine.ini]
[2020.01.02-16.30.41:249][  0]LogConfig: Applying CVar settings from Section [/Script/UnrealEd.CookerSettings] File [C:/Users/Carlos Luís Lito Meh/Documents/GitHub/Hakunamatata/Hakunamatata 4.22/Saved/Config/Windows/Engine.ini]
[2020.01.02-16.30.41:272][  0]LogConfig: Applying CVar settings from Section [ViewDistanceQuality@3] File [C:/Users/Carlos Luís Lito Meh/Documents/GitHub/Hakunamatata/Hakunamatata 4.22/Saved/Config/Windows/Scalability.ini]
[2020.01.02-16.30.41:272][  0]LogConfig: Setting CVar [[r.SkeletalMeshLODBias:0]]
[2020.01.02-16.30.41:272][  0]LogConfig: Setting CVar [[r.ViewDistanceScale:1.0]]
[2020.01.02-16.30.41:272][  0]LogConfig: Applying CVar settings from Section [AntiAliasingQuality@3] File [C:/Users/Carlos Luís Lito Meh/Documents/GitHub/Hakunamatata/Hakunamatata 4.22/Saved/Config/Windows/Scalability.ini]
[2020.01.02-16.30.41:272][  0]LogConfig: Setting CVar [[r.PostProcessAAQuality:4]]
[2020.01.02-16.30.41:272][  0]LogConfig: Applying CVar settings from Section [ShadowQuality@3] File [C:/Users/Carlos Luís Lito Meh/Documents/GitHub/Hakunamatata/Hakunamatata 4.22/Saved/Config/Windows/Scalability.ini]
[2020.01.02-16.30.41:272][  0]LogConfig: Setting CVar [[r.LightFunctionQuality:1]]
[2020.01.02-16.30.41:272][  0]LogConfig: Setting CVar [[r.ShadowQuality:5]]
[2020.01.02-16.30.41:272][  0]LogConfig: Setting CVar [[r.Shadow.CSM.MaxCascades:10]]
[2020.01.02-16.30.41:272][  0]LogConfig: Setting CVar [[r.Shadow.MaxResolution:2048]]
[2020.01.02-16.30.41:272][  0]LogConfig: Setting CVar [[r.Shadow.MaxCSMResolution:2048]]
[2020.01.02-16.30.41:272][  0]LogConfig: Setting CVar [[r.Shadow.RadiusThreshold:0.01]]
[2020.01.02-16.30.41:272][  0]LogConfig: Setting CVar [[r.Shadow.DistanceScale:1.0]]
[2020.01.02-16.30.41:272][  0]LogConfig: Setting CVar [[r.Shadow.CSM.TransitionScale:1.0]]
[2020.01.02-16.30.41:272][  0]LogConfig: Setting CVar [[r.Shadow.PreShadowResolutionFactor:1.0]]
[2020.01.02-16.30.41:272][  0]LogConfig: Setting CVar [[r.DistanceFieldShadowing:1]]
[2020.01.02-16.30.41:272][  0]LogConfig: Setting CVar [[r.DistanceFieldAO:1]]
[2020.01.02-16.30.41:272][  0]LogConfig: Setting CVar [[r.AOQuality:2]]
[2020.01.02-16.30.41:272][  0]LogConfig: Setting CVar [[r.VolumetricFog:1]]
[2020.01.02-16.30.41:272][  0]LogConfig: Setting CVar [[r.VolumetricFog.GridPixelSize:8]]
[2020.01.02-16.30.41:272][  0]LogConfig: Setting CVar [[r.VolumetricFog.GridSizeZ:128]]
[2020.01.02-16.30.41:273][  0]LogConfig: Setting CVar [[r.VolumetricFog.HistoryMissSupersampleCount:4]]
[2020.01.02-16.30.41:273][  0]LogConfig: Setting CVar [[r.LightMaxDrawDistanceScale:1]]
[2020.01.02-16.30.41:273][  0]LogConfig: Setting CVar [[r.CapsuleShadows:1]]
[2020.01.02-16.30.41:273][  0]LogConfig: Applying CVar settings from Section [PostProcessQuality@3] File [C:/Users/Carlos Luís Lito Meh/Documents/GitHub/Hakunamatata/Hakunamatata 4.22/Saved/Config/Windows/Scalability.ini]
[2020.01.02-16.30.41:273][  0]LogConfig: Setting CVar [[r.MotionBlurQuality:4]]
[2020.01.02-16.30.41:273][  0]LogConfig: Setting CVar [[r.AmbientOcclusionMipLevelFactor:0.4]]
[2020.01.02-16.30.41:273][  0]LogConfig: Setting CVar [[r.AmbientOcclusionMaxQuality:100]]
[2020.01.02-16.30.41:273][  0]LogConfig: Setting CVar [[r.AmbientOcclusionLevels:-1]]
[2020.01.02-16.30.41:273][  0]LogConfig: Setting CVar [[r.AmbientOcclusionRadiusScale:1.0]]
[2020.01.02-16.30.41:273][  0]LogConfig: Setting CVar [[r.DepthOfFieldQuality:2]]
[2020.01.02-16.30.41:273][  0]LogConfig: Setting CVar [[r.RenderTargetPoolMin:400]]
[2020.01.02-16.30.41:273][  0]LogConfig: Setting CVar [[r.LensFlareQuality:2]]
[2020.01.02-16.30.41:273][  0]LogConfig: Setting CVar [[r.SceneColorFringeQuality:1]]
[2020.01.02-16.30.41:273][  0]LogConfig: Setting CVar [[r.EyeAdaptationQuality:2]]
[2020.01.02-16.30.41:273][  0]LogConfig: Setting CVar [[r.BloomQuality:5]]
[2020.01.02-16.30.41:273][  0]LogConfig: Setting CVar [[r.FastBlurThreshold:100]]
[2020.01.02-16.30.41:273][  0]LogConfig: Setting CVar [[r.Upscale.Quality:3]]
[2020.01.02-16.30.41:273][  0]LogConfig: Setting CVar [[r.Tonemapper.GrainQuantization:1]]
[2020.01.02-16.30.41:273][  0]LogConfig: Setting CVar [[r.LightShaftQuality:1]]
[2020.01.02-16.30.41:273][  0]LogConfig: Setting CVar [[r.Filter.SizeScale:1]]
[2020.01.02-16.30.41:273][  0]LogConfig: Setting CVar [[r.Tonemapper.Quality:5]]
[2020.01.02-16.30.41:273][  0]LogConfig: Setting CVar [[r.DOF.Gather.AccumulatorQuality:1        ; higher gathering accumulator quality]]
[2020.01.02-16.30.41:273][  0]LogConfig: Setting CVar [[r.DOF.Gather.PostfilterMethod:1          ; Median3x3 postfilering method]]
[2020.01.02-16.30.41:273][  0]LogConfig: Setting CVar [[r.DOF.Gather.EnableBokehSettings:0       ; no bokeh simulation when gathering]]
[2020.01.02-16.30.41:273][  0]LogConfig: Setting CVar [[r.DOF.Gather.RingCount:4                 ; medium number of samples when gathering]]
[2020.01.02-16.30.41:273][  0]LogConfig: Setting CVar [[r.DOF.Scatter.ForegroundCompositing:1    ; additive foreground scattering]]
[2020.01.02-16.30.41:273][  0]LogConfig: Setting CVar [[r.DOF.Scatter.BackgroundCompositing:2    ; additive background scattering]]
[2020.01.02-16.30.41:273][  0]LogConfig: Setting CVar [[r.DOF.Scatter.EnableBokehSettings:1      ; bokeh simulation when scattering]]
[2020.01.02-16.30.41:273][  0]LogConfig: Setting CVar [[r.DOF.Scatter.MaxSpriteRatio:0.1         ; only a maximum of 10% of scattered bokeh]]
[2020.01.02-16.30.41:273][  0]LogConfig: Setting CVar [[r.DOF.Recombine.Quality:1                ; cheap slight out of focus]]
[2020.01.02-16.30.41:273][  0]LogConfig: Setting CVar [[r.DOF.Recombine.EnableBokehSettings:0    ; no bokeh simulation on slight out of focus]]
[2020.01.02-16.30.41:273][  0]LogConfig: Setting CVar [[r.DOF.TemporalAAQuality:1                ; more stable temporal accumulation]]
[2020.01.02-16.30.41:273][  0]LogConfig: Setting CVar [[r.DOF.Kernel.MaxForegroundRadius:0.025]]
[2020.01.02-16.30.41:273][  0]LogConfig: Setting CVar [[r.DOF.Kernel.MaxBackgroundRadius:0.025]]
[2020.01.02-16.30.41:273][  0]LogConfig: Applying CVar settings from Section [TextureQuality@3] File [C:/Users/Carlos Luís Lito Meh/Documents/GitHub/Hakunamatata/Hakunamatata 4.22/Saved/Config/Windows/Scalability.ini]
[2020.01.02-16.30.41:273][  0]LogConfig: Setting CVar [[r.Streaming.MipBias:0]]
[2020.01.02-16.30.41:273][  0]LogConfig: Setting CVar [[r.Streaming.AmortizeCPUToGPUCopy:0]]
[2020.01.02-16.30.41:273][  0]LogConfig: Setting CVar [[r.Streaming.MaxNumTexturesToStreamPerFrame:0]]
[2020.01.02-16.30.41:273][  0]LogConfig: Setting CVar [[r.Streaming.Boost:1]]
[2020.01.02-16.30.41:273][  0]LogConfig: Setting CVar [[r.MaxAnisotropy:8]]
[2020.01.02-16.30.41:273][  0]LogConfig: Setting CVar [[r.Streaming.LimitPoolSizeToVRAM:0]]
[2020.01.02-16.30.41:273][  0]LogConfig: Setting CVar [[r.Streaming.PoolSize:1000]]
[2020.01.02-16.30.41:273][  0]LogConfig: Setting CVar [[r.Streaming.MaxEffectiveScreenSize:0]]
[2020.01.02-16.30.41:273][  0]LogConfig: Applying CVar settings from Section [EffectsQuality@3] File [C:/Users/Carlos Luís Lito Meh/Documents/GitHub/Hakunamatata/Hakunamatata 4.22/Saved/Config/Windows/Scalability.ini]
[2020.01.02-16.30.41:273][  0]LogConfig: Setting CVar [[r.TranslucencyLightingVolumeDim:64]]
[2020.01.02-16.30.41:273][  0]LogConfig: Setting CVar [[r.RefractionQuality:2]]
[2020.01.02-16.30.41:273][  0]LogConfig: Setting CVar [[r.SSR.Quality:3]]
[2020.01.02-16.30.41:273][  0]LogConfig: Setting CVar [[r.SceneColorFormat:4]]
[2020.01.02-16.30.41:273][  0]LogConfig: Setting CVar [[r.DetailMode:2]]
[2020.01.02-16.30.41:273][  0]LogConfig: Setting CVar [[r.TranslucencyVolumeBlur:1]]
[2020.01.02-16.30.41:273][  0]LogConfig: Setting CVar [[r.MaterialQualityLevel:1 ; High quality]]
[2020.01.02-16.30.41:273][  0]LogConfig: Setting CVar [[r.SSS.Scale:1]]
[2020.01.02-16.30.41:273][  0]LogConfig: Setting CVar [[r.SSS.SampleSet:2]]
[2020.01.02-16.30.41:273][  0]LogConfig: Setting CVar [[r.SSS.Quality:1]]
[2020.01.02-16.30.41:273][  0]LogConfig: Setting CVar [[r.SSS.HalfRes:1]]
[2020.01.02-16.30.41:273][  0]LogConfig: Setting CVar [[r.EmitterSpawnRateScale:1.0]]
[2020.01.02-16.30.41:273][  0]LogConfig: Setting CVar [[r.ParticleLightQuality:2]]
[2020.01.02-16.30.41:273][  0]LogConfig: Applying CVar settings from Section [FoliageQuality@3] File [C:/Users/Carlos Luís Lito Meh/Documents/GitHub/Hakunamatata/Hakunamatata 4.22/Saved/Config/Windows/Scalability.ini]
[2020.01.02-16.30.41:273][  0]LogConfig: Setting CVar [[foliage.DensityScale:1.0]]
[2020.01.02-16.30.41:273][  0]LogConfig: Setting CVar [[grass.DensityScale:1.0]]
[2020.01.02-16.30.41:282][  0]LogInit: Selected Device Profile: [Windows]
[2020.01.02-16.30.41:282][  0]LogInit: Applying CVar settings loaded from the selected device profile: [Windows]
[2020.01.02-16.30.41:305][  0]LogHAL: Display: Platform has ~ 8 GB [8546533376 / 8589934592 / 8], which maps to Default [LargestMinGB=32, LargerMinGB=12, DefaultMinGB=8, SmallerMinGB=6, SmallestMinGB=0)
[2020.01.02-16.30.41:308][  0]LogConfig: Setting CVar [[r.Vulkan.UseRealUBs:0		; Required until we fix HLR fall-out]]
[2020.01.02-16.30.41:308][  0]LogInit: Going up to parent DeviceProfile []
[2020.01.02-16.30.41:309][  0]LogConfig: Applying CVar settings from Section [ViewDistanceQuality@3] File [C:/Users/Carlos Luís Lito Meh/Documents/GitHub/Hakunamatata/Hakunamatata 4.22/Saved/Config/Windows/Scalability.ini]
[2020.01.02-16.30.41:309][  0]LogConfig: Setting CVar [[r.SkeletalMeshLODBias:0]]
[2020.01.02-16.30.41:309][  0]LogConfig: Setting CVar [[r.ViewDistanceScale:1.0]]
[2020.01.02-16.30.41:309][  0]LogConfig: Applying CVar settings from Section [AntiAliasingQuality@3] File [C:/Users/Carlos Luís Lito Meh/Documents/GitHub/Hakunamatata/Hakunamatata 4.22/Saved/Config/Windows/Scalability.ini]
[2020.01.02-16.30.41:309][  0]LogConfig: Setting CVar [[r.PostProcessAAQuality:4]]
[2020.01.02-16.30.41:309][  0]LogConfig: Applying CVar settings from Section [ShadowQuality@3] File [C:/Users/Carlos Luís Lito Meh/Documents/GitHub/Hakunamatata/Hakunamatata 4.22/Saved/Config/Windows/Scalability.ini]
[2020.01.02-16.30.41:309][  0]LogConfig: Setting CVar [[r.LightFunctionQuality:1]]
[2020.01.02-16.30.41:309][  0]LogConfig: Setting CVar [[r.ShadowQuality:5]]
[2020.01.02-16.30.41:309][  0]LogConfig: Setting CVar [[r.Shadow.CSM.MaxCascades:10]]
[2020.01.02-16.30.41:309][  0]LogConfig: Setting CVar [[r.Shadow.MaxResolution:2048]]
[2020.01.02-16.30.41:309][  0]LogConfig: Setting CVar [[r.Shadow.MaxCSMResolution:2048]]
[2020.01.02-16.30.41:309][  0]LogConfig: Setting CVar [[r.Shadow.RadiusThreshold:0.01]]
[2020.01.02-16.30.41:309][  0]LogConfig: Setting CVar [[r.Shadow.DistanceScale:1.0]]
[2020.01.02-16.30.41:309][  0]LogConfig: Setting CVar [[r.Shadow.CSM.TransitionScale:1.0]]
[2020.01.02-16.30.41:309][  0]LogConfig: Setting CVar [[r.Shadow.PreShadowResolutionFactor:1.0]]
[2020.01.02-16.30.41:309][  0]LogConfig: Setting CVar [[r.DistanceFieldShadowing:1]]
[2020.01.02-16.30.41:309][  0]LogConfig: Setting CVar [[r.DistanceFieldAO:1]]
[2020.01.02-16.30.41:309][  0]LogConfig: Setting CVar [[r.AOQuality:2]]
[2020.01.02-16.30.41:309][  0]LogConfig: Setting CVar [[r.VolumetricFog:1]]
[2020.01.02-16.30.41:309][  0]LogConfig: Setting CVar [[r.VolumetricFog.GridPixelSize:8]]
[2020.01.02-16.30.41:309][  0]LogConfig: Setting CVar [[r.VolumetricFog.GridSizeZ:128]]
[2020.01.02-16.30.41:309][  0]LogConfig: Setting CVar [[r.VolumetricFog.HistoryMissSupersampleCount:4]]
[2020.01.02-16.30.41:309][  0]LogConfig: Setting CVar [[r.LightMaxDrawDistanceScale:1]]
[2020.01.02-16.30.41:309][  0]LogConfig: Setting CVar [[r.CapsuleShadows:1]]
[2020.01.02-16.30.41:309][  0]LogConfig: Applying CVar settings from Section [PostProcessQuality@3] File [C:/Users/Carlos Luís Lito Meh/Documents/GitHub/Hakunamatata/Hakunamatata 4.22/Saved/Config/Windows/Scalability.ini]
[2020.01.02-16.30.41:309][  0]LogConfig: Setting CVar [[r.MotionBlurQuality:4]]
[2020.01.02-16.30.41:309][  0]LogConfig: Setting CVar [[r.AmbientOcclusionMipLevelFactor:0.4]]
[2020.01.02-16.30.41:309][  0]LogConfig: Setting CVar [[r.AmbientOcclusionMaxQuality:100]]
[2020.01.02-16.30.41:309][  0]LogConfig: Setting CVar [[r.AmbientOcclusionLevels:-1]]
[2020.01.02-16.30.41:309][  0]LogConfig: Setting CVar [[r.AmbientOcclusionRadiusScale:1.0]]
[2020.01.02-16.30.41:309][  0]LogConfig: Setting CVar [[r.DepthOfFieldQuality:2]]
[2020.01.02-16.30.41:309][  0]LogConfig: Setting CVar [[r.RenderTargetPoolMin:400]]
[2020.01.02-16.30.41:309][  0]LogConfig: Setting CVar [[r.LensFlareQuality:2]]
[2020.01.02-16.30.41:310][  0]LogConfig: Setting CVar [[r.SceneColorFringeQuality:1]]
[2020.01.02-16.30.41:310][  0]LogConfig: Setting CVar [[r.EyeAdaptationQuality:2]]
[2020.01.02-16.30.41:310][  0]LogConfig: Setting CVar [[r.BloomQuality:5]]
[2020.01.02-16.30.41:310][  0]LogConfig: Setting CVar [[r.FastBlurThreshold:100]]
[2020.01.02-16.30.41:310][  0]LogConfig: Setting CVar [[r.Upscale.Quality:3]]
[2020.01.02-16.30.41:310][  0]LogConfig: Setting CVar [[r.Tonemapper.GrainQuantization:1]]
[2020.01.02-16.30.41:310][  0]LogConfig: Setting CVar [[r.LightShaftQuality:1]]
[2020.01.02-16.30.41:310][  0]LogConfig: Setting CVar [[r.Filter.SizeScale:1]]
[2020.01.02-16.30.41:310][  0]LogConfig: Setting CVar [[r.Tonemapper.Quality:5]]
[2020.01.02-16.30.41:310][  0]LogConfig: Setting CVar [[r.DOF.Gather.AccumulatorQuality:1        ; higher gathering accumulator quality]]
[2020.01.02-16.30.41:310][  0]LogConfig: Setting CVar [[r.DOF.Gather.PostfilterMethod:1          ; Median3x3 postfilering method]]
[2020.01.02-16.30.41:310][  0]LogConfig: Setting CVar [[r.DOF.Gather.EnableBokehSettings:0       ; no bokeh simulation when gathering]]
[2020.01.02-16.30.41:310][  0]LogConfig: Setting CVar [[r.DOF.Gather.RingCount:4                 ; medium number of samples when gathering]]
[2020.01.02-16.30.41:310][  0]LogConfig: Setting CVar [[r.DOF.Scatter.ForegroundCompositing:1    ; additive foreground scattering]]
[2020.01.02-16.30.41:310][  0]LogConfig: Setting CVar [[r.DOF.Scatter.BackgroundCompositing:2    ; additive background scattering]]
[2020.01.02-16.30.41:310][  0]LogConfig: Setting CVar [[r.DOF.Scatter.EnableBokehSettings:1      ; bokeh simulation when scattering]]
[2020.01.02-16.30.41:310][  0]LogConfig: Setting CVar [[r.DOF.Scatter.MaxSpriteRatio:0.1         ; only a maximum of 10% of scattered bokeh]]
[2020.01.02-16.30.41:310][  0]LogConfig: Setting CVar [[r.DOF.Recombine.Quality:1                ; cheap slight out of focus]]
[2020.01.02-16.30.41:310][  0]LogConfig: Setting CVar [[r.DOF.Recombine.EnableBokehSettings:0    ; no bokeh simulation on slight out of focus]]
[2020.01.02-16.30.41:310][  0]LogConfig: Setting CVar [[r.DOF.TemporalAAQuality:1                ; more stable temporal accumulation]]
[2020.01.02-16.30.41:310][  0]LogConfig: Setting CVar [[r.DOF.Kernel.MaxForegroundRadius:0.025]]
[2020.01.02-16.30.41:310][  0]LogConfig: Setting CVar [[r.DOF.Kernel.MaxBackgroundRadius:0.025]]
[2020.01.02-16.30.41:310][  0]LogConfig: Applying CVar settings from Section [TextureQuality@3] File [C:/Users/Carlos Luís Lito Meh/Documents/GitHub/Hakunamatata/Hakunamatata 4.22/Saved/Config/Windows/Scalability.ini]
[2020.01.02-16.30.41:310][  0]LogConfig: Setting CVar [[r.Streaming.MipBias:0]]
[2020.01.02-16.30.41:310][  0]LogConfig: Setting CVar [[r.Streaming.AmortizeCPUToGPUCopy:0]]
[2020.01.02-16.30.41:310][  0]LogConfig: Setting CVar [[r.Streaming.MaxNumTexturesToStreamPerFrame:0]]
[2020.01.02-16.30.41:310][  0]LogConfig: Setting CVar [[r.Streaming.Boost:1]]
[2020.01.02-16.30.41:310][  0]LogConfig: Setting CVar [[r.MaxAnisotropy:8]]
[2020.01.02-16.30.41:310][  0]LogConfig: Setting CVar [[r.Streaming.LimitPoolSizeToVRAM:0]]
[2020.01.02-16.30.41:310][  0]LogConfig: Setting CVar [[r.Streaming.PoolSize:1000]]
[2020.01.02-16.30.41:310][  0]LogConfig: Setting CVar [[r.Streaming.MaxEffectiveScreenSize:0]]
[2020.01.02-16.30.41:310][  0]LogConfig: Applying CVar settings from Section [EffectsQuality@3] File [C:/Users/Carlos Luís Lito Meh/Documents/GitHub/Hakunamatata/Hakunamatata 4.22/Saved/Config/Windows/Scalability.ini]
[2020.01.02-16.30.41:310][  0]LogConfig: Setting CVar [[r.TranslucencyLightingVolumeDim:64]]
[2020.01.02-16.30.41:310][  0]LogConfig: Setting CVar [[r.RefractionQuality:2]]
[2020.01.02-16.30.41:310][  0]LogConfig: Setting CVar [[r.SSR.Quality:3]]
[2020.01.02-16.30.41:310][  0]LogConfig: Setting CVar [[r.SceneColorFormat:4]]
[2020.01.02-16.30.41:310][  0]LogConfig: Setting CVar [[r.DetailMode:2]]
[2020.01.02-16.30.41:310][  0]LogConfig: Setting CVar [[r.TranslucencyVolumeBlur:1]]
[2020.01.02-16.30.41:310][  0]LogConfig: Setting CVar [[r.MaterialQualityLevel:1 ; High quality]]
[2020.01.02-16.30.41:310][  0]LogConfig: Setting CVar [[r.SSS.Scale:1]]
[2020.01.02-16.30.41:310][  0]LogConfig: Setting CVar [[r.SSS.SampleSet:2]]
[2020.01.02-16.30.41:310][  0]LogConfig: Setting CVar [[r.SSS.Quality:1]]
[2020.01.02-16.30.41:310][  0]LogConfig: Setting CVar [[r.SSS.HalfRes:1]]
[2020.01.02-16.30.41:310][  0]LogConfig: Setting CVar [[r.EmitterSpawnRateScale:1.0]]
[2020.01.02-16.30.41:310][  0]LogConfig: Setting CVar [[r.ParticleLightQuality:2]]
[2020.01.02-16.30.41:310][  0]LogConfig: Applying CVar settings from Section [FoliageQuality@3] File [C:/Users/Carlos Luís Lito Meh/Documents/GitHub/Hakunamatata/Hakunamatata 4.22/Saved/Config/Windows/Scalability.ini]
[2020.01.02-16.30.41:310][  0]LogConfig: Setting CVar [[foliage.DensityScale:1.0]]
[2020.01.02-16.30.41:310][  0]LogConfig: Setting CVar [[grass.DensityScale:1.0]]
[2020.01.02-16.30.41:310][  0]LogConfig: Applying CVar settings from Section [Startup] File [../../../Engine/Config/ConsoleVariables.ini]
[2020.01.02-16.30.41:311][  0]LogConfig: Setting CVar [[net.UseAdaptiveNetUpdateFrequency:0]]
[2020.01.02-16.30.41:311][  0]LogConfig: Setting CVar [[p.chaos.AllowCreatePhysxBodies:1]]
[2020.01.02-16.30.41:311][  0]LogConfig: Applying CVar settings from Section [ConsoleVariables] File [C:/Users/Carlos Luís Lito Meh/Documents/GitHub/Hakunamatata/Hakunamatata 4.22/Saved/Config/Windows/Engine.ini]
[2020.01.02-16.30.41:329][  0]LogInit: Computer: DESKTOP-MDL2B4L
[2020.01.02-16.30.41:329][  0]LogInit: User: CarlosLuísLitoMeh
[2020.01.02-16.30.41:329][  0]LogInit: CPU Page size=4096, Cores=2
[2020.01.02-16.30.41:329][  0]LogInit: High frequency timer resolution =10.000000 MHz
[2020.01.02-16.30.41:329][  0]LogMemory: Memory total: Physical=8.0GB (8GB approx)
[2020.01.02-16.30.41:329][  0]LogMemory: Platform Memory Stats for Windows
[2020.01.02-16.30.41:329][  0]LogMemory: Process Physical Memory: 98.43 MB used, 98.43 MB peak
[2020.01.02-16.30.41:329][  0]LogMemory: Process Virtual Memory: 93.99 MB used, 93.99 MB peak
[2020.01.02-16.30.41:329][  0]LogMemory: Physical Memory: 6490.86 MB used,  1659.75 MB free, 8150.61 MB total
[2020.01.02-16.30.41:329][  0]LogMemory: Virtual Memory: 4617.16 MB used,  134213112.00 MB free, 134217728.00 MB total
[2020.01.02-16.30.41:603][  0]LogInit: Using OS detected language (pt-PT).
[2020.01.02-16.30.41:603][  0]LogInit: Using OS detected locale (pt-PT).
[2020.01.02-16.30.41:654][  0]LogTextLocalizationManager: No localization for 'pt-PT' exists, so 'en' will be used for the language.
[2020.01.02-16.30.42:091][  0]LogInit: Setting process to per monitor DPI aware
[2020.01.02-16.30.42:450][  0]LogSlate: New Slate User Created.  User Index 0, Is Virtual User: 0
[2020.01.02-16.30.42:450][  0]LogSlate: Slate User Registered.  User Index 0, Is Virtual User: 0
[2020.01.02-16.30.42:872][  0]LogHMD: Failed to initialize OpenVR with code 110
[2020.01.02-16.30.42:872][  0]LogD3D11RHI: D3D11 adapters:
[2020.01.02-16.30.42:952][  0]LogD3D11RHI:    0. 'NVIDIA GeForce GTX 1050 Ti' (Feature Level 11_0)
[2020.01.02-16.30.42:952][  0]LogD3D11RHI:       4018/0/4075 MB DedicatedVideo/DedicatedSystem/SharedSystem, Outputs:1, VendorId:0x10de
[2020.01.02-16.30.42:955][  0]LogD3D11RHI:    1. 'Microsoft Basic Render Driver' (Feature Level 11_0)
[2020.01.02-16.30.42:955][  0]LogD3D11RHI:       0/0/4075 MB DedicatedVideo/DedicatedSystem/SharedSystem, Outputs:0, VendorId:0x1414
[2020.01.02-16.30.42:955][  0]LogD3D11RHI: Chosen D3D11 Adapter: 0
[2020.01.02-16.30.42:963][  0]LogD3D11RHI: Creating new Direct3DDevice
[2020.01.02-16.30.42:963][  0]LogD3D11RHI:     GPU DeviceId: 0x1c82 (for the marketing name, search the web for "GPU Device Id")
[2020.01.02-16.30.42:963][  0]LogWindows: EnumDisplayDevices:
[2020.01.02-16.30.42:963][  0]LogWindows:    0. 'NVIDIA GeForce GTX 1050 Ti' (P:1 D:1)
[2020.01.02-16.30.42:963][  0]LogWindows:    1. 'NVIDIA GeForce GTX 1050 Ti' (P:0 D:0)
[2020.01.02-16.30.42:964][  0]LogWindows:    2. 'NVIDIA GeForce GTX 1050 Ti' (P:0 D:0)
[2020.01.02-16.30.42:964][  0]LogWindows:    3. 'NVIDIA GeForce GTX 1050 Ti' (P:0 D:0)
[2020.01.02-16.30.42:964][  0]LogWindows: DebugString: FoundDriverCount:4 
[2020.01.02-16.30.42:964][  0]LogD3D11RHI:     Adapter Name: NVIDIA GeForce GTX 1050 Ti
[2020.01.02-16.30.42:964][  0]LogD3D11RHI:   Driver Version: 441.66 (internal:26.21.14.4166, unified:441.66)
[2020.01.02-16.30.42:964][  0]LogD3D11RHI:      Driver Date: 12-6-2019
[2020.01.02-16.30.42:964][  0]LogRHI: Texture pool is 2812 MB (70% of 4018 MB)
[2020.01.02-16.30.43:008][  0]LogD3D11RHI: Async texture creation enabled
[2020.01.02-16.30.43:085][  0]LogRendererCore: FGlobalReadBuffer::InitRHI
[2020.01.02-16.30.43:090][  0]LogRendererCore: FGlobalReadBuffer::InitRHI
[2020.01.02-16.30.43:090][  0]LogRendererCore: FGlobalReadBuffer::InitRHI
[2020.01.02-16.30.43:109][  0]LogD3D11RHI: GPU Timing Frequency: 1000.000000 (Debug: 2 1)
[2020.01.02-16.30.43:823][  0]LogTemp: Display: Module 'AllDesktopTargetPlatform' loaded TargetPlatform 'AllDesktop'
[2020.01.02-16.30.43:842][  0]LogTemp: Display: Module 'MacClientTargetPlatform' loaded TargetPlatform 'MacClient'
[2020.01.02-16.30.43:860][  0]LogTemp: Display: Module 'MacNoEditorTargetPlatform' loaded TargetPlatform 'MacNoEditor'
[2020.01.02-16.30.43:876][  0]LogTemp: Display: Module 'MacServerTargetPlatform' loaded TargetPlatform 'MacServer'
[2020.01.02-16.30.43:905][  0]LogTemp: Display: Module 'MacTargetPlatform' loaded TargetPlatform 'Mac'
[2020.01.02-16.30.43:927][  0]LogTemp: Display: Module 'WindowsClientTargetPlatform' loaded TargetPlatform 'WindowsClient'
[2020.01.02-16.30.43:941][  0]LogTemp: Display: Module 'WindowsNoEditorTargetPlatform' loaded TargetPlatform 'WindowsNoEditor'
[2020.01.02-16.30.43:957][  0]LogTemp: Display: Module 'WindowsServerTargetPlatform' loaded TargetPlatform 'WindowsServer'
[2020.01.02-16.30.43:964][  0]LogTemp: Display: Module 'WindowsTargetPlatform' loaded TargetPlatform 'Windows'
[2020.01.02-16.30.44:074][  0]LogTemp: Display: Module 'AndroidTargetPlatform' loaded TargetPlatform 'Android'
[2020.01.02-16.30.44:074][  0]LogTemp: Display: Module 'AndroidTargetPlatform' loaded TargetPlatform 'Android_ASTC'
[2020.01.02-16.30.44:074][  0]LogTemp: Display: Module 'AndroidTargetPlatform' loaded TargetPlatform 'Android_ATC'
[2020.01.02-16.30.44:074][  0]LogTemp: Display: Module 'AndroidTargetPlatform' loaded TargetPlatform 'Android_DXT'
[2020.01.02-16.30.44:074][  0]LogTemp: Display: Module 'AndroidTargetPlatform' loaded TargetPlatform 'Android_ETC1'
[2020.01.02-16.30.44:074][  0]LogTemp: Display: Module 'AndroidTargetPlatform' loaded TargetPlatform 'Android_ETC1a'
[2020.01.02-16.30.44:074][  0]LogTemp: Display: Module 'AndroidTargetPlatform' loaded TargetPlatform 'Android_ETC2'
[2020.01.02-16.30.44:074][  0]LogTemp: Display: Module 'AndroidTargetPlatform' loaded TargetPlatform 'Android_PVRTC'
[2020.01.02-16.30.44:074][  0]LogTemp: Display: Module 'AndroidTargetPlatform' loaded TargetPlatform 'AndroidClient'
[2020.01.02-16.30.44:074][  0]LogTemp: Display: Module 'AndroidTargetPlatform' loaded TargetPlatform 'Android_ASTCClient'
[2020.01.02-16.30.44:074][  0]LogTemp: Display: Module 'AndroidTargetPlatform' loaded TargetPlatform 'Android_ATCClient'
[2020.01.02-16.30.44:074][  0]LogTemp: Display: Module 'AndroidTargetPlatform' loaded TargetPlatform 'Android_DXTClient'
[2020.01.02-16.30.44:074][  0]LogTemp: Display: Module 'AndroidTargetPlatform' loaded TargetPlatform 'Android_ETC1Client'
[2020.01.02-16.30.44:074][  0]LogTemp: Display: Module 'AndroidTargetPlatform' loaded TargetPlatform 'Android_ETC1aClient'
[2020.01.02-16.30.44:074][  0]LogTemp: Display: Module 'AndroidTargetPlatform' loaded TargetPlatform 'Android_ETC2Client'
[2020.01.02-16.30.44:074][  0]LogTemp: Display: Module 'AndroidTargetPlatform' loaded TargetPlatform 'Android_PVRTCClient'
[2020.01.02-16.30.44:074][  0]LogTemp: Display: Module 'AndroidTargetPlatform' loaded TargetPlatform 'Android_Multi'
[2020.01.02-16.30.44:074][  0]LogTemp: Display: Module 'AndroidTargetPlatform' loaded TargetPlatform 'Android_MultiClient'
[2020.01.02-16.30.44:082][  0]LogTemp: Display: Module 'HTML5TargetPlatform' loaded TargetPlatform 'HTML5'
[2020.01.02-16.30.44:151][  0]LogTemp: Display: Module 'IOSTargetPlatform' loaded TargetPlatform 'IOSClient'
[2020.01.02-16.30.44:151][  0]LogTemp: Display: Module 'IOSTargetPlatform' loaded TargetPlatform 'IOS'
[2020.01.02-16.30.44:177][  0]LogTemp: Display: Module 'TVOSTargetPlatform' loaded TargetPlatform 'TVOSClient'
[2020.01.02-16.30.44:177][  0]LogTemp: Display: Module 'TVOSTargetPlatform' loaded TargetPlatform 'TVOS'
[2020.01.02-16.30.44:198][  0]LogTemp: Display: Module 'LinuxClientTargetPlatform' loaded TargetPlatform 'LinuxClient'
[2020.01.02-16.30.44:212][  0]LogTemp: Display: Module 'LinuxNoEditorTargetPlatform' loaded TargetPlatform 'LinuxNoEditor'
[2020.01.02-16.30.44:226][  0]LogTemp: Display: Module 'LinuxServerTargetPlatform' loaded TargetPlatform 'LinuxServer'
[2020.01.02-16.30.44:241][  0]LogTemp: Display: Module 'LinuxTargetPlatform' loaded TargetPlatform 'Linux'
[2020.01.02-16.30.44:303][  0]LogTemp: Display: Module 'LuminTargetPlatform' loaded TargetPlatform 'Lumin'
[2020.01.02-16.30.44:303][  0]LogTemp: Display: Module 'LuminTargetPlatform' loaded TargetPlatform 'LuminClient'
[2020.01.02-16.30.44:303][  0]LogTargetPlatformManager: Display: Building Assets For Windows
[2020.01.02-16.30.44:363][  0]LogAudioDebug: Display: Lib vorbis DLL was dynamically loaded.
[2020.01.02-16.30.44:647][  0]LogShaderCompilers: Guid format shader working directory is -17 characters bigger than the processId version (C:/Users/Carlos Luís Lito Meh/Documents/GitHub/Hakunamatata/Hakunamatata 4.22/Intermediate/Shaders/WorkingDirectory/18676/).
[2020.01.02-16.30.44:648][  0]LogShaderCompilers: Cleaned the shader compiler working directory 'C:/Users/Carlos Luís Lito Meh/AppData/Local/Temp/UnrealShaderWorkingDir/0B770A39424BEC5BC8FA118DD273E018/'.
[2020.01.02-16.30.44:677][  0]LogXGEController: Cleaning working directory: C:/Users/Carlos Luís Lito Meh/AppData/Local/Temp/UnrealXGEWorkingDir/
[2020.01.02-16.30.44:677][  0]LogXGEController: Cannot use XGE Controller as Incredibuild is not installed on this machine.
[2020.01.02-16.30.44:677][  0]LogShaderCompilers: Cannot use XGE Shader Compiler as Incredibuild is not installed on this machine.
[2020.01.02-16.30.44:677][  0]LogShaderCompilers: Display: Using Local Shader Compiler.
[2020.01.02-16.30.45:924][  0]LogDerivedDataCache: Display: Max Cache Size: 512 MB
[2020.01.02-16.30.46:106][  0]LogDerivedDataCache: Loaded boot cache 0.18s 71MB C:/Users/Carlos Luís Lito Meh/AppData/Local/UnrealEngine/4.22/DerivedDataCache/Boot.ddc.
[2020.01.02-16.30.46:106][  0]LogDerivedDataCache: Display: Loaded Boot cache: C:/Users/Carlos Luís Lito Meh/AppData/Local/UnrealEngine/4.22/DerivedDataCache/Boot.ddc
[2020.01.02-16.30.46:106][  0]LogDerivedDataCache: FDerivedDataBackendGraph:  Pak pak cache file C:/Users/Carlos Luís Lito Meh/Documents/GitHub/Hakunamatata/Hakunamatata 4.22/DerivedDataCache/DDC.ddp not found, will not use a pak cache.
[2020.01.02-16.30.46:106][  0]LogDerivedDataCache: Unable to find inner node Pak for hierarchical cache Hierarchy.
[2020.01.02-16.30.46:106][  0]LogDerivedDataCache: FDerivedDataBackendGraph:  CompressedPak pak cache file C:/Users/Carlos Luís Lito Meh/Documents/GitHub/Hakunamatata/Hakunamatata 4.22/DerivedDataCache/Compressed.ddp not found, will not use a pak cache.
[2020.01.02-16.30.46:106][  0]LogDerivedDataCache: Unable to find inner node CompressedPak for hierarchical cache Hierarchy.
[2020.01.02-16.30.46:143][  0]LogDerivedDataCache: Display: Pak cache opened for reading ../../../Engine/DerivedDataCache/Compressed.ddp.
[2020.01.02-16.30.46:180][  0]LogDerivedDataCache: Display: Pak cache opened for reading ../../../Enterprise/DerivedDataCache/Compressed.ddp.
[2020.01.02-16.30.46:193][  0]LogDerivedDataCache: Using Local data cache path C:/Users/Carlos Luís Lito Meh/AppData/Local/UnrealEngine/Common/DerivedDataCache: Writable
[2020.01.02-16.30.46:193][  0]LogDerivedDataCache: Shared data cache path not found in *engine.ini, will not use an Shared cache.
[2020.01.02-16.30.46:193][  0]LogDerivedDataCache: Unable to find inner node Shared for hierarchical cache Hierarchy.
[2020.01.02-16.30.46:247][  0]LogMaterial: Verifying Global Shaders for PCD3D_SM5
[2020.01.02-16.30.46:293][  0]LogSlate: Using FreeType 2.6.0
[2020.01.02-16.30.46:355][  0]LogSlate: SlateFontServices - WITH_FREETYPE: 1, WITH_HARFBUZZ: 1
[2020.01.02-16.30.46:901][  0]LogAssetRegistry: FAssetRegistry took 0.0441 seconds to start up
[2020.01.02-16.30.50:812][  0]LogInit: Selected Device Profile: [Windows]
[2020.01.02-16.30.51:581][  0]LogMeshReduction: Using QuadricMeshReduction for automatic static mesh reduction
[2020.01.02-16.30.51:581][  0]LogMeshReduction: Using SimplygonMeshReduction for automatic skeletal mesh reduction
[2020.01.02-16.30.51:581][  0]LogMeshReduction: Using ProxyLODMeshReduction for automatic mesh merging
[2020.01.02-16.30.51:581][  0]LogMeshReduction: No distributed automatic mesh merging module available
[2020.01.02-16.30.51:581][  0]LogMeshMerging: No distributed automatic mesh merging module available
[2020.01.02-16.30.51:814][  0]LogNetVersion: Hakunamatata 4.22 1.0.0, NetCL: 5660361, EngineNetVer: 10, GameNetVer: 0 (Checksum: 4084922626)
[2020.01.02-16.30.54:161][  0]LogPackageLocalizationCache: Processed 12 localized package path(s) for 1 prioritized culture(s) in 0.060892 seconds
[2020.01.02-16.30.54:185][  0]LogUObjectArray: 42205 objects as part of root set at end of initial load.
[2020.01.02-16.30.54:185][  0]LogUObjectAllocator: 7325032 out of 0 bytes used by permanent object pool.
[2020.01.02-16.30.54:185][  0]LogUObjectArray: CloseDisregardForGC: 0/0 objects in disregard for GC pool
[2020.01.02-16.31.00:102][  0]LogTcpMessaging: Initializing TcpMessaging bridge
[2020.01.02-16.31.00:130][  0]LogUdpMessaging: Initializing bridge on interface 0.0.0.0:0 to multicast group 230.0.0.1:6666.
[2020.01.02-16.31.00:697][  0]SourceControl: Source control is disabled
[2020.01.02-16.31.00:704][  0]SourceControl: Source control is disabled
[2020.01.02-16.31.00:762][  0]SourceControl: Source control is disabled
[2020.01.02-16.31.00:772][  0]SourceControl: Source control is disabled
[2020.01.02-16.31.00:809][  0]LogVSAccessor: Display: Unable to create Visual Studio setup instance: 80040154
[2020.01.02-16.31.00:809][  0]LogVSAccessor: Display: Unable to create Visual Studio setup instance: 80040154
[2020.01.02-16.31.01:374][  0]LogAndroidPermission: UAndroidPermissionCallbackProxy::GetInstance
[2020.01.02-16.31.01:638][  0]LogOcInput: OculusInput pre-init called
[2020.01.02-16.31.03:357][  0]LogClass: Warning: FDoNNavigationQueryData::Origin is not initialized properly
[2020.01.02-16.31.03:364][  0]LogClass: Warning: FDoNNavigationQueryData::Destination is not initialized properly
[2020.01.02-16.31.03:373][  0]LogClass: Display: 2 Uninitialized script stuct members found
[2020.01.02-16.31.03:432][  0]LogAutomationTest: Warning: FDoNNavigationQueryData::Origin is not initialized properly
[2020.01.02-16.31.03:432][  0]LogAutomationTest: Warning: FDoNNavigationQueryData::Destination is not initialized properly
[2020.01.02-16.31.03:503][  0]LogEngine: Initializing Engine...
[2020.01.02-16.31.03:521][  0]LogHMD: Failed to initialize OpenVR with code 110
[2020.01.02-16.31.03:546][  0]LogStats: UGameplayTagsManager::InitializeManager -  0.016 s
[2020.01.02-16.31.04:038][  0]LogInit: Initializing FReadOnlyCVARCache
[2020.01.02-16.31.04:452][  0]LogAIModule: Creating AISystem for world Untitled
[2020.01.02-16.31.04:577][  0]LogInit: XAudio2 using 'Realtek HD Audio 2nd output (Realtek High Definition Audio)' : 2 channels at 48 kHz using 32 bits per sample (channel mask 0x3)
[2020.01.02-16.31.04:617][  0]LogInit: FAudioDevice initialized.
[2020.01.02-16.31.04:638][  0]LogNetVersion: Set ProjectVersion to 1.7.0.2. Version Checksum will be recalculated on next use.
[2020.01.02-16.31.04:736][  0]LogDerivedDataCache: Saved boot cache 0.10s 71MB C:/Users/Carlos Luís Lito Meh/AppData/Local/UnrealEngine/4.22/DerivedDataCache/Boot.ddc.
[2020.01.02-16.31.04:736][  0]LogInit: Texture streaming: Enabled
[2020.01.02-16.31.04:863][  0]LogEngineSessionManager: EngineSessionManager initialized
[2020.01.02-16.31.05:232][  0]LogInit: Transaction tracking system initialized
[2020.01.02-16.31.05:444][  0]BlueprintLog: New page: Editor Load
[2020.01.02-16.31.06:192][  0]LocalizationService: Localization service is disabled
[2020.01.02-16.31.06:799][  0]LogVSAccessor: Display: Unable to create Visual Studio setup instance: 80040154
[2020.01.02-16.31.06:800][  0]LogVSAccessor: Display: Unable to create Visual Studio setup instance: 80040154
[2020.01.02-16.31.08:272][  0]LogCook: Display: Max memory allowance for cook 16384mb min free memory 0mb
[2020.01.02-16.31.08:285][  0]LogCook: Display: Mobile HDR setting 1
[2020.01.02-16.31.09:068][  0]LogFileCache: Scanning file cache for directory 'C:/Users/Carlos Luís Lito Meh/Documents/GitHub/Hakunamatata/Hakunamatata 4.22/Content/' took 0.12s
[2020.01.02-16.31.11:376][  0]SourceControl: Source control is disabled
[2020.01.02-16.31.11:382][  0]Cmd: MAP LOAD FILE="C:/Users/Carlos Luís Lito Meh/Documents/GitHub/Hakunamatata/Hakunamatata 4.22/Content/CRPG_3_0/maps/Desert_5_0.umap" TEMPLATE=0 SHOWPROGRESS=1 FEATURELEVEL=3
[2020.01.02-16.31.11:404][  0]LightingResults: New page: Lighting Build
[2020.01.02-16.31.11:603][  0]MapCheck: New page: Map Check
[2020.01.02-16.31.11:603][  0]LightingResults: New page: Lighting Build
[2020.01.02-16.31.11:940][  0]LogUObjectHash: Compacting FUObjectHashTables data took   1.56ms
[2020.01.02-16.31.13:840][  0]LogLinker: Warning: Can't find file '/Game/blueprints_prototyping/torch_fire/stick_wood'
[2020.01.02-16.31.13:840][  0]LoadErrors: Failed to load /Game/blueprints_prototyping/torch_fire/stick_wood.stick_wood_C Referenced by CharacterMesh0
[2020.01.02-16.31.13:840][  0]LogLinker: Warning: Can't find file for asset '/Game/blueprints_prototyping/torch_fire/stick_wood' while loading NULL.
[2020.01.02-16.31.13:846][  0]LogLinker: Warning: Can't find file '/Game/blueprints_prototyping/torch_fire/stick_wood'
[2020.01.02-16.31.13:846][  0]LoadErrors: Failed to load /Game/blueprints_prototyping/torch_fire/stick_wood Referenced by CharacterMesh0
[2020.01.02-16.31.13:846][  0]LogLinker: Warning: Can't find file for asset '/Game/blueprints_prototyping/torch_fire/stick_wood' while loading NULL.
[2020.01.02-16.31.13:890][  0]LogLinker: Warning: Can't find file '/Game/blueprints_prototyping/torch_fire/stick_wood'
[2020.01.02-16.31.13:890][  0]LoadErrors: Failed to load /Game/blueprints_prototyping/torch_fire/stick_wood.stick_wood_C Referenced by K2Node_SpawnActorFromClass_1
[2020.01.02-16.31.13:890][  0]LogLinker: Warning: Can't find file for asset '/Game/blueprints_prototyping/torch_fire/stick_wood' while loading NULL.
[2020.01.02-16.31.13:891][  0]LogLinker: Warning: Can't find file '/Game/blueprints_prototyping/torch_fire/stick_wood'
[2020.01.02-16.31.13:891][  0]LoadErrors: Failed to load /Game/blueprints_prototyping/torch_fire/stick_wood.stick_wood_C Referenced by K2Node_SpawnActorFromClass_1
[2020.01.02-16.31.13:891][  0]LogLinker: Warning: Can't find file for asset '/Game/blueprints_prototyping/torch_fire/stick_wood' while loading NULL.
[2020.01.02-16.31.14:312][  0]LogLinker: Warning: Can't find file '/Game/blueprints_prototyping/torch_fire/stick_wood'
[2020.01.02-16.31.14:312][  0]LogLinker: Warning: Can't find file for asset '/Game/blueprints_prototyping/torch_fire/stick_wood' while loading NULL.
[2020.01.02-16.31.14:317][  0]LogLinker: Warning: Can't find file '/Game/blueprints_prototyping/torch_fire/stick_wood'
[2020.01.02-16.31.14:317][  0]LogLinker: Warning: Can't find file for asset '/Game/blueprints_prototyping/torch_fire/stick_wood' while loading NULL.
[2020.01.02-16.31.14:413][  0]LogLinker: Display: CreateExport: Failed to load Parent for Function /Game/FPS_Game/Blueprints/PickUps/BPC_AmmoLaser.BPC_AmmoLaser_C:UserConstructionScript; removing parent information, but keeping function
[2020.01.02-16.31.14:506][  0]LogLinker: Display: CreateExport: Failed to load Parent for Function /Game/FPS_Game/Blueprints/PickUps/BPC_AmmoLauncher.BPC_AmmoLauncher_C:UserConstructionScript; removing parent information, but keeping function
[2020.01.02-16.31.14:546][  0]LogLinker: Display: CreateExport: Failed to load Parent for Function /Game/FPS_Game/Blueprints/Weapons/BPC_DefaultProjectile.BPC_DefaultProjectile_C:UserConstructionScript; removing parent information, but keeping function
[2020.01.02-16.31.14:577][  0]LogLinker: Display: CreateExport: Failed to load Parent for Function /Game/FPS_Game/Blueprints/PickUps/BPC_AmmoPistol.BPC_AmmoPistol_C:UserConstructionScript; removing parent information, but keeping function
[2020.01.02-16.31.14:597][  0]LogLinker: Display: CreateExport: Failed to load Parent for Function /Game/FPS_Game/Blueprints/PickUps/BPC_AmmoRecoilRifle.BPC_AmmoRecoilRifle_C:UserConstructionScript; removing parent information, but keeping function
[2020.01.02-16.31.14:608][  0]LogLinker: Display: CreateExport: Failed to load Parent for Function /Game/FPS_Game/Blueprints/PickUps/BPC_AmmoRifle.BPC_AmmoRifle_C:UserConstructionScript; removing parent information, but keeping function
[2020.01.02-16.31.14:639][  0]LogLinker: Display: CreateExport: Failed to load Parent for Function /Game/FPS_Game/Blueprints/PickUps/BPC_AmmoShotgun.BPC_AmmoShotgun_C:UserConstructionScript; removing parent information, but keeping function
[2020.01.02-16.31.14:653][  0]LogLinker: Display: CreateExport: Failed to load Parent for Function /Game/FPS_Game/Blueprints/Weapons/BPC_SniperProjectile.BPC_SniperProjectile_C:UserConstructionScript; removing parent information, but keeping function
[2020.01.02-16.31.14:663][  0]LogLinker: Display: CreateExport: Failed to load Parent for Function /Game/FPS_Game/Blueprints/PickUps/BPC_AmmoSniper.BPC_AmmoSniper_C:UserConstructionScript; removing parent information, but keeping function
[2020.01.02-16.31.15:932][  0]LogBlueprint: Warning: [Compiler Joe] InputAction Event references unknown Action 'Throw Rock' for  InputAction Throw Rock
[2020.01.02-16.31.15:933][  0]LogBlueprint: Warning: [Compiler Joe] InputAction Event references unknown Action 'Attack' for  InputAction Attack
[2020.01.02-16.31.15:934][  0]LogBlueprint: Warning: [Compiler Joe] InputAction Event references unknown Action 'Interact / pick up' for  InputAction Interact / pick up
[2020.01.02-16.31.15:934][  0]LogBlueprint: Warning: [Compiler Joe] InputAction Event references unknown Action 'Interact / pick up' for  InputAction Interact / pick up
[2020.01.02-16.31.15:935][  0]LogBlueprint: Warning: [Compiler Joe] InputAction Event references unknown Action 'item2' for  InputAction item2
[2020.01.02-16.31.17:532][  0]LogBlueprint: Warning: [Compiler Joe] [0052,32] Compile of Joe successful, but with 5 Warning(s) [in 2 718 ms] (/Game/ThirdPersonBP/Joe.Joe)
[2020.01.02-16.31.17:720][  0]LogLinker: Warning: Can't find file '/Game/levels/vertical_slice_stuff/dark_grey_ground'
[2020.01.02-16.31.17:721][  0]LogLinker: Warning: Can't find file for asset '/Game/levels/vertical_slice_stuff/dark_grey_ground' while loading NULL.
[2020.01.02-16.31.17:727][  0]LogLinker: Warning: Can't find file '/Game/levels/vertical_slice_stuff/dark_grey_ground'
[2020.01.02-16.31.17:727][  0]LogLinker: Warning: Can't find file for asset '/Game/levels/vertical_slice_stuff/dark_grey_ground' while loading NULL.
[2020.01.02-16.31.17:729][  0]LogLinker: Warning: Can't find file '/Game/levels/vertical_slice_stuff/dark_grey_ground'
[2020.01.02-16.31.17:729][  0]LogLinker: Warning: Can't find file for asset '/Game/levels/vertical_slice_stuff/dark_grey_ground' while loading NULL.
[2020.01.02-16.31.17:729][  0]LogLinker: Warning: Can't find file '/Game/levels/vertical_slice_stuff/dark_grey_ground'
[2020.01.02-16.31.17:729][  0]LogLinker: Warning: Can't find file for asset '/Game/levels/vertical_slice_stuff/dark_grey_ground' while loading NULL.
[2020.01.02-16.31.17:732][  0]LogLinker: Warning: Can't find file '/Game/levels/vertical_slice_stuff/dark_grey_ground'
[2020.01.02-16.31.17:732][  0]LoadErrors: Failed to load /Game/levels/vertical_slice_stuff/dark_grey_ground.dark_grey_ground Referenced by StaticMesh_GEN_VARIABLE
[2020.01.02-16.31.17:732][  0]LogLinker: Warning: Can't find file for asset '/Game/levels/vertical_slice_stuff/dark_grey_ground' while loading NULL.
[2020.01.02-16.31.34:132][  0]LogAIModule: Creating AISystem for world Desert_5_0
[2020.01.02-16.31.35:360][  0]LogEditorServer: Finished looking for orphan Actors (0.000 secs)
[2020.01.02-16.31.35:699][  0]LogUObjectHash: Compacting FUObjectHashTables data took   7.70ms
[2020.01.02-16.31.35:700][  0]Cmd: MAP CHECKDEP NOCLEARLOG
[2020.01.02-16.31.35:705][  0]MapCheck: Map check complete: 0 Error(s), 0 Warning(s), took 0,694ms to complete.
[2020.01.02-16.31.35:713][  0]LogFileHelpers: Loading map 'Desert_5_0' took 24.336
[2020.01.02-16.31.37:125][  0]LogCollectionManager: Loaded 0 collections in 0.001934 seconds
[2020.01.02-16.31.37:253][  0]LogFileCache: Scanning file cache for directory 'C:/Users/Carlos Luís Lito Meh/Documents/GitHub/Hakunamatata/Hakunamatata 4.22/Saved/Collections/' took 0.01s
[2020.01.02-16.31.37:253][  0]LogFileCache: Scanning file cache for directory 'C:/Users/Carlos Luís Lito Meh/Documents/GitHub/Hakunamatata/Hakunamatata 4.22/Content/Developers/CarlosLuísLitoMeh/Collections/' took 0.01s
[2020.01.02-16.31.37:253][  0]LogFileCache: Scanning file cache for directory 'C:/Users/Carlos Luís Lito Meh/Documents/GitHub/Hakunamatata/Hakunamatata 4.22/Content/Collections/' took 0.00s
[2020.01.02-16.31.37:253][  0]LogCollectionManager: Rebuilt the GUID cache for 0 collections in 0.000000 seconds
[2020.01.02-16.31.37:263][  0]LogContentBrowser: Native class hierarchy populated in 0.0082 seconds. Added 2740 classes and 668 folders.
[2020.01.02-16.31.37:378][  0]LogContentBrowser: Native class hierarchy updated for 'WidgetCarousel' in 0.0003 seconds. Added 0 classes and 0 folders.
[2020.01.02-16.31.37:438][  0]LogPakFile: Registered encryption key '00000000000000000000000000000000': 0 pak files mounted, 0 remain pending
[2020.01.02-16.31.37:521][  0]LogPakFile: Registered encryption key '00000000000000000000000000000000': 0 pak files mounted, 0 remain pending
[2020.01.02-16.31.37:523][  0]LogPakFile: Registered encryption key '00000000000000000000000000000000': 0 pak files mounted, 0 remain pending
[2020.01.02-16.31.37:533][  0]LogPakFile: Registered encryption key '00000000000000000000000000000000': 0 pak files mounted, 0 remain pending
[2020.01.02-16.31.37:542][  0]LogPakFile: Registered encryption key '00000000000000000000000000000000': 0 pak files mounted, 0 remain pending
[2020.01.02-16.31.37:554][  0]LogPakFile: Registered encryption key '00000000000000000000000000000000': 0 pak files mounted, 0 remain pending
[2020.01.02-16.31.37:563][  0]LogPakFile: Registered encryption key '00000000000000000000000000000000': 0 pak files mounted, 0 remain pending
[2020.01.02-16.31.37:564][  0]LogPakFile: Registered encryption key '00000000000000000000000000000000': 0 pak files mounted, 0 remain pending
[2020.01.02-16.31.37:576][  0]LogPakFile: Registered encryption key '00000000000000000000000000000000': 0 pak files mounted, 0 remain pending
[2020.01.02-16.31.37:588][  0]LogPakFile: Registered encryption key '00000000000000000000000000000000': 0 pak files mounted, 0 remain pending
[2020.01.02-16.31.37:590][  0]LogPakFile: Registered encryption key '00000000000000000000000000000000': 0 pak files mounted, 0 remain pending
[2020.01.02-16.31.37:603][  0]LogPakFile: Registered encryption key '00000000000000000000000000000000': 0 pak files mounted, 0 remain pending
[2020.01.02-16.31.37:605][  0]LogPakFile: Registered encryption key '00000000000000000000000000000000': 0 pak files mounted, 0 remain pending
[2020.01.02-16.31.37:621][  0]LogPakFile: Registered encryption key '00000000000000000000000000000000': 0 pak files mounted, 0 remain pending
[2020.01.02-16.31.37:634][  0]LogPakFile: Registered encryption key '00000000000000000000000000000000': 0 pak files mounted, 0 remain pending
[2020.01.02-16.31.37:638][  0]LogPakFile: Registered encryption key '00000000000000000000000000000000': 0 pak files mounted, 0 remain pending
[2020.01.02-16.31.37:646][  0]LogPakFile: Registered encryption key '00000000000000000000000000000000': 0 pak files mounted, 0 remain pending
[2020.01.02-16.31.37:657][  0]LogPakFile: Registered encryption key '00000000000000000000000000000000': 0 pak files mounted, 0 remain pending
[2020.01.02-16.31.37:669][  0]LogPakFile: Registered encryption key '00000000000000000000000000000000': 0 pak files mounted, 0 remain pending
[2020.01.02-16.31.37:675][  0]LogPakFile: Registered encryption key '00000000000000000000000000000000': 0 pak files mounted, 0 remain pending
[2020.01.02-16.31.37:686][  0]LogPakFile: Registered encryption key '00000000000000000000000000000000': 0 pak files mounted, 0 remain pending
[2020.01.02-16.31.37:696][  0]LogPakFile: Registered encryption key '00000000000000000000000000000000': 0 pak files mounted, 0 remain pending
[2020.01.02-16.31.37:697][  0]LogPakFile: Registered encryption key '00000000000000000000000000000000': 0 pak files mounted, 0 remain pending
[2020.01.02-16.31.37:705][  0]LogPakFile: Registered encryption key '00000000000000000000000000000000': 0 pak files mounted, 0 remain pending
[2020.01.02-16.31.37:711][  0]LogPakFile: Registered encryption key '00000000000000000000000000000000': 0 pak files mounted, 0 remain pending
[2020.01.02-16.31.37:724][  0]LogPakFile: Registered encryption key '00000000000000000000000000000000': 0 pak files mounted, 0 remain pending
[2020.01.02-16.31.37:740][  0]LogPakFile: Registered encryption key '00000000000000000000000000000000': 0 pak files mounted, 0 remain pending
[2020.01.02-16.31.37:768][  0]LogPakFile: Registered encryption key '00000000000000000000000000000000': 0 pak files mounted, 0 remain pending
[2020.01.02-16.31.38:376][  0]LogContentBrowser: Native class hierarchy updated for 'AddContentDialog' in 0.0003 seconds. Added 0 classes and 0 folders.
[2020.01.02-16.31.38:631][  0]LogSlate: Updating window title bar state: overlay mode, drag disabled, window buttons hidden, title bar hidden
[2020.01.02-16.31.38:641][  0]LogSlate: Updating window title bar state: overlay mode, drag disabled, window buttons hidden, title bar hidden
[2020.01.02-16.31.38:649][  0]LogSlate: Updating window title bar state: overlay mode, drag disabled, window buttons hidden, title bar hidden
[2020.01.02-16.31.38:658][  0]LogSlate: Updating window title bar state: overlay mode, drag disabled, window buttons hidden, title bar hidden
[2020.01.02-16.31.38:697][  0]LogContentBrowser: Native class hierarchy updated for 'SceneOutliner' in 0.0004 seconds. Added 1 classes and 2 folders.
[2020.01.02-16.31.39:423][  0]LogSlate: Took 0.009898 seconds to synchronously load lazily loaded font '../../../Engine/Content/Slate/Fonts/Roboto-Regular.ttf' (155K)
[2020.01.02-16.31.39:458][  0]LogSlate: Took 0.021494 seconds to synchronously load lazily loaded font '../../../Engine/Content/Slate/Fonts/Roboto-Bold.ttf' (160K)
[2020.01.02-16.31.39:487][  0]LogSlate: Took 0.014800 seconds to synchronously load lazily loaded font '../../../Engine/Content/Editor/Slate/Fonts/FontAwesome.ttf' (139K)
[2020.01.02-16.31.39:614][  0]LogSlate: Took 0.005628 seconds to synchronously load lazily loaded font '../../../Engine/Content/Slate/Fonts/Roboto-Light.ttf' (167K)
[2020.01.02-16.31.39:888][  0]LogRenderer: Reallocating scene render targets to support 768x572 Format 10 NumSamples 1 (Frame:1).
[2020.01.02-16.31.40:472][  0]LogContentBrowser: Native class hierarchy updated for 'HierarchicalLODOutliner' in 0.0003 seconds. Added 0 classes and 0 folders.
[2020.01.02-16.31.40:481][  0]LogLoad: (Engine Initialization) Total time: 75.27 seconds
[2020.01.02-16.31.40:481][  0]LogLoad: (Engine Initialization) Total Blueprint compile time: 0.00 seconds
[2020.01.02-16.31.40:858][  0]LogContentStreaming: Texture pool size now 1000 MB
[2020.01.02-16.31.40:934][  0]LogSlate: FSceneViewport::OnFocusLost() reason 2
[2020.01.02-16.31.41:092][  1]LogRenderer: Reallocating scene render targets to support 768x588 Format 10 NumSamples 1 (Frame:3).
[2020.01.02-16.31.41:473][  3]LogAssetRegistry: Asset discovery search completed in 54.6046 seconds
[2020.01.02-16.31.41:487][  3]LogCollectionManager: Rebuilt the object cache for 0 collections in 0.000001 seconds (found 0 objects)
[2020.01.02-16.31.41:487][  3]LogCollectionManager: Fixed up redirectors for 0 collections in 0.002921 seconds (updated 0 objects)
[2020.01.02-16.32.04:922][ 74]LogSlate: Window 'Message Log' being destroyed
[2020.01.02-16.32.04:926][ 74]LogSlate: Window 'Message Log' being destroyed
[2020.01.02-16.32.06:321][150]LogSlate: FSceneViewport::OnFocusLost() reason 0
[2020.01.02-16.32.06:467][164]LogUObjectHash: Compacting FUObjectHashTables data took   0.84ms
[2020.01.02-16.32.06:585][164]LogSlate: Window 'Hakunamatata 4.22 - Unreal Editor' being destroyed
[2020.01.02-16.32.06:586][164]LogWindowsTextInputMethodSystem: Display: IME system now deactivated.
[2020.01.02-16.32.07:029][165]Cmd: QUIT_EDITOR
[2020.01.02-16.32.07:276][165]LogExit: Preparing to exit.
[2020.01.02-16.32.08:825][165]LogExit: Editor shut down
[2020.01.02-16.32.08:826][165]LogExit: Transaction tracking system shut down
[2020.01.02-16.32.10:498][165]LogExit: Object subsystem successfully closed.
[2020.01.02-16.32.10:608][165]LogShaderCompilers: Display: Shaders left to compile 0
[2020.01.02-16.32.10:618][165]LogD3D11RHI: Shutdown
[2020.01.02-16.32.10:618][165]LogD3D11RHI: CleanupD3DDevice
[2020.01.02-16.32.10:618][165]LogRendererCore: FGlobalReadBuffer::ReleaseRHI
[2020.01.02-16.32.10:619][165]LogRendererCore: FGlobalDynamicReadBuffer::Cleanup()
[2020.01.02-16.32.10:619][165]LogRendererCore: FGlobalReadBuffer::ReleaseRHI
[2020.01.02-16.32.10:619][165]LogRendererCore: FGlobalDynamicReadBuffer::Cleanup()
[2020.01.02-16.32.10:619][165]LogRendererCore: FGlobalReadBuffer::ReleaseRHI
[2020.01.02-16.32.10:619][165]LogRendererCore: FGlobalDynamicReadBuffer::Cleanup()
[2020.01.02-16.32.10:710][165]LogD3D11RHI: ~FD3D11DynamicRHI
[2020.01.02-16.32.12:018][165]LogModuleManager: Shutting down and abandoning module HierarchicalLODOutliner (646)
[2020.01.02-16.32.12:018][165]LogModuleManager: Shutting down and abandoning module SceneOutliner (644)
[2020.01.02-16.32.12:018][165]LogModuleManager: Shutting down and abandoning module AddContentDialog (642)
[2020.01.02-16.32.12:062][165]LogModuleManager: Shutting down and abandoning module WidgetCarousel (641)
[2020.01.02-16.32.12:062][165]LogModuleManager: Shutting down and abandoning module EditorWidgets (638)
[2020.01.02-16.32.12:062][165]LogModuleManager: Shutting down and abandoning module CollectionManager (636)
[2020.01.02-16.32.12:074][165]LogModuleManager: Shutting down and abandoning module StatsViewer (634)
[2020.01.02-16.32.12:080][165]LogModuleManager: Shutting down and abandoning module FoliageEdit (632)
[2020.01.02-16.32.12:080][165]LogModuleManager: Shutting down and abandoning module LandscapeEditor (630)
[2020.01.02-16.32.12:130][165]LogModuleManager: Shutting down and abandoning module MeshPaintMode (628)
[2020.01.02-16.32.12:133][165]LogModuleManager: Shutting down and abandoning module SceneDepthPickerMode (626)
[2020.01.02-16.32.12:133][165]LogModuleManager: Shutting down and abandoning module ActorPickerMode (624)
[2020.01.02-16.32.12:133][165]LogModuleManager: Shutting down and abandoning module GeometryMode (622)
[2020.01.02-16.32.12:153][165]LogModuleManager: Shutting down and abandoning module TextureAlignMode (620)
[2020.01.02-16.32.12:153][165]LogModuleManager: Shutting down and abandoning module BspMode (618)
[2020.01.02-16.32.12:153][165]LogModuleManager: Shutting down and abandoning module PIEPreviewDeviceProfileSelector (616)
[2020.01.02-16.32.12:161][165]LogModuleManager: Shutting down and abandoning module SequenceRecorderSections (614)
[2020.01.02-16.32.12:161][165]LogModuleManager: Shutting down and abandoning module AutomationWorker (612)
[2020.01.02-16.32.12:161][165]LogModuleManager: Shutting down and abandoning module OculusMR (610)
[2020.01.02-16.32.12:161][165]LogModuleManager: Shutting down and abandoning module AudioCaptureEditor (608)
[2020.01.02-16.32.12:161][165]LogModuleManager: Shutting down and abandoning module MatineeToLevelSequence (606)
[2020.01.02-16.32.12:176][165]LogModuleManager: Shutting down and abandoning module LevelSequenceEditor (604)
[2020.01.02-16.32.12:196][165]LogModuleManager: Shutting down and abandoning module PlacementMode (603)
[2020.01.02-16.32.12:196][165]LogModuleManager: Shutting down and abandoning module MaterialEditor (602)
[2020.01.02-16.32.12:229][165]LogModuleManager: Shutting down and abandoning module ActorSequenceEditor (598)
[2020.01.02-16.32.12:251][165]LogModuleManager: Shutting down and abandoning module WmfMediaFactory (596)
[2020.01.02-16.32.12:251][165]LogModuleManager: Shutting down and abandoning module WmfMediaEditor (594)
[2020.01.02-16.32.12:251][165]LogModuleManager: Shutting down and abandoning module WebMMediaFactory (592)
[2020.01.02-16.32.12:254][165]LogModuleManager: Shutting down and abandoning module WebMMediaEditor (590)
[2020.01.02-16.32.12:254][165]LogModuleManager: Shutting down and abandoning module WebMMedia (588)
[2020.01.02-16.32.12:258][165]LogModuleManager: Shutting down and abandoning module MediaPlayerEditor (586)
[2020.01.02-16.32.12:261][165]LogModuleManager: Shutting down and abandoning module MediaCompositingEditor (584)
[2020.01.02-16.32.12:262][165]LogModuleManager: Shutting down and abandoning module SequenceRecorder (583)
[2020.01.02-16.32.12:262][165]LogModuleManager: Shutting down and abandoning module OpenExrWrapper (580)
[2020.01.02-16.32.12:262][165]LogModuleManager: Shutting down and abandoning module ImgMediaFactory (578)
[2020.01.02-16.32.12:262][165]LogModuleManager: Shutting down and abandoning module ImgMediaEditor (576)
[2020.01.02-16.32.12:269][165]LogModuleManager: Shutting down and abandoning module AvfMediaFactory (574)
[2020.01.02-16.32.12:269][165]LogModuleManager: Shutting down and abandoning module AvfMediaEditor (572)
[2020.01.02-16.32.12:269][165]LogModuleManager: Shutting down and abandoning module AndroidMediaFactory (570)
[2020.01.02-16.32.12:269][165]LogModuleManager: Shutting down and abandoning module AndroidMediaEditor (568)
[2020.01.02-16.32.12:269][165]LogModuleManager: Shutting down and abandoning module MagicLeapCameraPreviewFactory (566)
[2020.01.02-16.32.12:269][165]LogModuleManager: Shutting down and abandoning module MagicLeapMediaCodecFactory (564)
[2020.01.02-16.32.12:273][165]LogModuleManager: Shutting down and abandoning module MagicLeapMediaFactory (562)
[2020.01.02-16.32.12:274][165]LogModuleManager: Shutting down and abandoning module MagicLeapMediaEditor (560)
[2020.01.02-16.32.12:274][165]LogModuleManager: Shutting down and abandoning module CharacterAI (558)
[2020.01.02-16.32.12:274][165]LogModuleManager: Shutting down and abandoning module SmartSnapping (556)
[2020.01.02-16.32.12:282][165]LogModuleManager: Shutting down and abandoning module SessionServices (554)
[2020.01.02-16.32.12:282][165]LogModuleManager: Shutting down and abandoning module MeshPaint (552)
[2020.01.02-16.32.12:287][165]LogModuleManager: Shutting down and abandoning module ViewportSnapping (550)
[2020.01.02-16.32.12:287][165]LogModuleManager: Shutting down and abandoning module ViewportInteraction (548)
[2020.01.02-16.32.12:287][165]LogModuleManager: Shutting down and abandoning module ClothPainter (546)
[2020.01.02-16.32.12:308][165]LogModuleManager: Shutting down and abandoning module SkeletalMeshEditor (545)
[2020.01.02-16.32.12:332][165]LogModuleManager: Shutting down and abandoning module LogVisualizer (542)
[2020.01.02-16.32.12:346][165]LogModuleManager: Shutting down and abandoning module IntroTutorials (540)
[2020.01.02-16.32.12:365][165]LogModuleManager: Shutting down and abandoning module GameProjectGeneration (539)
[2020.01.02-16.32.12:382][165]LogModuleManager: Shutting down and abandoning module LuminPlatformEditor (536)
[2020.01.02-16.32.12:382][165]LogModuleManager: Shutting down and abandoning module IOSPlatformEditor (534)
[2020.01.02-16.32.12:392][165]LogModuleManager: Shutting down and abandoning module HTML5PlatformEditor (532)
[2020.01.02-16.32.12:392][165]LogModuleManager: Shutting down and abandoning module AndroidPlatformEditor (530)
[2020.01.02-16.32.12:392][165]LogModuleManager: Shutting down and abandoning module AndroidDeviceDetection (529)
[2020.01.02-16.32.13:457][165]LogModuleManager: Shutting down and abandoning module WindowsPlatformEditor (526)
[2020.01.02-16.32.13:457][165]LogModuleManager: Shutting down and abandoning module LuminRuntimeSettings (524)
[2020.01.02-16.32.13:457][165]LogModuleManager: Shutting down and abandoning module IOSRuntimeSettings (522)
[2020.01.02-16.32.13:457][165]LogModuleManager: Shutting down and abandoning module AndroidRuntimeSettings (520)
[2020.01.02-16.32.13:457][165]LogModuleManager: Shutting down and abandoning module TimeManagementEditor (518)
[2020.01.02-16.32.13:457][165]LogModuleManager: Shutting down and abandoning module InputBindingEditor (516)
[2020.01.02-16.32.13:479][165]LogModuleManager: Shutting down and abandoning module MergeActors (514)
[2020.01.02-16.32.13:484][165]LogModuleManager: Shutting down and abandoning module LocalizationDashboard (512)
[2020.01.02-16.32.13:496][165]LogModuleManager: Shutting down and abandoning module LocalizationService (511)
[2020.01.02-16.32.13:497][165]LogModuleManager: Shutting down and abandoning module HardwareTargeting (508)
[2020.01.02-16.32.13:497][165]LogModuleManager: Shutting down and abandoning module DeviceProfileEditor (506)
[2020.01.02-16.32.13:512][165]LogModuleManager: Shutting down and abandoning module UndoHistory (504)
[2020.01.02-16.32.13:514][165]LogModuleManager: Shutting down and abandoning module XmlParser (502)
[2020.01.02-16.32.13:517][165]LogModuleManager: Shutting down and abandoning module Blutility (500)
[2020.01.02-16.32.13:517][165]LogModuleManager: Shutting down and abandoning module ProjectSettingsViewer (498)
[2020.01.02-16.32.13:522][165]LogModuleManager: Shutting down and abandoning module ProjectTargetPlatformEditor (497)
[2020.01.02-16.32.13:523][165]LogModuleManager: Shutting down and abandoning module EditorSettingsViewer (494)
[2020.01.02-16.32.13:532][165]LogModuleManager: Shutting down and abandoning module SettingsEditor (492)
[2020.01.02-16.32.13:542][165]LogModuleManager: Shutting down and abandoning module ProjectLauncher (490)
[2020.01.02-16.32.13:561][165]LogModuleManager: Shutting down and abandoning module SessionFrontend (488)
[2020.01.02-16.32.13:573][165]LogModuleManager: Shutting down and abandoning module ProfilerClient (486)
[2020.01.02-16.32.13:589][165]LogModuleManager: Shutting down and abandoning module DeviceManager (484)
[2020.01.02-16.32.13:603][165]LogModuleManager: Shutting down and abandoning module TargetDeviceServices (483)
[2020.01.02-16.32.13:647][165]LogModuleManager: Shutting down and abandoning module AutomationController (480)
[2020.01.02-16.32.13:652][165]LogModuleManager: Shutting down and abandoning module AutomationWindow (478)
[2020.01.02-16.32.13:658][165]LogModuleManager: Shutting down and abandoning module Layers (476)
[2020.01.02-16.32.13:672][165]LogModuleManager: Shutting down and abandoning module ComponentVisualizers (474)
[2020.01.02-16.32.13:672][165]LogModuleManager: Shutting down and abandoning module DetailCustomizations (472)
[2020.01.02-16.32.13:682][165]LogModuleManager: Shutting down and abandoning module PackagesDialog (470)
[2020.01.02-16.32.13:682][165]LogModuleManager: Shutting down and abandoning module AnimationBlueprintEditor (468)
[2020.01.02-16.32.13:708][165]LogModuleManager: Shutting down and abandoning module Persona (466)
[2020.01.02-16.32.13:724][165]LogModuleManager: Shutting down and abandoning module AdvancedPreviewScene (465)
[2020.01.02-16.32.13:724][165]LogModuleManager: Shutting down and abandoning module AnimGraph (463)
[2020.01.02-16.32.13:724][165]LogModuleManager: Shutting down and abandoning module Kismet (460)
[2020.01.02-16.32.13:750][165]LogModuleManager: Shutting down and abandoning module GraphEditor (458)
[2020.01.02-16.32.13:776][165]LogModuleManager: Shutting down and abandoning module ClassViewer (456)
[2020.01.02-16.32.13:776][165]LogModuleManager: Shutting down and abandoning module Toolbox (454)
[2020.01.02-16.32.13:778][165]LogModuleManager: Shutting down and abandoning module ModuleUI (452)
[2020.01.02-16.32.13:782][165]LogModuleManager: Shutting down and abandoning module MovieSceneTools (450)
[2020.01.02-16.32.13:790][165]LogModuleManager: Shutting down and abandoning module OutputLog (448)
[2020.01.02-16.32.13:797][165]LogModuleManager: Shutting down and abandoning module GammaUI (446)
[2020.01.02-16.32.13:807][165]LogModuleManager: Shutting down and abandoning module Documentation (444)
[2020.01.02-16.32.13:807][165]LogModuleManager: Shutting down and abandoning module LiveCoding (442)
[2020.01.02-16.32.13:812][165]LogModuleManager: Shutting down and abandoning module LevelSequence (440)
[2020.01.02-16.32.13:812][165]LogModuleManager: Shutting down and abandoning module MovieSceneTracks (438)
[2020.01.02-16.32.13:812][165]LogModuleManager: Shutting down and abandoning module MovieScene (436)
[2020.01.02-16.32.13:815][165]LogModuleManager: Shutting down and abandoning module StreamingPauseRendering (434)
[2020.01.02-16.32.13:819][165]LogModuleManager: Shutting down and abandoning module LauncherPlatform (432)
[2020.01.02-16.32.13:819][165]LogModuleManager: Shutting down and abandoning module AnalyticsET (430)
[2020.01.02-16.32.13:819][165]LogModuleManager: Shutting down and abandoning module PortalServices (428)
[2020.01.02-16.32.13:819][165]LogModuleManager: Shutting down and abandoning module PortalRpc (426)
[2020.01.02-16.32.13:819][165]LogModuleManager: Shutting down and abandoning module MessagingRpc (424)
[2020.01.02-16.32.13:819][165]LogModuleManager: Shutting down and abandoning module AIModule (422)
[2020.01.02-16.32.13:822][165]LogModuleManager: Shutting down and abandoning module GameplayDebugger (421)
[2020.01.02-16.32.13:822][165]LogModuleManager: Shutting down and abandoning module AITestSuite (419)
[2020.01.02-16.32.13:830][165]LogModuleManager: Shutting down and abandoning module NavigationSystem (417)
[2020.01.02-16.32.13:830][165]LogModuleManager: Shutting down and abandoning module DesktopPlatform (414)
[2020.01.02-16.32.13:830][165]LogModuleManager: Shutting down and abandoning module ImageWriteQueue (412)
[2020.01.02-16.32.13:833][165]LogModuleManager: Shutting down and abandoning module ProfilerService (410)
[2020.01.02-16.32.14:078][165]LogModuleManager: Shutting down and abandoning module TaskGraph (408)
[2020.01.02-16.32.14:087][165]LogModuleManager: Shutting down and abandoning module SteamVRController (406)
[2020.01.02-16.32.14:087][165]LogModuleManager: Shutting down and abandoning module ProceduralMeshComponentEditor (404)
[2020.01.02-16.32.14:099][165]LogModuleManager: Shutting down and abandoning module ProceduralMeshComponent (402)
[2020.01.02-16.32.14:105][165]LogModuleManager: Shutting down and abandoning module OculusEditor (400)
[2020.01.02-16.32.14:120][165]LogModuleManager: Shutting down and abandoning module OculusInput (398)
[2020.01.02-16.32.14:120][165]LogModuleManager: Shutting down and abandoning module MobilePatchingUtils (396)
[2020.01.02-16.32.14:120][165]LogModuleManager: Shutting down and abandoning module EditableMesh (394)
[2020.01.02-16.32.14:129][165]LogModuleManager: Shutting down and abandoning module CustomMeshComponent (392)
[2020.01.02-16.32.14:129][165]LogModuleManager: Shutting down and abandoning module CableComponent (390)
[2020.01.02-16.32.14:129][165]LogModuleManager: Shutting down and abandoning module AudioCapture (388)
[2020.01.02-16.32.14:129][165]LogModuleManager: Shutting down and abandoning module ArchVisCharacter (386)
[2020.01.02-16.32.14:129][165]LogModuleManager: Shutting down and abandoning module AndroidPermission (384)
[2020.01.02-16.32.14:129][165]LogModuleManager: Shutting down and abandoning module NUTUnrealEngine4 (382)
[2020.01.02-16.32.14:129][165]LogModuleManager: Shutting down and abandoning module NetcodeUnitTest (380)
[2020.01.02-16.32.14:153][165]LogModuleManager: Shutting down and abandoning module MediaCompositing (378)
[2020.01.02-16.32.14:153][165]LogModuleManager: Shutting down and abandoning module LinearTimecode (376)
[2020.01.02-16.32.14:154][165]LogModuleManager: Shutting down and abandoning module ImgMedia (374)
[2020.01.02-16.32.14:154][165]LogModuleManager: Shutting down and abandoning module DirGravity (372)
[2020.01.02-16.32.14:154][165]LogModuleManager: Shutting down and abandoning module MagicLeapHelperVulkan (370)
[2020.01.02-16.32.14:154][165]LogModuleManager: Shutting down and abandoning module MagicLeapHelperOpenGL (368)
[2020.01.02-16.32.14:154][165]LogModuleManager: Shutting down and abandoning module MagicLeapAudio (366)
[2020.01.02-16.32.14:164][165]LogModuleManager: Shutting down and abandoning module HTML5Networking (364)
[2020.01.02-16.32.14:164][165]LogModuleManager: Shutting down and abandoning module GeometryCacheTracks (362)
[2020.01.02-16.32.14:164][165]LogModuleManager: Shutting down and abandoning module GeometryCacheSequencer (360)
[2020.01.02-16.32.14:165][165]LogModuleManager: Shutting down and abandoning module BackChannel (358)
[2020.01.02-16.32.14:175][165]LogModuleManager: Shutting down and abandoning module AppleVision (356)
[2020.01.02-16.32.14:175][165]LogModuleManager: Shutting down and abandoning module AppleImageUtilsBlueprintSupport (354)
[2020.01.02-16.32.14:175][165]LogModuleManager: Shutting down and abandoning module AppleImageUtils (352)
[2020.01.02-16.32.14:175][165]LogModuleManager: Shutting down and abandoning module AlembicImporter (350)
[2020.01.02-16.32.14:175][165]LogModuleManager: Shutting down and abandoning module AlembicLibrary (349)
[2020.01.02-16.32.14:175][165]LogModuleManager: Shutting down and abandoning module GeometryCache (348)
[2020.01.02-16.32.14:176][165]LogModuleManager: Shutting down and abandoning module GeometryCacheEd (347)
[2020.01.02-16.32.14:176][165]LogModuleManager: Shutting down and abandoning module VariantManagerContent (342)
[2020.01.02-16.32.14:176][165]LogModuleManager: Shutting down and abandoning module DatasmithContentEditor (340)
[2020.01.02-16.32.14:179][165]LogModuleManager: Shutting down and abandoning module SpeedTreeImporter (338)
[2020.01.02-16.32.14:179][165]LogModuleManager: Shutting down and abandoning module PluginBrowser (336)
[2020.01.02-16.32.14:192][165]LogModuleManager: Shutting down and abandoning module MobileLauncherProfileWizard (334)
[2020.01.02-16.32.14:195][165]LogModuleManager: Shutting down and abandoning module MaterialAnalyzer (332)
[2020.01.02-16.32.14:206][165]LogModuleManager: Shutting down and abandoning module CryptoKeysOpenSSL (330)
[2020.01.02-16.32.14:206][165]LogModuleManager: Shutting down and abandoning module CryptoKeys (328)
[2020.01.02-16.32.14:206][165]LogModuleManager: Shutting down and abandoning module VisualStudioSourceCodeAccess (326)
[2020.01.02-16.32.14:215][165]LogModuleManager: Shutting down and abandoning module VisualStudioCodeSourceCodeAccess (324)
[2020.01.02-16.32.14:215][165]LogModuleManager: Shutting down and abandoning module UObjectPlugin (322)
[2020.01.02-16.32.14:215][165]LogModuleManager: Shutting down and abandoning module SubversionSourceControl (320)
[2020.01.02-16.32.14:227][165]LogModuleManager: Shutting down and abandoning module PerforceSourceControl (318)
[2020.01.02-16.32.14:258][165]LogModuleManager: Shutting down and abandoning module GitSourceControl (316)
[2020.01.02-16.32.14:266][165]LogModuleManager: Shutting down and abandoning module SourceControl (315)
[2020.01.02-16.32.14:293][165]LogModuleManager: Shutting down and abandoning module CLionSourceCodeAccess (312)
[2020.01.02-16.32.14:293][165]LogModuleManager: Shutting down and abandoning module AnimationSharingEd (310)
[2020.01.02-16.32.14:293][165]LogModuleManager: Shutting down and abandoning module ActorLayerUtilitiesEditor (308)
[2020.01.02-16.32.14:305][165]LogModuleManager: Shutting down and abandoning module ActorLayerUtilities (306)
[2020.01.02-16.32.14:305][165]LogModuleManager: Shutting down and abandoning module LightPropagationVolumeEditor (304)
[2020.01.02-16.32.14:310][165]LogModuleManager: Shutting down and abandoning module PaperTiledImporter (302)
[2020.01.02-16.32.14:310][165]LogModuleManager: Shutting down and abandoning module PaperSpriteSheetImporter (300)
[2020.01.02-16.32.14:310][165]LogModuleManager: Shutting down and abandoning module Paper2DEditor (298)
[2020.01.02-16.32.14:322][165]LogModuleManager: Shutting down and abandoning module SignificanceManager (296)
[2020.01.02-16.32.14:322][165]LogModuleManager: Shutting down and abandoning module RuntimePhysXCooking (294)
[2020.01.02-16.32.14:323][165]LogModuleManager: Shutting down and abandoning module PhysXVehiclesEditor (292)
[2020.01.02-16.32.14:327][165]LogModuleManager: Shutting down and abandoning module PhysXVehicles (290)
[2020.01.02-16.32.14:327][165]LogModuleManager: Shutting down and abandoning module LocationServicesBPLibrary (288)
[2020.01.02-16.32.14:327][165]LogModuleManager: Shutting down and abandoning module ActorSequence (286)
[2020.01.02-16.32.14:327][165]LogModuleManager: Shutting down and abandoning module UdpMessaging (284)
[2020.01.02-16.32.14:428][165]LogModuleManager: Shutting down and abandoning module TcpMessaging (282)
[2020.01.02-16.32.14:537][165]LogModuleManager: Shutting down and abandoning module DonAINavigation (280)
[2020.01.02-16.32.14:537][165]LogModuleManager: Shutting down and abandoning module MagicLeapIdentity (278)
[2020.01.02-16.32.14:537][165]LogModuleManager: Shutting down and abandoning module MagicLeapSecureStorage (276)
[2020.01.02-16.32.14:537][165]LogModuleManager: Shutting down and abandoning module MagicLeapHandTracking (274)
[2020.01.02-16.32.14:543][165]LogModuleManager: Shutting down and abandoning module MagicLeapEyeTracker (272)
[2020.01.02-16.32.14:543][165]LogModuleManager: Shutting down and abandoning module MagicLeapController (270)
[2020.01.02-16.32.14:555][165]LogSlate: Slate User Destroyed.  User Index 0, Is Virtual User: 0
[2020.01.02-16.32.14:555][165]LogModuleManager: Shutting down and abandoning module MagicLeapAR (268)
[2020.01.02-16.32.14:555][165]LogModuleManager: Shutting down and abandoning module AugmentedReality (267)
[2020.01.02-16.32.14:555][165]LogModuleManager: Shutting down and abandoning module GameplayTagsEditor (264)
[2020.01.02-16.32.14:561][165]LogModuleManager: Shutting down and abandoning module FacialAnimationEditor (262)
[2020.01.02-16.32.14:561][165]LogModuleManager: Shutting down and abandoning module FacialAnimation (260)
[2020.01.02-16.32.14:561][165]LogModuleManager: Shutting down and abandoning module DataValidation (258)
[2020.01.02-16.32.14:561][165]LogModuleManager: Shutting down and abandoning module AssetManagerEditor (256)
[2020.01.02-16.32.14:568][165]LogModuleManager: Shutting down and abandoning module LevelEditor (255)
[2020.01.02-16.32.14:577][165]LogModuleManager: Shutting down and abandoning module PixelInspectorModule (254)
[2020.01.02-16.32.14:581][165]LogModuleManager: Shutting down and abandoning module CommonMenuExtensions (252)
[2020.01.02-16.32.14:581][165]LogModuleManager: Shutting down and abandoning module MainFrame (250)
[2020.01.02-16.32.14:581][165]LogModuleManager: Shutting down and abandoning module HotReload (249)
[2020.01.02-16.32.14:581][165]LogModuleManager: Shutting down and abandoning module ContentBrowser (245)
[2020.01.02-16.32.14:582][165]LogModuleManager: Shutting down and abandoning module TreeMap (243)
[2020.01.02-16.32.14:585][165]LogModuleManager: Shutting down and abandoning module AnimationSharing (240)
[2020.01.02-16.32.14:585][165]LogModuleManager: Shutting down and abandoning module LightPropagationVolumeRuntime (238)
[2020.01.02-16.32.14:585][165]LogModuleManager: Shutting down and abandoning module AISupportModule (236)
[2020.01.02-16.32.14:585][165]LogModuleManager: Shutting down and abandoning module Paper2D (234)
[2020.01.02-16.32.14:590][165]LogModuleManager: Shutting down and abandoning module WindowsMoviePlayer (232)
[2020.01.02-16.32.14:598][165]LogModuleManager: Shutting down and abandoning module WebMMoviePlayer (230)
[2020.01.02-16.32.14:612][165]LogModuleManager: Shutting down and abandoning module PacketHandler (228)
[2020.01.02-16.32.14:612][165]LogModuleManager: Shutting down and abandoning module ClothingSystemEditor (226)
[2020.01.02-16.32.14:612][165]LogModuleManager: Shutting down and abandoning module ClothingSystemRuntime (224)
[2020.01.02-16.32.14:630][165]LogModuleManager: Shutting down and abandoning module MediaAssets (222)
[2020.01.02-16.32.14:630][165]LogModuleManager: Shutting down and abandoning module Overlay (220)
[2020.01.02-16.32.14:630][165]LogModuleManager: Shutting down and abandoning module OverlayEditor (219)
[2020.01.02-16.32.14:630][165]LogModuleManager: Shutting down and abandoning module VREditor (216)
[2020.01.02-16.32.14:636][165]LogModuleManager: Shutting down and abandoning module StringTableEditor (214)
[2020.01.02-16.32.14:645][165]LogModuleManager: Shutting down and abandoning module GameplayTasksEditor (212)
[2020.01.02-16.32.14:645][165]LogModuleManager: Shutting down and abandoning module BehaviorTreeEditor (210)
[2020.01.02-16.32.14:677][165]LogModuleManager: Shutting down and abandoning module FunctionalTesting (208)
[2020.01.02-16.32.14:684][165]LogModuleManager: Shutting down and abandoning module CollisionAnalyzer (206)
[2020.01.02-16.32.14:730][165]LogModuleManager: Shutting down and abandoning module WorkspaceMenuStructure (205)
[2020.01.02-16.32.14:781][165]LogModuleManager: Shutting down and abandoning module UMG (202)
[2020.01.02-16.32.14:785][165]LogModuleManager: Shutting down and abandoning module UMGEditor (201)
[2020.01.02-16.32.14:796][165]LogModuleManager: Shutting down and abandoning module Sequencer (200)
[2020.01.02-16.32.14:841][165]LogModuleManager: Shutting down and abandoning module MessageLog (197)
[2020.01.02-16.32.14:841][165]LogModuleManager: Shutting down and abandoning module SlateReflector (192)
[2020.01.02-16.32.14:856][165]LogModuleManager: Shutting down and abandoning module Slate (190)
[2020.01.02-16.32.14:856][165]LogModuleManager: Shutting down and abandoning module EditorStyle (188)
[2020.01.02-16.32.14:874][165]LogModuleManager: Shutting down and abandoning module UnrealEd (186)
[2020.01.02-16.32.14:874][165]LogModuleManager: Shutting down and abandoning module MRMesh (184)
[2020.01.02-16.32.14:874][165]LogModuleManager: Shutting down and abandoning module SourceCodeAccess (182)
[2020.01.02-16.32.14:874][165]LogModuleManager: Shutting down and abandoning module HeadMountedDisplay (180)
[2020.01.02-16.32.14:874][165]LogModuleManager: Shutting down and abandoning module XAudio2 (178)
[2020.01.02-16.32.14:874][165]LogModuleManager: Shutting down and abandoning module Networking (176)
[2020.01.02-16.32.14:874][165]LogModuleManager: Shutting down and abandoning module Core (174)
[2020.01.02-16.32.14:874][165]LogModuleManager: Shutting down and abandoning module KismetCompiler (172)
[2020.01.02-16.32.14:874][165]LogModuleManager: Shutting down and abandoning module MeshUtilities (170)
[2020.01.02-16.32.14:874][165]LogModuleManager: Shutting down and abandoning module MeshMergeUtilities (169)
[2020.01.02-16.32.14:874][165]LogModuleManager: Shutting down and abandoning module MeshReductionInterface (168)
[2020.01.02-16.32.14:874][165]LogModuleManager: Shutting down and abandoning module SkeletalMeshReduction (167)
[2020.01.02-16.32.14:884][165]LogModuleManager: Shutting down and abandoning module ProxyLODMeshReduction (165)
[2020.01.02-16.32.14:895][165]LogModuleManager: Shutting down and abandoning module QuadricMeshReduction (163)
[2020.01.02-16.32.14:900][165]LogModuleManager: Shutting down and abandoning module MaterialBaking (159)
[2020.01.02-16.32.14:908][165]LogModuleManager: Shutting down and abandoning module DerivedDataCache (154)
[2020.01.02-16.32.15:293][165]LogDerivedDataCache: Shutdown
[2020.01.02-16.32.15:293][165]LogModuleManager: Shutting down and abandoning module XGEController (152)
[2020.01.02-16.32.15:298][165]LogXGEController: Cleaning working directory: C:/Users/Carlos Luís Lito Meh/AppData/Local/Temp/UnrealXGEWorkingDir/
[2020.01.02-16.32.15:298][165]LogModuleManager: Shutting down and abandoning module TargetPlatform (150)
[2020.01.02-16.32.15:309][165]LogModuleManager: Shutting down and abandoning module VulkanShaderFormat (149)
[2020.01.02-16.32.15:316][165]LogModuleManager: Shutting down and abandoning module ShaderFormatVectorVM (147)
[2020.01.02-16.32.15:319][165]LogModuleManager: Shutting down and abandoning module ShaderFormatOpenGL (145)
[2020.01.02-16.32.15:323][165]LogModuleManager: Shutting down and abandoning module ShaderFormatD3D (143)
[2020.01.02-16.32.15:332][165]LogModuleManager: Shutting down and abandoning module MetalShaderFormat (141)
[2020.01.02-16.32.15:339][165]LogModuleManager: Shutting down and abandoning module TextureFormatUncompressed (139)
[2020.01.02-16.32.15:339][165]LogModuleManager: Shutting down and abandoning module TextureFormatPVR (137)
[2020.01.02-16.32.15:339][165]LogModuleManager: Shutting down and abandoning module TextureFormatDXT (135)
[2020.01.02-16.32.15:347][165]LogModuleManager: Shutting down and abandoning module TextureFormatIntelISPCTexComp (133)
[2020.01.02-16.32.15:347][165]LogModuleManager: Shutting down and abandoning module TextureFormatASTC (131)
[2020.01.02-16.32.15:347][165]LogModuleManager: Shutting down and abandoning module ImageWrapper (130)
[2020.01.02-16.32.15:347][165]LogModuleManager: Shutting down and abandoning module TextureFormatAndroid (127)
[2020.01.02-16.32.15:347][165]LogModuleManager: Shutting down and abandoning module AudioFormatOpus (125)
[2020.01.02-16.32.15:348][165]LogModuleManager: Shutting down and abandoning module AudioFormatOgg (123)
[2020.01.02-16.32.15:348][165]LogModuleManager: Shutting down and abandoning module AudioFormatADPCM (121)
[2020.01.02-16.32.15:356][165]LogModuleManager: Shutting down and abandoning module LuminTargetPlatform (119)
[2020.01.02-16.32.15:362][165]LogModuleManager: Shutting down and abandoning module LinuxTargetPlatform (117)
[2020.01.02-16.32.15:362][165]LogModuleManager: Shutting down and abandoning module LinuxServerTargetPlatform (115)
[2020.01.02-16.32.15:368][165]LogModuleManager: Shutting down and abandoning module LinuxNoEditorTargetPlatform (113)
[2020.01.02-16.32.15:368][165]LogModuleManager: Shutting down and abandoning module LinuxClientTargetPlatform (111)
[2020.01.02-16.32.15:368][165]LogModuleManager: Shutting down and abandoning module TVOSTargetPlatform (109)
[2020.01.02-16.32.15:369][165]LogModuleManager: Shutting down and abandoning module Messaging (107)
[2020.01.02-16.32.15:369][165]LogModuleManager: Shutting down and abandoning module IOSTargetPlatform (105)
[2020.01.02-16.32.15:370][165]LogModuleManager: Shutting down and abandoning module HTML5TargetPlatform (103)
[2020.01.02-16.32.15:370][165]LogModuleManager: Shutting down and abandoning module AndroidTargetPlatform (101)
[2020.01.02-16.32.15:376][165]LogModuleManager: Shutting down and abandoning module WindowsTargetPlatform (99)
[2020.01.02-16.32.15:376][165]LogModuleManager: Shutting down and abandoning module WindowsServerTargetPlatform (97)
[2020.01.02-16.32.15:376][165]LogModuleManager: Shutting down and abandoning module WindowsNoEditorTargetPlatform (95)
[2020.01.02-16.32.15:376][165]LogModuleManager: Shutting down and abandoning module WindowsClientTargetPlatform (93)
[2020.01.02-16.32.15:376][165]LogModuleManager: Shutting down and abandoning module MacTargetPlatform (91)
[2020.01.02-16.32.15:376][165]LogModuleManager: Shutting down and abandoning module MacServerTargetPlatform (89)
[2020.01.02-16.32.15:376][165]LogModuleManager: Shutting down and abandoning module MacNoEditorTargetPlatform (87)
[2020.01.02-16.32.15:376][165]LogModuleManager: Shutting down and abandoning module MacClientTargetPlatform (85)
[2020.01.02-16.32.15:376][165]LogModuleManager: Shutting down and abandoning module AllDesktopTargetPlatform (83)
[2020.01.02-16.32.15:376][165]LogModuleManager: Shutting down and abandoning module InputCore (80)
[2020.01.02-16.32.15:376][165]LogModuleManager: Shutting down and abandoning module Settings (78)
[2020.01.02-16.32.15:376][165]LogModuleManager: Shutting down and abandoning module DirectoryWatcher (76)
[2020.01.02-16.32.15:376][165]LogModuleManager: Shutting down and abandoning module PhysXCooking (74)
[2020.01.02-16.32.15:376][165]LogModuleManager: Shutting down and abandoning module SteamVR (72)
[2020.01.02-16.32.15:386][165]LogHMD: Freeing OpenVRDLLHandle.
[2020.01.02-16.32.15:387][165]LogModuleManager: Shutting down and abandoning module OculusHMD (70)
[2020.01.02-16.32.15:395][165]LogModuleManager: Shutting down and abandoning module ExampleDeviceProfileSelector (68)
[2020.01.02-16.32.15:395][165]LogModuleManager: Shutting down and abandoning module LauncherChunkInstaller (66)
[2020.01.02-16.32.15:395][165]LogModuleManager: Shutting down and abandoning module OnlineBlueprintSupport (64)
[2020.01.02-16.32.15:395][165]LogModuleManager: Shutting down and abandoning module OnlineSubsystem (60)
[2020.01.02-16.32.15:413][165]LogModuleManager: Shutting down and abandoning module XMPP (55)
[2020.01.02-16.32.15:444][165]LogModuleManager: Shutting down and abandoning module WebSockets (54)
[2020.01.02-16.32.15:490][165]LogModuleManager: Shutting down and abandoning module HTTP (51)
[2020.01.02-16.32.15:490][165]LogHttp: Display: Http module shutting down, but needs to wait on 1 outstanding Http requests:
[2020.01.02-16.32.15:490][165]LogHttp: Display: 	verb=[POST] url=[https://datarouter.ol.epicgames.com/datarouter/api/v1/public/data?SessionID=%7B295770C7-4C89-F30D-79AF-FE80ECAF9A78%7D&AppID=UEEditor.Rocket.Release&AppVersion=4.22.3-7053642%2B%2B%2BUE4%2BRelease-4.22&UserID=865f7f8b4c7ceecdb8bc76b771fbabe9%7C6ee35eb595604b118b4e2606da26efc4%7Cca4c1095-2508-42ef-8c44-cc9253e0354c&AppEnvironment=datacollector-binary&UploadType=eteventstream] status=Processing
[2020.01.02-16.32.15:512][165]LogModuleManager: Shutting down and abandoning module SSL (50)
[2020.01.02-16.32.15:515][165]LogModuleManager: Shutting down and abandoning module WmfMedia (46)
[2020.01.02-16.32.15:525][165]LogModuleManager: Shutting down and abandoning module Media (45)
[2020.01.02-16.32.15:531][165]LogModuleManager: Shutting down and abandoning module MagicLeap (42)
[2020.01.02-16.32.15:543][165]LogModuleManager: Shutting down and abandoning module DatasmithContent (40)
[2020.01.02-16.32.15:543][165]LogModuleManager: Shutting down and abandoning module AnimationModifiers (38)
[2020.01.02-16.32.15:560][165]LogModuleManager: Shutting down and abandoning module PropertyEditor (37)
[2020.01.02-16.32.15:627][165]LogModuleManager: Shutting down and abandoning module AudioEditor (34)
[2020.01.02-16.32.15:644][165]LogModuleManager: Shutting down and abandoning module TextureCompressor (32)
[2020.01.02-16.32.15:645][165]LogModuleManager: Shutting down and abandoning module RenderCore (30)
[2020.01.02-16.32.15:645][165]LogModuleManager: Shutting down and abandoning module Landscape (28)
[2020.01.02-16.32.15:645][165]LogModuleManager: Shutting down and abandoning module SlateRHIRenderer (26)
[2020.01.02-16.32.15:654][165]LogModuleManager: Shutting down and abandoning module OpenGLDrv (24)
[2020.01.02-16.32.15:663][165]LogModuleManager: Shutting down and abandoning module D3D11RHI (22)
[2020.01.02-16.32.15:663][165]LogModuleManager: Shutting down and abandoning module AnimGraphRuntime (20)
[2020.01.02-16.32.15:663][165]LogModuleManager: Shutting down and abandoning module Renderer (18)
[2020.01.02-16.32.15:663][165]LogModuleManager: Shutting down and abandoning module Engine (16)
[2020.01.02-16.32.15:663][165]LogModuleManager: Shutting down and abandoning module CoreUObject (14)
[2020.01.02-16.32.15:669][165]LogModuleManager: Shutting down and abandoning module NetworkFile (12)
[2020.01.02-16.32.15:675][165]LogModuleManager: Shutting down and abandoning module CookedIterativeFile (10)
[2020.01.02-16.32.15:676][165]LogModuleManager: Shutting down and abandoning module StreamingFile (8)
[2020.01.02-16.32.15:684][165]LogModuleManager: Shutting down and abandoning module SandboxFile (6)
[2020.01.02-16.32.15:692][165]LogModuleManager: Shutting down and abandoning module PakFile (4)
[2020.01.02-16.32.15:697][165]LogModuleManager: Shutting down and abandoning module RSA (3)
[2020.01.02-16.32.15:709][165]LogExit: Exiting.
[2020.01.02-16.32.15:722][165]Log file closed, 01/02/20 17:32:15
