Log file open, 07/15/18 17:33:01
LogWindows: Failed to load 'aqProf.dll' (GetLastError=126)
LogWindows: File 'aqProf.dll' does not exist
LogWindows: Failed to load 'VtuneApi.dll' (GetLastError=126)
LogWindows: File 'VtuneApi.dll' does not exist
LogWindows: Failed to load 'VtuneApi32e.dll' (GetLastError=126)
LogWindows: File 'VtuneApi32e.dll' does not exist
LogInit: Display: Running engine for game: CRPG3D
LogPlatformFile: Not using cached read wrapper
LogInit: Display: RandInit(367122820) SRandInit(367122820).
LogInit: Read version file with build ID '3944462'
LogInit: Overriding engine version to CL 4033788, compatible CL 3944462
LogInit: Registered custom module enumerator with build ID '3944462'
LogTaskGraph: Started task graph with 5 named threads and 47 total threads with 3 sets of task threads.
LogStats: Stats thread started at 0.531935
LogD3D11RHI: Aftermath initialized
LogICUInternationalization: Display: ICU TimeZone Detection - Raw Offset: +0:00, Platform Override: ''
LogModuleManager: Display: Found up-to-date module file ../../../Engine/Plugins/2D/Paper2D/Binaries/Win64/UE4Editor-Paper2D.dll (API version 3944462).
LogModuleManager: Display: Found up-to-date module file ../../../Engine/Plugins/2D/Paper2D/Binaries/Win64/UE4Editor-Paper2DEditor.dll (API version 3944462).
LogModuleManager: Display: Found up-to-date module file ../../../Engine/Plugins/2D/Paper2D/Binaries/Win64/UE4Editor-PaperSpriteSheetImporter.dll (API version 3944462).
LogModuleManager: Display: Found up-to-date module file ../../../Engine/Plugins/2D/Paper2D/Binaries/Win64/UE4Editor-PaperTiledImporter.dll (API version 3944462).
LogModuleManager: Display: Found up-to-date module file ../../../Engine/Plugins/2D/Paper2D/Binaries/Win64/UE4Editor-SmartSnapping.dll (API version 3944462).
LogModuleManager: Display: Found up-to-date module file ../../../Engine/Plugins/Blendables/LightPropagationVolume/Binaries/Win64/UE4Editor-LightPropagationVolumeRuntime.dll (API version 3944462).
LogModuleManager: Display: Found up-to-date module file ../../../Engine/Plugins/Blendables/LightPropagationVolume/Binaries/Win64/UE4Editor-LightPropagationVolumeEditor.dll (API version 3944462).
LogModuleManager: Display: Found up-to-date module file ../../../Engine/Plugins/Developer/CLionSourceCodeAccess/Binaries/Win64/UE4Editor-CLionSourceCodeAccess.dll (API version 3944462).
LogModuleManager: Display: Found up-to-date module file ../../../Engine/Plugins/Developer/GitSourceControl/Binaries/Win64/UE4Editor-GitSourceControl.dll (API version 3944462).
LogModuleManager: Display: Found up-to-date module file ../../../Engine/Plugins/Developer/PerforceSourceControl/Binaries/Win64/UE4Editor-PerforceSourceControl.dll (API version 3944462).
LogModuleManager: Display: Found up-to-date module file ../../../Engine/Plugins/Developer/SubversionSourceControl/Binaries/Win64/UE4Editor-SubversionSourceControl.dll (API version 3944462).
LogModuleManager: Display: Found up-to-date module file ../../../Engine/Plugins/Developer/UObjectPlugin/Binaries/Win64/UE4Editor-UObjectPlugin.dll (API version 3944462).
LogModuleManager: Display: Found up-to-date module file ../../../Engine/Plugins/Developer/VisualStudioCodeSourceCodeAccess/Binaries/Win64/UE4Editor-VisualStudioCodeSourceCodeAccess.dll (API version 3944462).
LogModuleManager: Display: Found up-to-date module file ../../../Engine/Plugins/Developer/VisualStudioSourceCodeAccess/Binaries/Win64/UE4Editor-VisualStudioSourceCodeAccess.dll (API version 3944462).
LogModuleManager: Display: Found up-to-date module file ../../../Engine/Plugins/Editor/AssetManagerEditor/Binaries/Win64/UE4Editor-AssetManagerEditor.dll (API version 3944462).
LogModuleManager: Display: Found up-to-date module file ../../../Engine/Plugins/Editor/CryptoKeys/Binaries/Win64/UE4Editor-CryptoKeys.dll (API version 3944462).
LogModuleManager: Display: Found up-to-date module file ../../../Engine/Plugins/Editor/CryptoKeys/Binaries/Win64/UE4Editor-CryptoKeysOpenSSL.dll (API version 3944462).
LogModuleManager: Display: Found up-to-date module file ../../../Engine/Plugins/Editor/DataValidation/Binaries/Win64/UE4Editor-DataValidation.dll (API version 3944462).
LogModuleManager: Display: Found up-to-date module file ../../../Engine/Plugins/Editor/FacialAnimation/Binaries/Win64/UE4Editor-FacialAnimation.dll (API version 3944462).
LogModuleManager: Display: Found up-to-date module file ../../../Engine/Plugins/Editor/FacialAnimation/Binaries/Win64/UE4Editor-FacialAnimationEditor.dll (API version 3944462).
LogModuleManager: Display: Found up-to-date module file ../../../Engine/Plugins/Editor/GameplayTagsEditor/Binaries/Win64/UE4Editor-GameplayTagsEditor.dll (API version 3944462).
LogModuleManager: Display: Found up-to-date module file ../../../Engine/Plugins/Editor/MobileLauncherProfileWizard/Binaries/Win64/UE4Editor-MobileLauncherProfileWizard.dll (API version 3944462).
LogModuleManager: Display: Found up-to-date module file ../../../Engine/Plugins/Editor/PluginBrowser/Binaries/Win64/UE4Editor-PluginBrowser.dll (API version 3944462).
LogModuleManager: Display: Found up-to-date module file ../../../Engine/Plugins/Editor/SpeedTreeImporter/Binaries/Win64/UE4Editor-SpeedTreeImporter.dll (API version 3944462).
LogModuleManager: Display: Found up-to-date module file ../../../Engine/Plugins/Enterprise/DatasmithContent/Binaries/Win64/UE4Editor-DatasmithContent.dll (API version 3944462).
LogModuleManager: Display: Found up-to-date module file ../../../Engine/Plugins/Experimental/AlembicImporter/Binaries/Win64/UE4Editor-AlembicImporter.dll (API version 3944462).
LogModuleManager: Display: Found up-to-date module file ../../../Engine/Plugins/Experimental/AlembicImporter/Binaries/Win64/UE4Editor-AlembicLibrary.dll (API version 3944462).
LogModuleManager: Display: Found up-to-date module file ../../../Engine/Plugins/Experimental/CharacterAI/Binaries/Win64/UE4Editor-CharacterAI.dll (API version 3944462).
LogModuleManager: Display: Found up-to-date module file ../../../Engine/Plugins/Experimental/HTML5Networking/Binaries/Win64/UE4Editor-HTML5Networking.dll (API version 3944462).
LogModuleManager: Display: Found up-to-date module file ../../../Engine/Plugins/Media/AndroidMedia/Binaries/Win64/UE4Editor-AndroidMediaEditor.dll (API version 3944462).
LogModuleManager: Display: Found up-to-date module file ../../../Engine/Plugins/Media/AndroidMedia/Binaries/Win64/UE4Editor-AndroidMediaFactory.dll (API version 3944462).
LogModuleManager: Display: Found up-to-date module file ../../../Engine/Plugins/Media/AvfMedia/Binaries/Win64/UE4Editor-AvfMediaEditor.dll (API version 3944462).
LogModuleManager: Display: Found up-to-date module file ../../../Engine/Plugins/Media/AvfMedia/Binaries/Win64/UE4Editor-AvfMediaFactory.dll (API version 3944462).
LogModuleManager: Display: Found up-to-date module file ../../../Engine/Plugins/Media/AvfMedia/Binaries/Win64/UE4Editor-AvfMediaFactory.dll (API version 3944462).
LogModuleManager: Display: Found up-to-date module file ../../../Engine/Plugins/Media/ImgMedia/Binaries/Win64/UE4Editor-ImgMedia.dll (API version 3944462).
LogModuleManager: Display: Found up-to-date module file ../../../Engine/Plugins/Media/ImgMedia/Binaries/Win64/UE4Editor-ImgMediaEditor.dll (API version 3944462).
LogModuleManager: Display: Found up-to-date module file ../../../Engine/Plugins/Media/ImgMedia/Binaries/Win64/UE4Editor-ImgMediaFactory.dll (API version 3944462).
LogModuleManager: Display: Found up-to-date module file ../../../Engine/Plugins/Media/ImgMedia/Binaries/Win64/UE4Editor-ImgMediaFactory.dll (API version 3944462).
LogModuleManager: Display: Found up-to-date module file ../../../Engine/Plugins/Media/ImgMedia/Binaries/Win64/UE4Editor-OpenExrWrapper.dll (API version 3944462).
LogModuleManager: Display: Found up-to-date module file ../../../Engine/Plugins/Media/LinearTimecode/Binaries/Win64/UE4Editor-LinearTimecode.dll (API version 3944462).
LogModuleManager: Display: Found up-to-date module file ../../../Engine/Plugins/Media/MediaCompositing/Binaries/Win64/UE4Editor-MediaCompositing.dll (API version 3944462).
LogModuleManager: Display: Found up-to-date module file ../../../Engine/Plugins/Media/MediaCompositing/Binaries/Win64/UE4Editor-MediaCompositingEditor.dll (API version 3944462).
LogModuleManager: Display: Found up-to-date module file ../../../Engine/Plugins/Media/MediaPlayerEditor/Binaries/Win64/UE4Editor-MediaPlayerEditor.dll (API version 3944462).
LogModuleManager: Display: Found up-to-date module file ../../../Engine/Plugins/Media/WmfMedia/Binaries/Win64/UE4Editor-WmfMedia.dll (API version 3944462).
LogModuleManager: Display: Found up-to-date module file ../../../Engine/Plugins/Media/WmfMedia/Binaries/Win64/UE4Editor-WmfMediaEditor.dll (API version 3944462).
LogModuleManager: Display: Found up-to-date module file ../../../Engine/Plugins/Media/WmfMedia/Binaries/Win64/UE4Editor-WmfMediaFactory.dll (API version 3944462).
LogModuleManager: Display: Found up-to-date module file ../../../Engine/Plugins/Media/WmfMedia/Binaries/Win64/UE4Editor-WmfMediaFactory.dll (API version 3944462).
LogModuleManager: Display: Found up-to-date module file ../../../Engine/Plugins/Messaging/TcpMessaging/Binaries/Win64/UE4Editor-TcpMessaging.dll (API version 3944462).
LogModuleManager: Display: Found up-to-date module file ../../../Engine/Plugins/Messaging/UdpMessaging/Binaries/Win64/UE4Editor-UdpMessaging.dll (API version 3944462).
LogModuleManager: Display: Found up-to-date module file ../../../Engine/Plugins/MovieScene/ActorSequence/Binaries/Win64/UE4Editor-ActorSequence.dll (API version 3944462).
LogModuleManager: Display: Found up-to-date module file ../../../Engine/Plugins/MovieScene/LevelSequenceEditor/Binaries/Win64/UE4Editor-LevelSequenceEditor.dll (API version 3944462).
LogModuleManager: Display: Found up-to-date module file ../../../Engine/Plugins/MovieScene/MatineeToLevelSequence/Binaries/Win64/UE4Editor-MatineeToLevelSequence.dll (API version 3944462).
LogModuleManager: Display: Found up-to-date module file ../../../Engine/Plugins/NetcodeUnitTest/NetcodeUnitTest/Binaries/Win64/UE4Editor-NetcodeUnitTest.dll (API version 3944462).
LogModuleManager: Display: Found up-to-date module file ../../../Engine/Plugins/NetcodeUnitTest/NUTUnrealEngine4/Binaries/Win64/UE4Editor-NUTUnrealEngine4.dll (API version 3944462).
LogModuleManager: Display: Found up-to-date module file ../../../Engine/Plugins/Online/OnlineSubsystem/Binaries/Win64/UE4Editor-OnlineSubsystem.dll (API version 3944462).
LogModuleManager: Display: Found up-to-date module file ../../../Engine/Plugins/Runtime/AndroidPermission/Binaries/Win64/UE4Editor-AndroidPermission.dll (API version 3944462).
LogModuleManager: Display: Found up-to-date module file ../../../Engine/Plugins/Online/OnlineSubsystemNull/Binaries/Win64/UE4Editor-OnlineSubsystemNull.dll (API version 3944462).
LogModuleManager: Display: Found up-to-date module file ../../../Engine/Plugins/Online/OnlineSubsystemUtils/Binaries/Win64/UE4Editor-OnlineSubsystemUtils.dll (API version 3944462).
LogModuleManager: Display: Found up-to-date module file ../../../Engine/Plugins/Online/OnlineSubsystemUtils/Binaries/Win64/UE4Editor-OnlineBlueprintSupport.dll (API version 3944462).
LogModuleManager: Display: Found up-to-date module file ../../../Engine/Plugins/Runtime/AndroidDeviceProfileSelector/Binaries/Win64/UE4Editor-AndroidDeviceProfileSelector.dll (API version 3944462).
LogModuleManager: Display: Found up-to-date module file ../../../Engine/Plugins/Runtime/AppleARKit/Binaries/Win64/UE4Editor-AppleARKit.dll (API version 3944462).
LogModuleManager: Display: Found up-to-date module file ../../../Engine/Plugins/Runtime/ProceduralMeshComponent/Binaries/Win64/UE4Editor-ProceduralMeshComponent.dll (API version 3944462).
LogModuleManager: Display: Found up-to-date module file ../../../Engine/Plugins/Runtime/ProceduralMeshComponent/Binaries/Win64/UE4Editor-ProceduralMeshComponentEditor.dll (API version 3944462).
LogModuleManager: Display: Found up-to-date module file ../../../Engine/Plugins/Animation/LiveLink/Binaries/Win64/UE4Editor-LiveLink.dll (API version 3944462).
LogModuleManager: Display: Found up-to-date module file ../../../Engine/Plugins/Animation/LiveLink/Binaries/Win64/UE4Editor-LiveLinkEditor.dll (API version 3944462).
LogModuleManager: Display: Found up-to-date module file ../../../Engine/Plugins/Runtime/ArchVisCharacter/Binaries/Win64/UE4Editor-ArchVisCharacter.dll (API version 3944462).
LogModuleManager: Display: Found up-to-date module file ../../../Engine/Plugins/Runtime/AudioCapture/Binaries/Win64/UE4Editor-AudioCapture.dll (API version 3944462).
LogModuleManager: Display: Found up-to-date module file ../../../Engine/Plugins/Runtime/AudioCapture/Binaries/Win64/UE4Editor-AudioCaptureEditor.dll (API version 3944462).
LogModuleManager: Display: Found up-to-date module file ../../../Engine/Plugins/Runtime/CableComponent/Binaries/Win64/UE4Editor-CableComponent.dll (API version 3944462).
LogModuleManager: Display: Found up-to-date module file ../../../Engine/Plugins/Runtime/CustomMeshComponent/Binaries/Win64/UE4Editor-CustomMeshComponent.dll (API version 3944462).
LogModuleManager: Display: Found up-to-date module file ../../../Engine/Plugins/Runtime/ExampleDeviceProfileSelector/Binaries/Win64/UE4Editor-ExampleDeviceProfileSelector.dll (API version 3944462).
LogModuleManager: Display: Found up-to-date module file ../../../Engine/Plugins/Runtime/ImmediatePhysics/Binaries/Win64/UE4Editor-ImmediatePhysics.dll (API version 3944462).
LogModuleManager: Display: Found up-to-date module file ../../../Engine/Plugins/Runtime/ImmediatePhysics/Binaries/Win64/UE4Editor-ImmediatePhysicsEditor.dll (API version 3944462).
LogModuleManager: Display: Found up-to-date module file ../../../Engine/Plugins/Runtime/LocationServicesBPLibrary/Binaries/Win64/UE4Editor-LocationServicesBPLibrary.dll (API version 3944462).
LogModuleManager: Display: Found up-to-date module file ../../../Engine/Plugins/Runtime/MobilePatchingUtils/Binaries/Win64/UE4Editor-MobilePatchingUtils.dll (API version 3944462).
LogModuleManager: Display: Found up-to-date module file ../../../Engine/Plugins/Runtime/Oculus/OculusVR/Binaries/Win64/UE4Editor-OculusHMD.dll (API version 3944462).
LogModuleManager: Display: Found up-to-date module file ../../../Engine/Plugins/Runtime/Oculus/OculusVR/Binaries/Win64/UE4Editor-OculusInput.dll (API version 3944462).
LogModuleManager: Display: Found up-to-date module file ../../../Engine/Plugins/Runtime/Oculus/OculusVR/Binaries/Win64/UE4Editor-OculusEditor.dll (API version 3944462).
LogModuleManager: Display: Found up-to-date module file ../../../Engine/Plugins/Runtime/PhysXVehicles/Binaries/Win64/UE4Editor-PhysXVehicles.dll (API version 3944462).
LogModuleManager: Display: Found up-to-date module file ../../../Engine/Plugins/Runtime/PhysXVehicles/Binaries/Win64/UE4Editor-PhysXVehiclesEditor.dll (API version 3944462).
LogModuleManager: Display: Found up-to-date module file ../../../Engine/Plugins/Runtime/RuntimePhysXCooking/Binaries/Win64/UE4Editor-RuntimePhysXCooking.dll (API version 3944462).
LogModuleManager: Display: Found up-to-date module file ../../../Engine/Plugins/Runtime/Steam/SteamVR/Binaries/Win64/UE4Editor-SteamVR.dll (API version 3944462).
LogModuleManager: Display: Found up-to-date module file ../../../Engine/Plugins/Runtime/Steam/SteamVR/Binaries/Win64/UE4Editor-SteamVRController.dll (API version 3944462).
LogModuleManager: Display: Found up-to-date module file ../../../Engine/Plugins/Runtime/WindowsMoviePlayer/Binaries/Win64/UE4Editor-WindowsMoviePlayer.dll (API version 3944462).
LogPluginManager: Mounting plugin Paper2D
LogPluginManager: Mounting plugin LiveLink
LogPluginManager: Mounting plugin LightPropagationVolume
LogPluginManager: Mounting plugin CLionSourceCodeAccess
LogPluginManager: Mounting plugin CodeLiteSourceCodeAccess
LogPluginManager: Mounting plugin GitSourceControl
LogPluginManager: Mounting plugin KDevelopSourceCodeAccess
LogPluginManager: Mounting plugin NullSourceCodeAccess
LogPluginManager: Mounting plugin PerforceSourceControl
LogPluginManager: Mounting plugin SubversionSourceControl
LogPluginManager: Mounting plugin UObjectPlugin
LogPluginManager: Mounting plugin VisualStudioCodeSourceCodeAccess
LogPluginManager: Mounting plugin VisualStudioSourceCodeAccess
LogPluginManager: Mounting plugin XCodeSourceCodeAccess
LogPluginManager: Mounting plugin AssetManagerEditor
LogPluginManager: Mounting plugin CryptoKeys
LogPluginManager: Mounting plugin DataValidation
LogPluginManager: Mounting plugin FacialAnimation
LogPluginManager: Mounting plugin GameplayTagsEditor
LogPluginManager: Mounting plugin MobileLauncherProfileWizard
LogPluginManager: Mounting plugin PluginBrowser
LogPluginManager: Mounting plugin SpeedTreeImporter
LogPluginManager: Mounting plugin DatasmithContent
LogPluginManager: Mounting plugin AlembicImporter
LogPluginManager: Mounting plugin CharacterAI
LogPluginManager: Mounting plugin HTML5Networking
LogPluginManager: Mounting plugin AndroidMedia
LogPluginManager: Mounting plugin AvfMedia
LogPluginManager: Mounting plugin ImgMedia
LogPluginManager: Mounting plugin LinearTimecode
LogPluginManager: Mounting plugin MediaCompositing
LogPluginManager: Mounting plugin MediaPlayerEditor
LogPluginManager: Mounting plugin WmfMedia
LogPluginManager: Mounting plugin TcpMessaging
LogPluginManager: Mounting plugin UdpMessaging
LogPluginManager: Mounting plugin ActorSequence
LogPluginManager: Mounting plugin LevelSequenceEditor
LogPluginManager: Mounting plugin MatineeToLevelSequence
LogPluginManager: Mounting plugin NetcodeUnitTest
LogPluginManager: Mounting plugin NUTUnrealEngine4
LogPluginManager: Mounting plugin OnlineSubsystemGooglePlay
LogPluginManager: Mounting plugin OnlineSubsystemIOS
LogPluginManager: Mounting plugin OnlineSubsystem
LogPluginManager: Mounting plugin OnlineSubsystemNull
LogPluginManager: Mounting plugin OnlineSubsystemUtils
LogPluginManager: Mounting plugin AndroidDeviceProfileSelector
LogPluginManager: Mounting plugin AndroidMoviePlayer
LogPluginManager: Mounting plugin AndroidPermission
LogPluginManager: Mounting plugin AppleARKit
LogPluginManager: Mounting plugin AppleMoviePlayer
LogPluginManager: Mounting plugin ArchVisCharacter
LogPluginManager: Mounting plugin AudioCapture
LogPluginManager: Mounting plugin CableComponent
LogPluginManager: Mounting plugin CustomMeshComponent
LogPluginManager: Mounting plugin ExampleDeviceProfileSelector
LogPluginManager: Mounting plugin GoogleCloudMessaging
LogPluginManager: Mounting plugin ImmediatePhysics
LogPluginManager: Mounting plugin IOSDeviceProfileSelector
LogPluginManager: Mounting plugin LinuxDeviceProfileSelector
LogPluginManager: Mounting plugin LocationServicesBPLibrary
LogPluginManager: Mounting plugin MobilePatchingUtils
LogPluginManager: Mounting plugin OculusVR
LogPluginManager: Plugin shader directory ../../../Engine/Plugins/Runtime/Oculus/OculusVR/Shaders found
LogPluginManager: Mapping shader source directory ../../../Engine/Plugins/Runtime/Oculus/OculusVR/Shaders to virtual directory /Plugin/OculusVR
LogPluginManager: Mounting plugin PhysXVehicles
LogPluginManager: Mounting plugin ProceduralMeshComponent
LogPluginManager: Mounting plugin RuntimePhysXCooking
LogPluginManager: Mounting plugin SteamVR
LogPluginManager: Mounting plugin WindowsMoviePlayer
LogStreaming: Display: Took  0.726s to configure plugins.
LogInit: Using libcurl 7.47.1
LogInit:  - built for x86_64-pc-win32
LogInit:  - supports SSL with OpenSSL/1.0.2g
LogInit:  - supports HTTP deflate (compression) using libz 1.2.8
LogInit:  - other features:
LogInit:      CURL_VERSION_SSL
LogInit:      CURL_VERSION_LIBZ
LogInit:      CURL_VERSION_IPV6
LogInit:      CURL_VERSION_ASYNCHDNS
LogInit:      CURL_VERSION_LARGEFILE
LogInit:      CURL_VERSION_IDN
LogInit:  CurlRequestOptions (configurable via config and command line):
LogInit:  - bVerifyPeer = false  - Libcurl will NOT verify peer certificate
LogInit:  - bUseHttpProxy = false  - Libcurl will NOT use HTTP proxy
LogInit:  - bDontReuseConnections = false  - Libcurl will reuse connections
LogInit:  - CertBundlePath = nullptr  - Libcurl will use whatever was configured at build time.
LogInit:  - MaxHostConnections = 16  - Libcurl will limit the number of connections to a host
LogInit:  - LocalHostAddr = Default
LogInit: WinSock: version 1.1 (2.2), MaxSocks=32767, MaxUdp=65467
LogInit: WinSock: I am Bruno-PC (192.168.56.1:0)
LogInit: Build: ++UE4+Release-4.19-CL-4033788
LogInit: Engine Version: 4.19.2-4033788+++UE4+Release-4.19
LogInit: Compatible Engine Version: 4.19.0-3944462+++UE4+Release-4.19
LogInit: Net CL: 3944462
LogDevObjectVersion: Number of dev versions registered: 18
LogDevObjectVersion:   Dev-Blueprints (B0D832E4-1F89-4F0D-ACCF-7EB736FD4AA2): 10
LogDevObjectVersion:   Dev-Build (E1C64328-A22C-4D53-A36C-8E866417BD8C): 0
LogDevObjectVersion:   Dev-Core (375EC13C-06E4-48FB-B500-84F0262A717E): 2
LogDevObjectVersion:   Dev-Editor (E4B068ED-F494-42E9-A231-DA0B2E46BB41): 23
LogDevObjectVersion:   Dev-Framework (CFFC743F-43B0-4480-9391-14DF171D2073): 33
LogDevObjectVersion:   Dev-Mobile (B02B49B5-BB20-44E9-A304-32B752E40360): 2
LogDevObjectVersion:   Dev-Networking (A4E4105C-59A1-49B5-A7C5-40C4547EDFEE): 0
LogDevObjectVersion:   Dev-Online (39C831C9-5AE6-47DC-9A44-9C173E1C8E7C): 0
LogDevObjectVersion:   Dev-Physics (78F01B33-EBEA-4F98-B9B4-84EACCB95AA2): 0
LogDevObjectVersion:   Dev-Platform (6631380F-2D4D-43E0-8009-CF276956A95A): 0
LogDevObjectVersion:   Dev-Rendering (12F88B9F-8875-4AFC-A67C-D90C383ABD29): 25
LogDevObjectVersion:   Dev-Sequencer (7B5AE74C-D270-4C10-A958-57980B212A5A): 6
LogDevObjectVersion:   Dev-VR (D7296918-1DD6-4BDD-9DE2-64A83CC13884): 1
LogDevObjectVersion:   Dev-LoadTimes (C2A15278-BFE7-4AFE-6C17-90FF531DF755): 1
LogDevObjectVersion:   Private-Geometry (6EACA3D4-40EC-4CC1-B786-8BED09428FC5): 2
LogDevObjectVersion:   Dev-AnimPhys (29E575DD-E0A3-4627-9D10-D276232CDCEA): 16
LogDevObjectVersion:   Dev-ReflectionCapture (6B266CEC-1EC7-4B8F-A30B-E4D90942FC07): 1
LogDevObjectVersion:   Dev-Automation (0DF73D61-A23F-47EA-B727-89E90C41499A): 1
LogInit: Compiled (64-bit): Apr 27 2018 02:06:57
LogInit: Compiled with Visual C++: 19.00.24215.01
LogInit: Build Configuration: Development
LogInit: Branch Name: ++UE4+Release-4.19
LogInit: Command Line:  -game
LogInit: Base Directory: E:/Fortnite/Unreal Engine/UE_4.19/Engine/Binaries/Win64/
LogInit: Installed Engine Build: 1
LogStreaming: Display: Took  0.003s to delete old logs.
LogInit: Presizing for max 8388607 objects, including 0 objects not considered by GC, pre-allocating 0 bytes for permanent pool.
LogInit: Object subsystem initialized
[2018.07.15-16.33.02:050][  0]LogInit: Selected Device Profile: [Windows]
[2018.07.15-16.33.02:050][  0]LogInit: Applying CVar settings loaded from the selected device profile: [Windows]
[2018.07.15-16.33.02:062][  0]LogInit: Computer: BRUNO-PC
[2018.07.15-16.33.02:062][  0]LogInit: User: Pastilhas
[2018.07.15-16.33.02:062][  0]LogInit: CPU Page size=4096, Cores=8
[2018.07.15-16.33.02:062][  0]LogInit: High frequency timer resolution =3.613280 MHz
[2018.07.15-16.33.02:063][  0]LogMemory: Memory total: Physical=8.0GB (8GB approx)
[2018.07.15-16.33.02:063][  0]LogMemory: Platform Memory Stats for Windows
[2018.07.15-16.33.02:063][  0]LogMemory: Process Physical Memory: 277.56 MB used, 277.56 MB peak
[2018.07.15-16.33.02:063][  0]LogMemory: Process Virtual Memory: 276.21 MB used, 276.21 MB peak
[2018.07.15-16.33.02:063][  0]LogMemory: Physical Memory: 5498.64 MB used,  2645.65 MB free, 8144.29 MB total
[2018.07.15-16.33.02:063][  0]LogMemory: Virtual Memory: 730.45 MB used,  2645.65 MB free, 134217728.00 MB total
[2018.07.15-16.33.02:100][  0]LogInit: Using OS detected language (en-US).
[2018.07.15-16.33.02:100][  0]LogInit: Using OS detected locale (pt-PT).
[2018.07.15-16.33.02:100][  0]LogTextLocalizationManager: No localization for 'en-US' exists, so 'en' will be used for the language.
[2018.07.15-16.33.02:100][  0]LogTextLocalizationManager: No localization for 'pt-PT' exists, so 'en' will be used for the locale.
[2018.07.15-16.33.02:550][  0]LogStreaming: Display: Took  0.450s to EndInitTextLocalization.
[2018.07.15-16.33.02:715][  0]LogSlate: New Slate User Created.  User Index 0, Is Virtual User: 0
[2018.07.15-16.33.02:715][  0]LogSlate: Slate User Registered.  User Index 0, Is Virtual User: 0
[2018.07.15-16.33.02:721][  0]LogD3D11RHI: D3D11 adapters:
[2018.07.15-16.33.02:750][  0]LogD3D11RHI:    0. 'Radeon RX 580 Series' (Feature Level 11_0)
[2018.07.15-16.33.02:750][  0]LogD3D11RHI:       8137/0/4072 MB DedicatedVideo/DedicatedSystem/SharedSystem, Outputs:1, VendorId:0x1002
[2018.07.15-16.33.02:752][  0]LogD3D11RHI:    1. 'Microsoft Basic Render Driver' (Feature Level 11_0)
[2018.07.15-16.33.02:752][  0]LogD3D11RHI:       0/0/4072 MB DedicatedVideo/DedicatedSystem/SharedSystem, Outputs:0, VendorId:0x1414
[2018.07.15-16.33.02:752][  0]LogD3D11RHI: Chosen D3D11 Adapter: 0
[2018.07.15-16.33.02:761][  0]LogD3D11RHI: Creating new Direct3DDevice
[2018.07.15-16.33.02:761][  0]LogD3D11RHI:     GPU DeviceId: 0x67df (for the marketing name, search the web for "GPU Device Id")
[2018.07.15-16.33.02:761][  0]LogWindows: EnumDisplayDevices:
[2018.07.15-16.33.02:761][  0]LogWindows:    0. 'Radeon RX 580 Series' (P:1 D:1)
[2018.07.15-16.33.02:761][  0]LogWindows:    1. 'Radeon RX 580 Series' (P:0 D:0)
[2018.07.15-16.33.02:762][  0]LogWindows:    2. 'Radeon RX 580 Series' (P:0 D:0)
[2018.07.15-16.33.02:762][  0]LogWindows:    3. 'Radeon RX 580 Series' (P:0 D:0)
[2018.07.15-16.33.02:762][  0]LogWindows:    4. 'Radeon RX 580 Series' (P:0 D:0)
[2018.07.15-16.33.02:762][  0]LogWindows:    5. 'Radeon RX 580 Series' (P:0 D:0)
[2018.07.15-16.33.02:762][  0]LogWindows:    6. 'Radeon RX 580 Series' (P:0 D:0)
[2018.07.15-16.33.02:762][  0]LogWindows:    7. 'Radeon RX 580 Series' (P:0 D:0)
[2018.07.15-16.33.02:762][  0]LogWindows:    8. 'Radeon RX 580 Series' (P:0 D:0)
[2018.07.15-16.33.02:762][  0]LogWindows:    9. 'Radeon RX 580 Series' (P:0 D:0)
[2018.07.15-16.33.02:763][  0]LogWindows:    10. 'Radeon RX 580 Series' (P:0 D:0)
[2018.07.15-16.33.02:763][  0]LogWindows:    11. 'Radeon RX 580 Series' (P:0 D:0)
[2018.07.15-16.33.02:763][  0]LogWindows:    12. 'Radeon RX 580 Series' (P:0 D:0)
[2018.07.15-16.33.02:763][  0]LogWindows:    13. 'Radeon RX 580 Series' (P:0 D:0)
[2018.07.15-16.33.02:763][  0]LogWindows:    14. 'Radeon RX 580 Series' (P:0 D:0)
[2018.07.15-16.33.02:763][  0]LogWindows:    15. 'Radeon RX 580 Series' (P:0 D:0)
[2018.07.15-16.33.02:763][  0]LogWindows: DebugString: GetVideoDriverDetailsInvalid PrimaryIsNotTheChoosenAdapter GetVideoDriverDetailsInvalid PrimaryIsNotTheChoosenAdapter GetVideoDriverDetailsInvalid PrimaryIsNotTheChoosenAdapter GetVideoDriverDetailsInvalid PrimaryIsNotTheChoosenAdapter GetVideoDriverDetailsInvalid PrimaryIsNotTheChoosenAdapter GetVideoDriverDetailsInvalid PrimaryIsNotTheChoosenAdapter GetVideoDriverDetailsInvalid PrimaryIsNotTheChoosenAdapter GetVideoDriverDetailsInvalid PrimaryIsNotTheChoosenAdapter GetVideoDriverDetailsInvalid PrimaryIsNotTheChoosenAdapter GetVideoDriverDetailsInvalid PrimaryIsNotTheChoosenAdapter GetVideoDriverDetailsInvalid PrimaryIsNotTheChoosenAdapter GetVideoDriverDetailsInvalid PrimaryIsNotTheChoosenAdapter GetVideoDriverDetailsInvalid PrimaryIsNotTheChoosenAdapter GetVideoDriverDetailsInvalid PrimaryIsNotTheChoosenAdapter GetVideoDriverDetailsInvalid PrimaryIsNotTheChoosenAdapter GetVideoDriverDetailsInvalid PrimaryIsNotTheChoosenAdapter FoundDriverCount:0 
[2018.07.15-16.33.02:763][  0]LogD3D11RHI:     Adapter Name: Radeon RX 580 Series
[2018.07.15-16.33.02:763][  0]LogD3D11RHI:   Driver Version: Unknown (internal:Unknown, unified:Unknown)
[2018.07.15-16.33.02:763][  0]LogD3D11RHI:      Driver Date: Unknown
[2018.07.15-16.33.02:763][  0]LogRHI: Texture pool is 5695 MB (70% of 8137 MB)
[2018.07.15-16.33.02:856][  0]LogD3D11RHI: Async texture creation enabled
[2018.07.15-16.33.02:870][  0]LogD3D11RHI: GPU Timing Frequency: 25.000000 (Debug: 2 1)
[2018.07.15-16.33.02:871][  0]LogShaderCompilers: Guid format shader working directory is -16 characters bigger than the processId version (C:/Users/Pastilhas/Documents/GitHub/Hakunamatata/Hakunamatata 4.19/Intermediate/Shaders/WorkingDirectory/3328/).
[2018.07.15-16.33.02:872][  0]LogShaderCompilers: Cleaned the shader compiler working directory 'C:/Users/Pastilhas/AppData/Local/Temp/UnrealShaderWorkingDir/E42E69BD4926753B539232BDF0556375/'.
[2018.07.15-16.33.03:116][  0]LogTemp: Display: Loaded TP WindowsClientTargetPlatform
[2018.07.15-16.33.03:130][  0]LogTemp: Display: Loaded TP WindowsNoEditorTargetPlatform
[2018.07.15-16.33.03:145][  0]LogTemp: Display: Loaded TP WindowsServerTargetPlatform
[2018.07.15-16.33.03:151][  0]LogTemp: Display: Loaded TP WindowsTargetPlatform
[2018.07.15-16.33.03:151][  0]LogTargetPlatformManager: Display: Building Assets For Windows
[2018.07.15-16.33.03:230][  0]LogXGEController: Cannot use XGE Controller as Incredibuild is not installed on this machine.
[2018.07.15-16.33.03:230][  0]LogShaderCompilers: Cannot use XGE Shader Compiler as Incredibuild is not installed on this machine.
[2018.07.15-16.33.03:230][  0]LogShaderCompilers: Display: Using Local Shader Compiler.
[2018.07.15-16.33.03:861][  0]LogDerivedDataCache: Display: Max Cache Size: 512 MB
[2018.07.15-16.33.03:953][  0]LogDerivedDataCache: Loaded boot cache 0.09s 88MB C:/Users/Pastilhas/AppData/Local/UnrealEngine/4.19/DerivedDataCache/Boot.ddc.
[2018.07.15-16.33.03:953][  0]LogDerivedDataCache: Display: Loaded Boot cache: C:/Users/Pastilhas/AppData/Local/UnrealEngine/4.19/DerivedDataCache/Boot.ddc
[2018.07.15-16.33.03:953][  0]LogDerivedDataCache: FDerivedDataBackendGraph:  Pak pak cache file C:/Users/Pastilhas/Documents/GitHub/Hakunamatata/Hakunamatata 4.19/DerivedDataCache/DDC.ddp not found, will not use a pak cache.
[2018.07.15-16.33.03:954][  0]LogDerivedDataCache: Unable to find inner node Pak for hierarchical cache Hierarchy.
[2018.07.15-16.33.03:954][  0]LogDerivedDataCache: FDerivedDataBackendGraph:  CompressedPak pak cache file C:/Users/Pastilhas/Documents/GitHub/Hakunamatata/Hakunamatata 4.19/DerivedDataCache/Compressed.ddp not found, will not use a pak cache.
[2018.07.15-16.33.03:954][  0]LogDerivedDataCache: Unable to find inner node CompressedPak for hierarchical cache Hierarchy.
[2018.07.15-16.33.03:971][  0]LogDerivedDataCache: Display: Pak cache opened for reading ../../../Engine/DerivedDataCache/Compressed.ddp.
[2018.07.15-16.33.03:983][  0]LogDerivedDataCache: Using Local data cache path C:/Users/Pastilhas/AppData/Local/UnrealEngine/Common/DerivedDataCache: Writable
[2018.07.15-16.33.03:983][  0]LogDerivedDataCache: Shared data cache path not found in *engine.ini, will not use an Shared cache.
[2018.07.15-16.33.03:983][  0]LogDerivedDataCache: Unable to find inner node Shared for hierarchical cache Hierarchy.
[2018.07.15-16.33.03:994][  0]LogMaterial: Verifying Global Shaders for PCD3D_SM5
[2018.07.15-16.33.04:042][  0]LogSlate: Using Freetype 2.6.0
[2018.07.15-16.33.04:043][  0]LogSlate: SlateFontCache - WITH_FREETYPE: 1, WITH_HARFBUZZ: 1
[2018.07.15-16.33.04:043][  0]LogSlate: SlateFontCache - WITH_FREETYPE: 1, WITH_HARFBUZZ: 1
[2018.07.15-16.33.04:212][  0]LogAssetRegistry: FAssetRegistry took 0.0047 seconds to start up
[2018.07.15-16.33.04:466][  0]LogPackageLocalizationCache: Processed 9 localized package path(s) for 1 prioritized culture(s) in 0.048820 seconds
[2018.07.15-16.33.04:568][  0]LogInit: Selected Device Profile: [Windows]
[2018.07.15-16.33.04:681][  0]LogSimplygon: Simplygon DLL not present - disabling.
[2018.07.15-16.33.04:683][  0]LogMeshReduction: Using SimplygonSwarm for distributed automatic mesh merging
[2018.07.15-16.33.04:683][  0]LogMeshReduction: Using QuadricMeshReduction for automatic static mesh reduction
[2018.07.15-16.33.04:683][  0]LogMeshReduction: No automatic skeletal mesh reduction module available
[2018.07.15-16.33.04:683][  0]LogMeshReduction: No automatic mesh merging module available
[2018.07.15-16.33.04:683][  0]LogMeshMerging: No automatic mesh merging module available
[2018.07.15-16.33.04:708][  0]LogNetVersion: CRPG3D , NetCL: 3944462, EngineNetVer: 2, GameNetVer: 0 (Checksum: 1182231826)
[2018.07.15-16.33.05:257][  0]LogMoviePlayer: Initializing movie player
[2018.07.15-16.33.06:773][  0]SourceControl: Source control is disabled
[2018.07.15-16.33.06:773][  0]SourceControl: Source control is disabled
[2018.07.15-16.33.06:786][  0]SourceControl: Source control is disabled
[2018.07.15-16.33.07:068][  0]LogAndroidPermission: UAndroidPermissionCallbackProxy::GetInstance
[2018.07.15-16.33.07:171][  0]LogOcInput: OculusInput pre-init called
[2018.07.15-16.33.07:220][  0]LogUObjectArray: 40124 objects as part of root set at end of initial load.
[2018.07.15-16.33.07:220][  0]LogUObjectAllocator: 8364208 out of 0 bytes used by permanent object pool.
[2018.07.15-16.33.07:220][  0]LogUObjectArray: CloseDisregardForGC: 0/0 objects in disregard for GC pool
[2018.07.15-16.33.07:482][  0]LogEngine: Initializing Engine...
[2018.07.15-16.33.07:689][  0]LogHMD: Failed to initialize OpenVR with code 110
[2018.07.15-16.33.07:733][  0]LogStats: UGameplayTagsManager::ConstructGameplayTagTree: Construct from data asset -  0.000 s
[2018.07.15-16.33.07:734][  0]LogStats: UGameplayTagsManager::ConstructGameplayTagTree: GameplayTagTreeChangedEvent.Broadcast -  0.000 s
[2018.07.15-16.33.08:666][  0]LogInit: XAudio2 using '6 - C24FG70 (AMD High Definition Audio Device)' : 2 channels at 48 kHz using 16 bits per sample (channel mask 0x3)
[2018.07.15-16.33.08:735][  0]LogInit: FAudioDevice initialized.
[2018.07.15-16.33.08:936][  0]LogDerivedDataCache: Saved boot cache 0.09s 88MB C:/Users/Pastilhas/AppData/Local/UnrealEngine/4.19/DerivedDataCache/Boot.ddc.
[2018.07.15-16.33.08:970][  0]LogInit: Texture streaming: Enabled
[2018.07.15-16.33.12:823][  0]LogInit: Display: Game Engine Initialized.
[2018.07.15-16.33.12:823][  0]LogGameplayTags: Display: UGameplayTagsManager::DoneAddingNativeTags. DelegateIsBound: 0
[2018.07.15-16.33.12:823][  0]LogStats: UGameplayTagsManager::ConstructGameplayTagTree: Construct from data asset -  0.000 s
[2018.07.15-16.33.12:823][  0]LogStats: UGameplayTagsManager::ConstructGameplayTagTree: GameplayTagTreeChangedEvent.Broadcast -  0.000 s
[2018.07.15-16.33.13:260][  0]LogInit: Display: Starting Game.
[2018.07.15-16.33.13:318][  0]LogNet: Browse: /Game/levels/vertical_slice_stuff/vertical_slice_scale_experiment?Name=Player
[2018.07.15-16.33.13:332][  0]LogLoad: LoadMap: /Game/levels/vertical_slice_stuff/vertical_slice_scale_experiment?Name=Player
[2018.07.15-16.33.14:920][  0]LogUObjectGlobals: Created PersistentFrame Addr=0x000002bed68071f0, Size=48, Default__vertical_slice_scale_experiment_C Function /Game/levels/vertical_slice_stuff/vertical_slice_scale_experiment.vertical_slice_scale_experiment_C:ExecuteUbergraph_vertical_slice_scale_experiment
[2018.07.15-16.33.14:945][  0]LogUObjectGlobals: Created PersistentFrame Addr=0x000002bed67c0100, Size=3296, Default__ThirdPersonCharacter_C Function /Game/ThirdPersonBP/ThirdPersonCharacter_2017-11-17-19-32-37.ThirdPersonCharacter_C:ExecuteUbergraph_ThirdPersonCharacter
[2018.07.15-16.33.14:951][  0]LogUObjectGlobals: Created PersistentFrame Addr=0x000002bed67e7eb0, Size=24, Default__bomb_C Function /Game/blueprints_prototyping/bombs/bomb.bomb_C:ExecuteUbergraph_bomb
[2018.07.15-16.33.15:548][  0]LogUObjectGlobals: Created PersistentFrame Addr=0x000002bec9bb9828, Size=8, Default__physics_master_C Function /Game/blueprints_prototyping/magnesis_picking_props/physics_master.physics_master_C:ExecuteUbergraph_physics_master
[2018.07.15-16.33.15:628][  0]LogUObjectGlobals: Created PersistentFrame Addr=0x000002bec9bb9830, Size=8, Default__bp_pickup1_C Function /Game/blueprints_prototyping/magnesis_picking_props/bp_pickup1.bp_pickup1_C:ExecuteUbergraph_bp_pickup1
[2018.07.15-16.33.15:629][  0]LogUObjectGlobals: Created PersistentFrame Addr=0x000002bec9bb9838, Size=8, Default__bp_pickup1_C Function /Game/blueprints_prototyping/magnesis_picking_props/physics_master.physics_master_C:ExecuteUbergraph_physics_master
[2018.07.15-16.33.15:800][  0]LogUObjectGlobals: Created PersistentFrame Addr=0x000002bed67db510, Size=112, Default__ThirdPerson_AnimBP_C Function /Game/Mannequin/Animations/ThirdPerson_AnimBP.ThirdPerson_AnimBP_C:ExecuteUbergraph_ThirdPerson_AnimBP
[2018.07.15-16.33.16:484][  0]LogUObjectGlobals: Created PersistentFrame Addr=0x000002beb559c480, Size=424, Default__Bp_MasterNPC_C Function /Game/DialogueSystem/Blueprints/AI/Bp_MasterNPC.Bp_MasterNPC_C:ExecuteUbergraph_Bp_MasterNPC
[2018.07.15-16.33.16:575][  0]LogUObjectGlobals: Created PersistentFrame Addr=0x000002bed62aa400, Size=488, Default__BP_DialogueManager_C Function /Game/DialogueSystem/Blueprints/BP_DialogueManager.BP_DialogueManager_C:ExecuteUbergraph_BP_DialogueManager
[2018.07.15-16.33.16:601][  0]LogUObjectGlobals: Created PersistentFrame Addr=0x000002bed67e66f8, Size=20, Default__DecisionOption_C Function /Game/DialogueSystem/Widgets/DecisionOption.DecisionOption_C:ExecuteUbergraph_DecisionOption
[2018.07.15-16.33.16:848][  0]LogUObjectGlobals: Created PersistentFrame Addr=0x000002bec9bb82c0, Size=8, Default__bp_pickup1_C Function /Game/blueprints_prototyping/magnesis_picking_props/bp_pickup1.bp_pickup1_C:ExecuteUbergraph_bp_pickup1
[2018.07.15-16.33.16:848][  0]LogUObjectGlobals: Created PersistentFrame Addr=0x000002bec9bb82b8, Size=8, Default__bp_pickup1_C Function /Game/blueprints_prototyping/magnesis_picking_props/physics_master.physics_master_C:ExecuteUbergraph_physics_master
[2018.07.15-16.33.16:884][  0]LogUObjectGlobals: Created PersistentFrame Addr=0x000002bebfe52b80, Size=64, Default__coin_C Function /Game/blueprints_prototyping/coin/coin.coin_C:ExecuteUbergraph_coin
[2018.07.15-16.33.16:902][  0]LogUObjectGlobals: Created PersistentFrame Addr=0x000002becd729000, Size=192, Default__stick_wood_C Function /Game/blueprints_prototyping/torch_fire/stick_wood.stick_wood_C:ExecuteUbergraph_stick_wood
[2018.07.15-16.33.17:055][  0]LogUObjectGlobals: Created PersistentFrame Addr=0x000002bed37ae400, Size=1368, Default__Bp_CustomNPC_C Function /Game/DialogueSystem/Blueprints/AI/Bp_CustomNPC.Bp_CustomNPC_C:ExecuteUbergraph_Bp_CustomNPC
[2018.07.15-16.33.17:055][  0]LogUObjectGlobals: Created PersistentFrame Addr=0x000002bec5b66080, Size=424, Default__Bp_CustomNPC_C Function /Game/DialogueSystem/Blueprints/AI/Bp_MasterNPC.Bp_MasterNPC_C:ExecuteUbergraph_Bp_MasterNPC
[2018.07.15-16.33.17:549][  0]LogUObjectGlobals: Created PersistentFrame Addr=0x000002bed8b064e0, Size=208, Default__NewBlueprint_C Function /Game/Assets/NewBlueprint.NewBlueprint_C:ExecuteUbergraph_NewBlueprint
[2018.07.15-16.33.17:565][  0]LogUObjectGlobals: Created PersistentFrame Addr=0x000002bed8e56cc0, Size=440, Default__pillar_C Function /Game/blueprints_prototyping/Falling_pillars/pillar.pillar_C:ExecuteUbergraph_pillar
[2018.07.15-16.33.17:579][  0]LogUObjectGlobals: Created PersistentFrame Addr=0x000002bed36df4c0, Size=296, Default__foot_ball_Master_C Function /Game/blueprints_prototyping/Football_kick/foot_ball_Master.foot_ball_Master_C:ExecuteUbergraph_foot_ball_Master
[2018.07.15-16.33.17:601][  0]LogUObjectGlobals: Created PersistentFrame Addr=0x000002bed36de980, Size=320, Default__CatMaster1_C Function /Game/blueprints_prototyping/Keys_doors/CatMaster1.CatMaster1_C:ExecuteUbergraph_CatMaster1
[2018.07.15-16.33.17:820][  0]LogUObjectGlobals: Created PersistentFrame Addr=0x000002bed3655b40, Size=216, Default__trampolin_C Function /Game/blueprints_prototyping/trampolin/trampolin.trampolin_C:ExecuteUbergraph_trampolin
[2018.07.15-16.33.19:550][  0]LogBlueprint: Warning: [Compiler physics_master] Get : 'My Character' variable not found. Base class was probably changed. /Game/blueprints_prototyping/magnesis_picking_props/physics_master.physics_master
[2018.07.15-16.33.19:550][  0]LogBlueprint: Warning: [Compiler physics_master] Get : 'My Character' variable not found. Base class was probably changed. /Game/blueprints_prototyping/magnesis_picking_props/physics_master.physics_master
[2018.07.15-16.33.19:821][  0]LogClass: Warning: Enum '/Game/DialogueSystem/Blueprints/Enums/e_DialogueSelectionTypes.e_DialogueSelectionTypes' was upgraded to use FText to store its display name data. Please re-save this asset to avoid issues with localization and determinstic cooking.
[2018.07.15-16.33.20:052][  0]LogUObjectGlobals: Destroyed PersistentFrame Addr=0x000002bed67e7eb0, Size=24
[2018.07.15-16.33.20:052][  0]LogUObjectGlobals: Created PersistentFrame Addr=0x000002bed96bd4e0, Size=24, Default__bomb_C Function /Engine/Transient.REINST_bomb_C_4:ExecuteUbergraph_bomb
[2018.07.15-16.33.20:052][  0]LogUObjectGlobals: Destroyed PersistentFrame Addr=0x000002bed62aa400, Size=488
[2018.07.15-16.33.20:052][  0]LogUObjectGlobals: Created PersistentFrame Addr=0x000002bed99c9600, Size=488, Default__BP_DialogueManager_C Function /Engine/Transient.REINST_BP_DialogueManager_C_5:ExecuteUbergraph_BP_DialogueManager
[2018.07.15-16.33.20:053][  0]LogUObjectGlobals: Destroyed PersistentFrame Addr=0x000002bed36de980, Size=320
[2018.07.15-16.33.20:053][  0]LogUObjectGlobals: Created PersistentFrame Addr=0x000002bed97aa840, Size=320, Default__CatMaster1_C Function /Engine/Transient.REINST_CatMaster1_C_7:ExecuteUbergraph_CatMaster1
[2018.07.15-16.33.20:054][  0]LogUObjectGlobals: Destroyed PersistentFrame Addr=0x000002bebfe52b80, Size=64
[2018.07.15-16.33.20:054][  0]LogUObjectGlobals: Created PersistentFrame Addr=0x000002bed9662c80, Size=64, Default__coin_C Function /Engine/Transient.REINST_coin_C_8:ExecuteUbergraph_coin
[2018.07.15-16.33.20:054][  0]LogUObjectGlobals: Destroyed PersistentFrame Addr=0x000002bed36df4c0, Size=296
[2018.07.15-16.33.20:054][  0]LogUObjectGlobals: Created PersistentFrame Addr=0x000002bed97ab100, Size=296, Default__foot_ball_Master_C Function /Engine/Transient.REINST_foot_ball_Master_C_9:ExecuteUbergraph_foot_ball_Master
[2018.07.15-16.33.20:054][  0]LogUObjectGlobals: Destroyed PersistentFrame Addr=0x000002bed8b064e0, Size=208
[2018.07.15-16.33.20:054][  0]LogUObjectGlobals: Created PersistentFrame Addr=0x000002bed9653660, Size=208, Default__NewBlueprint_C Function /Engine/Transient.REINST_NewBlueprint_C_10:ExecuteUbergraph_NewBlueprint
[2018.07.15-16.33.20:055][  0]LogUObjectGlobals: Destroyed PersistentFrame Addr=0x000002bec9bb9828, Size=8
[2018.07.15-16.33.20:055][  0]LogUObjectGlobals: Created PersistentFrame Addr=0x000002bed98e9940, Size=8, Default__physics_master_C Function /Engine/Transient.REINST_physics_master_C_12:ExecuteUbergraph_physics_master
[2018.07.15-16.33.20:092][  0]LogUObjectGlobals: Destroyed PersistentFrame Addr=0x000002bed8e56cc0, Size=440
[2018.07.15-16.33.20:092][  0]LogUObjectGlobals: Created PersistentFrame Addr=0x000002bed979cb80, Size=440, Default__pillar_C Function /Engine/Transient.REINST_pillar_C_13:ExecuteUbergraph_pillar
[2018.07.15-16.33.20:093][  0]LogUObjectGlobals: Destroyed PersistentFrame Addr=0x000002becd729000, Size=192
[2018.07.15-16.33.20:093][  0]LogUObjectGlobals: Created PersistentFrame Addr=0x000002bed96b2380, Size=192, Default__stick_wood_C Function /Engine/Transient.REINST_stick_wood_C_14:ExecuteUbergraph_stick_wood
[2018.07.15-16.33.20:093][  0]LogUObjectGlobals: Destroyed PersistentFrame Addr=0x000002bed67db510, Size=112
[2018.07.15-16.33.20:093][  0]LogUObjectGlobals: Created PersistentFrame Addr=0x000002bed96a3430, Size=112, Default__ThirdPerson_AnimBP_C Function /Engine/Transient.REINST_ThirdPerson_AnimBP_C_0:ExecuteUbergraph_ThirdPerson_AnimBP
[2018.07.15-16.33.20:093][  0]LogUObjectGlobals: Destroyed PersistentFrame Addr=0x000002bed3655b40, Size=216
[2018.07.15-16.33.20:093][  0]LogUObjectGlobals: Created PersistentFrame Addr=0x000002bed9651360, Size=216, Default__trampolin_C Function /Engine/Transient.REINST_trampolin_C_15:ExecuteUbergraph_trampolin
[2018.07.15-16.33.20:123][  0]LogUObjectGlobals: Destroyed PersistentFrame Addr=0x000002bec9bb82c0, Size=8
[2018.07.15-16.33.20:123][  0]LogUObjectGlobals: Destroyed PersistentFrame Addr=0x000002bec9bb82b8, Size=8
[2018.07.15-16.33.20:123][  0]LogUObjectGlobals: Created PersistentFrame Addr=0x000002bed98e98c0, Size=8, Default__bp_pickup1_C Function /Engine/Transient.REINST_bp_pickup1_C_16:ExecuteUbergraph_bp_pickup1
[2018.07.15-16.33.20:123][  0]LogUObjectGlobals: Created PersistentFrame Addr=0x000002bed98e98d0, Size=8, Default__bp_pickup1_C Function /Engine/Transient.REINST_physics_master_C_12:ExecuteUbergraph_physics_master
[2018.07.15-16.33.20:124][  0]LogUObjectGlobals: Destroyed PersistentFrame Addr=0x000002beb559c480, Size=424
[2018.07.15-16.33.20:124][  0]LogUObjectGlobals: Created PersistentFrame Addr=0x000002bed963ae80, Size=424, Default__Bp_MasterNPC_C Function /Engine/Transient.REINST_Bp_MasterNPC_C_17:ExecuteUbergraph_Bp_MasterNPC
[2018.07.15-16.33.20:126][  0]LogUObjectGlobals: Destroyed PersistentFrame Addr=0x000002bed67e66f8, Size=20
[2018.07.15-16.33.20:126][  0]LogUObjectGlobals: Created PersistentFrame Addr=0x000002bed96bd150, Size=20, Default__DecisionOption_C Function /Engine/Transient.REINST_DecisionOption_C_2:ExecuteUbergraph_DecisionOption
[2018.07.15-16.33.20:129][  0]LogUObjectGlobals: Destroyed PersistentFrame Addr=0x000002bed67c0100, Size=3296
[2018.07.15-16.33.20:129][  0]LogUObjectGlobals: Created PersistentFrame Addr=0x000002bed99650c0, Size=3296, Default__ThirdPersonCharacter_C Function /Engine/Transient.REINST_ThirdPersonCharacter_C_18:ExecuteUbergraph_ThirdPersonCharacter
[2018.07.15-16.33.20:130][  0]LogUObjectGlobals: Destroyed PersistentFrame Addr=0x000002bed37ae400, Size=1368
[2018.07.15-16.33.20:130][  0]LogUObjectGlobals: Destroyed PersistentFrame Addr=0x000002bec5b66080, Size=424
[2018.07.15-16.33.20:130][  0]LogUObjectGlobals: Created PersistentFrame Addr=0x000002bed9600800, Size=1368, Default__Bp_CustomNPC_C Function /Engine/Transient.REINST_Bp_CustomNPC_C_19:ExecuteUbergraph_Bp_CustomNPC
[2018.07.15-16.33.20:130][  0]LogUObjectGlobals: Created PersistentFrame Addr=0x000002bed9638b80, Size=424, Default__Bp_CustomNPC_C Function /Engine/Transient.REINST_Bp_MasterNPC_C_17:ExecuteUbergraph_Bp_MasterNPC
