Log file open, 07/06/18 20:17:11
LogWindows: LoadLibraryWithSearchPaths failed for file aqProf.dll. GetLastError=0
LogWindows: LoadLibraryWithSearchPaths failed for file VSPerf140.dll. GetLastError=0
LogWindows: LoadLibraryWithSearchPaths failed for file VtuneApi.dll. GetLastError=0
LogWindows: LoadLibraryWithSearchPaths failed for file VtuneApi32e.dll. GetLastError=0
LogInit: Display: Running engine for game: CRPG3D
LogPlatformFile: Not using cached read wrapper
LogInit: Display: RandInit(-1876341716) SRandInit(-1876341695).
LogTaskGraph: Started task graph with 5 named threads and 11 total threads with 3 sets of task threads.
LogStats: Stats thread started at 5.513732
LogD3D11RHI: Aftermath initialized
LogPluginManager: Mounting plugin Paper2D
LogPluginManager: Mounting plugin LightPropagationVolume
LogPluginManager: Mounting plugin CodeLiteSourceCodeAccess
LogPluginManager: Mounting plugin GitSourceControl
LogPluginManager: Mounting plugin KDevelopSourceCodeAccess
LogPluginManager: Mounting plugin NullSourceCodeAccess
LogPluginManager: Mounting plugin PerforceSourceControl
LogPluginManager: Mounting plugin SubversionSourceControl
LogPluginManager: Mounting plugin UObjectPlugin
LogPluginManager: Mounting plugin VisualStudioSourceCodeAccess
LogPluginManager: Mounting plugin XCodeSourceCodeAccess
LogPluginManager: Mounting plugin AssetManagerEditor
LogPluginManager: Mounting plugin AudioCapture
LogPluginManager: Mounting plugin FacialAnimation
LogPluginManager: Mounting plugin GameplayTagsEditor
LogPluginManager: Mounting plugin MobileLauncherProfileWizard
LogPluginManager: Mounting plugin PluginBrowser
LogPluginManager: Mounting plugin SpeedTreeImporter
LogPluginManager: Mounting plugin AlembicImporter
LogPluginManager: Mounting plugin CharacterAI
LogPluginManager: Mounting plugin HTML5Networking
LogPluginManager: Mounting plugin AndroidMedia
LogPluginManager: Mounting plugin AvfMedia
LogPluginManager: Mounting plugin MediaPlayerEditor
LogPluginManager: Mounting plugin WmfMedia
LogPluginManager: Mounting plugin MeshTool
LogPluginManager: Mounting plugin TcpMessaging
LogPluginManager: Mounting plugin UdpMessaging
LogPluginManager: Mounting plugin LevelSequenceEditor
LogPluginManager: Mounting plugin MatineeToLevelSequence
LogPluginManager: Mounting plugin OnlineSubsystemGooglePlay
LogPluginManager: Mounting plugin OnlineSubsystemIOS
LogPluginManager: Mounting plugin OnlineSubsystem
LogPluginManager: Mounting plugin OnlineSubsystemNull
LogPluginManager: Mounting plugin OnlineSubsystemUtils
LogPluginManager: Mounting plugin AndroidDeviceProfileSelector
LogPluginManager: Mounting plugin AndroidMoviePlayer
LogPluginManager: Mounting plugin AndroidPermission
LogPluginManager: Mounting plugin AppleMoviePlayer
LogPluginManager: Mounting plugin ArchVisCharacter
LogPluginManager: Mounting plugin CableComponent
LogPluginManager: Mounting plugin CustomMeshComponent
LogPluginManager: Mounting plugin ExampleDeviceProfileSelector
LogPluginManager: Mounting plugin GoogleCloudMessaging
LogPluginManager: Mounting plugin ImmediatePhysics
LogPluginManager: Mounting plugin IOSDeviceProfileSelector
LogPluginManager: Mounting plugin LinuxDeviceProfileSelector
LogPluginManager: Mounting plugin LocationServicesBPLibrary
LogPluginManager: Mounting plugin MobilePatchingUtils
LogPluginManager: Mounting plugin OculusVR
LogPluginManager: Mounting plugin PhysXVehicles
LogPluginManager: Mounting plugin ProceduralMeshComponent
LogPluginManager: Mounting plugin RuntimePhysXCooking
LogPluginManager: Mounting plugin SteamVR
LogPluginManager: Mounting plugin WindowsMoviePlayer
LogInit: Using libcurl 7.47.1
LogInit:  - built for x86_64-pc-win32
LogInit:  - supports SSL with OpenSSL/1.0.2g
LogInit:  - supports HTTP deflate (compression) using libz 1.2.8
LogInit:  - other features:
LogInit:      CURL_VERSION_SSL
LogInit:      CURL_VERSION_LIBZ
LogInit:      CURL_VERSION_IPV6
LogInit:      CURL_VERSION_ASYNCHDNS
LogInit:      CURL_VERSION_LARGEFILE
LogInit:      CURL_VERSION_IDN
LogInit:  CurlRequestOptions (configurable via config and command line):
LogInit:  - bVerifyPeer = false  - Libcurl will NOT verify peer certificate
LogInit:  - bUseHttpProxy = false  - Libcurl will NOT use HTTP proxy
LogInit:  - bDontReuseConnections = false  - Libcurl will reuse connections
LogInit:  - CertBundlePath = nullptr  - Libcurl will use whatever was configured at build time.
LogInit: Build: ++UE4+Release-4.17-CL-3586342
LogInit: Engine Version: 4.17.1-3586342+++UE4+Release-4.17
LogInit: Compatible Engine Version: 4.17.0-3573198+++UE4+Release-4.17
LogInit: Net CL: 3573198
LogDevObjectVersion: Number of dev versions registered: 16
LogDevObjectVersion:   Dev-Blueprints (B0D832E4-1F89-4F0D-ACCF-7EB736FD4AA2): 10
LogDevObjectVersion:   Dev-Build (E1C64328-A22C-4D53-A36C-8E866417BD8C): 0
LogDevObjectVersion:   Dev-Core (375EC13C-06E4-48FB-B500-84F0262A717E): 2
LogDevObjectVersion:   Dev-Editor (E4B068ED-F494-42E9-A231-DA0B2E46BB41): 20
LogDevObjectVersion:   Dev-Framework (CFFC743F-43B0-4480-9391-14DF171D2073): 28
LogDevObjectVersion:   Dev-Mobile (B02B49B5-BB20-44E9-A304-32B752E40360): 0
LogDevObjectVersion:   Dev-Networking (A4E4105C-59A1-49B5-A7C5-40C4547EDFEE): 0
LogDevObjectVersion:   Dev-Online (39C831C9-5AE6-47DC-9A44-9C173E1C8E7C): 0
LogDevObjectVersion:   Dev-Physics (78F01B33-EBEA-4F98-B9B4-84EACCB95AA2): 0
LogDevObjectVersion:   Dev-Platform (6631380F-2D4D-43E0-8009-CF276956A95A): 0
LogDevObjectVersion:   Dev-Rendering (12F88B9F-8875-4AFC-A67C-D90C383ABD29): 19
LogDevObjectVersion:   Dev-Sequencer (7B5AE74C-D270-4C10-A958-57980B212A5A): 4
LogDevObjectVersion:   Dev-VR (D7296918-1DD6-4BDD-9DE2-64A83CC13884): 0
LogDevObjectVersion:   Dev-LoadTimes (C2A15278-BFE7-4AFE-6C17-90FF531DF755): 1
LogDevObjectVersion:   Private-Geometry (6EACA3D4-40EC-4CC1-B786-8BED09428FC5): 1
LogDevObjectVersion:   Dev-AnimPhys (29E575DD-E0A3-4627-9D10-D276232CDCEA): 7
LogInit: Compiled (64-bit): Aug 15 2017 02:05:26
LogInit: Compiled with Visual C++: 19.00.24215.01
LogInit: Build Configuration: Development
LogInit: Branch Name: ++UE4+Release-4.17
LogInit: Command line:  
LogInit: Base directory: C:/Program Files/Epic Games/UE_4.17/Engine/Binaries/Win64/
LogInit: Installed Engine Build: 1
LogInit: Presizing for max 8388607 objects, including 0 objects not considered by GC, pre-allocating 0 bytes for permanent pool.
LogInit: Object subsystem initialized
[2018.07.06-19.17.22:597][  0]LogInit: Selected Device Profile: [Windows]
[2018.07.06-19.17.22:598][  0]LogInit: Applying CVar settings loaded from the selected device profile: [Windows]
[2018.07.06-19.17.22:780][  0]LogInit: Computer: LUCAK
[2018.07.06-19.17.22:780][  0]LogInit: User: Lucaksweg
[2018.07.06-19.17.22:780][  0]LogInit: CPU Page size=4096, Cores=3
[2018.07.06-19.17.22:780][  0]LogInit: High frequency timer resolution =14.318180 MHz
[2018.07.06-19.17.22:789][  0]LogMemory: Memory total: Physical=8.0GB (8GB approx)
[2018.07.06-19.17.22:789][  0]LogMemory: Platform Memory Stats for Windows
[2018.07.06-19.17.22:789][  0]LogMemory: Process Physical Memory: 276.46 MB used, 276.46 MB peak
[2018.07.06-19.17.22:789][  0]LogMemory: Process Virtual Memory: 283.84 MB used, 283.84 MB peak
[2018.07.06-19.17.22:789][  0]LogMemory: Physical Memory: 6432.22 MB used,  1741.89 MB free, 8174.11 MB total
[2018.07.06-19.17.22:789][  0]LogMemory: Virtual Memory: 662.17 MB used,  1741.89 MB free, 8388608.00 MB total
[2018.07.06-19.17.25:308][  0]LogInit: Overriding language with editor language configuration option (en).
[2018.07.06-19.17.25:308][  0]LogInit: Overriding locale with editor locale configuration option (en).
[2018.07.06-19.17.36:261][  0]LogD3D11RHI: D3D11 adapters:
[2018.07.06-19.17.36:278][  0]LogD3D11RHI:    0. 'AMD Radeon (TM) R9 200 Series' (Feature Level 11_0)
[2018.07.06-19.17.36:278][  0]LogD3D11RHI:       2027/0/3831 MB DedicatedVideo/DedicatedSystem/SharedSystem, Outputs:1, VendorId:0x1002
[2018.07.06-19.17.36:280][  0]LogD3D11RHI:    1. 'Microsoft Basic Render Driver' (Feature Level 11_0)
[2018.07.06-19.17.36:280][  0]LogD3D11RHI:       0/0/256 MB DedicatedVideo/DedicatedSystem/SharedSystem, Outputs:0, VendorId:0x1414
[2018.07.06-19.17.36:280][  0]LogD3D11RHI: Chosen D3D11 Adapter: 0
[2018.07.06-19.17.36:322][  0]LogD3D11RHI: Creating new Direct3DDevice
[2018.07.06-19.17.36:322][  0]LogD3D11RHI:     GPU DeviceId: 0x6811 (for the marketing name, search the web for "GPU Device Id")
[2018.07.06-19.17.36:327][  0]LogWindows: EnumDisplayDevices:
[2018.07.06-19.17.36:327][  0]LogWindows:    0. 'AMD Radeon (TM) R9 200 Series' (P:1 D:1)
[2018.07.06-19.17.36:328][  0]LogWindows:    1. 'AMD Radeon (TM) R9 200 Series' (P:0 D:0)
[2018.07.06-19.17.36:328][  0]LogWindows:    2. 'AMD Radeon (TM) R9 200 Series' (P:0 D:0)
[2018.07.06-19.17.36:328][  0]LogWindows:    3. 'AMD Radeon (TM) R9 200 Series' (P:0 D:0)
[2018.07.06-19.17.36:328][  0]LogWindows:    4. 'AMD Radeon (TM) R9 200 Series' (P:0 D:0)
[2018.07.06-19.17.36:329][  0]LogWindows:    5. 'AMD Radeon (TM) R9 200 Series' (P:0 D:0)
[2018.07.06-19.17.36:329][  0]LogWindows: DebugString: FoundDriverCount:6 
[2018.07.06-19.17.36:329][  0]LogD3D11RHI:     Adapter Name: AMD Radeon (TM) R9 200 Series
[2018.07.06-19.17.36:329][  0]LogD3D11RHI:   Driver Version: Catalyst 15.11.1 (internal:15.201.1151.1010, unified:15.201.1151.1010)
[2018.07.06-19.17.36:329][  0]LogD3D11RHI:      Driver Date: 11-18-2015
[2018.07.06-19.17.36:329][  0]LogRHI: Texture pool is 1361 MB (70% of 1945 MB)
[2018.07.06-19.17.36:492][  0]LogD3D11RHI: Async texture creation enabled
[2018.07.06-19.17.37:059][  0]LogD3D11RHI: GPU Timing Frequency: 27.000000 (Debug: 2 1)
[2018.07.06-19.17.37:820][  0]LogShaderCompilers: Guid format shader working directory is -8 characters bigger than the processId version (../../../../../../Unreal projects/Hakunamatata/Hakunamatata/Intermediate/Shaders/WorkingDirectory/12464/).
[2018.07.06-19.17.37:821][  0]LogShaderCompilers: Cleaned the shader compiler working directory 'C:/Users/Lucak #sweg/AppData/Local/Temp/UnrealShaderWorkingDir/0125F8AA4BEF367E69B491848CEAE53F/'.
[2018.07.06-19.17.37:891][  0]LogShaderCompilers: Display: Using Local Shader Compiler.
[2018.07.06-19.17.55:666][  0]LogTemp: Display: Loaded TP AllDesktopTargetPlatform
[2018.07.06-19.17.55:854][  0]LogTemp: Display: Loaded TP MacClientTargetPlatform
[2018.07.06-19.17.56:105][  0]LogTemp: Display: Loaded TP MacNoEditorTargetPlatform
[2018.07.06-19.17.56:672][  0]LogTemp: Display: Loaded TP MacServerTargetPlatform
[2018.07.06-19.17.56:955][  0]LogTemp: Display: Loaded TP MacTargetPlatform
[2018.07.06-19.17.57:117][  0]LogTemp: Display: Loaded TP WindowsClientTargetPlatform
[2018.07.06-19.17.57:460][  0]LogTemp: Display: Loaded TP WindowsNoEditorTargetPlatform
[2018.07.06-19.17.57:656][  0]LogTemp: Display: Loaded TP WindowsServerTargetPlatform
[2018.07.06-19.17.57:845][  0]LogTemp: Display: Loaded TP WindowsTargetPlatform
[2018.07.06-19.17.58:073][  0]LogTemp: Display: Loaded TP AndroidTargetPlatform
[2018.07.06-19.17.58:235][  0]LogTemp: Display: Loaded TP Android_ASTCTargetPlatform
[2018.07.06-19.17.58:396][  0]LogTemp: Display: Loaded TP Android_ATCTargetPlatform
[2018.07.06-19.17.58:552][  0]LogTemp: Display: Loaded TP Android_DXTTargetPlatform
[2018.07.06-19.17.58:729][  0]LogTemp: Display: Loaded TP Android_ETC1TargetPlatform
[2018.07.06-19.17.58:900][  0]LogTemp: Display: Loaded TP Android_ETC2TargetPlatform
[2018.07.06-19.17.59:229][  0]LogTemp: Display: Loaded TP Android_MultiTargetPlatform
[2018.07.06-19.17.59:229][  0]LogTemp: Display: Loaded TP Android_PVRTCTargetPlatform
[2018.07.06-19.17.59:471][  0]LogTemp: Display: Loaded TP HTML5TargetPlatform
[2018.07.06-19.18.00:047][  0]LogTemp: Display: Loaded TP IOSTargetPlatform
[2018.07.06-19.18.00:153][  0]LogTemp: Display: Loaded TP TVOSTargetPlatform
[2018.07.06-19.18.00:310][  0]LogTemp: Display: Loaded TP LinuxClientTargetPlatform
[2018.07.06-19.18.00:479][  0]LogTemp: Display: Loaded TP LinuxNoEditorTargetPlatform
[2018.07.06-19.18.00:641][  0]LogTemp: Display: Loaded TP LinuxServerTargetPlatform
[2018.07.06-19.18.00:901][  0]LogTemp: Display: Loaded TP LinuxTargetPlatform
[2018.07.06-19.18.00:940][  0]LogTargetPlatformManager: Display: Building Assets For Windows
[2018.07.06-19.18.04:157][  0]LogDerivedDataCache: Display: Max Cache Size: 512 MB
[2018.07.06-19.18.05:528][  0]LogDerivedDataCache: Loaded boot cache 1.36s 93MB C:/Users/Lucak #sweg/AppData/Local/UnrealEngine/4.17/DerivedDataCache/Boot.ddc.
[2018.07.06-19.18.05:528][  0]LogDerivedDataCache: Display: Loaded Boot cache: C:/Users/Lucak #sweg/AppData/Local/UnrealEngine/4.17/DerivedDataCache/Boot.ddc
[2018.07.06-19.18.05:528][  0]LogDerivedDataCache: FDerivedDataBackendGraph:  Pak pak cache file ../../../../../../Unreal projects/Hakunamatata/Hakunamatata/DerivedDataCache/DDC.ddp not found, will not use a pak cache.
[2018.07.06-19.18.05:528][  0]LogDerivedDataCache: Unable to find inner node Pak for hierarchical cache Hierarchy.
[2018.07.06-19.18.05:528][  0]LogDerivedDataCache: FDerivedDataBackendGraph:  CompressedPak pak cache file ../../../../../../Unreal projects/Hakunamatata/Hakunamatata/DerivedDataCache/Compressed.ddp not found, will not use a pak cache.
[2018.07.06-19.18.05:528][  0]LogDerivedDataCache: Unable to find inner node CompressedPak for hierarchical cache Hierarchy.
[2018.07.06-19.18.05:685][  0]LogDerivedDataCache: Display: Pak cache opened for reading ../../../Engine/DerivedDataCache/Compressed.ddp.
[2018.07.06-19.18.05:731][  0]LogDerivedDataCache: Using Local data cache path C:/Users/Lucak #sweg/AppData/Local/UnrealEngine/Common/DerivedDataCache: Writable
[2018.07.06-19.18.05:838][  0]LogMaterial: Verifying Global Shaders for PCD3D_SM5
[2018.07.06-19.18.05:999][  0]LogSlate: Using Freetype 2.6.0
[2018.07.06-19.18.06:092][  0]LogSlate: SlateFontCache - WITH_FREETYPE: 1, WITH_HARFBUZZ: 1
[2018.07.06-19.18.06:108][  0]LogSlate: SlateFontCache - WITH_FREETYPE: 1, WITH_HARFBUZZ: 1
[2018.07.06-19.18.26:304][  0]LogAssetRegistry: FAssetRegistry took 0.1226 seconds to start up
[2018.07.06-19.18.28:349][  0]LogInit: Selected Device Profile: [Windows]
[2018.07.06-19.18.37:060][  0]LogContentStreaming: Texture pool size is 0.00 MB
[2018.07.06-19.18.43:681][  0]LogSimplygon: Simplygon DLL not present - disabling.
[2018.07.06-19.18.44:832][  0]LogMeshReduction: Using SimplygonSwarm for distributed automatic mesh merging
[2018.07.06-19.18.44:833][  0]LogMeshReduction: Using QuadricMeshReduction for automatic static mesh reduction
[2018.07.06-19.18.44:833][  0]LogMeshReduction: No automatic skeletal mesh reduction module available
[2018.07.06-19.18.44:833][  0]LogMeshReduction: No automatic mesh merging module available
[2018.07.06-19.18.44:833][  0]LogMeshMerging: No automatic mesh merging module available
[2018.07.06-19.18.52:965][  0]LogNetVersion: CRPG3D , NetCL: 3573198, EngineNetVer: 2, GameNetVer: 0 (Checksum: 1818862895)
[2018.07.06-19.18.57:553][  0]LogPackageLocalizationCache: Processed 6 localized package path(s) for 1 prioritized culture(s) in 0.220837 seconds
[2018.07.06-19.18.57:610][  0]LogUObjectArray: 35825 objects as part of root set at end of initial load.
[2018.07.06-19.18.57:610][  0]LogUObjectAllocator: 7529104 out of 0 bytes used by permanent object pool.
[2018.07.06-19.18.57:610][  0]LogUObjectArray: CloseDisregardForGC: 0/0 objects in disregard for GC pool
[2018.07.06-19.18.58:037][  0]LogInit: WinSock: version 1.1 (2.2), MaxSocks=32767, MaxUdp=65467
[2018.07.06-19.19.53:814][  0]LogTcpMessaging: Initializing TcpMessaging bridge
[2018.07.06-19.19.54:383][  0]LogUdpMessaging: Initializing bridge on interface 0.0.0.0:0 to multicast group 230.0.0.1:6666.
[2018.07.06-19.20.01:787][  0]LogMaterial: Uniform references updated for custom material expression Custom.
[2018.07.06-19.20.04:453][  0]SourceControl: Source control is disabled
[2018.07.06-19.20.04:453][  0]SourceControl: Source control is disabled
[2018.07.06-19.20.04:739][  0]SourceControl: Source control is disabled
[2018.07.06-19.20.05:007][  0]SourceControl: Source control is disabled
[2018.07.06-19.20.17:866][  0]LogConsoleManager: Warning: Console object named 'sm.DerivedDataTimings' already exists but is being registered again, but we weren't expected it to be! (FConsoleManager::AddConsoleObject)
[2018.07.06-19.21.20:194][  0]LogAndroidPermission: UAndroidPermissionCallbackProxy::GetInstance
[2018.07.06-19.21.21:442][  0]LogOcInput: OculusInput pre-init called
[2018.07.06-19.21.26:230][  0]LogEngine: Initializing Engine...
[2018.07.06-19.21.28:191][  0]LogHMD: Failed to initialize OpenVR with code 108
[2018.07.06-19.21.31:989][  0]LogStats: UGameplayTagsManager::ConstructGameplayTagTree: Construct from data asset -  0.000 s
[2018.07.06-19.21.32:012][  0]LogStats: UGameplayTagsManager::ConstructGameplayTagTree: GameplayTagTreeChangedEvent.Broadcast -  0.022 s
[2018.07.06-19.21.37:505][  0]LogAIModule: Creating AISystem for world Untitled
[2018.07.06-19.21.38:226][  0]LogInit: XAudio2 using 'Alto-falantes (Realtek High Definition Audio)' : 2 channels at 48 kHz using 32 bits per sample (channel mask 0x3)
[2018.07.06-19.21.38:453][  0]LogInit: FAudioDevice initialized.
[2018.07.06-19.21.39:270][  0]LogDerivedDataCache: Saved boot cache 0.82s 93MB C:/Users/Lucak #sweg/AppData/Local/UnrealEngine/4.17/DerivedDataCache/Boot.ddc.
[2018.07.06-19.21.39:332][  0]LogInit: Texture streaming: Enabled
[2018.07.06-19.21.42:044][  0]LogEngineSessionManager: EngineSessionManager initialized
[2018.07.06-19.21.48:348][  0]LogInit: Transaction tracking system initialized
[2018.07.06-19.21.54:999][  0]BlueprintLog: New page: Editor Load
[2018.07.06-19.22.06:105][  0]LocalizationService: Localization service is disabled
[2018.07.06-19.22.18:033][  0]LogConsoleResponse: Display: 
[2018.07.06-19.22.26:305][  0]LogCook: Display: Max memory allowance for cook 16384mb min free memory 0mb
[2018.07.06-19.22.26:408][  0]LogCook: Display: Mobile HDR setting 1
[2018.07.06-19.22.26:853][  0]LogGameplayTags: Display: UGameplayTagsManager::DoneAddingNativeTags. DelegateIsBound: 0
[2018.07.06-19.22.30:851][  0]LogFileCache: Scanning file cache for directory 'C:/Unreal projects/Hakunamatata/Hakunamatata/Content/' took 2.92s
[2018.07.06-19.22.56:431][  0]SourceControl: Source control is disabled
[2018.07.06-19.22.56:940][  0]Cmd: MAP LOAD FILE="../../../../../../Unreal projects/Hakunamatata/Hakunamatata/Content/levels/vertical_slice_stuff/vertical_slice01.umap" TEMPLATE=0 SHOWPROGRESS=1 FEATURELEVEL=3
[2018.07.06-19.22.57:457][  0]LightingResults: New page: Lighting Build
[2018.07.06-19.23.00:868][  0]MapCheck: New page: Map Check
[2018.07.06-19.23.00:868][  0]LightingResults: New page: Lighting Build
[2018.07.06-19.23.25:833][  0]LogBlueprint: Warning: [physics_master] 'My Character' variable not found. Base class was probably changed.
[2018.07.06-19.23.25:833][  0]LogBlueprint: Warning: [physics_master] 'My Character' variable not found. Base class was probably changed.
[2018.07.06-19.23.25:878][  0]LogClass: Warning: Enum '/Game/DialogueSystem/Blueprints/Enums/e_DialogueSelectionTypes.e_DialogueSelectionTypes' was upgraded to use FText to store its display name data. Please re-save this asset to avoid issues with localization and determinstic cooking.
[2018.07.06-19.23.47:611][  0]LogMovieScene: Warning: Legacy data detected in sequence '/Game/DialogueSystem/Widgets/DecisionDialogue (Unknown sequence)'. This will cause deterministic cooking issues. Please resave the package.
[2018.07.06-19.23.47:611][  0]LogMovieScene: Warning: Legacy data detected in sequence '/Game/DialogueSystem/Widgets/DecisionDialogue (BlendIn)'. This will cause deterministic cooking issues. Please resave the package.
[2018.07.06-19.23.47:611][  0]LogMovieScene: Warning: Legacy data detected in sequence '/Engine/Transient (Unknown sequence)'. This will cause deterministic cooking issues. Please resave the package.
[2018.07.06-19.23.47:611][  0]LogMovieScene: Warning: Legacy data detected in sequence '/Engine/Transient (BlendIn_INST)'. This will cause deterministic cooking issues. Please resave the package.
[2018.07.06-19.23.47:611][  0]LogMovieScene: Warning: Legacy data detected in sequence '/Game/DialogueSystem/Widgets/DecisionDialogue (BlendIn)'. This will cause deterministic cooking issues. Please resave the package.
[2018.07.06-19.23.47:611][  0]LogMovieScene: Warning: Legacy data detected in sequence '/Game/DialogueSystem/Widgets/DecisionDialogue (BlendIn)'. This will cause deterministic cooking issues. Please resave the package.
[2018.07.06-19.23.47:611][  0]LogMovieScene: Warning: Legacy data detected in sequence '/Game/DialogueSystem/Widgets/DecisionDialogue (BlendIn)'. This will cause deterministic cooking issues. Please resave the package.
[2018.07.06-19.23.47:611][  0]LogMovieScene: Warning: Legacy data detected in sequence '/Engine/Transient (BlendIn_INST)'. This will cause deterministic cooking issues. Please resave the package.
[2018.07.06-19.23.47:611][  0]LogMovieScene: Warning: Legacy data detected in sequence '/Engine/Transient (BlendIn_INST)'. This will cause deterministic cooking issues. Please resave the package.
[2018.07.06-19.23.47:611][  0]LogMovieScene: Warning: Legacy data detected in sequence '/Engine/Transient (BlendIn_INST)'. This will cause deterministic cooking issues. Please resave the package.
[2018.07.06-19.23.47:611][  0]LogMovieScene: Warning: Legacy data detected in sequence '/Game/DialogueSystem/Widgets/DecisionDialogue (BlendIn)'. This will cause deterministic cooking issues. Please resave the package.
[2018.07.06-19.23.47:612][  0]LogMovieScene: Warning: Legacy data detected in sequence '/Game/DialogueSystem/Widgets/DecisionDialogue (BlendIn)'. This will cause deterministic cooking issues. Please resave the package.
[2018.07.06-19.23.47:612][  0]LogMovieScene: Warning: Legacy data detected in sequence '/Game/DialogueSystem/Widgets/DecisionDialogue (BlendIn)'. This will cause deterministic cooking issues. Please resave the package.
[2018.07.06-19.23.47:612][  0]LogMovieScene: Warning: Legacy data detected in sequence '/Engine/Transient (BlendIn_INST)'. This will cause deterministic cooking issues. Please resave the package.
[2018.07.06-19.23.47:612][  0]LogMovieScene: Warning: Legacy data detected in sequence '/Engine/Transient (BlendIn_INST)'. This will cause deterministic cooking issues. Please resave the package.
[2018.07.06-19.23.47:612][  0]LogMovieScene: Warning: Legacy data detected in sequence '/Engine/Transient (BlendIn_INST)'. This will cause deterministic cooking issues. Please resave the package.
[2018.07.06-19.23.47:971][  0]LogMovieScene: Warning: Legacy data detected in sequence '/Game/DialogueSystem/Widgets/MainWidget (Unknown sequence)'. This will cause deterministic cooking issues. Please resave the package.
[2018.07.06-19.23.47:971][  0]LogMovieScene: Warning: Legacy data detected in sequence '/Game/DialogueSystem/Widgets/MainWidget (FadeToBlack)'. This will cause deterministic cooking issues. Please resave the package.
[2018.07.06-19.23.47:971][  0]LogMovieScene: Warning: Legacy data detected in sequence '/Engine/Transient (Unknown sequence)'. This will cause deterministic cooking issues. Please resave the package.
[2018.07.06-19.23.47:971][  0]LogMovieScene: Warning: Legacy data detected in sequence '/Engine/Transient (FadeToBlack_INST)'. This will cause deterministic cooking issues. Please resave the package.
[2018.07.06-19.23.47:971][  0]LogMovieScene: Warning: Legacy data detected in sequence '/Game/DialogueSystem/Widgets/MainWidget (FadeToBlack)'. This will cause deterministic cooking issues. Please resave the package.
[2018.07.06-19.23.47:971][  0]LogMovieScene: Warning: Legacy data detected in sequence '/Engine/Transient (FadeToBlack_INST)'. This will cause deterministic cooking issues. Please resave the package.
[2018.07.06-19.23.47:971][  0]LogMovieScene: Warning: Legacy data detected in sequence '/Game/DialogueSystem/Widgets/MainWidget (FadeToBlack)'. This will cause deterministic cooking issues. Please resave the package.
[2018.07.06-19.23.47:971][  0]LogMovieScene: Warning: Legacy data detected in sequence '/Engine/Transient (FadeToBlack_INST)'. This will cause deterministic cooking issues. Please resave the package.
[2018.07.06-19.23.50:585][  0]LogMovieScene: Warning: Legacy data detected in sequence '/Game/DialogueSystem/Widgets/DefaultDialogue (Unknown sequence)'. This will cause deterministic cooking issues. Please resave the package.
[2018.07.06-19.23.50:585][  0]LogMovieScene: Warning: Legacy data detected in sequence '/Game/DialogueSystem/Widgets/DefaultDialogue (BlendIn)'. This will cause deterministic cooking issues. Please resave the package.
[2018.07.06-19.23.50:585][  0]LogMovieScene: Warning: Legacy data detected in sequence '/Engine/Transient (Unknown sequence)'. This will cause deterministic cooking issues. Please resave the package.
[2018.07.06-19.23.50:585][  0]LogMovieScene: Warning: Legacy data detected in sequence '/Engine/Transient (WidgetAnimation_0)'. This will cause deterministic cooking issues. Please resave the package.
[2018.07.06-19.23.50:585][  0]LogMovieScene: Warning: Legacy data detected in sequence '/Game/DialogueSystem/Widgets/DefaultDialogue (BlendIn)'. This will cause deterministic cooking issues. Please resave the package.
[2018.07.06-19.23.50:585][  0]LogMovieScene: Warning: Legacy data detected in sequence '/Game/DialogueSystem/Widgets/DefaultDialogue (BlendIn)'. This will cause deterministic cooking issues. Please resave the package.
[2018.07.06-19.23.50:585][  0]LogMovieScene: Warning: Legacy data detected in sequence '/Game/DialogueSystem/Widgets/DefaultDialogue (BlendIn)'. This will cause deterministic cooking issues. Please resave the package.
[2018.07.06-19.23.50:585][  0]LogMovieScene: Warning: Legacy data detected in sequence '/Engine/Transient (WidgetAnimation_0)'. This will cause deterministic cooking issues. Please resave the package.
[2018.07.06-19.23.50:585][  0]LogMovieScene: Warning: Legacy data detected in sequence '/Engine/Transient (WidgetAnimation_0)'. This will cause deterministic cooking issues. Please resave the package.
[2018.07.06-19.23.50:585][  0]LogMovieScene: Warning: Legacy data detected in sequence '/Engine/Transient (WidgetAnimation_0)'. This will cause deterministic cooking issues. Please resave the package.
[2018.07.06-19.23.50:585][  0]LogMovieScene: Warning: Legacy data detected in sequence '/Game/DialogueSystem/Widgets/DefaultDialogue (BlendIn)'. This will cause deterministic cooking issues. Please resave the package.
[2018.07.06-19.23.50:585][  0]LogMovieScene: Warning: Legacy data detected in sequence '/Game/DialogueSystem/Widgets/DefaultDialogue (BlendIn)'. This will cause deterministic cooking issues. Please resave the package.
[2018.07.06-19.23.50:585][  0]LogMovieScene: Warning: Legacy data detected in sequence '/Game/DialogueSystem/Widgets/DefaultDialogue (BlendIn)'. This will cause deterministic cooking issues. Please resave the package.
[2018.07.06-19.23.50:585][  0]LogMovieScene: Warning: Legacy data detected in sequence '/Engine/Transient (WidgetAnimation_0)'. This will cause deterministic cooking issues. Please resave the package.
[2018.07.06-19.23.50:585][  0]LogMovieScene: Warning: Legacy data detected in sequence '/Engine/Transient (WidgetAnimation_0)'. This will cause deterministic cooking issues. Please resave the package.
[2018.07.06-19.23.50:585][  0]LogMovieScene: Warning: Legacy data detected in sequence '/Engine/Transient (WidgetAnimation_0)'. This will cause deterministic cooking issues. Please resave the package.
[2018.07.06-19.24.25:064][  0]LogClass: Warning: Enum '/Game/DialogueSystem/Blueprints/Enums/e_OptionCategories.e_OptionCategories' was upgraded to use FText to store its display name data. Please re-save this asset to avoid issues with localization and determinstic cooking.
[2018.07.06-19.24.46:358][  0]LogAIModule: Creating AISystem for world vertical_slice01
[2018.07.06-19.24.52:157][  0]LogEditorServer: Finished looking for orphan Actors (0.000 secs)
[2018.07.06-19.24.53:847][  0]Cmd: MAP CHECKDEP NOCLEARLOG
[2018.07.06-19.24.54:378][  0]MapCheck: Map check complete: 0 Error(s), 0 Warning(s), took 512.215ms to complete.
[2018.07.06-19.24.54:379][  0]LogFileHelpers: Loading map 'vertical_slice01' took 117.678
[2018.07.06-19.25.03:141][  0]LogCollectionManager: Loaded 0 collections in 0.001954 seconds
[2018.07.06-19.25.04:270][  0]LogFileCache: Scanning file cache for directory 'C:/Unreal projects/Hakunamatata/Hakunamatata/Saved/Collections/' took 0.01s
[2018.07.06-19.25.04:270][  0]LogFileCache: Scanning file cache for directory 'C:/Unreal projects/Hakunamatata/Hakunamatata/Content/Developers/Lucaksweg/Collections/' took 0.01s
[2018.07.06-19.25.04:270][  0]LogFileCache: Scanning file cache for directory 'C:/Unreal projects/Hakunamatata/Hakunamatata/Content/Collections/' took 0.01s
[2018.07.06-19.25.04:270][  0]LogCollectionManager: Rebuilt the GUID cache for 0 collections in 0.000001 seconds
[2018.07.06-19.25.04:340][  0]LogContentBrowser: Native class hierarchy populated in 0.0455 seconds. Added 2443 classes and 506 folders.
[2018.07.06-19.25.04:919][  0]LogContentBrowser: Native class hierarchy updated for 'WidgetCarousel' in 0.0009 seconds. Added 0 classes and 0 folders.
[2018.07.06-19.25.06:686][  0]LogContentBrowser: Native class hierarchy updated for 'AddContentDialog' in 0.0009 seconds. Added 0 classes and 0 folders.
[2018.07.06-19.25.07:026][  0]LogContentBrowser: Native class hierarchy updated for 'SceneOutliner' in 0.0009 seconds. Added 1 classes and 2 folders.
[2018.07.06-19.25.08:510][  0]LogSlate: Took 0.011150 seconds to synchronously load lazily loaded font '../../../Engine/Content/Slate/Fonts/Roboto-Regular.ttf' (155K)
[2018.07.06-19.25.08:572][  0]LogSlate: Took 0.015738 seconds to synchronously load lazily loaded font '../../../Engine/Content/Slate/Fonts/Roboto-Bold.ttf' (160K)
[2018.07.06-19.25.08:775][  0]LogSlate: Took 0.058065 seconds to synchronously load lazily loaded font '../../../Engine/Content/Editor/Slate/Fonts/FontAwesome.ttf' (139K)
[2018.07.06-19.25.11:904][  0]LogRenderer: Reallocating scene render targets to support 1176x588 Format 10 NumSamples 1 (Frame:1).
[2018.07.06-19.25.17:612][  0]LogContentBrowser: Native class hierarchy updated for 'HierarchicalLODOutliner' in 0.0010 seconds. Added 1 classes and 2 folders.
[2018.07.06-19.25.17:613][  0]LogLoad: (Engine Initialization) Total time: 523.43 seconds
[2018.07.06-19.25.17:613][  0]LogLoad: (Engine Initialization) Total Blueprint compile time: 0.00 seconds
[2018.07.06-19.25.17:724][  0]LogExternalProfiler: No external profilers were discovered.  External profiling features will not be available.
[2018.07.06-19.25.20:560][  0]LogContentStreaming: Texture pool size now 1000 MB
[2018.07.06-19.25.24:382][  1]LogSlate: Took 0.111628 seconds to synchronously load lazily loaded font '../../../Engine/Content/Slate/Fonts/Roboto-Light.ttf' (159K)
[2018.07.06-19.25.28:588][  7]LogAssetRegistry: Asset discovery search completed in 422.3266 seconds
[2018.07.06-19.25.28:719][  7]LogCollectionManager: Rebuilt the object cache for 0 collections in 0.000002 seconds (found 0 objects)
[2018.07.06-19.25.28:738][  7]LogCollectionManager: Fixed up redirectors for 0 collections in 0.000088 seconds (updated 0 objects)
[2018.07.06-19.58.18:350][914]LogD3D11RHI: Timed out while waiting for GPU to catch up. (0.5 s)
[2018.07.06-19.58.18:850][915]LogD3D11RHI: Timed out while waiting for GPU to catch up. (0.5 s)
[2018.07.06-19.58.19:357][916]LogD3D11RHI: Timed out while waiting for GPU to catch up. (0.5 s)
[2018.07.06-19.58.19:857][917]LogD3D11RHI: Timed out while waiting for GPU to catch up. (500 ms)
[2018.07.06-20.55.19:913][478]LogWindowsTextInputMethodSystem: Display: IME system now deactivated.
[2018.07.06-20.55.19:913][478]LogWindowsTextInputMethodSystem: Display: IME system now deactivated.
[2018.07.06-20.55.22:025][479]Cmd: QUIT_EDITOR
[2018.07.06-20.55.25:481][479]LogExit: Preparing to exit.
[2018.07.06-20.55.30:990][479]LogDirectoryWatcher: A directory notification for 'C:/Unreal projects/Hakunamatata/Hakunamatata/Content/' was aborted.
[2018.07.06-20.55.33:598][479]LogExit: Editor shut down
[2018.07.06-20.55.33:642][479]LogExit: Transaction tracking system shut down
[2018.07.06-20.55.36:574][479]LogDirectoryWatcher: A directory notification for '../../../Engine/Content/' was aborted.
[2018.07.06-20.55.36:574][479]LogDirectoryWatcher: A directory notification for '../../../../../../Unreal projects/Hakunamatata/Hakunamatata/Content/' was aborted.
[2018.07.06-20.55.36:574][479]LogDirectoryWatcher: A directory notification for '../../../Engine/Plugins/2D/Paper2D/Content/' was aborted.
[2018.07.06-20.55.36:574][479]LogDirectoryWatcher: A directory notification for '../../../Engine/Plugins/MeshTool/Content/' was aborted.
[2018.07.06-20.55.36:574][479]LogDirectoryWatcher: A directory notification for '../../../Engine/Plugins/Runtime/Oculus/OculusVR/Content/' was aborted.
[2018.07.06-20.55.36:574][479]LogDirectoryWatcher: A directory notification for '../../../Engine/Plugins/Runtime/Steam/SteamVR/Content/' was aborted.
[2018.07.06-20.55.49:279][479]LogExit: Object subsystem successfully closed.
[2018.07.06-20.55.50:203][479]LogD3D11RHI: Shutdown
[2018.07.06-20.55.50:204][479]LogD3D11RHI: CleanupD3DDevice
[2018.07.06-20.55.51:017][479]LogD3D11RHI: ~FD3D11DynamicRHI
[2018.07.06-20.55.54:855][479]LogModuleManager: Shutting down and abandoning module HierarchicalLODOutliner (532)
[2018.07.06-20.55.54:855][479]LogModuleManager: Shutting down and abandoning module SceneOutliner (530)
[2018.07.06-20.55.54:871][479]LogModuleManager: Shutting down and abandoning module AddContentDialog (528)
[2018.07.06-20.55.54:907][479]LogDirectoryWatcher: A directory notification for 'C:/Program Files/Epic Games/UE_4.17/FeaturePacks/' was aborted.
[2018.07.06-20.55.55:216][479]LogModuleManager: Shutting down and abandoning module WidgetCarousel (527)
[2018.07.06-20.55.55:216][479]LogModuleManager: Shutting down and abandoning module EditorWidgets (524)
[2018.07.06-20.55.55:216][479]LogModuleManager: Shutting down and abandoning module CollectionManager (522)
[2018.07.06-20.55.55:225][479]LogDirectoryWatcher: A directory notification for 'C:/Unreal projects/Hakunamatata/Hakunamatata/Content/Collections/' was aborted.
[2018.07.06-20.55.55:226][479]LogDirectoryWatcher: A directory notification for 'C:/Unreal projects/Hakunamatata/Hakunamatata/Content/Developers/Lucaksweg/Collections/' was aborted.
[2018.07.06-20.55.55:226][479]LogDirectoryWatcher: A directory notification for 'C:/Unreal projects/Hakunamatata/Hakunamatata/Saved/Collections/' was aborted.
[2018.07.06-20.55.55:226][479]LogModuleManager: Shutting down and abandoning module StatsViewer (520)
[2018.07.06-20.55.55:248][479]LogModuleManager: Shutting down and abandoning module FoliageEdit (518)
[2018.07.06-20.55.55:257][479]LogModuleManager: Shutting down and abandoning module LandscapeEditor (516)
[2018.07.06-20.55.55:327][479]LogModuleManager: Shutting down and abandoning module MeshPaintMode (514)
[2018.07.06-20.55.55:327][479]LogModuleManager: Shutting down and abandoning module SceneDepthPickerMode (512)
[2018.07.06-20.55.55:327][479]LogModuleManager: Shutting down and abandoning module ActorPickerMode (510)
[2018.07.06-20.55.55:327][479]LogModuleManager: Shutting down and abandoning module GeometryMode (508)
[2018.07.06-20.55.55:327][479]LogModuleManager: Shutting down and abandoning module TextureAlignMode (506)
[2018.07.06-20.55.55:327][479]LogModuleManager: Shutting down and abandoning module BspMode (504)
[2018.07.06-20.55.55:342][479]LogModuleManager: Shutting down and abandoning module PIEPreviewDeviceProfileSelector (502)
[2018.07.06-20.55.55:342][479]LogModuleManager: Shutting down and abandoning module HardwareSurvey (500)
[2018.07.06-20.55.55:342][479]LogModuleManager: Shutting down and abandoning module SequenceRecorderSections (498)
[2018.07.06-20.55.55:351][479]LogModuleManager: Shutting down and abandoning module AutomationWorker (496)
[2018.07.06-20.55.55:366][479]LogModuleManager: Shutting down and abandoning module MatineeToLevelSequence (494)
[2018.07.06-20.55.55:395][479]LogModuleManager: Shutting down and abandoning module LevelSequenceEditor (492)
[2018.07.06-20.55.55:450][479]LogModuleManager: Shutting down and abandoning module PlacementMode (491)
[2018.07.06-20.55.55:450][479]LogModuleManager: Shutting down and abandoning module WmfMediaFactory (488)
[2018.07.06-20.55.55:450][479]LogModuleManager: Shutting down and abandoning module WmfMediaEditor (486)
[2018.07.06-20.55.55:450][479]LogModuleManager: Shutting down and abandoning module AvfMediaFactory (484)
[2018.07.06-20.55.55:450][479]LogModuleManager: Shutting down and abandoning module AvfMediaEditor (482)
[2018.07.06-20.55.55:450][479]LogModuleManager: Shutting down and abandoning module AndroidMediaFactory (480)
[2018.07.06-20.55.55:450][479]LogModuleManager: Shutting down and abandoning module Media (479)
[2018.07.06-20.55.55:450][479]LogModuleManager: Shutting down and abandoning module AndroidMediaEditor (476)
[2018.07.06-20.55.55:450][479]LogModuleManager: Shutting down and abandoning module CharacterAI (474)
[2018.07.06-20.55.55:450][479]LogModuleManager: Shutting down and abandoning module AudioCapture (472)
[2018.07.06-20.55.55:462][479]LogModuleManager: Shutting down and abandoning module SequenceRecorder (471)
[2018.07.06-20.55.55:472][479]LogModuleManager: Shutting down and abandoning module SmartSnapping (468)
[2018.07.06-20.55.55:472][479]LogModuleManager: Shutting down and abandoning module SessionServices (466)
[2018.07.06-20.55.55:472][479]LogModuleManager: Shutting down and abandoning module ViewportSnapping (464)
[2018.07.06-20.55.55:472][479]LogModuleManager: Shutting down and abandoning module ViewportInteraction (462)
[2018.07.06-20.55.55:472][479]LogModuleManager: Shutting down and abandoning module ClothPainter (460)
[2018.07.06-20.55.55:503][479]LogModuleManager: Shutting down and abandoning module LogVisualizer (458)
[2018.07.06-20.55.55:521][479]LogModuleManager: Shutting down and abandoning module IntroTutorials (456)
[2018.07.06-20.55.55:550][479]LogModuleManager: Shutting down and abandoning module GameProjectGeneration (455)
[2018.07.06-20.55.55:578][479]LogModuleManager: Shutting down and abandoning module IOSPlatformEditor (452)
[2018.07.06-20.55.55:587][479]LogModuleManager: Shutting down and abandoning module HTML5PlatformEditor (450)
[2018.07.06-20.55.55:587][479]LogModuleManager: Shutting down and abandoning module AndroidPlatformEditor (448)
[2018.07.06-20.55.55:587][479]LogModuleManager: Shutting down and abandoning module AndroidDeviceDetection (447)
[2018.07.06-20.55.55:823][479]LogModuleManager: Shutting down and abandoning module WindowsPlatformEditor (444)
[2018.07.06-20.55.55:823][479]LogModuleManager: Shutting down and abandoning module IOSRuntimeSettings (442)
[2018.07.06-20.55.55:823][479]LogModuleManager: Shutting down and abandoning module AndroidRuntimeSettings (440)
[2018.07.06-20.55.55:823][479]LogModuleManager: Shutting down and abandoning module InputBindingEditor (438)
[2018.07.06-20.55.55:981][479]LogModuleManager: Shutting down and abandoning module MergeActors (436)
[2018.07.06-20.55.56:008][479]LogModuleManager: Shutting down and abandoning module SizeMap (434)
[2018.07.06-20.55.56:043][479]LogModuleManager: Shutting down and abandoning module TreeMap (432)
[2018.07.06-20.55.56:100][479]LogModuleManager: Shutting down and abandoning module ReferenceViewer (430)
[2018.07.06-20.55.56:100][479]LogModuleManager: Shutting down and abandoning module LocalizationDashboard (428)
[2018.07.06-20.55.56:142][479]LogModuleManager: Shutting down and abandoning module LocalizationService (427)
[2018.07.06-20.55.56:155][479]LogModuleManager: Shutting down and abandoning module HardwareTargeting (424)
[2018.07.06-20.55.56:155][479]LogModuleManager: Shutting down and abandoning module DeviceProfileEditor (422)
[2018.07.06-20.55.56:171][479]LogModuleManager: Shutting down and abandoning module UndoHistory (420)
[2018.07.06-20.55.56:171][479]LogModuleManager: Shutting down and abandoning module XmlParser (418)
[2018.07.06-20.55.56:186][479]LogModuleManager: Shutting down and abandoning module Blutility (416)
[2018.07.06-20.55.56:186][479]LogModuleManager: Shutting down and abandoning module ProjectSettingsViewer (414)
[2018.07.06-20.55.56:186][479]LogModuleManager: Shutting down and abandoning module ProjectTargetPlatformEditor (413)
[2018.07.06-20.55.56:186][479]LogModuleManager: Shutting down and abandoning module EditorSettingsViewer (410)
[2018.07.06-20.55.56:186][479]LogModuleManager: Shutting down and abandoning module SettingsEditor (408)
[2018.07.06-20.55.56:231][479]LogModuleManager: Shutting down and abandoning module ProjectLauncher (406)
[2018.07.06-20.55.56:249][479]LogModuleManager: Shutting down and abandoning module SessionFrontend (404)
[2018.07.06-20.55.56:294][479]LogModuleManager: Shutting down and abandoning module ProfilerClient (402)
[2018.07.06-20.55.56:304][479]LogModuleManager: Shutting down and abandoning module DeviceManager (400)
[2018.07.06-20.55.56:368][479]LogModuleManager: Shutting down and abandoning module TargetDeviceServices (399)
[2018.07.06-20.55.56:527][479]LogModuleManager: Shutting down and abandoning module AutomationController (396)
[2018.07.06-20.55.56:581][479]LogModuleManager: Shutting down and abandoning module AutomationWindow (394)
[2018.07.06-20.55.56:606][479]LogModuleManager: Shutting down and abandoning module Layers (392)
[2018.07.06-20.55.56:647][479]LogModuleManager: Shutting down and abandoning module ComponentVisualizers (390)
[2018.07.06-20.55.56:647][479]LogModuleManager: Shutting down and abandoning module DetailCustomizations (388)
[2018.07.06-20.55.56:699][479]LogModuleManager: Shutting down and abandoning module PackagesDialog (386)
[2018.07.06-20.55.56:731][479]LogModuleManager: Shutting down and abandoning module Persona (384)
[2018.07.06-20.55.56:795][479]LogModuleManager: Shutting down and abandoning module AdvancedPreviewScene (383)
[2018.07.06-20.55.56:795][479]LogModuleManager: Shutting down and abandoning module AnimGraph (381)
[2018.07.06-20.55.56:812][479]LogModuleManager: Shutting down and abandoning module Kismet (378)
[2018.07.06-20.55.56:845][479]LogModuleManager: Shutting down and abandoning module ClassViewer (376)
[2018.07.06-20.55.56:845][479]LogModuleManager: Shutting down and abandoning module Toolbox (374)
[2018.07.06-20.55.56:845][479]LogModuleManager: Shutting down and abandoning module ModuleUI (372)
[2018.07.06-20.55.56:859][479]LogModuleManager: Shutting down and abandoning module MovieSceneTools (370)
[2018.07.06-20.55.56:888][479]LogModuleManager: Shutting down and abandoning module OutputLog (368)
[2018.07.06-20.55.56:909][479]LogModuleManager: Shutting down and abandoning module GammaUI (366)
[2018.07.06-20.55.56:915][479]LogModuleManager: Shutting down and abandoning module Documentation (364)
[2018.07.06-20.55.56:915][479]LogModuleManager: Shutting down and abandoning module MovieSceneTracks (362)
[2018.07.06-20.55.56:915][479]LogModuleManager: Shutting down and abandoning module MovieScene (360)
[2018.07.06-20.55.56:915][479]LogModuleManager: Shutting down and abandoning module Niagara (358)
[2018.07.06-20.55.56:915][479]LogModuleManager: Shutting down and abandoning module NiagaraEditor (357)
[2018.07.06-20.55.56:962][479]LogModuleManager: Shutting down and abandoning module StreamingPauseRendering (354)
[2018.07.06-20.55.56:962][479]LogModuleManager: Shutting down and abandoning module LauncherPlatform (352)
[2018.07.06-20.55.56:962][479]LogModuleManager: Shutting down and abandoning module AnalyticsET (350)
[2018.07.06-20.55.56:962][479]LogModuleManager: Shutting down and abandoning module PortalServices (348)
[2018.07.06-20.55.56:962][479]LogModuleManager: Shutting down and abandoning module PortalRpc (346)
[2018.07.06-20.55.56:962][479]LogModuleManager: Shutting down and abandoning module MessagingRpc (344)
[2018.07.06-20.55.56:962][479]LogModuleManager: Shutting down and abandoning module AIModule (342)
[2018.07.06-20.55.56:982][479]LogModuleManager: Shutting down and abandoning module GameplayDebugger (341)
[2018.07.06-20.55.57:026][479]LogModuleManager: Shutting down and abandoning module AITestSuite (339)
[2018.07.06-20.55.57:037][479]LogModuleManager: Shutting down and abandoning module ProfilerService (336)
[2018.07.06-20.55.57:230][479]LogModuleManager: Shutting down and abandoning module TaskGraph (334)
[2018.07.06-20.55.57:263][479]LogModuleManager: Shutting down and abandoning module SteamVRController (332)
[2018.07.06-20.55.57:263][479]LogModuleManager: Shutting down and abandoning module ProceduralMeshComponentEditor (330)
[2018.07.06-20.55.57:263][479]LogModuleManager: Shutting down and abandoning module ProceduralMeshComponent (328)
[2018.07.06-20.55.57:263][479]LogModuleManager: Shutting down and abandoning module OculusInput (326)
[2018.07.06-20.55.57:275][479]LogModuleManager: Shutting down and abandoning module MobilePatchingUtils (324)
[2018.07.06-20.55.57:275][479]LogModuleManager: Shutting down and abandoning module CustomMeshComponent (322)
[2018.07.06-20.55.57:275][479]LogModuleManager: Shutting down and abandoning module CableComponent (320)
[2018.07.06-20.55.57:285][479]LogModuleManager: Shutting down and abandoning module ArchVisCharacter (318)
[2018.07.06-20.55.57:285][479]LogModuleManager: Shutting down and abandoning module AndroidPermission (316)
[2018.07.06-20.55.57:285][479]LogModuleManager: Shutting down and abandoning module MeshTool (312)
[2018.07.06-20.55.57:285][479]LogModuleManager: Shutting down and abandoning module MediaPlayerEditor (310)
[2018.07.06-20.55.57:311][479]LogModuleManager: Shutting down and abandoning module HTML5Networking (308)
[2018.07.06-20.55.57:311][479]LogModuleManager: Shutting down and abandoning module AlembicImporter (306)
[2018.07.06-20.55.57:319][479]LogModuleManager: Shutting down and abandoning module AlembicLibrary (305)
[2018.07.06-20.55.57:319][479]LogModuleManager: Shutting down and abandoning module GeometryCache (304)
[2018.07.06-20.55.57:319][479]LogModuleManager: Shutting down and abandoning module GeometryCacheEd (303)
[2018.07.06-20.55.57:319][479]LogModuleManager: Shutting down and abandoning module SpeedTreeImporter (298)
[2018.07.06-20.55.57:319][479]LogModuleManager: Shutting down and abandoning module PluginBrowser (296)
[2018.07.06-20.55.57:358][479]LogModuleManager: Shutting down and abandoning module MobileLauncherProfileWizard (294)
[2018.07.06-20.55.57:393][479]LogModuleManager: Shutting down and abandoning module VisualStudioSourceCodeAccess (292)
[2018.07.06-20.55.57:423][479]LogModuleManager: Shutting down and abandoning module DesktopPlatform (291)
[2018.07.06-20.55.57:438][479]LogModuleManager: Shutting down and abandoning module UObjectPlugin (288)
[2018.07.06-20.55.57:438][479]LogModuleManager: Shutting down and abandoning module SubversionSourceControl (286)
[2018.07.06-20.55.57:484][479]LogModuleManager: Shutting down and abandoning module PerforceSourceControl (284)
[2018.07.06-20.55.57:507][479]LogModuleManager: Shutting down and abandoning module GitSourceControl (282)
[2018.07.06-20.55.57:542][479]LogModuleManager: Shutting down and abandoning module SourceControl (281)
[2018.07.06-20.55.57:551][479]LogModuleManager: Shutting down and abandoning module LightPropagationVolumeEditor (278)
[2018.07.06-20.55.57:551][479]LogModuleManager: Shutting down and abandoning module PaperTiledImporter (276)
[2018.07.06-20.55.57:551][479]LogModuleManager: Shutting down and abandoning module PaperSpriteSheetImporter (274)
[2018.07.06-20.55.57:551][479]LogModuleManager: Shutting down and abandoning module Paper2DEditor (272)
[2018.07.06-20.55.57:564][479]LogModuleManager: Shutting down and abandoning module MeshPaint (271)
[2018.07.06-20.55.57:579][479]LogModuleManager: Shutting down and abandoning module LevelEditor (269)
[2018.07.06-20.55.57:632][479]LogModuleManager: Shutting down and abandoning module PixelInspectorModule (268)
[2018.07.06-20.55.57:657][479]LogModuleManager: Shutting down and abandoning module MainFrame (266)
[2018.07.06-20.55.57:657][479]LogModuleManager: Shutting down and abandoning module HotReload (265)
[2018.07.06-20.55.57:733][479]LogModuleManager: Shutting down and abandoning module RuntimePhysXCooking (260)
[2018.07.06-20.55.57:733][479]LogModuleManager: Shutting down and abandoning module PhysXVehiclesEditor (258)
[2018.07.06-20.55.57:733][479]LogModuleManager: Shutting down and abandoning module PhysXVehicles (256)
[2018.07.06-20.55.57:733][479]LogModuleManager: Shutting down and abandoning module OculusEditor (254)
[2018.07.06-20.55.57:733][479]LogModuleManager: Shutting down and abandoning module LocationServicesBPLibrary (252)
[2018.07.06-20.55.57:733][479]LogModuleManager: Shutting down and abandoning module ImmediatePhysicsEditor (250)
[2018.07.06-20.55.57:733][479]LogModuleManager: Shutting down and abandoning module ImmediatePhysics (248)
[2018.07.06-20.55.57:733][479]LogModuleManager: Shutting down and abandoning module UdpMessaging (246)
[2018.07.06-20.55.57:834][479]LogModuleManager: Shutting down and abandoning module TcpMessaging (244)
[2018.07.06-20.55.57:962][479]LogModuleManager: Shutting down and abandoning module GameplayTagsEditor (242)
[2018.07.06-20.55.58:142][479]LogModuleManager: Shutting down and abandoning module FacialAnimationEditor (240)
[2018.07.06-20.55.58:142][479]LogModuleManager: Shutting down and abandoning module FacialAnimation (238)
[2018.07.06-20.55.58:142][479]LogModuleManager: Shutting down and abandoning module AssetManagerEditor (236)
[2018.07.06-20.55.58:209][479]LogModuleManager: Shutting down and abandoning module GraphEditor (235)
[2018.07.06-20.55.58:288][479]LogModuleManager: Shutting down and abandoning module ContentBrowser (233)
[2018.07.06-20.55.58:290][479]LogModuleManager: Shutting down and abandoning module LightPropagationVolumeRuntime (230)
[2018.07.06-20.55.58:290][479]LogModuleManager: Shutting down and abandoning module Paper2D (228)
[2018.07.06-20.55.58:319][479]LogModuleManager: Shutting down and abandoning module WindowsMoviePlayer (226)
[2018.07.06-20.55.58:336][479]LogModuleManager: Shutting down and abandoning module WmfMedia (224)
[2018.07.06-20.55.58:392][479]LogModuleManager: Shutting down and abandoning module PacketHandler (222)
[2018.07.06-20.55.58:409][479]LogModuleManager: Shutting down and abandoning module ClothingSystemEditor (220)
[2018.07.06-20.55.58:409][479]LogModuleManager: Shutting down and abandoning module ClothingSystemRuntime (218)
[2018.07.06-20.55.58:503][479]LogModuleManager: Shutting down and abandoning module Overlay (216)
[2018.07.06-20.55.58:503][479]LogModuleManager: Shutting down and abandoning module OverlayEditor (215)
[2018.07.06-20.55.58:503][479]LogModuleManager: Shutting down and abandoning module MediaAssets (212)
[2018.07.06-20.55.58:503][479]LogModuleManager: Shutting down and abandoning module VREditor (210)
[2018.07.06-20.55.58:530][479]LogModuleManager: Shutting down and abandoning module StringTableEditor (208)
[2018.07.06-20.55.58:545][479]LogModuleManager: Shutting down and abandoning module GameplayTasksEditor (206)
[2018.07.06-20.55.58:545][479]LogModuleManager: Shutting down and abandoning module BehaviorTreeEditor (204)
[2018.07.06-20.55.58:595][479]LogModuleManager: Shutting down and abandoning module FunctionalTesting (202)
[2018.07.06-20.55.58:595][479]LogModuleManager: Shutting down and abandoning module CollisionAnalyzer (200)
[2018.07.06-20.55.58:616][479]LogModuleManager: Shutting down and abandoning module WorkspaceMenuStructure (199)
[2018.07.06-20.55.58:616][479]LogModuleManager: Shutting down and abandoning module UMG (196)
[2018.07.06-20.55.58:669][479]LogModuleManager: Shutting down and abandoning module UMGEditor (195)
[2018.07.06-20.55.58:841][479]LogModuleManager: Shutting down and abandoning module Sequencer (194)
[2018.07.06-20.55.58:916][479]LogModuleManager: Shutting down and abandoning module MessageLog (191)
[2018.07.06-20.55.58:938][479]LogModuleManager: Shutting down and abandoning module SlateReflector (186)
[2018.07.06-20.55.59:041][479]LogModuleManager: Shutting down and abandoning module Slate (184)
[2018.07.06-20.55.59:041][479]LogModuleManager: Shutting down and abandoning module EditorStyle (182)
[2018.07.06-20.55.59:625][479]LogModuleManager: Shutting down and abandoning module MRMesh (180)
[2018.07.06-20.55.59:625][479]LogModuleManager: Shutting down and abandoning module SourceCodeAccess (178)
[2018.07.06-20.55.59:650][479]LogModuleManager: Shutting down and abandoning module HeadMountedDisplay (176)
[2018.07.06-20.55.59:650][479]LogModuleManager: Shutting down and abandoning module XAudio2 (174)
[2018.07.06-20.55.59:650][479]LogModuleManager: Shutting down and abandoning module Networking (172)
[2018.07.06-20.55.59:657][479]LogModuleManager: Shutting down and abandoning module Core (168)
[2018.07.06-20.55.59:657][479]LogModuleManager: Shutting down and abandoning module KismetCompiler (164)
[2018.07.06-20.55.59:657][479]LogModuleManager: Shutting down and abandoning module LevelSequence (162)
[2018.07.06-20.55.59:657][479]LogModuleManager: Shutting down and abandoning module MeshUtilities (160)
[2018.07.06-20.55.59:686][479]LogModuleManager: Shutting down and abandoning module MeshMergeUtilities (159)
[2018.07.06-20.55.59:698][479]LogModuleManager: Shutting down and abandoning module MeshReductionInterface (158)
[2018.07.06-20.55.59:699][479]LogModuleManager: Shutting down and abandoning module SimplygonSwarm (157)
[2018.07.06-20.55.59:712][479]LogModuleManager: Shutting down and abandoning module SimplygonMeshReduction (155)
[2018.07.06-20.55.59:712][479]LogModuleManager: Shutting down and abandoning module QuadricMeshReduction (153)
[2018.07.06-20.55.59:731][479]LogModuleManager: Shutting down and abandoning module MaterialBaking (149)
[2018.07.06-20.55.59:739][479]LogModuleManager: Shutting down and abandoning module DirectoryWatcher (146)
[2018.07.06-20.55.59:823][479]LogModuleManager: Shutting down and abandoning module DerivedDataCache (144)
[2018.07.06-20.55.59:990][479]LogDerivedDataCache: Shutdown
[2018.07.06-20.55.59:990][479]LogModuleManager: Shutting down and abandoning module TargetPlatform (142)
[2018.07.06-20.56.00:009][479]LogModuleManager: Shutting down and abandoning module VulkanShaderFormat (141)
[2018.07.06-20.56.00:073][479]LogModuleManager: Shutting down and abandoning module ShaderFormatVectorVM (139)
[2018.07.06-20.56.00:165][479]LogModuleManager: Shutting down and abandoning module ShaderFormatOpenGL (137)
[2018.07.06-20.56.00:170][479]LogModuleManager: Shutting down and abandoning module ShaderFormatD3D (135)
[2018.07.06-20.56.00:211][479]LogModuleManager: Shutting down and abandoning module MetalShaderFormat (133)
[2018.07.06-20.56.00:253][479]LogModuleManager: Shutting down and abandoning module TextureFormatUncompressed (131)
[2018.07.06-20.56.00:276][479]LogModuleManager: Shutting down and abandoning module TextureFormatPVR (129)
[2018.07.06-20.56.00:281][479]LogModuleManager: Shutting down and abandoning module TextureFormatDXT (127)
[2018.07.06-20.56.00:282][479]LogModuleManager: Shutting down and abandoning module TextureFormatIntelISPCTexComp (125)
[2018.07.06-20.56.00:388][479]LogModuleManager: Shutting down and abandoning module TextureFormatASTC (123)
[2018.07.06-20.56.00:421][479]LogModuleManager: Shutting down and abandoning module ImageWrapper (122)
[2018.07.06-20.56.00:421][479]LogModuleManager: Shutting down and abandoning module TextureFormatAndroid (119)
[2018.07.06-20.56.00:421][479]LogModuleManager: Shutting down and abandoning module AudioFormatOpus (117)
[2018.07.06-20.56.00:433][479]LogModuleManager: Shutting down and abandoning module AudioFormatOgg (115)
[2018.07.06-20.56.00:433][479]LogModuleManager: Shutting down and abandoning module AudioFormatADPCM (113)
[2018.07.06-20.56.00:434][479]LogModuleManager: Shutting down and abandoning module LinuxTargetPlatform (111)
[2018.07.06-20.56.00:434][479]LogModuleManager: Shutting down and abandoning module LinuxServerTargetPlatform (109)
[2018.07.06-20.56.00:435][479]LogModuleManager: Shutting down and abandoning module LinuxNoEditorTargetPlatform (107)
[2018.07.06-20.56.00:461][479]LogModuleManager: Shutting down and abandoning module LinuxClientTargetPlatform (105)
[2018.07.06-20.56.00:595][479]LogModuleManager: Shutting down and abandoning module TVOSTargetPlatform (103)
[2018.07.06-20.56.00:595][479]LogModuleManager: Shutting down and abandoning module Messaging (101)
[2018.07.06-20.56.00:595][479]LogModuleManager: Shutting down and abandoning module IOSTargetPlatform (99)
[2018.07.06-20.56.00:595][479]LogModuleManager: Shutting down and abandoning module HTML5TargetPlatform (97)
[2018.07.06-20.56.00:596][479]LogModuleManager: Shutting down and abandoning module Android_PVRTCTargetPlatform (95)
[2018.07.06-20.56.00:596][479]LogModuleManager: Shutting down and abandoning module Android_MultiTargetPlatform (93)
[2018.07.06-20.56.00:596][479]LogModuleManager: Shutting down and abandoning module Android_ETC2TargetPlatform (91)
[2018.07.06-20.56.00:596][479]LogModuleManager: Shutting down and abandoning module Android_ETC1TargetPlatform (89)
[2018.07.06-20.56.00:596][479]LogModuleManager: Shutting down and abandoning module Android_DXTTargetPlatform (87)
[2018.07.06-20.56.00:596][479]LogModuleManager: Shutting down and abandoning module Android_ATCTargetPlatform (85)
[2018.07.06-20.56.00:596][479]LogModuleManager: Shutting down and abandoning module Android_ASTCTargetPlatform (83)
[2018.07.06-20.56.00:596][479]LogModuleManager: Shutting down and abandoning module AndroidTargetPlatform (81)
[2018.07.06-20.56.00:596][479]LogModuleManager: Shutting down and abandoning module WindowsTargetPlatform (79)
[2018.07.06-20.56.00:636][479]LogModuleManager: Shutting down and abandoning module WindowsServerTargetPlatform (77)
[2018.07.06-20.56.00:662][479]LogModuleManager: Shutting down and abandoning module WindowsNoEditorTargetPlatform (75)
[2018.07.06-20.56.00:671][479]LogModuleManager: Shutting down and abandoning module WindowsClientTargetPlatform (73)
[2018.07.06-20.56.00:691][479]LogModuleManager: Shutting down and abandoning module MacTargetPlatform (71)
[2018.07.06-20.56.00:691][479]LogModuleManager: Shutting down and abandoning module MacServerTargetPlatform (69)
[2018.07.06-20.56.00:692][479]LogModuleManager: Shutting down and abandoning module MacNoEditorTargetPlatform (67)
[2018.07.06-20.56.00:707][479]LogModuleManager: Shutting down and abandoning module MacClientTargetPlatform (65)
[2018.07.06-20.56.00:707][479]LogModuleManager: Shutting down and abandoning module AllDesktopTargetPlatform (63)
[2018.07.06-20.56.00:707][479]LogModuleManager: Shutting down and abandoning module InputCore (60)
[2018.07.06-20.56.00:707][479]LogModuleManager: Shutting down and abandoning module Settings (58)
[2018.07.06-20.56.00:725][479]LogModuleManager: Shutting down and abandoning module PhysXCooking (56)
[2018.07.06-20.56.00:725][479]LogModuleManager: Shutting down and abandoning module SteamVR (54)
[2018.07.06-20.56.00:725][479]LogModuleManager: Shutting down and abandoning module OculusHMD (52)
[2018.07.06-20.56.00:736][479]LogModuleManager: Shutting down and abandoning module ExampleDeviceProfileSelector (50)
[2018.07.06-20.56.00:736][479]LogModuleManager: Shutting down and abandoning module OnlineBlueprintSupport (48)
[2018.07.06-20.56.00:736][479]LogModuleManager: Shutting down and abandoning module OnlineSubsystem (44)
[2018.07.06-20.56.00:736][479]LogOnline: Display: Unloading online subsystem: NULL
[2018.07.06-20.56.00:764][479]LogModuleManager: Shutting down and abandoning module XMPP (43)
[2018.07.06-20.56.00:824][479]LogModuleManager: Shutting down and abandoning module HTTP (41)
[2018.07.06-20.56.00:824][479]LogHttp: Display: Http module shutting down, but needs to wait on 1 outstanding Http requests:
[2018.07.06-20.56.00:828][479]LogHttp: Display: 	verb=[POST] url=[https://datarouter.ol.epicgames.com/datarouter/api/v1/public/data?SessionID=%7B30FFD53D-4842-23C8-B2D9-86931114FCCB%7D&AppID=UEEditor.Rocket.Release&AppVersion=4.17.1-3586342%2B%2B%2BUE4%2BRelease-4.17&UserID=0e3f9d3d4c480d491cae5898bf4afdae%7C7489c9269c22492f9a4e79a04c968448%7Ce1c10de3-c1df-483c-9bc5-f9d93fbe15cb&AppEnvironment=datacollector-binary&UploadType=eteventstream] status=Processing
[2018.07.06-20.56.00:844][479]LogModuleManager: Shutting down and abandoning module SSL (40)
[2018.07.06-20.56.00:854][479]LogModuleManager: Shutting down and abandoning module AnimationModifiers (36)
[2018.07.06-20.56.00:870][479]LogModuleManager: Shutting down and abandoning module PropertyEditor (35)
[2018.07.06-20.56.00:886][479]LogModuleManager: Shutting down and abandoning module AudioEditor (32)
[2018.07.06-20.56.00:907][479]LogModuleManager: Shutting down and abandoning module TextureCompressor (30)
[2018.07.06-20.56.00:920][479]LogModuleManager: Shutting down and abandoning module ShaderCore (28)
[2018.07.06-20.56.00:920][479]LogModuleManager: Shutting down and abandoning module Landscape (26)
[2018.07.06-20.56.00:920][479]LogModuleManager: Shutting down and abandoning module SlateRHIRenderer (24)
[2018.07.06-20.56.01:029][479]LogModuleManager: Shutting down and abandoning module OpenGLDrv (22)
[2018.07.06-20.56.01:043][479]LogModuleManager: Shutting down and abandoning module D3D11RHI (20)
[2018.07.06-20.56.01:043][479]LogModuleManager: Shutting down and abandoning module AnimGraphRuntime (18)
[2018.07.06-20.56.01:060][479]LogModuleManager: Shutting down and abandoning module Renderer (16)
[2018.07.06-20.56.01:060][479]LogModuleManager: Shutting down and abandoning module Engine (14)
[2018.07.06-20.56.01:068][479]LogModuleManager: Shutting down and abandoning module CoreUObject (12)
[2018.07.06-20.56.01:069][479]LogModuleManager: Shutting down and abandoning module NetworkFile (10)
[2018.07.06-20.56.01:083][479]LogModuleManager: Shutting down and abandoning module CookedIterativeFile (8)
[2018.07.06-20.56.01:089][479]LogModuleManager: Shutting down and abandoning module StreamingFile (6)
[2018.07.06-20.56.01:098][479]LogModuleManager: Shutting down and abandoning module SandboxFile (4)
[2018.07.06-20.56.01:098][479]LogModuleManager: Shutting down and abandoning module PakFile (2)
[2018.07.06-20.56.01:195][479]LogExit: Exiting.
[2018.07.06-20.56.01:318][479]Log file closed, 07/06/18 21:56:01
